Log file open, 01/21/21 21:09:59
LogInit:Display: Running engine for game: Multijugador
LogPlatformFile: Not using cached read wrapper
LogInit:Display: RandInit(1321168074) SRandInit(1321168074).
LogTaskGraph: Started task graph with 5 named threads and 8 total threads with 1 sets of task threads.
LogStats: Stats thread started at 0.139996
LogInit: Using libcurl 7.47.1
LogInit:  - built for x86_64-pc-win32
LogInit:  - supports SSL with OpenSSL/1.0.2g
LogInit:  - supports HTTP deflate (compression) using libz 1.2.8
LogInit:  - other features:
LogInit:      CURL_VERSION_SSL
LogInit:      CURL_VERSION_LIBZ
LogInit:      CURL_VERSION_IPV6
LogInit:      CURL_VERSION_ASYNCHDNS
LogInit:      CURL_VERSION_LARGEFILE
LogInit:      CURL_VERSION_IDN
LogInit:  CurlRequestOptions (configurable via config and command line):
LogInit:  - bVerifyPeer = false  - Libcurl will NOT verify peer certificate
LogInit:  - bUseHttpProxy = false  - Libcurl will NOT use HTTP proxy
LogInit:  - bDontReuseConnections = false  - Libcurl will reuse connections
LogInit:  - CertBundlePath = nullptr  - Libcurl will use whatever was configured at build time.
LogOnline:Display: STEAM: Loading Steam SDK 1.39
LogOnline:Warning: STEAM: Steam API disabled!
LogOnline:Display: STEAM: OnlineSubsystemSteam::Shutdown()
LogInit: WinSock: version 1.1 (2.2), MaxSocks=32767, MaxUdp=65467
LogInit: Build: ++UE4+Release-4.16-CL-3561208
LogInit: Engine Version: 4.16.3-3561208+++UE4+Release-4.16
LogInit: Compatible Engine Version: 4.16.0-3452394+++UE4+Release-4.16
LogInit: Net CL: 3452394
LogDevObjectVersion: Number of dev versions registered: 16
LogDevObjectVersion:   Dev-Blueprints (B0D832E4-1F89-4F0D-ACCF-7EB736FD4AA2): 9
LogDevObjectVersion:   Dev-Build (E1C64328-A22C-4D53-A36C-8E866417BD8C): 0
LogDevObjectVersion:   Dev-Core (375EC13C-06E4-48FB-B500-84F0262A717E): 2
LogDevObjectVersion:   Dev-Editor (E4B068ED-F494-42E9-A231-DA0B2E46BB41): 17
LogDevObjectVersion:   Dev-Framework (CFFC743F-43B0-4480-9391-14DF171D2073): 23
LogDevObjectVersion:   Dev-Mobile (B02B49B5-BB20-44E9-A304-32B752E40360): 0
LogDevObjectVersion:   Dev-Networking (A4E4105C-59A1-49B5-A7C5-40C4547EDFEE): 0
LogDevObjectVersion:   Dev-Online (39C831C9-5AE6-47DC-9A44-9C173E1C8E7C): 0
LogDevObjectVersion:   Dev-Physics (78F01B33-EBEA-4F98-B9B4-84EACCB95AA2): 0
LogDevObjectVersion:   Dev-Platform (6631380F-2D4D-43E0-8009-CF276956A95A): 0
LogDevObjectVersion:   Dev-Rendering (12F88B9F-8875-4AFC-A67C-D90C383ABD29): 15
LogDevObjectVersion:   Dev-Sequencer (7B5AE74C-D270-4C10-A958-57980B212A5A): 4
LogDevObjectVersion:   Dev-VR (D7296918-1DD6-4BDD-9DE2-64A83CC13884): 0
LogDevObjectVersion:   Dev-LoadTimes (C2A15278-BFE7-4AFE-6C17-90FF531DF755): 1
LogDevObjectVersion:   Private-Geometry (6EACA3D4-40EC-4CC1-B786-8BED09428FC5): 1
LogDevObjectVersion:   Dev-AnimPhys (29E575DD-E0A3-4627-9D10-D276232CDCEA): 3
LogInit: Compiled (64-bit): Jul 28 2017 11:49:47
LogInit: Compiled with Visual C++: 19.00.24215.01
LogInit: Build Configuration: Development
LogInit: Branch Name: ++UE4+Release-4.16
LogInit: Command line:  
LogInit: Base directory: F:/Juegos Epic/UE_4.16/Engine/Binaries/Win64/
LogInit: Installed Engine Build: 1
LogInit: Presizing for max 8388607 objects, including 0 objects not considered by GC, pre-allocating 0 bytes for permanent pool.
LogInit: Object subsystem initialized
[2021.01.21-20.10.00:323][  0]LogInit: Selected Device Profile: [Windows]
[2021.01.21-20.10.00:323][  0]LogInit: Applying CVar settings loaded from the selected device profile: [Windows]
[2021.01.21-20.10.00:348][  0]LogInit: Computer: ELBARTO
[2021.01.21-20.10.00:348][  0]LogInit: User: aleja
[2021.01.21-20.10.00:348][  0]LogInit: CPU Page size=4096, Cores=4
[2021.01.21-20.10.00:348][  0]LogInit: High frequency timer resolution =10.000000 MHz
[2021.01.21-20.10.00:348][  0]LogMemory: Memory total: Physical=16.0GB (16GB approx)
[2021.01.21-20.10.00:348][  0]LogMemory: Platform Memory Stats for Windows
[2021.01.21-20.10.00:348][  0]LogMemory: Process Physical Memory: 275.52 MB used, 275.52 MB peak
[2021.01.21-20.10.00:348][  0]LogMemory: Process Virtual Memory: 261.17 MB used, 261.17 MB peak
[2021.01.21-20.10.00:348][  0]LogMemory: Physical Memory: 7467.79 MB used,  8883.34 MB free, 16351.14 MB total
[2021.01.21-20.10.00:348][  0]LogMemory: Virtual Memory: 4761.46 MB used,  8883.34 MB free, 134217728.00 MB total
[2021.01.21-20.10.00:468][  0]LogInit: Overriding language with editor language configuration option (en).
[2021.01.21-20.10.00:468][  0]LogInit: Overriding locale with editor locale configuration option (en).
[2021.01.21-20.10.01:720][  0]LogD3D11RHI: D3D11 adapters:
[2021.01.21-20.10.01:854][  0]LogD3D11RHI:    0. 'NVIDIA GeForce GTX 1070' (Feature Level 11_0)
[2021.01.21-20.10.01:854][  0]LogD3D11RHI:       8088/0/8175 MB DedicatedVideo/DedicatedSystem/SharedSystem, Outputs:2, VendorId:0x10de
[2021.01.21-20.10.01:858][  0]LogD3D11RHI:    1. 'Microsoft Basic Render Driver' (Feature Level 11_0)
[2021.01.21-20.10.01:858][  0]LogD3D11RHI:       0/0/8175 MB DedicatedVideo/DedicatedSystem/SharedSystem, Outputs:0, VendorId:0x1414
[2021.01.21-20.10.01:858][  0]LogD3D11RHI: Chosen D3D11 Adapter: 0
[2021.01.21-20.10.01:866][  0]LogD3D11RHI: Creating new Direct3DDevice
[2021.01.21-20.10.01:866][  0]LogD3D11RHI:     GPU DeviceId: 0x1b81 (for the marketing name, search the web for "GPU Device Id")
[2021.01.21-20.10.01:866][  0]LogWindows: EnumDisplayDevices:
[2021.01.21-20.10.01:866][  0]LogWindows:    0. 'NVIDIA GeForce GTX 1070' (P:1 D:1)
[2021.01.21-20.10.01:867][  0]LogWindows:    1. 'NVIDIA GeForce GTX 1070' (P:0 D:1)
[2021.01.21-20.10.01:867][  0]LogWindows:    2. 'NVIDIA GeForce GTX 1070' (P:0 D:0)
[2021.01.21-20.10.01:867][  0]LogWindows:    3. 'NVIDIA GeForce GTX 1070' (P:0 D:0)
[2021.01.21-20.10.01:868][  0]LogWindows: DebugString: GetVideoDriverDetailsInvalid PrimaryIsNotTheChoosenAdapter GetVideoDriverDetailsInvalid PrimaryIsNotTheChoosenAdapter GetVideoDriverDetailsInvalid PrimaryIsNotTheChoosenAdapter GetVideoDriverDetailsInvalid PrimaryIsNotTheChoosenAdapter FoundDriverCount:0 
[2021.01.21-20.10.01:868][  0]LogD3D11RHI:     Adapter Name: NVIDIA GeForce GTX 1070
[2021.01.21-20.10.01:868][  0]LogD3D11RHI:   Driver Version: Unknown (internal:Unknown, unified:Unknown)
[2021.01.21-20.10.01:868][  0]LogD3D11RHI:      Driver Date: Unknown
[2021.01.21-20.10.01:868][  0]LogRHI: Texture pool is 1361 MB (70% of 1945 MB)
[2021.01.21-20.10.01:978][  0]LogD3D11RHI: Async texture creation enabled
[2021.01.21-20.10.02:016][  0]LogD3D11RHI: GPU Timing Frequency: 1000.000000 (Debug: 2 1)
[2021.01.21-20.10.02:021][  0]LogShaderCompilers: Guid format shader working directory is -26 characters bigger than the processId version (E:/UNIVERSIDAD-2020/Videojuegos/Unreal/Multijugador/Multijugador-Unreal/Intermediate/Shaders/WorkingDirectory/18132/).
[2021.01.21-20.10.02:021][  0]LogShaderCompilers: Cleaned the shader compiler working directory 'C:/Users/aleja/AppData/Local/Temp/UnrealShaderWorkingDir/9E4451C24DA9FD3FEC67E09E9310F8C0/'.
[2021.01.21-20.10.02:021][  0]LogShaderCompilers:Display: Using Local Shader Compiler.
[2021.01.21-20.10.03:337][  0]LogTemp:Display: Loaded TP AllDesktopTargetPlatform
[2021.01.21-20.10.03:412][  0]LogTemp:Display: Loaded TP MacClientTargetPlatform
[2021.01.21-20.10.03:491][  0]LogTemp:Display: Loaded TP MacNoEditorTargetPlatform
[2021.01.21-20.10.03:567][  0]LogTemp:Display: Loaded TP MacServerTargetPlatform
[2021.01.21-20.10.03:642][  0]LogTemp:Display: Loaded TP MacTargetPlatform
[2021.01.21-20.10.03:716][  0]LogTemp:Display: Loaded TP WindowsClientTargetPlatform
[2021.01.21-20.10.03:792][  0]LogTemp:Display: Loaded TP WindowsNoEditorTargetPlatform
[2021.01.21-20.10.03:867][  0]LogTemp:Display: Loaded TP WindowsServerTargetPlatform
[2021.01.21-20.10.03:941][  0]LogTemp:Display: Loaded TP WindowsTargetPlatform
[2021.01.21-20.10.04:014][  0]LogTemp:Display: Loaded TP AndroidTargetPlatform
[2021.01.21-20.10.04:091][  0]LogTemp:Display: Loaded TP Android_ASTCTargetPlatform
[2021.01.21-20.10.04:164][  0]LogTemp:Display: Loaded TP Android_ATCTargetPlatform
[2021.01.21-20.10.04:234][  0]LogTemp:Display: Loaded TP Android_DXTTargetPlatform
[2021.01.21-20.10.04:308][  0]LogTemp:Display: Loaded TP Android_ETC1TargetPlatform
[2021.01.21-20.10.04:380][  0]LogTemp:Display: Loaded TP Android_ETC2TargetPlatform
[2021.01.21-20.10.04:529][  0]LogTemp:Display: Loaded TP Android_MultiTargetPlatform
[2021.01.21-20.10.04:529][  0]LogTemp:Display: Loaded TP Android_PVRTCTargetPlatform
[2021.01.21-20.10.04:596][  0]LogTemp:Display: Loaded TP HTML5TargetPlatform
[2021.01.21-20.10.04:722][  0]LogTemp:Display: Loaded TP IOSTargetPlatform
[2021.01.21-20.10.04:764][  0]LogTemp:Display: Loaded TP TVOSTargetPlatform
[2021.01.21-20.10.04:836][  0]LogTemp:Display: Loaded TP LinuxClientTargetPlatform
[2021.01.21-20.10.04:909][  0]LogTemp:Display: Loaded TP LinuxNoEditorTargetPlatform
[2021.01.21-20.10.04:982][  0]LogTemp:Display: Loaded TP LinuxServerTargetPlatform
[2021.01.21-20.10.05:058][  0]LogTemp:Display: Loaded TP LinuxTargetPlatform
[2021.01.21-20.10.05:058][  0]LogTargetPlatformManager:Display: Building Assets For Windows
[2021.01.21-20.10.05:810][  0]LogDerivedDataCache:Display: Max Cache Size: 512 MB
[2021.01.21-20.10.05:909][  0]LogDerivedDataCache: Loaded boot cache 0.10s 90MB C:/Users/aleja/AppData/Local/UnrealEngine/4.16/DerivedDataCache/Boot.ddc.
[2021.01.21-20.10.05:909][  0]LogDerivedDataCache:Display: Loaded Boot cache: C:/Users/aleja/AppData/Local/UnrealEngine/4.16/DerivedDataCache/Boot.ddc
[2021.01.21-20.10.05:909][  0]LogDerivedDataCache: FDerivedDataBackendGraph:  Pak pak cache file E:/UNIVERSIDAD-2020/Videojuegos/Unreal/Multijugador/Multijugador-Unreal/DerivedDataCache/DDC.ddp not found, will not use a pak cache.
[2021.01.21-20.10.05:909][  0]LogDerivedDataCache: Unable to find inner node Pak for hierarchical cache Hierarchy.
[2021.01.21-20.10.05:909][  0]LogDerivedDataCache: FDerivedDataBackendGraph:  CompressedPak pak cache file E:/UNIVERSIDAD-2020/Videojuegos/Unreal/Multijugador/Multijugador-Unreal/DerivedDataCache/Compressed.ddp not found, will not use a pak cache.
[2021.01.21-20.10.05:909][  0]LogDerivedDataCache: Unable to find inner node CompressedPak for hierarchical cache Hierarchy.
[2021.01.21-20.10.05:927][  0]LogDerivedDataCache:Display: Pak cache opened for reading ../../../Engine/DerivedDataCache/Compressed.ddp.
[2021.01.21-20.10.05:939][  0]LogDerivedDataCache: Using Local data cache path C:/Users/aleja/AppData/Local/UnrealEngine/Common/DerivedDataCache: Writable
[2021.01.21-20.10.05:951][  0]LogMaterial: Verifying Global Shaders for PCD3D_SM5
[2021.01.21-20.10.05:951][  0]LogSlate: Using Freetype 2.6.0
[2021.01.21-20.10.05:952][  0]LogSlate: SlateFontCache - WITH_FREETYPE: 1, WITH_HARFBUZZ: 1
[2021.01.21-20.10.05:952][  0]LogSlate: SlateFontCache - WITH_FREETYPE: 1, WITH_HARFBUZZ: 1
[2021.01.21-20.10.06:421][  0]LogInit: Selected Device Profile: [Windows]
[2021.01.21-20.10.06:513][  0]LogContentStreaming: Texture pool size is 0.00 MB
[2021.01.21-20.10.06:730][  0]LogMeshUtilities: Using QuadricMeshReduction for automatic static mesh reduction
[2021.01.21-20.10.06:801][  0]LogSimplygon: Simplygon DLL not present - disabling.
[2021.01.21-20.10.06:877][  0]LogMeshUtilities: Using SimplygonSwarm for distributed automatic mesh merging
[2021.01.21-20.10.06:877][  0]LogMeshUtilities: No automatic skeletal mesh reduction module available
[2021.01.21-20.10.06:877][  0]LogMeshUtilities: No automatic mesh merging module available
[2021.01.21-20.10.07:657][  0]LogNetVersion: Multijugador , NetCL: 3452394, EngineNetVer: 2, GameNetVer: 0 (Checksum: 582825890)
[2021.01.21-20.10.07:733][  0]LogAssetRegistry: FAssetRegistry took 0.0270 seconds to start up
[2021.01.21-20.10.07:790][  0]LogPackageLocalizationCache: Processed 4 localized package path(s) for 1 prioritized culture(s) in 0.024298 seconds
[2021.01.21-20.10.07:797][  0]LogUObjectArray: 34201 objects as part of root set at end of initial load.
[2021.01.21-20.10.07:797][  0]LogUObjectAllocator: 7474152 out of 0 bytes used by permanent object pool.
[2021.01.21-20.10.07:797][  0]LogUObjectArray: CloseDisregardForGC: 0/0 objects in disregard for GC pool
[2021.01.21-20.10.11:360][  0]LogTcpMessaging: Initializing TcpMessaging bridge
[2021.01.21-20.10.11:444][  0]LogUdpMessaging: Initializing bridge on interface 0.0.0.0:0 to multicast group 230.0.0.1:6666.
[2021.01.21-20.10.12:239][  0]LogMaterial: Uniform references updated for custom material expression Custom.
[2021.01.21-20.10.12:843][  0]SourceControl: Info Source control is disabled
[2021.01.21-20.10.12:845][  0]SourceControl: Info Source control is disabled
[2021.01.21-20.10.12:924][  0]SourceControl: Info Source control is disabled
[2021.01.21-20.10.13:010][  0]SourceControl: Info Source control is disabled
[2021.01.21-20.10.14:053][  0]LogAndroidPermission: UAndroidPermissionCallbackProxy::GetInstance
[2021.01.21-20.10.15:018][  0]LogEngine: Initializing Engine...
[2021.01.21-20.10.15:019][  0]LogHMD: Failed to initialize OpenVR with code 110
[2021.01.21-20.10.15:245][  0]LogStats: UGameplayTagsManager::ConstructGameplayTagTree: Construct from data asset -  0.000 s
[2021.01.21-20.10.15:245][  0]LogStats: UGameplayTagsManager::ConstructGameplayTagTree: GameplayTagTreeChangedEvent.Broadcast -  0.000 s
[2021.01.21-20.10.15:436][  0]LogAIModule: Creating AISystem for world Untitled
[2021.01.21-20.10.15:467][  0]LogInit: XAudio2 using 'PHL 273V5 (NVIDIA High Definition Audio)' : 2 channels at 48 kHz using 16 bits per sample (channel mask 0x3)
[2021.01.21-20.10.15:494][  0]LogInit: FAudioDevice initialized.
[2021.01.21-20.10.15:540][  0]LogDerivedDataCache: Saved boot cache 0.05s 90MB C:/Users/aleja/AppData/Local/UnrealEngine/4.16/DerivedDataCache/Boot.ddc.
[2021.01.21-20.10.15:564][  0]LogInit: Texture streaming: Enabled
[2021.01.21-20.10.15:712][  0]LogEngineSessionManager: EngineSessionManager initialized
[2021.01.21-20.10.16:046][  0]LogInit: Transaction tracking system initialized
[2021.01.21-20.10.16:512][  0]BlueprintLog: New page: Editor Load
[2021.01.21-20.10.17:938][  0]LocalizationService: Info Localization service is disabled
[2021.01.21-20.10.19:022][  0]LogConsoleResponse:Display: 
[2021.01.21-20.10.19:212][  0]LogCook:Display: Max memory allowance for cook 16384mb min free memory 0mb
[2021.01.21-20.10.19:212][  0]LogCook:Display: Mobile HDR setting 1
[2021.01.21-20.10.19:904][  0]LogFileCache: Scanning file cache for directory 'E:/UNIVERSIDAD-2020/Videojuegos/Unreal/Multijugador/Multijugador-Unreal/Content/' took 0.02s
[2021.01.21-20.10.21:092][  0]SourceControl: Info Source control is disabled
[2021.01.21-20.10.21:093][  0]Cmd: MAP LOAD FILE="E:/UNIVERSIDAD-2020/Videojuegos/Unreal/Multijugador/Multijugador-Unreal/Content/Menu.umap" TEMPLATE=0 SHOWPROGRESS=1 FEATURELEVEL=3
[2021.01.21-20.10.21:094][  0]LightingResults: New page: Lighting Build
[2021.01.21-20.10.21:164][  0]MapCheck: New page: Map Check
[2021.01.21-20.10.21:165][  0]LightingResults: New page: Lighting Build
[2021.01.21-20.10.21:388][  0]LogAIModule: Creating AISystem for world Menu
[2021.01.21-20.10.21:390][  0]LogEditorServer: Finished looking for orphan Actors (0.000 secs)
[2021.01.21-20.10.21:405][  0]Cmd: MAP CHECKDEP NOCLEARLOG
[2021.01.21-20.10.21:487][  0]MapCheck: Info Map check complete: 0 Error(s), 0 Warning(s), took 82.331ms to complete.
[2021.01.21-20.10.21:487][  0]LogFileHelpers: Loading map 'Menu' took 0.395
[2021.01.21-20.10.21:727][  0]LogCollectionManager: Loaded 0 collections in 0.002235 seconds
[2021.01.21-20.10.21:839][  0]LogFileCache: Scanning file cache for directory 'E:/UNIVERSIDAD-2020/Videojuegos/Unreal/Multijugador/Multijugador-Unreal/Saved/Collections/' took 0.01s
[2021.01.21-20.10.21:839][  0]LogFileCache: Scanning file cache for directory 'E:/UNIVERSIDAD-2020/Videojuegos/Unreal/Multijugador/Multijugador-Unreal/Content/Developers/aleja/Collections/' took 0.01s
[2021.01.21-20.10.21:839][  0]LogFileCache: Scanning file cache for directory 'E:/UNIVERSIDAD-2020/Videojuegos/Unreal/Multijugador/Multijugador-Unreal/Content/Collections/' took 0.01s
[2021.01.21-20.10.21:839][  0]LogCollectionManager: Rebuilt the GUID cache for 0 collections in 0.000002 seconds
[2021.01.21-20.10.21:850][  0]LogContentBrowser: Native class hierarchy populated in 0.0115 seconds. Added 2331 classes and 494 folders.
[2021.01.21-20.10.21:950][  0]LogContentBrowser: Native class hierarchy updated for 'WidgetCarousel' in 0.0009 seconds. Added 0 classes and 0 folders.
[2021.01.21-20.10.22:032][  0]LogContentBrowser: Native class hierarchy updated for 'AddContentDialog' in 0.0015 seconds. Added 0 classes and 0 folders.
[2021.01.21-20.10.22:103][  0]LogContentBrowser: Native class hierarchy updated for 'SceneOutliner' in 0.0009 seconds. Added 1 classes and 2 folders.
[2021.01.21-20.10.22:215][  0]LogCrashTracker: Crashtracker disabled due to settings.
[2021.01.21-20.10.22:230][  0]LogSlate: Took 0.000523 seconds to synchronously load lazily loaded font '../../../Engine/Content/Slate/Fonts/Roboto-Regular.ttf' (155K)
[2021.01.21-20.10.22:234][  0]LogSlate: Took 0.000434 seconds to synchronously load lazily loaded font '../../../Engine/Content/Slate/Fonts/Roboto-Bold.ttf' (160K)
[2021.01.21-20.10.22:245][  0]LogSlate: Took 0.000551 seconds to synchronously load lazily loaded font '../../../Engine/Content/Editor/Slate/Fonts/FontAwesome.ttf' (139K)
[2021.01.21-20.10.22:374][  0]LogRenderer: Reallocating scene render targets to support 1204x612 NumSamples 1 (Frame:1).
[2021.01.21-20.10.22:443][  0]LogSlate: Took 0.000354 seconds to synchronously load lazily loaded font '../../../Engine/Content/Slate/Fonts/Roboto-Light.ttf' (159K)
[2021.01.21-20.10.22:513][  0]LogUObjectGlobals:Warning: Failed to find object 'Class None.'
[2021.01.21-20.10.22:604][  0]LogContentBrowser: Native class hierarchy updated for 'HierarchicalLODOutliner' in 0.0010 seconds. Added 1 classes and 2 folders.
[2021.01.21-20.10.22:604][  0]LogLoad: (Engine Initialization) Total time: 25.10 seconds
[2021.01.21-20.10.22:604][  0]LogLoad: (Engine Initialization) Total Blueprint compile time: 0.14 seconds
[2021.01.21-20.10.22:604][  0]LogExternalProfiler: No external profilers were discovered.  External profiling features will not be available.
[2021.01.21-20.10.22:614][  0]LogOcInput: OculusInput pre-init called
[2021.01.21-20.10.22:614][  0]LogHMD: Starting GearVRController plugin
[2021.01.21-20.10.22:634][  0]LogContentStreaming: Texture pool size now 1000 MB
[2021.01.21-20.10.22:669][  1]LogAssetRegistry: Asset discovery search completed in 14.9584 seconds
[2021.01.21-20.10.22:670][  1]LogCollectionManager: Rebuilt the object cache for 0 collections in 0.000001 seconds (found 0 objects)
[2021.01.21-20.10.22:670][  1]LogCollectionManager: Fixed up redirectors for 0 collections in 0.000033 seconds (updated 0 objects)
[2021.01.21-20.10.24:182][109]LogSlate: Took 0.000327 seconds to synchronously load lazily loaded font '../../../Engine/Content/Slate/Fonts/Roboto-Light.ttf' (159K)
[2021.01.21-20.10.24:737][109]LogContentBrowser: Native class hierarchy updated for 'BlueprintGraph' in 0.0013 seconds. Added 112 classes and 0 folders.
[2021.01.21-20.10.26:944][109]LogSlate: Took 0.000366 seconds to synchronously load lazily loaded font '../../../Engine/Content/Editor/Slate/Fonts/Roboto-BoldCondensed.ttf' (158K)
[2021.01.21-20.10.26:949][109]LogSlate: Took 0.000251 seconds to synchronously load lazily loaded font '../../../Engine/Content/Slate/Fonts/Roboto-Light.ttf' (159K)
[2021.01.21-20.10.27:066][110]LogSlate: Took 0.000371 seconds to synchronously load lazily loaded font '../../../Engine/Content/Editor/Slate/Fonts/Roboto-Italic.ttf' (157K)
[2021.01.21-20.10.40:257][277]BlueprintLog: New page: Compile Pelota_Base
[2021.01.21-20.10.41:789][399]LogTemp: Repeting last play command: Selected Viewport
[2021.01.21-20.10.41:930][399]LogBlueprintUserMessages: Early PlayInEditor Detection: Level '/Game/Menu.Menu:PersistentLevel' has LevelScriptBlueprint '/Game/Menu.Menu:PersistentLevel.Menu' with GeneratedClass '/Game/Menu.Menu_C' with ClassGeneratedBy '/Game/Menu.Menu:PersistentLevel.Menu'
[2021.01.21-20.10.41:930][399]LogPlayLevel: PlayLevel: No blueprints needed recompiling
[2021.01.21-20.10.41:931][399]LogOnline:Display: OSS: FOnlineSubsystemNull::Shutdown()
[2021.01.21-20.10.41:931][399]LogOnline:Display: OSS: FOnlineAsyncTaskManager::Stop() ActiveTask:0000000000000000 Tasks[0/0]
[2021.01.21-20.10.41:932][399]LogOnline:Display: OSS: FOnlineAsyncTaskManager::Exit() started
[2021.01.21-20.10.41:932][399]LogOnline:Display: OSS: FOnlineAsyncTaskManager::Exit() finished
[2021.01.21-20.10.41:932][399]LogOnline:Warning: STEAM: Steam API disabled!
[2021.01.21-20.10.41:932][399]LogOnline:Display: STEAM: OnlineSubsystemSteam::Shutdown()
[2021.01.21-20.10.41:943][399]PIE: New page: PIE session: Menu (Jan 21, 2021, 10:10:41 PM)
[2021.01.21-20.10.41:943][399]LogPlayLevel: Creating play world package: /Game/UEDPIE_0_Menu
[2021.01.21-20.10.41:945][399]LogPlayLevel: PIE: StaticDuplicateObject took: (0.001414s)
[2021.01.21-20.10.41:945][399]LogAIModule: Creating AISystem for world Menu
[2021.01.21-20.10.41:945][399]LogPlayLevel: PIE: World Init took: (0.000732s)
[2021.01.21-20.10.41:946][399]LogPlayLevel: PIE: Created PIE world by copying editor world from /Game/Menu.Menu to /Game/UEDPIE_0_Menu.Menu (0.002420s)
[2021.01.21-20.10.41:980][399]LogInit: XAudio2 using 'PHL 273V5 (NVIDIA High Definition Audio)' : 2 channels at 48 kHz using 16 bits per sample (channel mask 0x3)
[2021.01.21-20.10.41:996][399]LogInit: FAudioDevice initialized.
[2021.01.21-20.10.42:086][399]LogLoad: Game class is 'ModoMenu_C'
[2021.01.21-20.10.42:089][399]LogWorld: Bringing World /Game/UEDPIE_0_Menu.Menu up for play (max tick rate 0) at 2021.01.21-21.10.42
[2021.01.21-20.10.42:089][399]LogWorld: Bringing up level for play took: 0.001022
[2021.01.21-20.10.42:199][399]LogContentBrowser: Native class hierarchy updated for 'MovieSceneCapture' in 0.0009 seconds. Added 11 classes and 0 folders.
[2021.01.21-20.10.42:205][399]PIE: Info Play in editor start time for /Game/UEDPIE_0_Menu -0.357
[2021.01.21-20.10.42:205][399]LogBlueprintUserMessages: Late PlayInEditor Detection: Level '/Game/Menu.Menu:PersistentLevel' has LevelScriptBlueprint '/Game/Menu.Menu:PersistentLevel.Menu' with GeneratedClass '/Game/Menu.Menu_C' with ClassGeneratedBy '/Game/Menu.Menu:PersistentLevel.Menu'
[2021.01.21-20.10.42:242][399]LogRenderer: Reallocating scene render targets to support 1292x756 NumSamples 1 (Frame:1).
[2021.01.21-20.10.51:783][179]LogBlueprintUserMessages: [ModoMenu_C_0] Creando
[2021.01.21-20.10.51:784][179]LogOnline:Warning: OSS: Can't destroy a null online session (Game)
[2021.01.21-20.10.51:784][179]LogNetVersion: Multijugador 1.0.0.0, NetCL: 3452394, EngineNetVer: 2, GameNetVer: 0 (Checksum: 4068902597)
[2021.01.21-20.10.51:788][179]LogInit: WinSock: I am ElBarto (172.26.128.1:0)
[2021.01.21-20.10.51:789][179]LogBlueprintUserMessages: [ModoMenu_C_0] Creada con Exito
[2021.01.21-20.10.51:791][179]LogNet: Browse: /Game/Campo?listen
[2021.01.21-20.10.51:791][179]LogLoad: LoadMap: /Game/Campo?listen
[2021.01.21-20.10.51:813][179]Cmd: MEM
[2021.01.21-20.10.51:832][179]LogMemory: Platform Memory Stats for Windows
[2021.01.21-20.10.51:832][179]LogMemory: Process Physical Memory: 1343.69 MB used, 1413.48 MB peak
[2021.01.21-20.10.51:832][179]LogMemory: Process Virtual Memory: 2029.83 MB used, 2164.34 MB peak
[2021.01.21-20.10.51:832][179]LogMemory: Physical Memory: 8561.93 MB used,  7789.21 MB free, 16351.14 MB total
[2021.01.21-20.10.51:832][179]LogMemory: Virtual Memory: 7133.83 MB used,  7789.21 MB free, 134217728.00 MB total
[2021.01.21-20.10.51:832][179]LogMemory: 
[2021.01.21-20.10.51:832][179]Allocator Stats for TBB: (not implemented)
[2021.01.21-20.10.52:869][179]LogStats: FPlatformStackWalk::StackWalkAndDump -  0.596 s
[2021.01.21-20.10.52:869][179]LogOutputDevice:Error: === Handled ensure: ===
[2021.01.21-20.10.52:869][179]LogOutputDevice:Error: 
[2021.01.21-20.10.52:869][179]LogOutputDevice:Error: Ensure condition failed: IsObjectValidForDatabase(AssetObject) [File:D:\Build\++UE4+Release-4.16+Compile\Sync\Engine\Source\Editor\BlueprintGraph\Private\BlueprintActionDatabase.cpp] [Line: 1305]
[2021.01.21-20.10.52:869][179]LogOutputDevice:Error: 
[2021.01.21-20.10.52:869][179]LogOutputDevice:Error: Stack: 
[2021.01.21-20.10.52:869][179]LogOutputDevice:Error: UE4Editor-Core.dll!0x0000000080E1E2B6
[2021.01.21-20.10.52:869][179]LogOutputDevice:Error: UE4Editor-Core.dll!0x0000000080BCB8C2
[2021.01.21-20.10.52:869][179]LogOutputDevice:Error: UE4Editor-Core.dll!0x0000000080BE1E86
[2021.01.21-20.10.52:869][179]LogOutputDevice:Error: UE4Editor-BlueprintGraph.dll!0x0000000078C4BCF7
[2021.01.21-20.10.52:869][179]LogOutputDevice:Error: UE4Editor-BlueprintGraph.dll!0x0000000078C1C23D
[2021.01.21-20.10.52:869][179]LogOutputDevice:Error: UE4Editor-CoreUObject.dll!0x0000000080450377
[2021.01.21-20.10.52:869][179]LogOutputDevice:Error: UE4Editor-CoreUObject.dll!0x00000000807531A6
[2021.01.21-20.10.52:869][179]LogOutputDevice:Error: UE4Editor-CoreUObject.dll!0x0000000080769393
[2021.01.21-20.10.52:869][179]LogOutputDevice:Error: UE4Editor-CoreUObject.dll!0x000000008076891A
[2021.01.21-20.10.52:869][179]LogOutputDevice:Error: UE4Editor-Engine.dll!0x000000007D775ACF
[2021.01.21-20.10.52:869][179]LogOutputDevice:Error: UE4Editor-Engine.dll!0x000000007D72EEA8
[2021.01.21-20.10.52:869][179]LogOutputDevice:Error: UE4Editor-Engine.dll!0x000000007D79460D
[2021.01.21-20.10.52:869][179]LogOutputDevice:Error: UE4Editor-UnrealEd.dll!0x000000007B232F55
[2021.01.21-20.10.52:869][179]LogOutputDevice:Error: UE4Editor-UnrealEd.dll!0x000000007BA58D86
[2021.01.21-20.10.52:869][179]LogOutputDevice:Error: UE4Editor.exe!0x00000000937EE2B2
[2021.01.21-20.10.52:869][179]LogOutputDevice:Error: UE4Editor.exe!0x00000000937DF0B0
[2021.01.21-20.10.52:869][179]LogOutputDevice:Error: UE4Editor.exe!0x00000000937DF12A
[2021.01.21-20.10.52:869][179]LogOutputDevice:Error: UE4Editor.exe!0x00000000937F0CF9
[2021.01.21-20.10.52:869][179]LogOutputDevice:Error: UE4Editor.exe!0x00000000937F25F7
[2021.01.21-20.10.52:869][179]LogOutputDevice:Error: KERNEL32.DLL!0x00000000EC617034
[2021.01.21-20.10.52:869][179]LogOutputDevice:Error: ntdll.dll!0x00000000EDE9D0D1
[2021.01.21-20.10.52:869][179]LogOutputDevice:Error: 
[2021.01.21-20.10.52:872][179]LogStats:                SubmitErrorReport -  0.000 s
[2021.01.21-20.10.53:374][179]LogStats:                    SendNewReport -  0.502 s
[2021.01.21-20.10.53:374][179]LogStats:             FDebug::EnsureFailed -  1.102 s
[2021.01.21-20.10.53:909][179]LogAIModule: Creating AISystem for world Campo
[2021.01.21-20.10.53:909][179]LogLoad: Game class is 'ModoJuego_C'
[2021.01.21-20.10.53:910][179]LogTemp:Display: ParseSettings for GameNetDriver
[2021.01.21-20.10.53:910][179]LogTemp:Display: ParseSettings for IpNetDriver_0
[2021.01.21-20.10.53:910][179]LogTemp:Display: ParseSettings for GameNetDriver
[2021.01.21-20.10.53:910][179]LogInit: WinSock: Socket queue 131072 / 131072
[2021.01.21-20.10.53:911][179]PacketHandlerLog: Loaded PacketHandler component: Engine.EngineHandlerComponentFactory (StatelessConnectHandlerComponent)
[2021.01.21-20.10.53:911][179]LogNet: GameNetDriver IpNetDriver_0 IpNetDriver listening on port 7777
[2021.01.21-20.10.53:929][179]LogWorld: Bringing World /Game/UEDPIE_0_Campo.Campo up for play (max tick rate 0) at 2021.01.21-21.10.53
[2021.01.21-20.10.53:932][179]LogWorld: Bringing up level for play took: 0.019011
[2021.01.21-20.10.53:937][179]LogLoad: Took 2.146291 seconds to LoadMap(/Game/Campo)
[2021.01.21-20.10.54:622][214]LogScript:Warning: Accessed None trying to read property Pelotaaa
	Jugador_C /Game/UEDPIE_0_Campo.Campo:PersistentLevel.Jugador_C_0
	Function /Game/Jugador/Jugador.Jugador_C:ExecuteUbergraph_Jugador:09F5
[2021.01.21-20.10.54:622][214]PIE:Error: Error Blueprint Runtime Error: Accessed None trying to read property Pelotaaa from function: 'ExecuteUbergraph_Jugador' from node: Set All Physics Linear Velocity in graph: EventGraph in object: Jugador with description: Accessed None trying to read property Pelotaaa
[2021.01.21-20.10.54:622][214]LogScript:Warning: Accessed None
	Jugador_C /Game/UEDPIE_0_Campo.Campo:PersistentLevel.Jugador_C_0
	Function /Game/Jugador/Jugador.Jugador_C:ExecuteUbergraph_Jugador:0A0A
[2021.01.21-20.10.54:623][214]PIE:Error: Error Blueprint Runtime Error: Accessed None from function: 'ExecuteUbergraph_Jugador' from node: Set All Physics Linear Velocity in graph: EventGraph in object: Jugador with description: Accessed None
[2021.01.21-20.10.54:623][214]LogScript:Warning: Accessed None trying to read property Pelotaaa
	Jugador_C /Game/UEDPIE_0_Campo.Campo:PersistentLevel.Jugador_C_0
	Function /Game/Jugador/Jugador.Jugador_C:ExecuteUbergraph_Jugador:0A3B
[2021.01.21-20.10.54:623][214]PIE:Error: Error Blueprint Runtime Error: Accessed None trying to read property Pelotaaa from function: 'ExecuteUbergraph_Jugador' from node: Set Simulate Physics in graph: EventGraph in object: Jugador with description: Accessed None trying to read property Pelotaaa
[2021.01.21-20.10.54:623][214]LogScript:Warning: Accessed None
	Jugador_C /Game/UEDPIE_0_Campo.Campo:PersistentLevel.Jugador_C_0
	Function /Game/Jugador/Jugador.Jugador_C:ExecuteUbergraph_Jugador:0A50
[2021.01.21-20.10.54:623][214]PIE:Error: Error Blueprint Runtime Error: Accessed None from function: 'ExecuteUbergraph_Jugador' from node: Set Simulate Physics in graph: EventGraph in object: Jugador with description: Accessed None
[2021.01.21-20.10.54:623][214]LogScript:Warning: Accessed None trying to read property Pelotaaa
	Jugador_C /Game/UEDPIE_0_Campo.Campo:PersistentLevel.Jugador_C_0
	Function /Game/Jugador/Jugador.Jugador_C:ExecuteUbergraph_Jugador:0A77
[2021.01.21-20.10.54:623][214]PIE:Error: Error Blueprint Runtime Error: Accessed None trying to read property Pelotaaa from function: 'ExecuteUbergraph_Jugador' from node: Set Disparada in graph: EventGraph in object: Jugador with description: Accessed None trying to read property Pelotaaa
[2021.01.21-20.10.54:623][214]LogScript:Warning: Accessed None trying to read property Pelotaaa
	Jugador_C /Game/UEDPIE_0_Campo.Campo:PersistentLevel.Jugador_C_0
	Function /Game/Jugador/Jugador.Jugador_C:ExecuteUbergraph_Jugador:0A9A
[2021.01.21-20.10.54:623][214]PIE:Error: Error Blueprint Runtime Error: Accessed None trying to read property Pelotaaa from function: 'ExecuteUbergraph_Jugador' from node: Set Disparada in graph: EventGraph in object: Jugador with description: Accessed None trying to read property Pelotaaa
[2021.01.21-20.10.57:316][394]LogScript:Warning: Accessed None trying to read property Pelotaaa
	Jugador_C /Game/UEDPIE_0_Campo.Campo:PersistentLevel.Jugador_C_0
	Function /Game/Jugador/Jugador.Jugador_C:ExecuteUbergraph_Jugador:09F5
[2021.01.21-20.10.57:316][394]PIE:Error: Error Blueprint Runtime Error: Accessed None trying to read property Pelotaaa from function: 'ExecuteUbergraph_Jugador' from node: Set All Physics Linear Velocity in graph: EventGraph in object: Jugador with description: Accessed None trying to read property Pelotaaa
[2021.01.21-20.10.57:316][394]LogScript:Warning: Accessed None
	Jugador_C /Game/UEDPIE_0_Campo.Campo:PersistentLevel.Jugador_C_0
	Function /Game/Jugador/Jugador.Jugador_C:ExecuteUbergraph_Jugador:0A0A
[2021.01.21-20.10.57:317][394]PIE:Error: Error Blueprint Runtime Error: Accessed None from function: 'ExecuteUbergraph_Jugador' from node: Set All Physics Linear Velocity in graph: EventGraph in object: Jugador with description: Accessed None
[2021.01.21-20.10.57:317][394]LogScript:Warning: Accessed None trying to read property Pelotaaa
	Jugador_C /Game/UEDPIE_0_Campo.Campo:PersistentLevel.Jugador_C_0
	Function /Game/Jugador/Jugador.Jugador_C:ExecuteUbergraph_Jugador:0A3B
[2021.01.21-20.10.57:317][394]PIE:Error: Error Blueprint Runtime Error: Accessed None trying to read property Pelotaaa from function: 'ExecuteUbergraph_Jugador' from node: Set Simulate Physics in graph: EventGraph in object: Jugador with description: Accessed None trying to read property Pelotaaa
[2021.01.21-20.10.57:317][394]LogScript:Warning: Accessed None
	Jugador_C /Game/UEDPIE_0_Campo.Campo:PersistentLevel.Jugador_C_0
	Function /Game/Jugador/Jugador.Jugador_C:ExecuteUbergraph_Jugador:0A50
[2021.01.21-20.10.57:317][394]PIE:Error: Error Blueprint Runtime Error: Accessed None from function: 'ExecuteUbergraph_Jugador' from node: Set Simulate Physics in graph: EventGraph in object: Jugador with description: Accessed None
[2021.01.21-20.10.57:317][394]LogScript:Warning: Accessed None trying to read property Pelotaaa
	Jugador_C /Game/UEDPIE_0_Campo.Campo:PersistentLevel.Jugador_C_0
	Function /Game/Jugador/Jugador.Jugador_C:ExecuteUbergraph_Jugador:0A77
[2021.01.21-20.10.57:317][394]PIE:Error: Error Blueprint Runtime Error: Accessed None trying to read property Pelotaaa from function: 'ExecuteUbergraph_Jugador' from node: Set Disparada in graph: EventGraph in object: Jugador with description: Accessed None trying to read property Pelotaaa
[2021.01.21-20.10.57:317][394]LogScript:Warning: Accessed None trying to read property Pelotaaa
	Jugador_C /Game/UEDPIE_0_Campo.Campo:PersistentLevel.Jugador_C_0
	Function /Game/Jugador/Jugador.Jugador_C:ExecuteUbergraph_Jugador:0A9A
[2021.01.21-20.10.57:317][394]PIE:Error: Error Blueprint Runtime Error: Accessed None trying to read property Pelotaaa from function: 'ExecuteUbergraph_Jugador' from node: Set Disparada in graph: EventGraph in object: Jugador with description: Accessed None trying to read property Pelotaaa
[2021.01.21-20.11.02:725][763]LogBlueprintUserMessages: [Jugador_C_0] Server: Lo coges
[2021.01.21-20.11.02:725][763]LogBlueprintUserMessages: [Jugador_C_0] Server: Tocas pelota
[2021.01.21-20.11.02:740][764]LogBlueprintUserMessages: [Jugador_C_0] Server: Lo coges
[2021.01.21-20.11.02:740][764]LogBlueprintUserMessages: [Jugador_C_0] Server: Tocas pelota
[2021.01.21-20.11.02:770][766]LogBlueprintUserMessages: [Jugador_C_0] Server: Lo coges
[2021.01.21-20.11.02:771][766]LogBlueprintUserMessages: [Jugador_C_0] Server: Tocas pelota
[2021.01.21-20.11.02:771][766]LogBlueprintUserMessages: [Jugador_C_0] Server: Lo coges
[2021.01.21-20.11.02:771][766]LogBlueprintUserMessages: [Jugador_C_0] Server: Tocas pelota
[2021.01.21-20.11.05:453][945]LogBlueprintUserMessages: [Jugador_C_0] Server: Dañonormal
[2021.01.21-20.11.05:453][945]LogBlueprintUserMessages: [Pelota_Base_C_0] Server: Golpetazo
[2021.01.21-20.11.05:626][957]LogSpawn:Warning: SpawnActor failed because of collision at the spawn location [X=-29252.068 Y=-14833.532 Z=191.504] for [Pelota_Base_C]
[2021.01.21-20.11.09:816][242]LogBlueprintUserMessages: [Jugador_C_0] Server: Lo coges
[2021.01.21-20.11.09:816][242]LogBlueprintUserMessages: [Jugador_C_0] Server: Tocas pelota
[2021.01.21-20.11.09:831][243]LogBlueprintUserMessages: [Jugador_C_0] Server: Lo coges
[2021.01.21-20.11.09:831][243]LogBlueprintUserMessages: [Jugador_C_0] Server: Tocas pelota
[2021.01.21-20.11.11:843][380]LogBlueprintUserMessages: [Jugador_C_0] Server: Daño de area
[2021.01.21-20.11.11:844][380]LogBlueprintUserMessages: [Pelota_Base_C_5] Server: Explosion!!!
[2021.01.21-20.11.12:001][383]LogBlueprintUserMessages: [Jugador_C_0] Server: Tocas pelota
[2021.01.21-20.11.20:629][934]LogSpawn:Warning: SpawnActor failed because of collision at the spawn location [X=-30614.063 Y=-14824.157 Z=183.555] for [Pelota_Base_C]
[2021.01.21-20.11.21:209][974]LogBlueprintUserMessages: [Jugador_C_0] Server: Lo coges
[2021.01.21-20.11.21:209][974]LogBlueprintUserMessages: [Jugador_C_0] Server: Tocas pelota
[2021.01.21-20.11.21:209][974]LogBlueprintUserMessages: [Jugador_C_0] Server: Lo coges
[2021.01.21-20.11.21:209][974]LogBlueprintUserMessages: [Jugador_C_0] Server: Tocas pelota
[2021.01.21-20.11.21:224][975]LogBlueprintUserMessages: [Jugador_C_0] Server: Lo coges
[2021.01.21-20.11.21:224][975]LogBlueprintUserMessages: [Jugador_C_0] Server: Tocas pelota
[2021.01.21-20.11.22:417][ 58]LogBlueprintUserMessages: [Jugador_C_0] Server: Lo coges
[2021.01.21-20.11.22:417][ 58]LogBlueprintUserMessages: [Jugador_C_0] Server: Tocas pelota
[2021.01.21-20.11.22:444][ 60]LogBlueprintUserMessages: [Jugador_C_0] Server: Lo coges
[2021.01.21-20.11.22:444][ 60]LogBlueprintUserMessages: [Jugador_C_0] Server: Tocas pelota
[2021.01.21-20.11.22:444][ 60]LogBlueprintUserMessages: [Jugador_C_0] Server: Lo coges
[2021.01.21-20.11.22:444][ 60]LogBlueprintUserMessages: [Jugador_C_0] Server: Tocas pelota
[2021.01.21-20.11.24:536][196]LogBlueprintUserMessages: [Jugador_C_0] Server: Dañonormal
[2021.01.21-20.11.24:536][196]LogBlueprintUserMessages: [Pelota_Base_C_16] Server: Golpetazo
[2021.01.21-20.11.30:672][633]LogBlueprintUserMessages: [Jugador_C_0] Server: Lo coges
[2021.01.21-20.11.30:672][633]LogBlueprintUserMessages: [Jugador_C_0] Server: Tocas pelota
[2021.01.21-20.11.30:701][635]LogBlueprintUserMessages: [Jugador_C_0] Server: Lo coges
[2021.01.21-20.11.30:701][635]LogBlueprintUserMessages: [Jugador_C_0] Server: Tocas pelota
[2021.01.21-20.11.30:701][635]LogBlueprintUserMessages: [Jugador_C_0] Server: Lo coges
[2021.01.21-20.11.30:701][635]LogBlueprintUserMessages: [Jugador_C_0] Server: Tocas pelota
[2021.01.21-20.11.34:191][888]LogBlueprintUserMessages: [Pelota_Base_C_20] Server: Explosion!!!
[2021.01.21-20.11.36:706][ 65]LogBlueprintUserMessages: [Jugador_C_0] Server: Lo coges
[2021.01.21-20.11.36:706][ 65]LogBlueprintUserMessages: [Jugador_C_0] Server: Tocas pelota
[2021.01.21-20.11.36:720][ 66]LogBlueprintUserMessages: [Jugador_C_0] Server: Lo coges
[2021.01.21-20.11.36:720][ 66]LogBlueprintUserMessages: [Jugador_C_0] Server: Tocas pelota
[2021.01.21-20.11.37:006][ 86]LogBlueprintUserMessages: [Jugador_C_0] Server: Lo coges
[2021.01.21-20.11.37:006][ 86]LogBlueprintUserMessages: [Jugador_C_0] Server: Tocas pelota
[2021.01.21-20.11.37:006][ 86]LogBlueprintUserMessages: [Jugador_C_0] Server: Lo coges
[2021.01.21-20.11.37:006][ 86]LogBlueprintUserMessages: [Jugador_C_0] Server: Tocas pelota
[2021.01.21-20.11.37:021][ 87]LogBlueprintUserMessages: [Jugador_C_0] Server: Lo coges
[2021.01.21-20.11.37:021][ 87]LogBlueprintUserMessages: [Jugador_C_0] Server: Tocas pelota
[2021.01.21-20.11.37:021][ 87]LogBlueprintUserMessages: [Jugador_C_0] Server: Lo coges
[2021.01.21-20.11.37:021][ 87]LogBlueprintUserMessages: [Jugador_C_0] Server: Tocas pelota
[2021.01.21-20.11.37:039][ 88]LogBlueprintUserMessages: [Jugador_C_0] Server: Lo coges
[2021.01.21-20.11.37:039][ 88]LogBlueprintUserMessages: [Jugador_C_0] Server: Tocas pelota
[2021.01.21-20.11.37:039][ 88]LogBlueprintUserMessages: [Jugador_C_0] Server: Lo coges
[2021.01.21-20.11.37:039][ 88]LogBlueprintUserMessages: [Jugador_C_0] Server: Tocas pelota
[2021.01.21-20.11.40:001][303]LogBlueprintUserMessages: [Jugador_C_0] Server: Daño de area
[2021.01.21-20.11.40:001][303]LogBlueprintUserMessages: [Pelota_Base_C_25] Server: Explosion!!!
[2021.01.21-20.11.44:822][538]LogBlueprintUserMessages: Early EndPlayMap Detection: Level '/Game/Menu.Menu:PersistentLevel' has LevelScriptBlueprint '/Game/Menu.Menu:PersistentLevel.Menu' with GeneratedClass '/Game/Menu.Menu_C' with ClassGeneratedBy '/Game/Menu.Menu:PersistentLevel.Menu'
[2021.01.21-20.11.44:856][538]LogOnline:Display: OSS: FOnlineSubsystemNull::Shutdown()
[2021.01.21-20.11.44:856][538]LogOnline:Display: OSS: FOnlineAsyncTaskManager::Stop() ActiveTask:0000000000000000 Tasks[0/0]
[2021.01.21-20.11.44:857][538]LogOnline:Display: OSS: FOnlineAsyncTaskManager::Exit() started
[2021.01.21-20.11.44:857][538]LogOnline:Display: OSS: FOnlineAsyncTaskManager::Exit() finished
[2021.01.21-20.11.44:857][538]LogPlayLevel:Display: Shutting down PIE online subsystems
[2021.01.21-20.11.44:857][538]LogBlueprintUserMessages: Late EndPlayMap Detection: Level '/Game/Menu.Menu:PersistentLevel' has LevelScriptBlueprint '/Game/Menu.Menu:PersistentLevel.Menu' with GeneratedClass '/Game/Menu.Menu_C' with ClassGeneratedBy '/Game/Menu.Menu:PersistentLevel.Menu'
[2021.01.21-20.11.44:885][538]LogExit: GameNetDriver None shut down
[2021.01.21-20.11.45:132][539]LogPlayLevel:Display: Destroying online subsystem :Context_7
[2021.01.21-20.11.45:132][539]LogOnline:Display: OSS: FOnlineSubsystemNull::Shutdown()
[2021.01.21-20.12.26:253][749]Cmd: OBJ SAVEPACKAGE PACKAGE="/Game/Pelotas/Pelota_Base" FILE="E:/UNIVERSIDAD-2020/Videojuegos/Unreal/Multijugador/Multijugador-Unreal/Content/Pelotas/Pelota_Base.uasset" SILENT=true
[2021.01.21-20.12.26:398][749]LogSavePackage: Save=87.15ms
[2021.01.21-20.12.26:398][749]LogSavePackage: Moving 'E:/UNIVERSIDAD-2020/Videojuegos/Unreal/Multijugador/Multijugador-Unreal/Saved/Pelota_Base3BF543AC4F55F5D787529391BFDCF087.tmp' to 'E:/UNIVERSIDAD-2020/Videojuegos/Unreal/Multijugador/Multijugador-Unreal/Content/Pelotas/Pelota_Base.uasset'
[2021.01.21-20.12.26:402][749]LogSavePackage:Display: Finished SavePackage E:/UNIVERSIDAD-2020/Videojuegos/Unreal/Multijugador/Multijugador-Unreal/Content/Pelotas/Pelota_Base.uasset
[2021.01.21-20.13.24:435][644]LogActorComponent: UnregisterComponent: (/Engine/Transient.EditorFloorComp) Not registered. Aborting.
[2021.01.21-20.13.24:493][644]LogActorComponent: UnregisterComponent: (/Engine/Transient.EditorFloorComp) Not registered. Aborting.
[2021.01.21-20.13.24:553][644]LogActorComponent: UnregisterComponent: (/Engine/Transient.EditorFloorComp) Not registered. Aborting.
[2021.01.21-20.13.24:616][644]LogWindowsTextInputMethodSystem:Display: IME system now deactivated.
[2021.01.21-20.13.24:956][645]Cmd: QUIT_EDITOR
[2021.01.21-20.13.25:544][645]LogExit: Preparing to exit.
[2021.01.21-20.13.26:698][645]LogExit: Editor shut down
[2021.01.21-20.13.26:701][645]LogExit: Transaction tracking system shut down
[2021.01.21-20.13.26:843][645]LogObj: Freed 0b from 0 cluster array pools.
[2021.01.21-20.13.26:843][645]LogExit: Object subsystem successfully closed.
[2021.01.21-20.13.26:861][645]LogD3D11RHI: Shutdown
[2021.01.21-20.13.26:861][645]LogD3D11RHI: CleanupD3DDevice
[2021.01.21-20.13.26:957][645]LogD3D11RHI: ~FD3D11DynamicRHI
[2021.01.21-20.13.26:968][645]LogModuleManager: Shutting down and abandoning module MovieSceneCapture (536)
[2021.01.21-20.13.26:968][645]LogModuleManager: Shutting down and abandoning module Voice (534)
[2021.01.21-20.13.26:968][645]LogModuleManager: Shutting down and abandoning module SequencerWidgets (532)
[2021.01.21-20.13.26:968][645]LogModuleManager: Shutting down and abandoning module BlueprintGraph (530)
[2021.01.21-20.13.26:968][645]LogModuleManager: Shutting down and abandoning module BlueprintProfiler (528)
[2021.01.21-20.13.26:968][645]LogModuleManager: Shutting down and abandoning module HierarchicalLODOutliner (526)
[2021.01.21-20.13.26:968][645]LogModuleManager: Shutting down and abandoning module CrashTracker (524)
[2021.01.21-20.13.26:968][645]LogModuleManager: Shutting down and abandoning module SceneOutliner (522)
[2021.01.21-20.13.26:968][645]LogModuleManager: Shutting down and abandoning module AddContentDialog (520)
[2021.01.21-20.13.26:968][645]LogDirectoryWatcher: A directory notification for 'F:/Juegos Epic/UE_4.16/FeaturePacks/' was aborted.
[2021.01.21-20.13.26:969][645]LogModuleManager: Shutting down and abandoning module WidgetCarousel (519)
[2021.01.21-20.13.26:969][645]LogModuleManager: Shutting down and abandoning module EditorWidgets (516)
[2021.01.21-20.13.26:969][645]LogModuleManager: Shutting down and abandoning module CollectionManager (514)
[2021.01.21-20.13.26:969][645]LogDirectoryWatcher: A directory notification for 'E:/UNIVERSIDAD-2020/Videojuegos/Unreal/Multijugador/Multijugador-Unreal/Content/Collections/' was aborted.
[2021.01.21-20.13.26:969][645]LogDirectoryWatcher: A directory notification for 'E:/UNIVERSIDAD-2020/Videojuegos/Unreal/Multijugador/Multijugador-Unreal/Content/Developers/aleja/Collections/' was aborted.
[2021.01.21-20.13.26:969][645]LogDirectoryWatcher: A directory notification for 'E:/UNIVERSIDAD-2020/Videojuegos/Unreal/Multijugador/Multijugador-Unreal/Saved/Collections/' was aborted.
[2021.01.21-20.13.26:970][645]LogModuleManager: Shutting down and abandoning module StatsViewer (512)
[2021.01.21-20.13.26:970][645]LogModuleManager: Shutting down and abandoning module FoliageEdit (510)
[2021.01.21-20.13.26:970][645]LogModuleManager: Shutting down and abandoning module LandscapeEditor (508)
[2021.01.21-20.13.26:970][645]LogModuleManager: Shutting down and abandoning module MeshPaintMode (506)
[2021.01.21-20.13.26:970][645]LogModuleManager: Shutting down and abandoning module SceneDepthPickerMode (504)
[2021.01.21-20.13.26:970][645]LogModuleManager: Shutting down and abandoning module ActorPickerMode (502)
[2021.01.21-20.13.26:970][645]LogModuleManager: Shutting down and abandoning module GeometryMode (500)
[2021.01.21-20.13.26:970][645]LogModuleManager: Shutting down and abandoning module TextureAlignMode (498)
[2021.01.21-20.13.26:970][645]LogModuleManager: Shutting down and abandoning module BspMode (496)
[2021.01.21-20.13.26:970][645]LogModuleManager: Shutting down and abandoning module HardwareSurvey (494)
[2021.01.21-20.13.26:970][645]LogModuleManager: Shutting down and abandoning module SequenceRecorderSections (492)
[2021.01.21-20.13.26:970][645]LogModuleManager: Shutting down and abandoning module AutomationWorker (490)
[2021.01.21-20.13.26:970][645]LogModuleManager: Shutting down and abandoning module MatineeToLevelSequence (488)
[2021.01.21-20.13.26:970][645]LogModuleManager: Shutting down and abandoning module LevelSequenceEditor (486)
[2021.01.21-20.13.26:970][645]LogModuleManager: Shutting down and abandoning module PlacementMode (485)
[2021.01.21-20.13.26:970][645]LogModuleManager: Shutting down and abandoning module WmfMediaFactory (482)
[2021.01.21-20.13.26:970][645]LogModuleManager: Shutting down and abandoning module WmfMediaEditor (480)
[2021.01.21-20.13.26:970][645]LogModuleManager: Shutting down and abandoning module AvfMediaFactory (478)
[2021.01.21-20.13.26:970][645]LogModuleManager: Shutting down and abandoning module AvfMediaEditor (476)
[2021.01.21-20.13.26:970][645]LogModuleManager: Shutting down and abandoning module AndroidMediaFactory (474)
[2021.01.21-20.13.26:970][645]LogModuleManager: Shutting down and abandoning module Media (473)
[2021.01.21-20.13.26:970][645]LogModuleManager: Shutting down and abandoning module AndroidMediaEditor (470)
[2021.01.21-20.13.26:970][645]LogModuleManager: Shutting down and abandoning module CharacterAI (468)
[2021.01.21-20.13.26:970][645]LogModuleManager: Shutting down and abandoning module AudioCapture (466)
[2021.01.21-20.13.26:970][645]LogModuleManager: Shutting down and abandoning module SequenceRecorder (465)
[2021.01.21-20.13.26:970][645]LogModuleManager: Shutting down and abandoning module SmartSnapping (462)
[2021.01.21-20.13.26:970][645]LogModuleManager: Shutting down and abandoning module SessionServices (460)
[2021.01.21-20.13.26:970][645]LogModuleManager: Shutting down and abandoning module ViewportSnapping (458)
[2021.01.21-20.13.26:970][645]LogModuleManager: Shutting down and abandoning module ViewportInteraction (456)
[2021.01.21-20.13.26:970][645]LogModuleManager: Shutting down and abandoning module ClothPainter (454)
[2021.01.21-20.13.26:970][645]LogModuleManager: Shutting down and abandoning module LogVisualizer (452)
[2021.01.21-20.13.26:970][645]LogModuleManager: Shutting down and abandoning module IntroTutorials (450)
[2021.01.21-20.13.26:970][645]LogModuleManager: Shutting down and abandoning module GameProjectGeneration (449)
[2021.01.21-20.13.26:970][645]LogModuleManager: Shutting down and abandoning module EditorLiveStreaming (446)
[2021.01.21-20.13.26:970][645]LogModuleManager: Shutting down and abandoning module IOSPlatformEditor (444)
[2021.01.21-20.13.26:970][645]LogModuleManager: Shutting down and abandoning module HTML5PlatformEditor (442)
[2021.01.21-20.13.26:970][645]LogModuleManager: Shutting down and abandoning module AndroidPlatformEditor (440)
[2021.01.21-20.13.26:970][645]LogModuleManager: Shutting down and abandoning module AndroidDeviceDetection (439)
[2021.01.21-20.13.27:617][645]LogModuleManager: Shutting down and abandoning module IOSRuntimeSettings (436)
[2021.01.21-20.13.27:617][645]LogModuleManager: Shutting down and abandoning module AndroidRuntimeSettings (434)
[2021.01.21-20.13.27:617][645]LogModuleManager: Shutting down and abandoning module InputBindingEditor (432)
[2021.01.21-20.13.27:617][645]LogModuleManager: Shutting down and abandoning module MergeActors (430)
[2021.01.21-20.13.27:617][645]LogModuleManager: Shutting down and abandoning module SizeMap (428)
[2021.01.21-20.13.27:617][645]LogModuleManager: Shutting down and abandoning module TreeMap (426)
[2021.01.21-20.13.27:617][645]LogModuleManager: Shutting down and abandoning module ReferenceViewer (424)
[2021.01.21-20.13.27:617][645]LogModuleManager: Shutting down and abandoning module LocalizationDashboard (422)
[2021.01.21-20.13.27:617][645]LogModuleManager: Shutting down and abandoning module LocalizationService (421)
[2021.01.21-20.13.27:618][645]LogModuleManager: Shutting down and abandoning module HardwareTargeting (418)
[2021.01.21-20.13.27:618][645]LogModuleManager: Shutting down and abandoning module DeviceProfileEditor (416)
[2021.01.21-20.13.27:618][645]LogModuleManager: Shutting down and abandoning module UndoHistory (414)
[2021.01.21-20.13.27:618][645]LogModuleManager: Shutting down and abandoning module UserFeedback (412)
[2021.01.21-20.13.27:618][645]LogModuleManager: Shutting down and abandoning module XmlParser (410)
[2021.01.21-20.13.27:618][645]LogModuleManager: Shutting down and abandoning module Blutility (408)
[2021.01.21-20.13.27:618][645]LogModuleManager: Shutting down and abandoning module ProjectSettingsViewer (406)
[2021.01.21-20.13.27:618][645]LogModuleManager: Shutting down and abandoning module ProjectTargetPlatformEditor (405)
[2021.01.21-20.13.27:618][645]LogModuleManager: Shutting down and abandoning module EditorSettingsViewer (402)
[2021.01.21-20.13.27:618][645]LogModuleManager: Shutting down and abandoning module SettingsEditor (400)
[2021.01.21-20.13.27:618][645]LogModuleManager: Shutting down and abandoning module ProjectLauncher (398)
[2021.01.21-20.13.27:618][645]LogModuleManager: Shutting down and abandoning module SessionFrontend (396)
[2021.01.21-20.13.27:618][645]LogModuleManager: Shutting down and abandoning module ProfilerClient (394)
[2021.01.21-20.13.27:618][645]LogModuleManager: Shutting down and abandoning module DeviceManager (392)
[2021.01.21-20.13.27:618][645]LogModuleManager: Shutting down and abandoning module TargetDeviceServices (391)
[2021.01.21-20.13.27:671][645]LogModuleManager: Shutting down and abandoning module AutomationController (388)
[2021.01.21-20.13.27:671][645]LogModuleManager: Shutting down and abandoning module AutomationWindow (386)
[2021.01.21-20.13.27:671][645]LogModuleManager: Shutting down and abandoning module Layers (384)
[2021.01.21-20.13.27:671][645]LogModuleManager: Shutting down and abandoning module ComponentVisualizers (382)
[2021.01.21-20.13.27:671][645]LogModuleManager: Shutting down and abandoning module DetailCustomizations (380)
[2021.01.21-20.13.27:671][645]LogModuleManager: Shutting down and abandoning module PackagesDialog (378)
[2021.01.21-20.13.27:671][645]LogModuleManager: Shutting down and abandoning module Persona (376)
[2021.01.21-20.13.27:671][645]LogModuleManager: Shutting down and abandoning module AdvancedPreviewScene (375)
[2021.01.21-20.13.27:671][645]LogModuleManager: Shutting down and abandoning module AnimGraph (373)
[2021.01.21-20.13.27:671][645]LogModuleManager: Shutting down and abandoning module Kismet (370)
[2021.01.21-20.13.27:678][645]LogModuleManager: Shutting down and abandoning module ClassViewer (368)
[2021.01.21-20.13.27:678][645]LogModuleManager: Shutting down and abandoning module Toolbox (366)
[2021.01.21-20.13.27:678][645]LogModuleManager: Shutting down and abandoning module ModuleUI (364)
[2021.01.21-20.13.27:678][645]LogModuleManager: Shutting down and abandoning module MovieSceneTools (362)
[2021.01.21-20.13.27:678][645]LogModuleManager: Shutting down and abandoning module OutputLog (360)
[2021.01.21-20.13.27:678][645]LogModuleManager: Shutting down and abandoning module GammaUI (358)
[2021.01.21-20.13.27:678][645]LogModuleManager: Shutting down and abandoning module Documentation (356)
[2021.01.21-20.13.27:678][645]LogModuleManager: Shutting down and abandoning module MovieSceneTracks (354)
[2021.01.21-20.13.27:678][645]LogModuleManager: Shutting down and abandoning module MovieScene (352)
[2021.01.21-20.13.27:678][645]LogModuleManager: Shutting down and abandoning module Niagara (350)
[2021.01.21-20.13.27:678][645]LogModuleManager: Shutting down and abandoning module NiagaraEditor (349)
[2021.01.21-20.13.27:678][645]LogModuleManager: Shutting down and abandoning module StreamingPauseRendering (346)
[2021.01.21-20.13.27:678][645]LogModuleManager: Shutting down and abandoning module AnalyticsET (344)
[2021.01.21-20.13.27:678][645]LogModuleManager: Shutting down and abandoning module PortalServices (342)
[2021.01.21-20.13.27:678][645]LogModuleManager: Shutting down and abandoning module PortalRpc (340)
[2021.01.21-20.13.27:678][645]LogModuleManager: Shutting down and abandoning module MessagingRpc (338)
[2021.01.21-20.13.27:678][645]LogModuleManager: Shutting down and abandoning module AIModule (336)
[2021.01.21-20.13.27:678][645]LogModuleManager: Shutting down and abandoning module GameplayDebugger (335)
[2021.01.21-20.13.27:678][645]LogModuleManager: Shutting down and abandoning module AITestSuite (333)
[2021.01.21-20.13.27:678][645]LogModuleManager: Shutting down and abandoning module ProfilerService (330)
[2021.01.21-20.13.27:899][645]LogModuleManager: Shutting down and abandoning module TaskGraph (328)
[2021.01.21-20.13.27:899][645]LogModuleManager: Shutting down and abandoning module SteamVRController (326)
[2021.01.21-20.13.27:899][645]LogModuleManager: Shutting down and abandoning module SteamVR (324)
[2021.01.21-20.13.27:899][645]LogModuleManager: Shutting down and abandoning module ProceduralMeshComponentEditor (322)
[2021.01.21-20.13.27:899][645]LogModuleManager: Shutting down and abandoning module ProceduralMeshComponent (320)
[2021.01.21-20.13.27:899][645]LogModuleManager: Shutting down and abandoning module OculusLibrary (318)
[2021.01.21-20.13.27:899][645]LogModuleManager: Shutting down and abandoning module OculusInput (316)
[2021.01.21-20.13.27:900][645]LogModuleManager: Shutting down and abandoning module MobilePatchingUtils (314)
[2021.01.21-20.13.27:900][645]LogModuleManager: Shutting down and abandoning module CustomMeshComponent (312)
[2021.01.21-20.13.27:900][645]LogModuleManager: Shutting down and abandoning module CableComponent (310)
[2021.01.21-20.13.27:900][645]LogModuleManager: Shutting down and abandoning module ArchVisCharacter (308)
[2021.01.21-20.13.27:900][645]LogModuleManager: Shutting down and abandoning module AndroidPermission (306)
[2021.01.21-20.13.27:900][645]LogModuleManager: Shutting down and abandoning module MediaPlayerEditor (304)
[2021.01.21-20.13.27:900][645]LogModuleManager: Shutting down and abandoning module HTML5Networking (302)
[2021.01.21-20.13.27:900][645]LogModuleManager: Shutting down and abandoning module AlembicImporter (300)
[2021.01.21-20.13.27:900][645]LogModuleManager: Shutting down and abandoning module AlembicLibrary (299)
[2021.01.21-20.13.27:900][645]LogModuleManager: Shutting down and abandoning module GeometryCache (298)
[2021.01.21-20.13.27:900][645]LogModuleManager: Shutting down and abandoning module GeometryCacheEd (297)
[2021.01.21-20.13.27:900][645]LogModuleManager: Shutting down and abandoning module SuperSearchEditor (292)
[2021.01.21-20.13.27:900][645]LogModuleManager: Shutting down and abandoning module SuperSearch (291)
[2021.01.21-20.13.27:900][645]LogModuleManager: Shutting down and abandoning module SpeedTreeImporter (288)
[2021.01.21-20.13.27:900][645]LogModuleManager: Shutting down and abandoning module PluginBrowser (286)
[2021.01.21-20.13.27:900][645]LogModuleManager: Shutting down and abandoning module MobileLauncherProfileWizard (284)
[2021.01.21-20.13.27:900][645]LogModuleManager: Shutting down and abandoning module VisualStudioSourceCodeAccess (282)
[2021.01.21-20.13.27:900][645]LogModuleManager: Shutting down and abandoning module DesktopPlatform (281)
[2021.01.21-20.13.27:900][645]LogModuleManager: Shutting down and abandoning module UObjectPlugin (278)
[2021.01.21-20.13.27:900][645]LogModuleManager: Shutting down and abandoning module SubversionSourceControl (276)
[2021.01.21-20.13.27:900][645]LogModuleManager: Shutting down and abandoning module PerforceSourceControl (274)
[2021.01.21-20.13.27:900][645]LogModuleManager: Shutting down and abandoning module GitSourceControl (272)
[2021.01.21-20.13.27:900][645]LogModuleManager: Shutting down and abandoning module SourceControl (271)
[2021.01.21-20.13.27:900][645]LogModuleManager: Shutting down and abandoning module LightPropagationVolumeEditor (268)
[2021.01.21-20.13.27:900][645]LogModuleManager: Shutting down and abandoning module PaperTiledImporter (266)
[2021.01.21-20.13.27:900][645]LogModuleManager: Shutting down and abandoning module PaperSpriteSheetImporter (264)
[2021.01.21-20.13.27:900][645]LogModuleManager: Shutting down and abandoning module Paper2DEditor (262)
[2021.01.21-20.13.27:900][645]LogModuleManager: Shutting down and abandoning module MeshPaint (261)
[2021.01.21-20.13.27:900][645]LogModuleManager: Shutting down and abandoning module LevelEditor (259)
[2021.01.21-20.13.27:901][645]LogModuleManager: Shutting down and abandoning module PixelInspectorModule (258)
[2021.01.21-20.13.27:901][645]LogModuleManager: Shutting down and abandoning module MainFrame (256)
[2021.01.21-20.13.27:901][645]LogModuleManager: Shutting down and abandoning module HotReload (255)
[2021.01.21-20.13.27:901][645]LogModuleManager: Shutting down and abandoning module PhysXVehiclesEditor (250)
[2021.01.21-20.13.27:901][645]LogModuleManager: Shutting down and abandoning module PhysXVehicles (248)
[2021.01.21-20.13.27:901][645]LogModuleManager: Shutting down and abandoning module LocationServicesBPLibrary (246)
[2021.01.21-20.13.27:901][645]LogModuleManager: Shutting down and abandoning module ImmediatePhysicsEditor (244)
[2021.01.21-20.13.27:901][645]LogModuleManager: Shutting down and abandoning module ImmediatePhysics (242)
[2021.01.21-20.13.27:901][645]LogModuleManager: Shutting down and abandoning module UdpMessaging (240)
[2021.01.21-20.13.28:002][645]LogModuleManager: Shutting down and abandoning module TcpMessaging (238)
[2021.01.21-20.13.28:103][645]LogModuleManager: Shutting down and abandoning module GameplayTagsEditor (236)
[2021.01.21-20.13.28:103][645]LogModuleManager: Shutting down and abandoning module FacialAnimationEditor (234)
[2021.01.21-20.13.28:103][645]LogModuleManager: Shutting down and abandoning module FacialAnimation (232)
[2021.01.21-20.13.28:103][645]LogModuleManager: Shutting down and abandoning module AssetManagerEditor (230)
[2021.01.21-20.13.28:103][645]LogModuleManager: Shutting down and abandoning module GraphEditor (229)
[2021.01.21-20.13.28:103][645]LogModuleManager: Shutting down and abandoning module ContentBrowser (227)
[2021.01.21-20.13.28:104][645]LogModuleManager: Shutting down and abandoning module LightPropagationVolumeRuntime (224)
[2021.01.21-20.13.28:104][645]LogModuleManager: Shutting down and abandoning module Paper2D (222)
[2021.01.21-20.13.28:104][645]LogModuleManager: Shutting down and abandoning module WindowsMoviePlayer (220)
[2021.01.21-20.13.28:104][645]LogModuleManager: Shutting down and abandoning module WmfMedia (218)
[2021.01.21-20.13.28:105][645]LogModuleManager: Shutting down and abandoning module ClothingSystemEditor (216)
[2021.01.21-20.13.28:105][645]LogModuleManager: Shutting down and abandoning module ClothingSystemRuntime (214)
[2021.01.21-20.13.28:105][645]LogModuleManager: Shutting down and abandoning module MediaAssets (212)
[2021.01.21-20.13.28:105][645]LogModuleManager: Shutting down and abandoning module GameLiveStreaming (210)
[2021.01.21-20.13.28:105][645]LogModuleManager: Shutting down and abandoning module VREditor (208)
[2021.01.21-20.13.28:105][645]LogModuleManager: Shutting down and abandoning module StringTableEditor (206)
[2021.01.21-20.13.28:105][645]LogModuleManager: Shutting down and abandoning module GameplayTasksEditor (204)
[2021.01.21-20.13.28:105][645]LogModuleManager: Shutting down and abandoning module BehaviorTreeEditor (202)
[2021.01.21-20.13.28:105][645]LogModuleManager: Shutting down and abandoning module FunctionalTesting (200)
[2021.01.21-20.13.28:105][645]LogModuleManager: Shutting down and abandoning module CollisionAnalyzer (198)
[2021.01.21-20.13.28:105][645]LogModuleManager: Shutting down and abandoning module UMG (196)
[2021.01.21-20.13.28:105][645]LogModuleManager: Shutting down and abandoning module UMGEditor (195)
[2021.01.21-20.13.28:105][645]LogModuleManager: Shutting down and abandoning module Sequencer (194)
[2021.01.21-20.13.28:105][645]LogModuleManager: Shutting down and abandoning module AssetTools (192)
[2021.01.21-20.13.28:106][645]LogModuleManager: Shutting down and abandoning module MessageLog (191)
[2021.01.21-20.13.28:106][645]LogModuleManager: Shutting down and abandoning module WorkspaceMenuStructure (190)
[2021.01.21-20.13.28:106][645]LogModuleManager: Shutting down and abandoning module SlateReflector (184)
[2021.01.21-20.13.28:106][645]LogModuleManager: Shutting down and abandoning module Slate (182)
[2021.01.21-20.13.28:106][645]LogModuleManager: Shutting down and abandoning module EditorStyle (180)
[2021.01.21-20.13.28:108][645]LogModuleManager: Shutting down and abandoning module SourceCodeAccess (178)
[2021.01.21-20.13.28:108][645]LogModuleManager: Shutting down and abandoning module HeadMountedDisplay (176)
[2021.01.21-20.13.28:108][645]LogModuleManager: Shutting down and abandoning module XAudio2 (174)
[2021.01.21-20.13.28:108][645]LogModuleManager: Shutting down and abandoning module Networking (172)
[2021.01.21-20.13.28:108][645]LogModuleManager: Shutting down and abandoning module Core (170)
[2021.01.21-20.13.28:108][645]LogModuleManager: Shutting down and abandoning module AssetRegistry (168)
[2021.01.21-20.13.28:145][645]LogDirectoryWatcher: A directory notification for '../../../Engine/Content/' was aborted.
[2021.01.21-20.13.28:145][645]LogDirectoryWatcher: A directory notification for 'E:/UNIVERSIDAD-2020/Videojuegos/Unreal/Multijugador/Multijugador-Unreal/Content/' was aborted.
[2021.01.21-20.13.28:145][645]LogDirectoryWatcher: A directory notification for '../../../Engine/Plugins/2D/Paper2D/Content/' was aborted.
[2021.01.21-20.13.28:145][645]LogDirectoryWatcher: A directory notification for '../../../Engine/Plugins/Runtime/GearVR/Content/' was aborted.
[2021.01.21-20.13.28:148][645]LogModuleManager: Shutting down and abandoning module DirectoryWatcher (167)
[2021.01.21-20.13.28:149][645]LogModuleManager: Shutting down and abandoning module KismetCompiler (164)
[2021.01.21-20.13.28:149][645]LogModuleManager: Shutting down and abandoning module LevelSequence (162)
[2021.01.21-20.13.28:149][645]LogModuleManager: Shutting down and abandoning module PhysXFormats (160)
[2021.01.21-20.13.28:149][645]LogModuleManager: Shutting down and abandoning module MeshUtilities (158)
[2021.01.21-20.13.28:149][645]LogModuleManager: Shutting down and abandoning module SimplygonSwarm (157)
[2021.01.21-20.13.28:149][645]LogModuleManager: Shutting down and abandoning module SimplygonMeshReduction (155)
[2021.01.21-20.13.28:149][645]LogModuleManager: Shutting down and abandoning module QuadricMeshReduction (153)
[2021.01.21-20.13.28:149][645]LogModuleManager: Shutting down and abandoning module DerivedDataCache (150)
[2021.01.21-20.13.28:219][645]LogDerivedDataCache: Shutdown
[2021.01.21-20.13.28:219][645]LogModuleManager: Shutting down and abandoning module TargetPlatform (148)
[2021.01.21-20.13.28:219][645]LogModuleManager: Shutting down and abandoning module VulkanShaderFormat (147)
[2021.01.21-20.13.28:219][645]LogModuleManager: Shutting down and abandoning module ShaderFormatVectorVM (145)
[2021.01.21-20.13.28:219][645]LogModuleManager: Shutting down and abandoning module ShaderFormatOpenGL (143)
[2021.01.21-20.13.28:219][645]LogModuleManager: Shutting down and abandoning module ShaderFormatD3D (141)
[2021.01.21-20.13.28:220][645]LogModuleManager: Shutting down and abandoning module MetalShaderFormat (139)
[2021.01.21-20.13.28:220][645]LogModuleManager: Shutting down and abandoning module TextureFormatUncompressed (137)
[2021.01.21-20.13.28:220][645]LogModuleManager: Shutting down and abandoning module TextureFormatPVR (135)
[2021.01.21-20.13.28:220][645]LogModuleManager: Shutting down and abandoning module TextureFormatDXT (133)
[2021.01.21-20.13.28:220][645]LogModuleManager: Shutting down and abandoning module TextureFormatIntelISPCTexComp (131)
[2021.01.21-20.13.28:220][645]LogModuleManager: Shutting down and abandoning module TextureFormatASTC (129)
[2021.01.21-20.13.28:220][645]LogModuleManager: Shutting down and abandoning module ImageWrapper (128)
[2021.01.21-20.13.28:220][645]LogModuleManager: Shutting down and abandoning module TextureFormatAndroid (125)
[2021.01.21-20.13.28:220][645]LogModuleManager: Shutting down and abandoning module AudioFormatOpus (123)
[2021.01.21-20.13.28:220][645]LogModuleManager: Shutting down and abandoning module AudioFormatOgg (121)
[2021.01.21-20.13.28:220][645]LogModuleManager: Shutting down and abandoning module AudioFormatADPCM (119)
[2021.01.21-20.13.28:220][645]LogModuleManager: Shutting down and abandoning module LinuxTargetPlatform (117)
[2021.01.21-20.13.28:220][645]LogModuleManager: Shutting down and abandoning module LinuxServerTargetPlatform (115)
[2021.01.21-20.13.28:220][645]LogModuleManager: Shutting down and abandoning module LinuxNoEditorTargetPlatform (113)
[2021.01.21-20.13.28:220][645]LogModuleManager: Shutting down and abandoning module LinuxClientTargetPlatform (111)
[2021.01.21-20.13.28:220][645]LogModuleManager: Shutting down and abandoning module TVOSTargetPlatform (109)
[2021.01.21-20.13.28:220][645]LogModuleManager: Shutting down and abandoning module Messaging (107)
[2021.01.21-20.13.28:220][645]LogModuleManager: Shutting down and abandoning module IOSTargetPlatform (105)
[2021.01.21-20.13.28:220][645]LogModuleManager: Shutting down and abandoning module HTML5TargetPlatform (103)
[2021.01.21-20.13.28:220][645]LogModuleManager: Shutting down and abandoning module Android_PVRTCTargetPlatform (101)
[2021.01.21-20.13.28:220][645]LogModuleManager: Shutting down and abandoning module Android_MultiTargetPlatform (99)
[2021.01.21-20.13.28:220][645]LogModuleManager: Shutting down and abandoning module Android_ETC2TargetPlatform (97)
[2021.01.21-20.13.28:220][645]LogModuleManager: Shutting down and abandoning module Android_ETC1TargetPlatform (95)
[2021.01.21-20.13.28:220][645]LogModuleManager: Shutting down and abandoning module Android_DXTTargetPlatform (93)
[2021.01.21-20.13.28:220][645]LogModuleManager: Shutting down and abandoning module Android_ATCTargetPlatform (91)
[2021.01.21-20.13.28:220][645]LogModuleManager: Shutting down and abandoning module Android_ASTCTargetPlatform (89)
[2021.01.21-20.13.28:220][645]LogModuleManager: Shutting down and abandoning module AndroidTargetPlatform (87)
[2021.01.21-20.13.28:220][645]LogModuleManager: Shutting down and abandoning module WindowsTargetPlatform (85)
[2021.01.21-20.13.28:220][645]LogModuleManager: Shutting down and abandoning module WindowsServerTargetPlatform (83)
[2021.01.21-20.13.28:220][645]LogModuleManager: Shutting down and abandoning module WindowsNoEditorTargetPlatform (81)
[2021.01.21-20.13.28:220][645]LogModuleManager: Shutting down and abandoning module WindowsClientTargetPlatform (79)
[2021.01.21-20.13.28:220][645]LogModuleManager: Shutting down and abandoning module MacTargetPlatform (77)
[2021.01.21-20.13.28:220][645]LogModuleManager: Shutting down and abandoning module MacServerTargetPlatform (75)
[2021.01.21-20.13.28:220][645]LogModuleManager: Shutting down and abandoning module MacNoEditorTargetPlatform (73)
[2021.01.21-20.13.28:220][645]LogModuleManager: Shutting down and abandoning module MacClientTargetPlatform (71)
[2021.01.21-20.13.28:220][645]LogModuleManager: Shutting down and abandoning module AllDesktopTargetPlatform (69)
[2021.01.21-20.13.28:220][645]LogModuleManager: Shutting down and abandoning module InputCore (66)
[2021.01.21-20.13.28:220][645]LogModuleManager: Shutting down and abandoning module Settings (64)
[2021.01.21-20.13.28:220][645]LogModuleManager: Shutting down and abandoning module OculusRift (62)
[2021.01.21-20.13.28:220][645]LogModuleManager: Shutting down and abandoning module GearVRController (60)
[2021.01.21-20.13.28:220][645]LogModuleManager: Shutting down and abandoning module GearVR (58)
[2021.01.21-20.13.28:220][645]LogModuleManager: Shutting down and abandoning module ExampleDeviceProfileSelector (56)
[2021.01.21-20.13.28:220][645]LogModuleManager: Shutting down and abandoning module OnlineBlueprintSupport (54)
[2021.01.21-20.13.28:220][645]LogModuleManager: Shutting down and abandoning module OnlineSubsystem (50)
[2021.01.21-20.13.28:220][645]LogOnline:Display: OSS: FOnlineSubsystemNull::Shutdown()
[2021.01.21-20.13.28:220][645]LogOnline:Display: OSS: FOnlineAsyncTaskManager::Stop() ActiveTask:0000000000000000 Tasks[0/0]
[2021.01.21-20.13.28:221][645]LogOnline:Display: OSS: FOnlineAsyncTaskManager::Exit() started
[2021.01.21-20.13.28:221][645]LogOnline:Display: OSS: FOnlineAsyncTaskManager::Exit() finished
[2021.01.21-20.13.28:221][645]LogOnline:Display: Unloading online subsystem: STEAM
[2021.01.21-20.13.28:221][645]LogOnline:Display: Unloading online subsystem: NULL
[2021.01.21-20.13.28:221][645]LogModuleManager: Shutting down and abandoning module XMPP (43)
[2021.01.21-20.13.28:221][645]LogModuleManager: Shutting down and abandoning module HTTP (41)
[2021.01.21-20.13.28:221][645]LogHttp:Display: Http module shutting down, but needs to wait on 1 outstanding Http requests:
[2021.01.21-20.13.28:221][645]LogHttp:Display: 	verb=[POST] url=[https://datarouter.ol.epicgames.com/datarouter/api/v1/public/data?SessionID=%7B2ED6A4E7-4589-F28C-BCC9-7BA44229077E%7D&AppID=UEEditor.Rocket.Release&AppVersion=4.16.3-3561208%2B%2B%2BUE4%2BRelease-4.16&UserID=71e3eede40ce40ba4d60989b4a563073%7C66351ebe36bd4018b833881313c6dbc1%7Ca6157c1d-9ba7-4af0-8766-eef2bb7b5bed&AppEnvironment=datacollector-binary&UploadType=eteventstream] status=Processing
[2021.01.21-20.13.28:250][645]LogModuleManager: Shutting down and abandoning module SSL (40)
[2021.01.21-20.13.28:251][645]LogModuleManager: Shutting down and abandoning module HTTPChunkInstaller (36)
[2021.01.21-20.13.28:251][645]LogModuleManager: Shutting down and abandoning module AnimationModifiers (34)
[2021.01.21-20.13.28:251][645]LogModuleManager: Shutting down and abandoning module PropertyEditor (33)
[2021.01.21-20.13.28:251][645]LogModuleManager: Shutting down and abandoning module AudioEditor (30)
[2021.01.21-20.13.28:251][645]LogModuleManager: Shutting down and abandoning module TextureCompressor (28)
[2021.01.21-20.13.28:251][645]LogModuleManager: Shutting down and abandoning module ShaderCore (26)
[2021.01.21-20.13.28:251][645]LogModuleManager: Shutting down and abandoning module Landscape (24)
[2021.01.21-20.13.28:251][645]LogModuleManager: Shutting down and abandoning module SlateRHIRenderer (22)
[2021.01.21-20.13.28:252][645]LogModuleManager: Shutting down and abandoning module OpenGLDrv (20)
[2021.01.21-20.13.28:252][645]LogModuleManager: Shutting down and abandoning module D3D11RHI (18)
[2021.01.21-20.13.28:252][645]LogModuleManager: Shutting down and abandoning module AnimGraphRuntime (16)
[2021.01.21-20.13.28:252][645]LogModuleManager: Shutting down and abandoning module Renderer (14)
[2021.01.21-20.13.28:252][645]LogModuleManager: Shutting down and abandoning module Engine (12)
[2021.01.21-20.13.28:253][645]LogModuleManager: Shutting down and abandoning module CoreUObject (10)
[2021.01.21-20.13.28:253][645]LogModuleManager: Shutting down and abandoning module NetworkFile (8)
[2021.01.21-20.13.28:253][645]LogModuleManager: Shutting down and abandoning module StreamingFile (6)
[2021.01.21-20.13.28:253][645]LogModuleManager: Shutting down and abandoning module SandboxFile (4)
[2021.01.21-20.13.28:253][645]LogModuleManager: Shutting down and abandoning module PakFile (2)
[2021.01.21-20.13.28:255][645]LogExit: Exiting.
[2021.01.21-20.13.28:275][645]Log file closed, 01/21/21 21:13:28
