Log file open, 01/19/21 17:24:59
LogInit:Display: Running engine for game: Multijugador
LogPlatformFile: Not using cached read wrapper
LogInit:Display: RandInit(-2022812549) SRandInit(-2022812548).
LogTaskGraph: Started task graph with 5 named threads and 8 total threads with 1 sets of task threads.
LogStats: Stats thread started at 0.135162
LogInit: Using libcurl 7.47.1
LogInit:  - built for x86_64-pc-win32
LogInit:  - supports SSL with OpenSSL/1.0.2g
LogInit:  - supports HTTP deflate (compression) using libz 1.2.8
LogInit:  - other features:
LogInit:      CURL_VERSION_SSL
LogInit:      CURL_VERSION_LIBZ
LogInit:      CURL_VERSION_IPV6
LogInit:      CURL_VERSION_ASYNCHDNS
LogInit:      CURL_VERSION_LARGEFILE
LogInit:      CURL_VERSION_IDN
LogInit:  CurlRequestOptions (configurable via config and command line):
LogInit:  - bVerifyPeer = false  - Libcurl will NOT verify peer certificate
LogInit:  - bUseHttpProxy = false  - Libcurl will NOT use HTTP proxy
LogInit:  - bDontReuseConnections = false  - Libcurl will reuse connections
LogInit:  - CertBundlePath = nullptr  - Libcurl will use whatever was configured at build time.
LogInit: Build: ++UE4+Release-4.16-CL-3561208
LogInit: Engine Version: 4.16.3-3561208+++UE4+Release-4.16
LogInit: Compatible Engine Version: 4.16.0-3452394+++UE4+Release-4.16
LogInit: Net CL: 3452394
LogDevObjectVersion: Number of dev versions registered: 16
LogDevObjectVersion:   Dev-Blueprints (B0D832E4-1F89-4F0D-ACCF-7EB736FD4AA2): 9
LogDevObjectVersion:   Dev-Build (E1C64328-A22C-4D53-A36C-8E866417BD8C): 0
LogDevObjectVersion:   Dev-Core (375EC13C-06E4-48FB-B500-84F0262A717E): 2
LogDevObjectVersion:   Dev-Editor (E4B068ED-F494-42E9-A231-DA0B2E46BB41): 17
LogDevObjectVersion:   Dev-Framework (CFFC743F-43B0-4480-9391-14DF171D2073): 23
LogDevObjectVersion:   Dev-Mobile (B02B49B5-BB20-44E9-A304-32B752E40360): 0
LogDevObjectVersion:   Dev-Networking (A4E4105C-59A1-49B5-A7C5-40C4547EDFEE): 0
LogDevObjectVersion:   Dev-Online (39C831C9-5AE6-47DC-9A44-9C173E1C8E7C): 0
LogDevObjectVersion:   Dev-Physics (78F01B33-EBEA-4F98-B9B4-84EACCB95AA2): 0
LogDevObjectVersion:   Dev-Platform (6631380F-2D4D-43E0-8009-CF276956A95A): 0
LogDevObjectVersion:   Dev-Rendering (12F88B9F-8875-4AFC-A67C-D90C383ABD29): 15
LogDevObjectVersion:   Dev-Sequencer (7B5AE74C-D270-4C10-A958-57980B212A5A): 4
LogDevObjectVersion:   Dev-VR (D7296918-1DD6-4BDD-9DE2-64A83CC13884): 0
LogDevObjectVersion:   Dev-LoadTimes (C2A15278-BFE7-4AFE-6C17-90FF531DF755): 1
LogDevObjectVersion:   Private-Geometry (6EACA3D4-40EC-4CC1-B786-8BED09428FC5): 1
LogDevObjectVersion:   Dev-AnimPhys (29E575DD-E0A3-4627-9D10-D276232CDCEA): 3
LogInit: Compiled (64-bit): Jul 28 2017 11:49:47
LogInit: Compiled with Visual C++: 19.00.24215.01
LogInit: Build Configuration: Development
LogInit: Branch Name: ++UE4+Release-4.16
LogInit: Command line:  
LogInit: Base directory: F:/Juegos Epic/UE_4.16/Engine/Binaries/Win64/
LogInit: Installed Engine Build: 1
LogInit: Presizing for max 8388607 objects, including 0 objects not considered by GC, pre-allocating 0 bytes for permanent pool.
LogInit: Object subsystem initialized
[2021.01.19-16.25.00:334][  0]LogInit: Selected Device Profile: [Windows]
[2021.01.19-16.25.00:334][  0]LogInit: Applying CVar settings loaded from the selected device profile: [Windows]
[2021.01.19-16.25.00:479][  0]LogInit: Computer: ELBARTO
[2021.01.19-16.25.00:479][  0]LogInit: User: aleja
[2021.01.19-16.25.00:479][  0]LogInit: CPU Page size=4096, Cores=4
[2021.01.19-16.25.00:479][  0]LogInit: High frequency timer resolution =10.000000 MHz
[2021.01.19-16.25.00:479][  0]LogMemory: Memory total: Physical=16.0GB (16GB approx)
[2021.01.19-16.25.00:479][  0]LogMemory: Platform Memory Stats for Windows
[2021.01.19-16.25.00:479][  0]LogMemory: Process Physical Memory: 272.91 MB used, 272.92 MB peak
[2021.01.19-16.25.00:479][  0]LogMemory: Process Virtual Memory: 261.19 MB used, 261.19 MB peak
[2021.01.19-16.25.00:479][  0]LogMemory: Physical Memory: 6145.12 MB used,  10206.02 MB free, 16351.14 MB total
[2021.01.19-16.25.00:479][  0]LogMemory: Virtual Memory: 4758.08 MB used,  10206.02 MB free, 134217728.00 MB total
[2021.01.19-16.25.00:820][  0]LogInit: Overriding language with editor language configuration option (en).
[2021.01.19-16.25.00:820][  0]LogInit: Overriding locale with editor locale configuration option (en).
[2021.01.19-16.25.02:811][  0]LogD3D11RHI: D3D11 adapters:
[2021.01.19-16.25.03:072][  0]LogD3D11RHI:    0. 'NVIDIA GeForce GTX 1070' (Feature Level 11_0)
[2021.01.19-16.25.03:072][  0]LogD3D11RHI:       8088/0/8175 MB DedicatedVideo/DedicatedSystem/SharedSystem, Outputs:2, VendorId:0x10de
[2021.01.19-16.25.03:078][  0]LogD3D11RHI:    1. 'Microsoft Basic Render Driver' (Feature Level 11_0)
[2021.01.19-16.25.03:078][  0]LogD3D11RHI:       0/0/8175 MB DedicatedVideo/DedicatedSystem/SharedSystem, Outputs:0, VendorId:0x1414
[2021.01.19-16.25.03:078][  0]LogD3D11RHI: Chosen D3D11 Adapter: 0
[2021.01.19-16.25.03:090][  0]LogD3D11RHI: Creating new Direct3DDevice
[2021.01.19-16.25.03:091][  0]LogD3D11RHI:     GPU DeviceId: 0x1b81 (for the marketing name, search the web for "GPU Device Id")
[2021.01.19-16.25.03:091][  0]LogWindows: EnumDisplayDevices:
[2021.01.19-16.25.03:091][  0]LogWindows:    0. 'NVIDIA GeForce GTX 1070' (P:1 D:1)
[2021.01.19-16.25.03:091][  0]LogWindows:    1. 'NVIDIA GeForce GTX 1070' (P:0 D:1)
[2021.01.19-16.25.03:092][  0]LogWindows:    2. 'NVIDIA GeForce GTX 1070' (P:0 D:0)
[2021.01.19-16.25.03:092][  0]LogWindows:    3. 'NVIDIA GeForce GTX 1070' (P:0 D:0)
[2021.01.19-16.25.03:093][  0]LogWindows: DebugString: GetVideoDriverDetailsInvalid PrimaryIsNotTheChoosenAdapter GetVideoDriverDetailsInvalid PrimaryIsNotTheChoosenAdapter GetVideoDriverDetailsInvalid PrimaryIsNotTheChoosenAdapter GetVideoDriverDetailsInvalid PrimaryIsNotTheChoosenAdapter FoundDriverCount:0 
[2021.01.19-16.25.03:093][  0]LogD3D11RHI:     Adapter Name: NVIDIA GeForce GTX 1070
[2021.01.19-16.25.03:093][  0]LogD3D11RHI:   Driver Version: Unknown (internal:Unknown, unified:Unknown)
[2021.01.19-16.25.03:093][  0]LogD3D11RHI:      Driver Date: Unknown
[2021.01.19-16.25.03:093][  0]LogRHI: Texture pool is 1361 MB (70% of 1945 MB)
[2021.01.19-16.25.03:261][  0]LogD3D11RHI: Async texture creation enabled
[2021.01.19-16.25.03:312][  0]LogD3D11RHI: GPU Timing Frequency: 1000.000000 (Debug: 2 1)
[2021.01.19-16.25.03:319][  0]LogShaderCompilers: Guid format shader working directory is -25 characters bigger than the processId version (E:/UNIVERSIDAD-2020/Videojuegos/Unreal/Multijugador/Multijugador-Unreal/Intermediate/Shaders/WorkingDirectory/1964/).
[2021.01.19-16.25.03:320][  0]LogShaderCompilers: Cleaned the shader compiler working directory 'C:/Users/aleja/AppData/Local/Temp/UnrealShaderWorkingDir/1FCA930041D541E0CD7746B588ABAB39/'.
[2021.01.19-16.25.03:320][  0]LogShaderCompilers:Display: Using Local Shader Compiler.
[2021.01.19-16.25.06:271][  0]LogTemp:Display: Loaded TP AllDesktopTargetPlatform
[2021.01.19-16.25.06:344][  0]LogTemp:Display: Loaded TP MacClientTargetPlatform
[2021.01.19-16.25.06:416][  0]LogTemp:Display: Loaded TP MacNoEditorTargetPlatform
[2021.01.19-16.25.06:489][  0]LogTemp:Display: Loaded TP MacServerTargetPlatform
[2021.01.19-16.25.06:577][  0]LogTemp:Display: Loaded TP MacTargetPlatform
[2021.01.19-16.25.06:648][  0]LogTemp:Display: Loaded TP WindowsClientTargetPlatform
[2021.01.19-16.25.06:720][  0]LogTemp:Display: Loaded TP WindowsNoEditorTargetPlatform
[2021.01.19-16.25.06:793][  0]LogTemp:Display: Loaded TP WindowsServerTargetPlatform
[2021.01.19-16.25.06:858][  0]LogTemp:Display: Loaded TP WindowsTargetPlatform
[2021.01.19-16.25.06:936][  0]LogTemp:Display: Loaded TP AndroidTargetPlatform
[2021.01.19-16.25.07:031][  0]LogTemp:Display: Loaded TP Android_ASTCTargetPlatform
[2021.01.19-16.25.07:102][  0]LogTemp:Display: Loaded TP Android_ATCTargetPlatform
[2021.01.19-16.25.07:173][  0]LogTemp:Display: Loaded TP Android_DXTTargetPlatform
[2021.01.19-16.25.07:245][  0]LogTemp:Display: Loaded TP Android_ETC1TargetPlatform
[2021.01.19-16.25.07:317][  0]LogTemp:Display: Loaded TP Android_ETC2TargetPlatform
[2021.01.19-16.25.07:460][  0]LogTemp:Display: Loaded TP Android_MultiTargetPlatform
[2021.01.19-16.25.07:460][  0]LogTemp:Display: Loaded TP Android_PVRTCTargetPlatform
[2021.01.19-16.25.07:521][  0]LogTemp:Display: Loaded TP HTML5TargetPlatform
[2021.01.19-16.25.07:716][  0]LogTemp:Display: Loaded TP IOSTargetPlatform
[2021.01.19-16.25.07:757][  0]LogTemp:Display: Loaded TP TVOSTargetPlatform
[2021.01.19-16.25.07:829][  0]LogTemp:Display: Loaded TP LinuxClientTargetPlatform
[2021.01.19-16.25.07:903][  0]LogTemp:Display: Loaded TP LinuxNoEditorTargetPlatform
[2021.01.19-16.25.07:978][  0]LogTemp:Display: Loaded TP LinuxServerTargetPlatform
[2021.01.19-16.25.08:090][  0]LogTemp:Display: Loaded TP LinuxTargetPlatform
[2021.01.19-16.25.08:090][  0]LogTargetPlatformManager:Display: Building Assets For Windows
[2021.01.19-16.25.09:259][  0]LogDerivedDataCache:Display: Max Cache Size: 512 MB
[2021.01.19-16.25.09:993][  0]LogDerivedDataCache: Loaded boot cache 0.73s 90MB C:/Users/aleja/AppData/Local/UnrealEngine/4.16/DerivedDataCache/Boot.ddc.
[2021.01.19-16.25.09:993][  0]LogDerivedDataCache:Display: Loaded Boot cache: C:/Users/aleja/AppData/Local/UnrealEngine/4.16/DerivedDataCache/Boot.ddc
[2021.01.19-16.25.09:993][  0]LogDerivedDataCache: FDerivedDataBackendGraph:  Pak pak cache file E:/UNIVERSIDAD-2020/Videojuegos/Unreal/Multijugador/Multijugador-Unreal/DerivedDataCache/DDC.ddp not found, will not use a pak cache.
[2021.01.19-16.25.09:993][  0]LogDerivedDataCache: Unable to find inner node Pak for hierarchical cache Hierarchy.
[2021.01.19-16.25.09:993][  0]LogDerivedDataCache: FDerivedDataBackendGraph:  CompressedPak pak cache file E:/UNIVERSIDAD-2020/Videojuegos/Unreal/Multijugador/Multijugador-Unreal/DerivedDataCache/Compressed.ddp not found, will not use a pak cache.
[2021.01.19-16.25.09:993][  0]LogDerivedDataCache: Unable to find inner node CompressedPak for hierarchical cache Hierarchy.
[2021.01.19-16.25.10:031][  0]LogDerivedDataCache:Display: Pak cache opened for reading ../../../Engine/DerivedDataCache/Compressed.ddp.
[2021.01.19-16.25.10:044][  0]LogDerivedDataCache: Using Local data cache path C:/Users/aleja/AppData/Local/UnrealEngine/Common/DerivedDataCache: Writable
[2021.01.19-16.25.10:056][  0]LogMaterial: Verifying Global Shaders for PCD3D_SM5
[2021.01.19-16.25.10:057][  0]LogSlate: Using Freetype 2.6.0
[2021.01.19-16.25.10:077][  0]LogSlate: SlateFontCache - WITH_FREETYPE: 1, WITH_HARFBUZZ: 1
[2021.01.19-16.25.10:077][  0]LogSlate: SlateFontCache - WITH_FREETYPE: 1, WITH_HARFBUZZ: 1
[2021.01.19-16.25.13:179][  0]LogInit: Selected Device Profile: [Windows]
[2021.01.19-16.25.13:271][  0]LogContentStreaming: Texture pool size is 0.00 MB
[2021.01.19-16.25.13:591][  0]LogMeshUtilities: Using QuadricMeshReduction for automatic static mesh reduction
[2021.01.19-16.25.13:688][  0]LogSimplygon: Simplygon DLL not present - disabling.
[2021.01.19-16.25.13:784][  0]LogMeshUtilities: Using SimplygonSwarm for distributed automatic mesh merging
[2021.01.19-16.25.13:784][  0]LogMeshUtilities: No automatic skeletal mesh reduction module available
[2021.01.19-16.25.13:784][  0]LogMeshUtilities: No automatic mesh merging module available
[2021.01.19-16.25.14:686][  0]LogNetVersion: Multijugador , NetCL: 3452394, EngineNetVer: 2, GameNetVer: 0 (Checksum: 582825890)
[2021.01.19-16.25.14:772][  0]LogAssetRegistry: FAssetRegistry took 0.0281 seconds to start up
[2021.01.19-16.25.14:835][  0]LogPackageLocalizationCache: Processed 4 localized package path(s) for 1 prioritized culture(s) in 0.025887 seconds
[2021.01.19-16.25.14:843][  0]LogUObjectArray: 34194 objects as part of root set at end of initial load.
[2021.01.19-16.25.14:843][  0]LogUObjectAllocator: 7260424 out of 0 bytes used by permanent object pool.
[2021.01.19-16.25.14:843][  0]LogUObjectArray: CloseDisregardForGC: 0/0 objects in disregard for GC pool
[2021.01.19-16.25.14:967][  0]LogInit: WinSock: version 1.1 (2.2), MaxSocks=32767, MaxUdp=65467
[2021.01.19-16.25.23:472][  0]LogTcpMessaging: Initializing TcpMessaging bridge
[2021.01.19-16.25.23:545][  0]LogUdpMessaging: Initializing bridge on interface 0.0.0.0:0 to multicast group 230.0.0.1:6666.
[2021.01.19-16.25.24:690][  0]LogMaterial: Uniform references updated for custom material expression Custom.
[2021.01.19-16.25.25:454][  0]SourceControl: Info Source control is disabled
[2021.01.19-16.25.25:456][  0]SourceControl: Info Source control is disabled
[2021.01.19-16.25.25:548][  0]SourceControl: Info Source control is disabled
[2021.01.19-16.25.25:699][  0]SourceControl: Info Source control is disabled
[2021.01.19-16.25.27:524][  0]LogAndroidPermission: UAndroidPermissionCallbackProxy::GetInstance
[2021.01.19-16.25.28:839][  0]LogEngine: Initializing Engine...
[2021.01.19-16.25.28:840][  0]LogHMD: Failed to initialize OpenVR with code 110
[2021.01.19-16.25.29:110][  0]LogStats: UGameplayTagsManager::ConstructGameplayTagTree: Construct from data asset -  0.000 s
[2021.01.19-16.25.29:110][  0]LogStats: UGameplayTagsManager::ConstructGameplayTagTree: GameplayTagTreeChangedEvent.Broadcast -  0.000 s
[2021.01.19-16.25.29:324][  0]LogAIModule: Creating AISystem for world Untitled
[2021.01.19-16.25.29:357][  0]LogInit: XAudio2 using 'PHL 273V5 (NVIDIA High Definition Audio)' : 2 channels at 48 kHz using 16 bits per sample (channel mask 0x3)
[2021.01.19-16.25.29:387][  0]LogInit: FAudioDevice initialized.
[2021.01.19-16.25.29:437][  0]LogDerivedDataCache: Saved boot cache 0.05s 90MB C:/Users/aleja/AppData/Local/UnrealEngine/4.16/DerivedDataCache/Boot.ddc.
[2021.01.19-16.25.29:456][  0]LogInit: Texture streaming: Enabled
[2021.01.19-16.25.29:644][  0]LogEngineSessionManager: EngineSessionManager initialized
[2021.01.19-16.25.29:658][  0]LogEngineSessionManager: EngineSessionManager sent abnormal shutdown report. Type=AbnormalShutdown, SessionId={BA0521A0-4E6B-890B-DCD7-B6A9E926ABAD}
[2021.01.19-16.25.30:413][  0]LogInit: Transaction tracking system initialized
[2021.01.19-16.25.31:712][  0]BlueprintLog: New page: Editor Load
[2021.01.19-16.25.34:169][  0]LocalizationService: Info Localization service is disabled
[2021.01.19-16.25.36:101][  0]LogConsoleResponse:Display: 
[2021.01.19-16.25.36:793][  0]LogCook:Display: Max memory allowance for cook 16384mb min free memory 0mb
[2021.01.19-16.25.36:793][  0]LogCook:Display: Mobile HDR setting 1
[2021.01.19-16.25.37:757][  0]LogFileCache: Scanning file cache for directory 'E:/UNIVERSIDAD-2020/Videojuegos/Unreal/Multijugador/Multijugador-Unreal/Content/' took 0.01s
[2021.01.19-16.25.41:145][  0]SourceControl: Info Source control is disabled
[2021.01.19-16.25.41:145][  0]Cmd: MAP LOAD FILE="E:/UNIVERSIDAD-2020/Videojuegos/Unreal/Multijugador/Multijugador-Unreal/Content/StarterContent/Maps/Minimal_Default.umap" TEMPLATE=0 SHOWPROGRESS=1 FEATURELEVEL=3
[2021.01.19-16.25.41:146][  0]LogEditorServer:Warning: Can't find file 'E:/UNIVERSIDAD-2020/Videojuegos/Unreal/Multijugador/Multijugador-Unreal/Content/StarterContent/Maps/Minimal_Default.umap'
[2021.01.19-16.25.41:146][  0]Cmd: MAP CHECKDEP NOCLEARLOG
[2021.01.19-16.25.41:222][  0]MapCheck: Info Map check complete: 0 Error(s), 0 Warning(s), took 76.211ms to complete.
[2021.01.19-16.25.41:222][  0]LogFileHelpers: Loading map 'Minimal_Default' took 0.077
[2021.01.19-16.25.41:567][  0]LogCollectionManager: Loaded 0 collections in 0.001961 seconds
[2021.01.19-16.25.41:675][  0]LogFileCache: Scanning file cache for directory 'E:/UNIVERSIDAD-2020/Videojuegos/Unreal/Multijugador/Multijugador-Unreal/Saved/Collections/' took 0.01s
[2021.01.19-16.25.41:675][  0]LogFileCache: Scanning file cache for directory 'E:/UNIVERSIDAD-2020/Videojuegos/Unreal/Multijugador/Multijugador-Unreal/Content/Developers/aleja/Collections/' took 0.01s
[2021.01.19-16.25.41:675][  0]LogFileCache: Scanning file cache for directory 'E:/UNIVERSIDAD-2020/Videojuegos/Unreal/Multijugador/Multijugador-Unreal/Content/Collections/' took 0.01s
[2021.01.19-16.25.41:675][  0]LogCollectionManager: Rebuilt the GUID cache for 0 collections in 0.000003 seconds
[2021.01.19-16.25.41:687][  0]LogContentBrowser: Native class hierarchy populated in 0.0111 seconds. Added 2329 classes and 491 folders.
[2021.01.19-16.25.41:785][  0]LogContentBrowser: Native class hierarchy updated for 'WidgetCarousel' in 0.0009 seconds. Added 0 classes and 0 folders.
[2021.01.19-16.25.48:246][  0]LogContentBrowser: Native class hierarchy updated for 'AddContentDialog' in 0.0010 seconds. Added 0 classes and 0 folders.
[2021.01.19-16.25.48:376][  0]LogContentBrowser: Native class hierarchy updated for 'SceneOutliner' in 0.0011 seconds. Added 1 classes and 2 folders.
[2021.01.19-16.25.48:507][  0]LogCrashTracker: Crashtracker disabled due to settings.
[2021.01.19-16.25.48:551][  0]LogSlate: Took 0.032455 seconds to synchronously load lazily loaded font '../../../Engine/Content/Slate/Fonts/Roboto-Regular.ttf' (155K)
[2021.01.19-16.25.48:580][  0]LogSlate: Took 0.026099 seconds to synchronously load lazily loaded font '../../../Engine/Content/Slate/Fonts/Roboto-Bold.ttf' (160K)
[2021.01.19-16.25.48:608][  0]LogSlate: Took 0.022106 seconds to synchronously load lazily loaded font '../../../Engine/Content/Editor/Slate/Fonts/FontAwesome.ttf' (139K)
[2021.01.19-16.25.48:736][  0]LogRenderer: Reallocating scene render targets to support 1204x612 NumSamples 1 (Frame:1).
[2021.01.19-16.25.48:847][  0]LogUObjectGlobals:Warning: Failed to find object 'Class None.'
[2021.01.19-16.25.48:993][  0]LogContentBrowser: Native class hierarchy updated for 'HierarchicalLODOutliner' in 0.0010 seconds. Added 1 classes and 2 folders.
[2021.01.19-16.25.48:993][  0]LogLoad: (Engine Initialization) Total time: 51.28 seconds
[2021.01.19-16.25.48:993][  0]LogLoad: (Engine Initialization) Total Blueprint compile time: 0.13 seconds
[2021.01.19-16.25.48:993][  0]LogExternalProfiler: No external profilers were discovered.  External profiling features will not be available.
[2021.01.19-16.25.49:334][  0]LogOcInput: OculusInput pre-init called
[2021.01.19-16.25.49:334][  0]LogHMD: Starting GearVRController plugin
[2021.01.19-16.25.49:463][  0]LogContentStreaming: Texture pool size now 1000 MB
[2021.01.19-16.25.49:586][  0]LogSlate: Took 0.023839 seconds to synchronously load lazily loaded font '../../../Engine/Content/Slate/Fonts/Roboto-Light.ttf' (159K)
[2021.01.19-16.25.49:672][  1]LogAssetRegistry: Asset discovery search completed in 34.9227 seconds
[2021.01.19-16.25.49:674][  1]LogCollectionManager: Rebuilt the object cache for 0 collections in 0.000001 seconds (found 0 objects)
[2021.01.19-16.25.49:674][  1]LogCollectionManager: Fixed up redirectors for 0 collections in 0.000053 seconds (updated 0 objects)
[2021.01.19-16.25.59:779][433]LogSlate: Took 0.000317 seconds to synchronously load lazily loaded font '../../../Engine/Content/Slate/Fonts/Roboto-Light.ttf' (159K)
[2021.01.19-16.26.00:044][433]LogLinker:Warning: Can't find file '/Game/StarterContent/Materials/M_Metal_Copper'
[2021.01.19-16.26.00:044][433]LogLinker:Warning: Can't find file for asset '/Game/StarterContent/Materials/M_Metal_Copper' while loading E:/UNIVERSIDAD-2020/Videojuegos/Unreal/Multijugador/Multijugador-Unreal/Content/Entorno/Pared.uasset.
[2021.01.19-16.26.00:044][433]LoadErrors:Error: Error /Game/Entorno/Pared : Can't find file for asset. /Game/StarterContent/Materials/M_Metal_Copper
[2021.01.19-16.26.00:044][433]LogLinker:Warning: Can't find file '/Game/StarterContent/Materials/M_Metal_Copper'
[2021.01.19-16.26.00:045][433]LogLinker:Warning: Can't find file for asset '/Game/StarterContent/Materials/M_Metal_Copper' while loading E:/UNIVERSIDAD-2020/Videojuegos/Unreal/Multijugador/Multijugador-Unreal/Content/Entorno/Pared.uasset.
[2021.01.19-16.26.00:046][433]LogLinker:Warning: Can't find file '/Game/StarterContent/Materials/M_Metal_Copper'
[2021.01.19-16.26.00:046][433]LogLinker:Warning: Can't find file for asset '/Game/StarterContent/Materials/M_Metal_Copper' while loading E:/UNIVERSIDAD-2020/Videojuegos/Unreal/Multijugador/Multijugador-Unreal/Content/Campo.umap.
[2021.01.19-16.26.00:046][433]LoadErrors:Error: Error /Game/Campo : Can't find file for asset. /Game/StarterContent/Materials/M_Metal_Copper
[2021.01.19-16.26.00:046][433]LogLinker:Warning: Can't find file '/Game/StarterContent/Materials/M_Metal_Copper'
[2021.01.19-16.26.00:047][433]LogLinker:Warning: Can't find file for asset '/Game/StarterContent/Materials/M_Metal_Copper' while loading E:/UNIVERSIDAD-2020/Videojuegos/Unreal/Multijugador/Multijugador-Unreal/Content/Campo.umap.
[2021.01.19-16.26.00:048][433]LogLinker:Warning: Can't find file '/Game/StarterContent/Materials/M_Metal_Copper'
[2021.01.19-16.26.00:048][433]LoadErrors: Info Failed to load /Game/StarterContent/Materials/M_Metal_Copper.M_Metal_Copper Referenced by Cube_GEN_VARIABLE
[2021.01.19-16.26.00:049][433]LogLinker:Warning: Can't find file for asset '/Game/StarterContent/Materials/M_Metal_Copper' while loading E:/UNIVERSIDAD-2020/Videojuegos/Unreal/Multijugador/Multijugador-Unreal/Content/Campo.umap.
[2021.01.19-16.26.00:080][433]LogLinker:Warning: Can't find file '/Game/StarterContent/Props/Materials/M_StatueGlass'
[2021.01.19-16.26.00:080][433]LogLinker:Warning: Can't find file for asset '/Game/StarterContent/Props/Materials/M_StatueGlass' while loading E:/UNIVERSIDAD-2020/Videojuegos/Unreal/Multijugador/Multijugador-Unreal/Content/Entorno/Pared_Invisible.uasset.
[2021.01.19-16.26.00:081][433]LoadErrors:Error: Error /Game/Entorno/Pared_Invisible : Can't find file for asset. /Game/StarterContent/Props/Materials/M_StatueGlass
[2021.01.19-16.26.00:081][433]LogLinker:Warning: Can't find file '/Game/StarterContent/Props/Materials/M_StatueGlass'
[2021.01.19-16.26.00:081][433]LogLinker:Warning: Can't find file for asset '/Game/StarterContent/Props/Materials/M_StatueGlass' while loading E:/UNIVERSIDAD-2020/Videojuegos/Unreal/Multijugador/Multijugador-Unreal/Content/Entorno/Pared_Invisible.uasset.
[2021.01.19-16.26.00:082][433]LogLinker:Warning: Can't find file '/Game/StarterContent/Props/Materials/M_StatueGlass'
[2021.01.19-16.26.00:083][433]LogLinker:Warning: Can't find file for asset '/Game/StarterContent/Props/Materials/M_StatueGlass' while loading E:/UNIVERSIDAD-2020/Videojuegos/Unreal/Multijugador/Multijugador-Unreal/Content/Campo.umap.
[2021.01.19-16.26.00:083][433]LoadErrors:Error: Error /Game/Campo : Can't find file for asset. /Game/StarterContent/Props/Materials/M_StatueGlass
[2021.01.19-16.26.00:083][433]LogLinker:Warning: Can't find file '/Game/StarterContent/Props/Materials/M_StatueGlass'
[2021.01.19-16.26.00:083][433]LogLinker:Warning: Can't find file for asset '/Game/StarterContent/Props/Materials/M_StatueGlass' while loading E:/UNIVERSIDAD-2020/Videojuegos/Unreal/Multijugador/Multijugador-Unreal/Content/Campo.umap.
[2021.01.19-16.26.00:085][433]LogLinker:Warning: Can't find file '/Game/StarterContent/Props/Materials/M_StatueGlass'
[2021.01.19-16.26.00:085][433]LoadErrors: Info Failed to load /Game/StarterContent/Props/Materials/M_StatueGlass.M_StatueGlass Referenced by Cube_GEN_VARIABLE
[2021.01.19-16.26.00:085][433]LogLinker:Warning: Can't find file for asset '/Game/StarterContent/Props/Materials/M_StatueGlass' while loading E:/UNIVERSIDAD-2020/Videojuegos/Unreal/Multijugador/Multijugador-Unreal/Content/Campo.umap.
[2021.01.19-16.26.00:825][433]LogAIModule: Creating AISystem for world Campo
[2021.01.19-16.26.01:484][433]LogSlate: Took 0.000328 seconds to synchronously load lazily loaded font '../../../Engine/Content/Slate/Fonts/Roboto-Regular.ttf' (155K)
[2021.01.19-16.26.04:319][433]Cmd: MAP LOAD FILE="E:/UNIVERSIDAD-2020/Videojuegos/Unreal/Multijugador/Multijugador-Unreal/Content/Campo.umap" TEMPLATE=0 SHOWPROGRESS=1 FEATURELEVEL=3
[2021.01.19-16.26.04:320][433]LightingResults: New page: Lighting Build
[2021.01.19-16.26.04:454][433]LogContentBrowser: Native class hierarchy updated for 'StatsViewer' in 0.0011 seconds. Added 5 classes and 0 folders.
[2021.01.19-16.26.04:465][433]LoadErrors: New page: Loading map: Campo.umap
[2021.01.19-16.26.04:974][433]MapCheck: New page: Map Check
[2021.01.19-16.26.04:974][433]LightingResults: New page: Lighting Build
[2021.01.19-16.26.06:268][433]LogPhysics:Warning: Initialising Body : Scale3D is (nearly) zero: Component: NavMeshBoundsVolume_1.BrushComponent0 
[2021.01.19-16.26.06:941][433]LogEditorServer: Finished looking for orphan Actors (0.000 secs)
[2021.01.19-16.26.07:111][433]Cmd: MAP CHECKDEP NOCLEARLOG
[2021.01.19-16.26.07:199][433]MapCheck: Info Map check complete: 0 Error(s), 0 Warning(s), took 88.063ms to complete.
[2021.01.19-16.26.07:201][433]LogFileHelpers: Loading map 'Campo' took 3.085
