Log file open, 01/19/21 17:18:47
LogInit:Display: Running engine for game: Multijugador
LogPlatformFile: Not using cached read wrapper
LogInit:Display: RandInit(-1468720947) SRandInit(-1468720947).
LogTaskGraph: Started task graph with 5 named threads and 8 total threads with 1 sets of task threads.
LogStats: Stats thread started at 0.137084
LogInit: Using libcurl 7.47.1
LogInit:  - built for x86_64-pc-win32
LogInit:  - supports SSL with OpenSSL/1.0.2g
LogInit:  - supports HTTP deflate (compression) using libz 1.2.8
LogInit:  - other features:
LogInit:      CURL_VERSION_SSL
LogInit:      CURL_VERSION_LIBZ
LogInit:      CURL_VERSION_IPV6
LogInit:      CURL_VERSION_ASYNCHDNS
LogInit:      CURL_VERSION_LARGEFILE
LogInit:      CURL_VERSION_IDN
LogInit:  CurlRequestOptions (configurable via config and command line):
LogInit:  - bVerifyPeer = false  - Libcurl will NOT verify peer certificate
LogInit:  - bUseHttpProxy = false  - Libcurl will NOT use HTTP proxy
LogInit:  - bDontReuseConnections = false  - Libcurl will reuse connections
LogInit:  - CertBundlePath = nullptr  - Libcurl will use whatever was configured at build time.
LogInit: Build: ++UE4+Release-4.16-CL-3561208
LogInit: Engine Version: 4.16.3-3561208+++UE4+Release-4.16
LogInit: Compatible Engine Version: 4.16.0-3452394+++UE4+Release-4.16
LogInit: Net CL: 3452394
LogDevObjectVersion: Number of dev versions registered: 16
LogDevObjectVersion:   Dev-Blueprints (B0D832E4-1F89-4F0D-ACCF-7EB736FD4AA2): 9
LogDevObjectVersion:   Dev-Build (E1C64328-A22C-4D53-A36C-8E866417BD8C): 0
LogDevObjectVersion:   Dev-Core (375EC13C-06E4-48FB-B500-84F0262A717E): 2
LogDevObjectVersion:   Dev-Editor (E4B068ED-F494-42E9-A231-DA0B2E46BB41): 17
LogDevObjectVersion:   Dev-Framework (CFFC743F-43B0-4480-9391-14DF171D2073): 23
LogDevObjectVersion:   Dev-Mobile (B02B49B5-BB20-44E9-A304-32B752E40360): 0
LogDevObjectVersion:   Dev-Networking (A4E4105C-59A1-49B5-A7C5-40C4547EDFEE): 0
LogDevObjectVersion:   Dev-Online (39C831C9-5AE6-47DC-9A44-9C173E1C8E7C): 0
LogDevObjectVersion:   Dev-Physics (78F01B33-EBEA-4F98-B9B4-84EACCB95AA2): 0
LogDevObjectVersion:   Dev-Platform (6631380F-2D4D-43E0-8009-CF276956A95A): 0
LogDevObjectVersion:   Dev-Rendering (12F88B9F-8875-4AFC-A67C-D90C383ABD29): 15
LogDevObjectVersion:   Dev-Sequencer (7B5AE74C-D270-4C10-A958-57980B212A5A): 4
LogDevObjectVersion:   Dev-VR (D7296918-1DD6-4BDD-9DE2-64A83CC13884): 0
LogDevObjectVersion:   Dev-LoadTimes (C2A15278-BFE7-4AFE-6C17-90FF531DF755): 1
LogDevObjectVersion:   Private-Geometry (6EACA3D4-40EC-4CC1-B786-8BED09428FC5): 1
LogDevObjectVersion:   Dev-AnimPhys (29E575DD-E0A3-4627-9D10-D276232CDCEA): 3
LogInit: Compiled (64-bit): Jul 28 2017 11:49:47
LogInit: Compiled with Visual C++: 19.00.24215.01
LogInit: Build Configuration: Development
LogInit: Branch Name: ++UE4+Release-4.16
LogInit: Command line:  
LogInit: Base directory: F:/Juegos Epic/UE_4.16/Engine/Binaries/Win64/
LogInit: Installed Engine Build: 1
LogInit: Presizing for max 8388607 objects, including 0 objects not considered by GC, pre-allocating 0 bytes for permanent pool.
LogInit: Object subsystem initialized
[2021.01.19-16.18.48:227][  0]LogInit: Selected Device Profile: [Windows]
[2021.01.19-16.18.48:227][  0]LogInit: Applying CVar settings loaded from the selected device profile: [Windows]
[2021.01.19-16.18.48:265][  0]LogInit: Computer: ELBARTO
[2021.01.19-16.18.48:265][  0]LogInit: User: aleja
[2021.01.19-16.18.48:265][  0]LogInit: CPU Page size=4096, Cores=4
[2021.01.19-16.18.48:265][  0]LogInit: High frequency timer resolution =10.000000 MHz
[2021.01.19-16.18.48:266][  0]LogMemory: Memory total: Physical=16.0GB (16GB approx)
[2021.01.19-16.18.48:266][  0]LogMemory: Platform Memory Stats for Windows
[2021.01.19-16.18.48:266][  0]LogMemory: Process Physical Memory: 273.11 MB used, 273.12 MB peak
[2021.01.19-16.18.48:266][  0]LogMemory: Process Virtual Memory: 260.99 MB used, 260.99 MB peak
[2021.01.19-16.18.48:266][  0]LogMemory: Physical Memory: 7087.09 MB used,  9264.05 MB free, 16351.14 MB total
[2021.01.19-16.18.48:266][  0]LogMemory: Virtual Memory: 4758.08 MB used,  9264.05 MB free, 134217728.00 MB total
[2021.01.19-16.18.48:618][  0]LogInit: Overriding language with editor language configuration option (en).
[2021.01.19-16.18.48:618][  0]LogInit: Overriding locale with editor locale configuration option (en).
[2021.01.19-16.18.51:317][  0]LogD3D11RHI: D3D11 adapters:
[2021.01.19-16.18.51:467][  0]LogD3D11RHI:    0. 'NVIDIA GeForce GTX 1070' (Feature Level 11_0)
[2021.01.19-16.18.51:467][  0]LogD3D11RHI:       8088/0/8175 MB DedicatedVideo/DedicatedSystem/SharedSystem, Outputs:2, VendorId:0x10de
[2021.01.19-16.18.51:471][  0]LogD3D11RHI:    1. 'Microsoft Basic Render Driver' (Feature Level 11_0)
[2021.01.19-16.18.51:471][  0]LogD3D11RHI:       0/0/8175 MB DedicatedVideo/DedicatedSystem/SharedSystem, Outputs:0, VendorId:0x1414
[2021.01.19-16.18.51:471][  0]LogD3D11RHI: Chosen D3D11 Adapter: 0
[2021.01.19-16.18.51:479][  0]LogD3D11RHI: Creating new Direct3DDevice
[2021.01.19-16.18.51:479][  0]LogD3D11RHI:     GPU DeviceId: 0x1b81 (for the marketing name, search the web for "GPU Device Id")
[2021.01.19-16.18.51:479][  0]LogWindows: EnumDisplayDevices:
[2021.01.19-16.18.51:479][  0]LogWindows:    0. 'NVIDIA GeForce GTX 1070' (P:1 D:1)
[2021.01.19-16.18.51:479][  0]LogWindows:    1. 'NVIDIA GeForce GTX 1070' (P:0 D:1)
[2021.01.19-16.18.51:480][  0]LogWindows:    2. 'NVIDIA GeForce GTX 1070' (P:0 D:0)
[2021.01.19-16.18.51:480][  0]LogWindows:    3. 'NVIDIA GeForce GTX 1070' (P:0 D:0)
[2021.01.19-16.18.51:481][  0]LogWindows: DebugString: GetVideoDriverDetailsInvalid PrimaryIsNotTheChoosenAdapter GetVideoDriverDetailsInvalid PrimaryIsNotTheChoosenAdapter GetVideoDriverDetailsInvalid PrimaryIsNotTheChoosenAdapter GetVideoDriverDetailsInvalid PrimaryIsNotTheChoosenAdapter FoundDriverCount:0 
[2021.01.19-16.18.51:481][  0]LogD3D11RHI:     Adapter Name: NVIDIA GeForce GTX 1070
[2021.01.19-16.18.51:481][  0]LogD3D11RHI:   Driver Version: Unknown (internal:Unknown, unified:Unknown)
[2021.01.19-16.18.51:481][  0]LogD3D11RHI:      Driver Date: Unknown
[2021.01.19-16.18.51:481][  0]LogRHI: Texture pool is 1361 MB (70% of 1945 MB)
[2021.01.19-16.18.51:605][  0]LogD3D11RHI: Async texture creation enabled
[2021.01.19-16.18.51:644][  0]LogD3D11RHI: GPU Timing Frequency: 1000.000000 (Debug: 2 1)
[2021.01.19-16.18.51:649][  0]LogShaderCompilers: Guid format shader working directory is -25 characters bigger than the processId version (E:/UNIVERSIDAD-2020/Videojuegos/Unreal/Multijugador/Multijugador-Unreal/Intermediate/Shaders/WorkingDirectory/9272/).
[2021.01.19-16.18.51:650][  0]LogShaderCompilers: Cleaned the shader compiler working directory 'C:/Users/aleja/AppData/Local/Temp/UnrealShaderWorkingDir/3D65F2964469385DDAFB93AA9274C5EF/'.
[2021.01.19-16.18.51:650][  0]LogShaderCompilers:Display: Using Local Shader Compiler.
[2021.01.19-16.18.53:838][  0]LogTemp:Display: Loaded TP AllDesktopTargetPlatform
[2021.01.19-16.18.53:912][  0]LogTemp:Display: Loaded TP MacClientTargetPlatform
[2021.01.19-16.18.53:987][  0]LogTemp:Display: Loaded TP MacNoEditorTargetPlatform
[2021.01.19-16.18.54:061][  0]LogTemp:Display: Loaded TP MacServerTargetPlatform
[2021.01.19-16.18.54:183][  0]LogTemp:Display: Loaded TP MacTargetPlatform
[2021.01.19-16.18.54:259][  0]LogTemp:Display: Loaded TP WindowsClientTargetPlatform
[2021.01.19-16.18.54:340][  0]LogTemp:Display: Loaded TP WindowsNoEditorTargetPlatform
[2021.01.19-16.18.54:424][  0]LogTemp:Display: Loaded TP WindowsServerTargetPlatform
[2021.01.19-16.18.54:500][  0]LogTemp:Display: Loaded TP WindowsTargetPlatform
[2021.01.19-16.18.54:629][  0]LogTemp:Display: Loaded TP AndroidTargetPlatform
[2021.01.19-16.18.54:710][  0]LogTemp:Display: Loaded TP Android_ASTCTargetPlatform
[2021.01.19-16.18.54:789][  0]LogTemp:Display: Loaded TP Android_ATCTargetPlatform
[2021.01.19-16.18.54:869][  0]LogTemp:Display: Loaded TP Android_DXTTargetPlatform
[2021.01.19-16.18.54:949][  0]LogTemp:Display: Loaded TP Android_ETC1TargetPlatform
[2021.01.19-16.18.55:026][  0]LogTemp:Display: Loaded TP Android_ETC2TargetPlatform
[2021.01.19-16.18.55:171][  0]LogTemp:Display: Loaded TP Android_MultiTargetPlatform
[2021.01.19-16.18.55:171][  0]LogTemp:Display: Loaded TP Android_PVRTCTargetPlatform
[2021.01.19-16.18.55:233][  0]LogTemp:Display: Loaded TP HTML5TargetPlatform
[2021.01.19-16.18.55:431][  0]LogTemp:Display: Loaded TP IOSTargetPlatform
[2021.01.19-16.18.55:477][  0]LogTemp:Display: Loaded TP TVOSTargetPlatform
[2021.01.19-16.18.55:560][  0]LogTemp:Display: Loaded TP LinuxClientTargetPlatform
[2021.01.19-16.18.55:644][  0]LogTemp:Display: Loaded TP LinuxNoEditorTargetPlatform
[2021.01.19-16.18.55:729][  0]LogTemp:Display: Loaded TP LinuxServerTargetPlatform
[2021.01.19-16.18.55:842][  0]LogTemp:Display: Loaded TP LinuxTargetPlatform
[2021.01.19-16.18.55:842][  0]LogTargetPlatformManager:Display: Building Assets For Windows
[2021.01.19-16.18.57:226][  0]LogDerivedDataCache:Display: Max Cache Size: 512 MB
[2021.01.19-16.18.57:911][  0]LogDerivedDataCache: Loaded boot cache 0.68s 90MB C:/Users/aleja/AppData/Local/UnrealEngine/4.16/DerivedDataCache/Boot.ddc.
[2021.01.19-16.18.57:911][  0]LogDerivedDataCache:Display: Loaded Boot cache: C:/Users/aleja/AppData/Local/UnrealEngine/4.16/DerivedDataCache/Boot.ddc
[2021.01.19-16.18.57:912][  0]LogDerivedDataCache: FDerivedDataBackendGraph:  Pak pak cache file E:/UNIVERSIDAD-2020/Videojuegos/Unreal/Multijugador/Multijugador-Unreal/DerivedDataCache/DDC.ddp not found, will not use a pak cache.
[2021.01.19-16.18.57:912][  0]LogDerivedDataCache: Unable to find inner node Pak for hierarchical cache Hierarchy.
[2021.01.19-16.18.57:912][  0]LogDerivedDataCache: FDerivedDataBackendGraph:  CompressedPak pak cache file E:/UNIVERSIDAD-2020/Videojuegos/Unreal/Multijugador/Multijugador-Unreal/DerivedDataCache/Compressed.ddp not found, will not use a pak cache.
[2021.01.19-16.18.57:912][  0]LogDerivedDataCache: Unable to find inner node CompressedPak for hierarchical cache Hierarchy.
[2021.01.19-16.18.57:964][  0]LogDerivedDataCache:Display: Pak cache opened for reading ../../../Engine/DerivedDataCache/Compressed.ddp.
[2021.01.19-16.18.57:977][  0]LogDerivedDataCache: Using Local data cache path C:/Users/aleja/AppData/Local/UnrealEngine/Common/DerivedDataCache: Writable
[2021.01.19-16.18.57:989][  0]LogMaterial: Verifying Global Shaders for PCD3D_SM5
[2021.01.19-16.18.57:990][  0]LogSlate: Using Freetype 2.6.0
[2021.01.19-16.18.58:080][  0]LogSlate: SlateFontCache - WITH_FREETYPE: 1, WITH_HARFBUZZ: 1
[2021.01.19-16.18.58:080][  0]LogSlate: SlateFontCache - WITH_FREETYPE: 1, WITH_HARFBUZZ: 1
[2021.01.19-16.19.01:724][  0]LogInit: Selected Device Profile: [Windows]
[2021.01.19-16.19.01:872][  0]LogContentStreaming: Texture pool size is 0.00 MB
[2021.01.19-16.19.02:225][  0]LogMeshUtilities: Using QuadricMeshReduction for automatic static mesh reduction
[2021.01.19-16.19.02:327][  0]LogSimplygon: Simplygon DLL not present - disabling.
[2021.01.19-16.19.02:435][  0]LogMeshUtilities: Using SimplygonSwarm for distributed automatic mesh merging
[2021.01.19-16.19.02:435][  0]LogMeshUtilities: No automatic skeletal mesh reduction module available
[2021.01.19-16.19.02:435][  0]LogMeshUtilities: No automatic mesh merging module available
[2021.01.19-16.19.04:088][  0]LogNetVersion: Multijugador , NetCL: 3452394, EngineNetVer: 2, GameNetVer: 0 (Checksum: 582825890)
[2021.01.19-16.19.04:259][  0]LogAssetRegistry: FAssetRegistry took 0.0302 seconds to start up
[2021.01.19-16.19.04:336][  0]LogPackageLocalizationCache: Processed 4 localized package path(s) for 1 prioritized culture(s) in 0.031580 seconds
[2021.01.19-16.19.04:343][  0]LogUObjectArray: 34194 objects as part of root set at end of initial load.
[2021.01.19-16.19.04:343][  0]LogUObjectAllocator: 7260424 out of 0 bytes used by permanent object pool.
[2021.01.19-16.19.04:343][  0]LogUObjectArray: CloseDisregardForGC: 0/0 objects in disregard for GC pool
[2021.01.19-16.19.04:456][  0]LogInit: WinSock: version 1.1 (2.2), MaxSocks=32767, MaxUdp=65467
[2021.01.19-16.19.15:375][  0]LogTcpMessaging: Initializing TcpMessaging bridge
[2021.01.19-16.19.15:447][  0]LogUdpMessaging: Initializing bridge on interface 0.0.0.0:0 to multicast group 230.0.0.1:6666.
[2021.01.19-16.19.16:754][  0]LogMaterial: Uniform references updated for custom material expression Custom.
[2021.01.19-16.19.17:492][  0]SourceControl: Info Source control is disabled
[2021.01.19-16.19.17:494][  0]SourceControl: Info Source control is disabled
[2021.01.19-16.19.17:596][  0]SourceControl: Info Source control is disabled
[2021.01.19-16.19.17:746][  0]SourceControl: Info Source control is disabled
[2021.01.19-16.19.19:523][  0]LogAndroidPermission: UAndroidPermissionCallbackProxy::GetInstance
[2021.01.19-16.19.20:778][  0]LogEngine: Initializing Engine...
[2021.01.19-16.19.20:779][  0]LogHMD: Failed to initialize OpenVR with code 110
[2021.01.19-16.19.21:119][  0]LogStats: UGameplayTagsManager::ConstructGameplayTagTree: Construct from data asset -  0.000 s
[2021.01.19-16.19.21:119][  0]LogStats: UGameplayTagsManager::ConstructGameplayTagTree: GameplayTagTreeChangedEvent.Broadcast -  0.000 s
[2021.01.19-16.19.21:332][  0]LogAIModule: Creating AISystem for world Untitled
[2021.01.19-16.19.21:365][  0]LogInit: XAudio2 using 'PHL 273V5 (NVIDIA High Definition Audio)' : 2 channels at 48 kHz using 16 bits per sample (channel mask 0x3)
[2021.01.19-16.19.21:402][  0]LogInit: FAudioDevice initialized.
[2021.01.19-16.19.21:450][  0]LogDerivedDataCache: Saved boot cache 0.05s 90MB C:/Users/aleja/AppData/Local/UnrealEngine/4.16/DerivedDataCache/Boot.ddc.
[2021.01.19-16.19.21:464][  0]LogInit: Texture streaming: Enabled
[2021.01.19-16.19.21:656][  0]LogEngineSessionManager: EngineSessionManager initialized
[2021.01.19-16.19.22:076][  0]LogInit: Transaction tracking system initialized
[2021.01.19-16.19.22:662][  0]BlueprintLog: New page: Editor Load
[2021.01.19-16.19.24:607][  0]LocalizationService: Info Localization service is disabled
[2021.01.19-16.19.26:224][  0]LogConsoleResponse:Display: 
[2021.01.19-16.19.27:027][  0]LogCook:Display: Max memory allowance for cook 16384mb min free memory 0mb
[2021.01.19-16.19.27:027][  0]LogCook:Display: Mobile HDR setting 1
[2021.01.19-16.19.27:112][  0]LogFileCache: Scanning file cache for directory 'E:/UNIVERSIDAD-2020/Videojuegos/Unreal/Multijugador/Multijugador-Unreal/Content/' took 0.03s
[2021.01.19-16.19.30:898][  0]SourceControl: Info Source control is disabled
[2021.01.19-16.19.30:899][  0]Cmd: MAP LOAD FILE="E:/UNIVERSIDAD-2020/Videojuegos/Unreal/Multijugador/Multijugador-Unreal/Content/StarterContent/Maps/Minimal_Default.umap" TEMPLATE=0 SHOWPROGRESS=1 FEATURELEVEL=3
[2021.01.19-16.19.30:899][  0]LogEditorServer:Warning: Can't find file 'E:/UNIVERSIDAD-2020/Videojuegos/Unreal/Multijugador/Multijugador-Unreal/Content/StarterContent/Maps/Minimal_Default.umap'
[2021.01.19-16.19.30:899][  0]Cmd: MAP CHECKDEP NOCLEARLOG
[2021.01.19-16.19.31:286][  0]MapCheck: Info Map check complete: 0 Error(s), 0 Warning(s), took 387.137ms to complete.
[2021.01.19-16.19.31:286][  0]LogFileHelpers: Loading map 'Minimal_Default' took 0.388
[2021.01.19-16.19.31:765][  0]LogCollectionManager: Loaded 0 collections in 0.001965 seconds
[2021.01.19-16.19.31:895][  0]LogFileCache: Scanning file cache for directory 'E:/UNIVERSIDAD-2020/Videojuegos/Unreal/Multijugador/Multijugador-Unreal/Saved/Collections/' took 0.01s
[2021.01.19-16.19.31:895][  0]LogFileCache: Scanning file cache for directory 'E:/UNIVERSIDAD-2020/Videojuegos/Unreal/Multijugador/Multijugador-Unreal/Content/Developers/aleja/Collections/' took 0.01s
[2021.01.19-16.19.31:895][  0]LogFileCache: Scanning file cache for directory 'E:/UNIVERSIDAD-2020/Videojuegos/Unreal/Multijugador/Multijugador-Unreal/Content/Collections/' took 0.01s
[2021.01.19-16.19.31:895][  0]LogCollectionManager: Rebuilt the GUID cache for 0 collections in 0.000003 seconds
[2021.01.19-16.19.31:906][  0]LogContentBrowser: Native class hierarchy populated in 0.0109 seconds. Added 2329 classes and 491 folders.
[2021.01.19-16.19.32:006][  0]LogContentBrowser: Native class hierarchy updated for 'WidgetCarousel' in 0.0009 seconds. Added 0 classes and 0 folders.
[2021.01.19-16.19.33:423][  0]LogContentBrowser: Native class hierarchy updated for 'AddContentDialog' in 0.0009 seconds. Added 0 classes and 0 folders.
[2021.01.19-16.19.33:510][  0]LogContentBrowser: Native class hierarchy updated for 'SceneOutliner' in 0.0010 seconds. Added 1 classes and 2 folders.
[2021.01.19-16.19.33:637][  0]LogCrashTracker: Crashtracker disabled due to settings.
[2021.01.19-16.19.33:692][  0]LogSlate: Took 0.045232 seconds to synchronously load lazily loaded font '../../../Engine/Content/Slate/Fonts/Roboto-Regular.ttf' (155K)
[2021.01.19-16.19.33:710][  0]LogSlate: Took 0.016051 seconds to synchronously load lazily loaded font '../../../Engine/Content/Slate/Fonts/Roboto-Bold.ttf' (160K)
[2021.01.19-16.19.33:731][  0]LogSlate: Took 0.015199 seconds to synchronously load lazily loaded font '../../../Engine/Content/Editor/Slate/Fonts/FontAwesome.ttf' (139K)
[2021.01.19-16.19.33:868][  0]LogRenderer: Reallocating scene render targets to support 1204x612 NumSamples 1 (Frame:1).
[2021.01.19-16.19.33:985][  0]LogUObjectGlobals:Warning: Failed to find object 'Class None.'
[2021.01.19-16.19.34:104][  0]LogContentBrowser: Native class hierarchy updated for 'HierarchicalLODOutliner' in 0.0013 seconds. Added 1 classes and 2 folders.
[2021.01.19-16.19.34:105][  0]LogLoad: (Engine Initialization) Total time: 50.47 seconds
[2021.01.19-16.19.34:105][  0]LogLoad: (Engine Initialization) Total Blueprint compile time: 0.30 seconds
[2021.01.19-16.19.34:105][  0]LogExternalProfiler: No external profilers were discovered.  External profiling features will not be available.
[2021.01.19-16.19.34:446][  0]LogOcInput: OculusInput pre-init called
[2021.01.19-16.19.34:446][  0]LogHMD: Starting GearVRController plugin
[2021.01.19-16.19.34:466][  0]LogContentStreaming: Texture pool size now 1000 MB
[2021.01.19-16.19.34:544][  0]LogSlate: Took 0.012035 seconds to synchronously load lazily loaded font '../../../Engine/Content/Slate/Fonts/Roboto-Light.ttf' (159K)
[2021.01.19-16.19.34:793][  1]LogAssetRegistry: Asset discovery search completed in 30.5565 seconds
[2021.01.19-16.19.34:795][  1]LogCollectionManager: Rebuilt the object cache for 0 collections in 0.000001 seconds (found 0 objects)
[2021.01.19-16.19.34:795][  1]LogCollectionManager: Fixed up redirectors for 0 collections in 0.000041 seconds (updated 0 objects)
[2021.01.19-16.19.35:448][  3]LogSlate: Took 0.000421 seconds to synchronously load lazily loaded font '../../../Engine/Content/Slate/Fonts/Roboto-Light.ttf' (159K)
[2021.01.19-16.19.45:683][518]LogSlate:Warning: Prevented a slow task dialog from being summoned while a context menu was open
[2021.01.19-16.19.49:167][518]LogStaticMesh: Building static mesh vine-large-a-loop...
[2021.01.19-16.19.49:182][518]LogStaticMesh: Built static mesh [0.02s] /Game/ProceduralNaturePack/Meshes/vine_loop_segments/vine-large-a-loop.vine-large-a-loop
[2021.01.19-16.19.49:333][518]LogTexture:Display: Building textures: water_river_flow_nrm (BC5, 2048X2048)
[2021.01.19-16.19.49:801][518]LogTexture:Display: Building textures: water_river_flow_plx (AutoDXT, 2048X2048)
[2021.01.19-16.19.50:706][518]LogTexture:Display: Building textures: tree_bark_01_ao (AutoDXT, 2048X2048)
[2021.01.19-16.19.51:621][518]LogTexture:Display: Building textures: water_river_foam_bsm (AutoDXT, 1024X1024)
[2021.01.19-16.19.52:272][518]LogMaterial: Missing cached shader map for material master_river_flow, compiling. 
[2021.01.19-16.19.52:477][518]LogStaticMesh: Building static mesh river-plane-a...
[2021.01.19-16.19.52:480][518]LogStaticMesh: Built static mesh [0.00s] /Game/ProceduralNaturePack/meshes/water/river-plane-a.river-plane-a
[2021.01.19-16.19.53:232][518]LogTexture:Display: Building textures: rock_small_tiling_rgm (AutoDXT, 4096X4096)
[2021.01.19-16.20.07:708][518]LogTexture:Display: Building textures: rock_small_tiling_nrm (BC5, 4096X4096)
[2021.01.19-16.20.10:731][518]LogStaticMesh: Building static mesh leaves_tree_01...
[2021.01.19-16.20.10:915][518]LogStaticMesh: Built static mesh [0.18s] /Game/ProceduralNaturePack/Meshes/leaves/leaves_tree_01.leaves_tree_01
[2021.01.19-16.20.10:926][518]LogStaticMesh: Building static mesh leaves_banana_02...
[2021.01.19-16.20.10:954][518]LogStaticMesh: Built static mesh [0.03s] /Game/ProceduralNaturePack/Meshes/leaves/leaves_banana_02.leaves_banana_02
[2021.01.19-16.20.10:958][518]LogStaticMesh: Building static mesh grass_small_01...
[2021.01.19-16.20.10:968][518]LogStaticMesh: Built static mesh [0.01s] /Game/ProceduralNaturePack/Meshes/grass/grass_small_01.grass_small_01
[2021.01.19-16.20.11:025][518]LogMaterial: Missing cached shader map for material master_river_flow, compiling. 
[2021.01.19-16.20.12:527][518]LogTexture:Display: Building textures: tree_bark_01_bsm-1 (AutoDXT, 2048X2048)
[2021.01.19-16.20.16:277][518]LogTexture:Display: Building textures: tree_bark_01_rgm (AutoDXT, 2048X2048)
[2021.01.19-16.20.19:419][518]LogTexture:Display: Building textures: tree_bark_01_nrm (BC5, 2048X2048)
[2021.01.19-16.20.20:124][518]LogTexture:Display: Building textures: tree_bark_01_plx (AutoDXT, 2048X2048)
[2021.01.19-16.20.21:122][518]LogTexture:Display: Building textures: moss_bsm (AutoDXT, 256X256)
[2021.01.19-16.20.21:220][518]LogTexture:Display: Building textures: moss_rgm (AutoDXT, 256X256)
[2021.01.19-16.20.21:320][518]LogTexture:Display: Building textures: moss_nrm (BC5, 256X256)
[2021.01.19-16.20.21:387][518]LogTexture:Display: Building textures: clouds (AutoDXT, 1024X1024)
[2021.01.19-16.20.21:717][518]LogMaterial: Missing cached shader map for material master_spline_material, compiling. 
[2021.01.19-16.20.22:118][518]LogMaterial: Missing cached shader map for material master_spline_material, compiling. 
[2021.01.19-16.20.22:696][518]LogStaticMesh: Building static mesh rock_group_small_b2...
[2021.01.19-16.20.22:758][518]LogStaticMesh: Built static mesh [0.06s] /Game/ProceduralNaturePack/Meshes/rocks_small/rock_group_small_b2.rock_group_small_b2
[2021.01.19-16.20.22:765][518]LogStaticMesh: Building static mesh tree-root-large-a-root...
[2021.01.19-16.20.22:773][518]LogStaticMesh: Built static mesh [0.01s] /Game/ProceduralNaturePack/meshes/tree_roots_segments/tree-root-large-a-root.tree-root-large-a-root
[2021.01.19-16.20.22:786][518]LogMaterial: Missing cached shader map for material master_spline_material, compiling. 
[2021.01.19-16.20.23:131][518]LogMaterial: Missing cached shader map for material master_spline_material, compiling. 
[2021.01.19-16.20.23:450][518]LogStaticMesh: Building static mesh tree-root-large-a-end...
[2021.01.19-16.20.23:466][518]LogStaticMesh: Built static mesh [0.02s] /Game/ProceduralNaturePack/meshes/tree_roots_segments/tree-root-large-a-end.tree-root-large-a-end
[2021.01.19-16.20.23:471][518]LogStaticMesh: Building static mesh leaves_tree_02...
[2021.01.19-16.20.23:564][518]LogStaticMesh: Built static mesh [0.09s] /Game/ProceduralNaturePack/Meshes/leaves/leaves_tree_02.leaves_tree_02
[2021.01.19-16.20.23:577][518]LogMaterial: Missing cached shader map for material master_spline_material, compiling. 
[2021.01.19-16.20.24:296][518]LogTexture:Display: Building textures: leaves_tree_rgm (AutoDXT, 2048X2048)
[2021.01.19-16.20.26:007][518]LogTexture:Display: Building textures: leaves_tree_nrm (BC5, 2048X2048)
[2021.01.19-16.20.27:391][518]LogTexture:Display: Building textures: leaves_tree_bsm (AutoDXT, 2048X2048)
[2021.01.19-16.20.29:653][518]LogMaterial: Missing cached shader map for material master_leaves, compiling. 
[2021.01.19-16.20.29:825][518]LogMaterial: Missing cached shader map for material master_leaves, compiling. 
[2021.01.19-16.20.29:984][518]LogMaterial: Missing cached shader map for material master_leaves, compiling. 
[2021.01.19-16.20.30:397][518]LogTexture:Display: Building textures: leaves_banana_rgm (AutoDXT, 2048X1024)
[2021.01.19-16.20.31:380][518]LogTexture:Display: Building textures: leaves_banana_nrm (BC5, 2048X1024)
[2021.01.19-16.20.31:971][518]LogTexture:Display: Building textures: leaves_banana_bsm (AutoDXT, 2048X1024)
[2021.01.19-16.20.33:322][518]LogTexture:Display: Building textures: grass_alpha_rgm (AutoDXT, 2048X1024)
[2021.01.19-16.20.33:826][518]LogTexture:Display: Building textures: grass_alpha_bsm (AutoDXT, 2048X1024)
[2021.01.19-16.20.34:516][518]LogTexture:Display: Building textures: grass_alpha_nrm (BC5, 2048X1024)
[2021.01.19-16.20.34:745][518]LogMaterial: Missing cached shader map for material master_foliage, compiling. 
[2021.01.19-16.20.34:920][518]LogMaterial: Missing cached shader map for material master_foliage, compiling. 
[2021.01.19-16.20.35:062][518]LogMaterial: Missing cached shader map for material master_foliage, compiling. 
[2021.01.19-16.20.35:208][518]LogMaterial: Missing cached shader map for material master_foliage, compiling. 
[2021.01.19-16.20.36:093][518]LogTexture:Display: Building textures: rock-a_plx (AutoDXT, 4096X4096)
[2021.01.19-16.20.45:329][518]LogTexture:Display: Building textures: rock-a_ao (AutoDXT, 4096X4096)
[2021.01.19-16.20.53:539][518]LogMaterial: Missing cached shader map for material master_spline_material, compiling. 
[2021.01.19-16.20.54:028][518]LogStaticMesh: Building static mesh vine-large-a-end...
[2021.01.19-16.20.54:040][518]LogStaticMesh: Built static mesh [0.02s] /Game/ProceduralNaturePack/Meshes/vine_loop_segments/vine-large-a-end.vine-large-a-end
[2021.01.19-16.20.54:042][518]LogStaticMesh: Building static mesh leaves_vine_bare_branch_02...
[2021.01.19-16.20.54:049][518]LogStaticMesh: Built static mesh [0.01s] /Game/ProceduralNaturePack/Meshes/leaves/leaves_vine_bare_branch_02.leaves_vine_bare_branch_02
[2021.01.19-16.20.54:050][518]LogStaticMesh: Building static mesh leaves_vine_03...
[2021.01.19-16.20.54:051][518]LogStaticMesh: Built static mesh [0.00s] /Game/ProceduralNaturePack/Meshes/leaves/leaves_vine_03.leaves_vine_03
[2021.01.19-16.20.54:052][518]LogStaticMesh: Building static mesh leaves_vine_02...
[2021.01.19-16.20.54:053][518]LogStaticMesh: Built static mesh [0.00s] /Game/ProceduralNaturePack/Meshes/leaves/leaves_vine_02.leaves_vine_02
[2021.01.19-16.20.54:055][518]LogStaticMesh: Building static mesh leaves_vine_01...
[2021.01.19-16.20.54:055][518]LogStaticMesh: Built static mesh [0.00s] /Game/ProceduralNaturePack/Meshes/leaves/leaves_vine_01.leaves_vine_01
[2021.01.19-16.20.55:137][518]LogTexture:Display: Building textures: rock_ground_mud-1_rgm (AutoDXT, 2048X2048)
[2021.01.19-16.20.58:642][518]LogTexture:Display: Building textures: rock_ground_mud-1_plx (AutoDXT, 2048X2048)
[2021.01.19-16.21.01:220][518]LogTexture:Display: Building textures: rock_ground_mud-1_nrm (BC5, 2048X2048)
[2021.01.19-16.21.02:356][518]LogTexture:Display: Building textures: rock_ground_mud-1_bsm (AutoDXT, 2048X2048)
[2021.01.19-16.21.05:636][518]LogTexture:Display: Building textures: rock_ground_mud-1_AO (AutoDXT, 2048X2048)
[2021.01.19-16.21.07:212][518]LogMaterial: Missing cached shader map for material master_terrain_material, compiling. 
[2021.01.19-16.21.07:943][518]LogTexture:Display: Building textures: rubble_ground_bsm (AutoDXT, 2048X2048)
[2021.01.19-16.21.11:237][518]LogTexture:Display: Building textures: rubble_ground_plx (AutoDXT, 2048X2048)
[2021.01.19-16.21.13:034][518]LogTexture:Display: Building textures: rubble_ground_nrm (BC5, 2048X2048)
[2021.01.19-16.21.14:471][518]LogTexture:Display: Building textures: rubble_ground_rgm (AutoDXT, 2048X2048)
[2021.01.19-16.21.17:293][518]LogMaterial: Missing cached shader map for material master_terrain_material, compiling. 
[2021.01.19-16.21.17:404][518]LogStaticMesh: Building static mesh rock_group_small_c3...
[2021.01.19-16.21.17:445][518]LogStaticMesh: Built static mesh [0.04s] /Game/ProceduralNaturePack/Meshes/rocks_small/rock_group_small_c3.rock_group_small_c3
[2021.01.19-16.21.17:471][518]LogTexture:Display: Building textures: rock_detail_nrm (BC5, 512X512)
[2021.01.19-16.21.18:057][518]LogTexture:Display: Building textures: rock_tiling_bsm-2 (AutoDXT, 2048X2048)
[2021.01.19-16.21.21:760][518]LogTexture:Display: Building textures: rock_tiling_nrm-2 (BC5, 2048X2048)
[2021.01.19-16.21.24:026][518]LogTexture:Display: Building textures: rock-a_bsm (AutoDXT, 4096X4096)
[2021.01.19-16.21.36:632][518]LogTexture:Display: Building textures: rock-a_rgm (AutoDXT, 4096X4096)
[2021.01.19-16.21.46:191][518]LogTexture:Display: Building textures: rock-a_nrm (BC5, 4096X4096)
[2021.01.19-16.21.48:533][518]LogMaterial: Missing cached shader map for material master_rocks_small, compiling. 
[2021.01.19-16.21.48:709][518]LogTexture:Display: Building textures: rock_tiling-01_bsm (AutoDXT, 1024X1024)
[2021.01.19-16.21.49:526][518]LogMaterial: Missing cached shader map for material master_rocks_small, compiling. 
[2021.01.19-16.21.49:623][518]LogStaticMesh: Building static mesh leaves_banana_01...
[2021.01.19-16.21.49:657][518]LogStaticMesh: Built static mesh [0.03s] /Game/ProceduralNaturePack/Meshes/leaves/leaves_banana_01.leaves_banana_01
[2021.01.19-16.21.51:200][518]LogTexture:Display: Building textures: rock_small_tiling1_bsm (AutoDXT, 4096X4096)
[2021.01.19-16.21.59:394][518]LogMaterial: Missing cached shader map for material master_rocks_small, compiling. 
[2021.01.19-16.22.02:072][518]LogTexture:Display: Building textures: rock_small_tiling0_bsm (AutoDXT, 4096X4096)
[2021.01.19-16.22.14:268][518]LogStaticMesh: Building static mesh rock_group_small_a3...
[2021.01.19-16.22.14:386][518]LogStaticMesh: Built static mesh [0.12s] /Game/ProceduralNaturePack/Meshes/rocks_small/rock_group_small_a3.rock_group_small_a3
[2021.01.19-16.22.16:174][518]LogTexture:Display: Building textures: rock_small_tiling4_bsm (AutoDXT, 4096X4096)
[2021.01.19-16.22.23:779][518]LogTexture:Display: Building textures: leaves_fern_nrm (BC5, 2048X1024)
[2021.01.19-16.22.24:386][518]LogTexture:Display: Building textures: leaves_fern_bsm (AutoDXT, 2048X1024)
[2021.01.19-16.22.25:598][518]LogTexture:Display: Building textures: leaves_fern_rgm (AutoDXT, 2048X1024)
[2021.01.19-16.22.26:250][518]LogMaterial: Missing cached shader map for material master_foliage, compiling. 
[2021.01.19-16.22.26:402][518]LogMaterial: Missing cached shader map for material master_rock_world_material, compiling. 
[2021.01.19-16.22.26:610][518]LogMaterial: Missing cached shader map for material master_rock_world_material, compiling. 
[2021.01.19-16.22.26:804][518]LogStaticMesh: Building static mesh rock_boulder_a...
[2021.01.19-16.22.26:907][518]LogStaticMesh: Built static mesh [0.10s] /Game/ProceduralNaturePack/Meshes/rocks_boulders/rock_boulder_a.rock_boulder_a
[2021.01.19-16.22.26:929][518]LogStaticMesh: Building static mesh leaves_vine_bare_branch_03...
[2021.01.19-16.22.26:936][518]LogStaticMesh: Built static mesh [0.01s] /Game/ProceduralNaturePack/Meshes/leaves/leaves_vine_bare_branch_03.leaves_vine_bare_branch_03
[2021.01.19-16.22.26:938][518]LogStaticMesh: Building static mesh leaves_vine_bare_branch_01...
[2021.01.19-16.22.26:940][518]LogStaticMesh: Built static mesh [0.00s] /Game/ProceduralNaturePack/Meshes/leaves/leaves_vine_bare_branch_01.leaves_vine_bare_branch_01
[2021.01.19-16.22.26:942][518]LogStaticMesh: Building static mesh leaves_tree_bare_branch_02...
[2021.01.19-16.22.27:015][518]LogStaticMesh: Built static mesh [0.07s] /Game/ProceduralNaturePack/Meshes/leaves/leaves_tree_bare_branch_02.leaves_tree_bare_branch_02
[2021.01.19-16.22.27:018][518]LogStaticMesh: Building static mesh leaves_tree_bare_branch_01...
[2021.01.19-16.22.27:093][518]LogStaticMesh: Built static mesh [0.08s] /Game/ProceduralNaturePack/Meshes/leaves/leaves_tree_bare_branch_01.leaves_tree_bare_branch_01
[2021.01.19-16.22.27:097][518]LogStaticMesh: Building static mesh leaves_tree_b_bare_branch_02...
[2021.01.19-16.22.27:175][518]LogStaticMesh: Built static mesh [0.08s] /Game/ProceduralNaturePack/Meshes/leaves/leaves_tree_b_bare_branch_02.leaves_tree_b_bare_branch_02
[2021.01.19-16.22.27:180][518]LogStaticMesh: Building static mesh leaves_tree_b_bare_branch_01...
[2021.01.19-16.22.27:259][518]LogStaticMesh: Built static mesh [0.08s] /Game/ProceduralNaturePack/Meshes/leaves/leaves_tree_b_bare_branch_01.leaves_tree_b_bare_branch_01
[2021.01.19-16.22.27:264][518]LogStaticMesh: Building static mesh leaves_tree_b_02...
[2021.01.19-16.22.27:344][518]LogStaticMesh: Built static mesh [0.08s] /Game/ProceduralNaturePack/Meshes/leaves/leaves_tree_b_02.leaves_tree_b_02
[2021.01.19-16.22.27:348][518]LogStaticMesh: Building static mesh leaves_tree_b_01...
[2021.01.19-16.22.27:429][518]LogStaticMesh: Built static mesh [0.08s] /Game/ProceduralNaturePack/Meshes/leaves/leaves_tree_b_01.leaves_tree_b_01
[2021.01.19-16.22.28:566][518]LogTexture:Display: Building textures: tree_bark_variation_02_bsm (AutoDXT, 2048X2048)
[2021.01.19-16.22.31:999][518]LogTexture:Display: Building textures: tree_bark_variation_02_rgm (AutoDXT, 2048X2048)
[2021.01.19-16.22.35:227][518]LogTexture:Display: Building textures: tree_bark_variation_02_plx (AutoDXT, 2048X2048)
[2021.01.19-16.22.37:262][518]LogTexture:Display: Building textures: tree_bark_variation_02_nrm (BC5, 2048X2048)
[2021.01.19-16.22.48:078][518]LogTexture:Display: Building textures: ground_mud_rgm_8192 (AutoDXT, 8192X8192)
[2021.01.19-16.23.40:873][518]LogTexture:Display: Building textures: ground_mud_nrm_8192 (BC5, 8192X8192)
[2021.01.19-16.23.53:604][518]LogTexture:Display: Building textures: ground_mud_bsm_8192 (AutoDXT, 8192X8192)
