Log file open, 01/20/21 16:48:40
LogInit:Display: Running engine for game: Multijugador
LogPlatformFile: Not using cached read wrapper
LogInit:Display: RandInit(-1613438561) SRandInit(-1613438560).
LogTaskGraph: Started task graph with 5 named threads and 8 total threads with 1 sets of task threads.
LogStats: Stats thread started at 0.172070
LogInit: Using libcurl 7.47.1
LogInit:  - built for x86_64-pc-win32
LogInit:  - supports SSL with OpenSSL/1.0.2g
LogInit:  - supports HTTP deflate (compression) using libz 1.2.8
LogInit:  - other features:
LogInit:      CURL_VERSION_SSL
LogInit:      CURL_VERSION_LIBZ
LogInit:      CURL_VERSION_IPV6
LogInit:      CURL_VERSION_ASYNCHDNS
LogInit:      CURL_VERSION_LARGEFILE
LogInit:      CURL_VERSION_IDN
LogInit:  CurlRequestOptions (configurable via config and command line):
LogInit:  - bVerifyPeer = false  - Libcurl will NOT verify peer certificate
LogInit:  - bUseHttpProxy = false  - Libcurl will NOT use HTTP proxy
LogInit:  - bDontReuseConnections = false  - Libcurl will reuse connections
LogInit:  - CertBundlePath = nullptr  - Libcurl will use whatever was configured at build time.
LogOnline:Display: STEAM: Loading Steam SDK 1.39
LogOnline:Warning: STEAM: Steam API disabled!
LogOnline:Display: STEAM: OnlineSubsystemSteam::Shutdown()
LogInit: WinSock: version 1.1 (2.2), MaxSocks=32767, MaxUdp=65467
LogInit: Build: ++UE4+Release-4.16-CL-3561208
LogInit: Engine Version: 4.16.3-3561208+++UE4+Release-4.16
LogInit: Compatible Engine Version: 4.16.0-3452394+++UE4+Release-4.16
LogInit: Net CL: 3452394
LogDevObjectVersion: Number of dev versions registered: 16
LogDevObjectVersion:   Dev-Blueprints (B0D832E4-1F89-4F0D-ACCF-7EB736FD4AA2): 9
LogDevObjectVersion:   Dev-Build (E1C64328-A22C-4D53-A36C-8E866417BD8C): 0
LogDevObjectVersion:   Dev-Core (375EC13C-06E4-48FB-B500-84F0262A717E): 2
LogDevObjectVersion:   Dev-Editor (E4B068ED-F494-42E9-A231-DA0B2E46BB41): 17
LogDevObjectVersion:   Dev-Framework (CFFC743F-43B0-4480-9391-14DF171D2073): 23
LogDevObjectVersion:   Dev-Mobile (B02B49B5-BB20-44E9-A304-32B752E40360): 0
LogDevObjectVersion:   Dev-Networking (A4E4105C-59A1-49B5-A7C5-40C4547EDFEE): 0
LogDevObjectVersion:   Dev-Online (39C831C9-5AE6-47DC-9A44-9C173E1C8E7C): 0
LogDevObjectVersion:   Dev-Physics (78F01B33-EBEA-4F98-B9B4-84EACCB95AA2): 0
LogDevObjectVersion:   Dev-Platform (6631380F-2D4D-43E0-8009-CF276956A95A): 0
LogDevObjectVersion:   Dev-Rendering (12F88B9F-8875-4AFC-A67C-D90C383ABD29): 15
LogDevObjectVersion:   Dev-Sequencer (7B5AE74C-D270-4C10-A958-57980B212A5A): 4
LogDevObjectVersion:   Dev-VR (D7296918-1DD6-4BDD-9DE2-64A83CC13884): 0
LogDevObjectVersion:   Dev-LoadTimes (C2A15278-BFE7-4AFE-6C17-90FF531DF755): 1
LogDevObjectVersion:   Private-Geometry (6EACA3D4-40EC-4CC1-B786-8BED09428FC5): 1
LogDevObjectVersion:   Dev-AnimPhys (29E575DD-E0A3-4627-9D10-D276232CDCEA): 3
LogInit: Compiled (64-bit): Jul 28 2017 11:49:47
LogInit: Compiled with Visual C++: 19.00.24215.01
LogInit: Build Configuration: Development
LogInit: Branch Name: ++UE4+Release-4.16
LogInit: Command line:  
LogInit: Base directory: F:/Juegos Epic/UE_4.16/Engine/Binaries/Win64/
LogInit: Installed Engine Build: 1
LogInit: Presizing for max 8388607 objects, including 0 objects not considered by GC, pre-allocating 0 bytes for permanent pool.
LogInit: Object subsystem initialized
[2021.01.20-15.48.41:308][  0]LogInit: Selected Device Profile: [Windows]
[2021.01.20-15.48.41:308][  0]LogInit: Applying CVar settings loaded from the selected device profile: [Windows]
[2021.01.20-15.48.41:324][  0]LogInit: Computer: ELBARTO
[2021.01.20-15.48.41:324][  0]LogInit: User: aleja
[2021.01.20-15.48.41:324][  0]LogInit: CPU Page size=4096, Cores=4
[2021.01.20-15.48.41:324][  0]LogInit: High frequency timer resolution =10.000000 MHz
[2021.01.20-15.48.41:324][  0]LogMemory: Memory total: Physical=16.0GB (16GB approx)
[2021.01.20-15.48.41:324][  0]LogMemory: Platform Memory Stats for Windows
[2021.01.20-15.48.41:324][  0]LogMemory: Process Physical Memory: 274.54 MB used, 274.54 MB peak
[2021.01.20-15.48.41:324][  0]LogMemory: Process Virtual Memory: 261.03 MB used, 261.03 MB peak
[2021.01.20-15.48.41:324][  0]LogMemory: Physical Memory: 8581.16 MB used,  7769.97 MB free, 16351.14 MB total
[2021.01.20-15.48.41:324][  0]LogMemory: Virtual Memory: 4761.46 MB used,  7769.97 MB free, 134217728.00 MB total
[2021.01.20-15.48.41:432][  0]LogInit: Overriding language with editor language configuration option (en).
[2021.01.20-15.48.41:432][  0]LogInit: Overriding locale with editor locale configuration option (en).
[2021.01.20-15.48.42:644][  0]LogD3D11RHI: D3D11 adapters:
[2021.01.20-15.48.42:784][  0]LogD3D11RHI:    0. 'NVIDIA GeForce GTX 1070' (Feature Level 11_0)
[2021.01.20-15.48.42:784][  0]LogD3D11RHI:       8088/0/8175 MB DedicatedVideo/DedicatedSystem/SharedSystem, Outputs:2, VendorId:0x10de
[2021.01.20-15.48.42:788][  0]LogD3D11RHI:    1. 'Microsoft Basic Render Driver' (Feature Level 11_0)
[2021.01.20-15.48.42:788][  0]LogD3D11RHI:       0/0/8175 MB DedicatedVideo/DedicatedSystem/SharedSystem, Outputs:0, VendorId:0x1414
[2021.01.20-15.48.42:788][  0]LogD3D11RHI: Chosen D3D11 Adapter: 0
[2021.01.20-15.48.42:797][  0]LogD3D11RHI: Creating new Direct3DDevice
[2021.01.20-15.48.42:797][  0]LogD3D11RHI:     GPU DeviceId: 0x1b81 (for the marketing name, search the web for "GPU Device Id")
[2021.01.20-15.48.42:797][  0]LogWindows: EnumDisplayDevices:
[2021.01.20-15.48.42:797][  0]LogWindows:    0. 'NVIDIA GeForce GTX 1070' (P:1 D:1)
[2021.01.20-15.48.42:797][  0]LogWindows:    1. 'NVIDIA GeForce GTX 1070' (P:0 D:1)
[2021.01.20-15.48.42:798][  0]LogWindows:    2. 'NVIDIA GeForce GTX 1070' (P:0 D:0)
[2021.01.20-15.48.42:798][  0]LogWindows:    3. 'NVIDIA GeForce GTX 1070' (P:0 D:0)
[2021.01.20-15.48.42:798][  0]LogWindows: DebugString: GetVideoDriverDetailsInvalid PrimaryIsNotTheChoosenAdapter GetVideoDriverDetailsInvalid PrimaryIsNotTheChoosenAdapter GetVideoDriverDetailsInvalid PrimaryIsNotTheChoosenAdapter GetVideoDriverDetailsInvalid PrimaryIsNotTheChoosenAdapter FoundDriverCount:0 
[2021.01.20-15.48.42:798][  0]LogD3D11RHI:     Adapter Name: NVIDIA GeForce GTX 1070
[2021.01.20-15.48.42:798][  0]LogD3D11RHI:   Driver Version: Unknown (internal:Unknown, unified:Unknown)
[2021.01.20-15.48.42:798][  0]LogD3D11RHI:      Driver Date: Unknown
[2021.01.20-15.48.42:798][  0]LogRHI: Texture pool is 1361 MB (70% of 1945 MB)
[2021.01.20-15.48.42:917][  0]LogD3D11RHI: Async texture creation enabled
[2021.01.20-15.48.42:937][  0]LogD3D11RHI: GPU Timing Frequency: 1000.000000 (Debug: 2 1)
[2021.01.20-15.48.42:944][  0]LogShaderCompilers: Guid format shader working directory is -26 characters bigger than the processId version (E:/UNIVERSIDAD-2020/Videojuegos/Unreal/Multijugador/Multijugador-Unreal/Intermediate/Shaders/WorkingDirectory/17132/).
[2021.01.20-15.48.42:944][  0]LogShaderCompilers: Cleaned the shader compiler working directory 'C:/Users/aleja/AppData/Local/Temp/UnrealShaderWorkingDir/BFE5354349170188A8AD54A70D889BCC/'.
[2021.01.20-15.48.42:944][  0]LogShaderCompilers:Display: Using Local Shader Compiler.
[2021.01.20-15.48.44:205][  0]LogTemp:Display: Loaded TP AllDesktopTargetPlatform
[2021.01.20-15.48.44:276][  0]LogTemp:Display: Loaded TP MacClientTargetPlatform
[2021.01.20-15.48.44:347][  0]LogTemp:Display: Loaded TP MacNoEditorTargetPlatform
[2021.01.20-15.48.44:417][  0]LogTemp:Display: Loaded TP MacServerTargetPlatform
[2021.01.20-15.48.44:486][  0]LogTemp:Display: Loaded TP MacTargetPlatform
[2021.01.20-15.48.44:555][  0]LogTemp:Display: Loaded TP WindowsClientTargetPlatform
[2021.01.20-15.48.44:623][  0]LogTemp:Display: Loaded TP WindowsNoEditorTargetPlatform
[2021.01.20-15.48.44:694][  0]LogTemp:Display: Loaded TP WindowsServerTargetPlatform
[2021.01.20-15.48.44:761][  0]LogTemp:Display: Loaded TP WindowsTargetPlatform
[2021.01.20-15.48.44:829][  0]LogTemp:Display: Loaded TP AndroidTargetPlatform
[2021.01.20-15.48.44:897][  0]LogTemp:Display: Loaded TP Android_ASTCTargetPlatform
[2021.01.20-15.48.44:967][  0]LogTemp:Display: Loaded TP Android_ATCTargetPlatform
[2021.01.20-15.48.45:034][  0]LogTemp:Display: Loaded TP Android_DXTTargetPlatform
[2021.01.20-15.48.45:102][  0]LogTemp:Display: Loaded TP Android_ETC1TargetPlatform
[2021.01.20-15.48.45:172][  0]LogTemp:Display: Loaded TP Android_ETC2TargetPlatform
[2021.01.20-15.48.45:312][  0]LogTemp:Display: Loaded TP Android_MultiTargetPlatform
[2021.01.20-15.48.45:312][  0]LogTemp:Display: Loaded TP Android_PVRTCTargetPlatform
[2021.01.20-15.48.45:368][  0]LogTemp:Display: Loaded TP HTML5TargetPlatform
[2021.01.20-15.48.45:488][  0]LogTemp:Display: Loaded TP IOSTargetPlatform
[2021.01.20-15.48.45:529][  0]LogTemp:Display: Loaded TP TVOSTargetPlatform
[2021.01.20-15.48.45:596][  0]LogTemp:Display: Loaded TP LinuxClientTargetPlatform
[2021.01.20-15.48.45:664][  0]LogTemp:Display: Loaded TP LinuxNoEditorTargetPlatform
[2021.01.20-15.48.45:732][  0]LogTemp:Display: Loaded TP LinuxServerTargetPlatform
[2021.01.20-15.48.45:806][  0]LogTemp:Display: Loaded TP LinuxTargetPlatform
[2021.01.20-15.48.45:806][  0]LogTargetPlatformManager:Display: Building Assets For Windows
[2021.01.20-15.48.46:513][  0]LogDerivedDataCache:Display: Max Cache Size: 512 MB
[2021.01.20-15.48.46:607][  0]LogDerivedDataCache: Loaded boot cache 0.09s 90MB C:/Users/aleja/AppData/Local/UnrealEngine/4.16/DerivedDataCache/Boot.ddc.
[2021.01.20-15.48.46:607][  0]LogDerivedDataCache:Display: Loaded Boot cache: C:/Users/aleja/AppData/Local/UnrealEngine/4.16/DerivedDataCache/Boot.ddc
[2021.01.20-15.48.46:607][  0]LogDerivedDataCache: FDerivedDataBackendGraph:  Pak pak cache file E:/UNIVERSIDAD-2020/Videojuegos/Unreal/Multijugador/Multijugador-Unreal/DerivedDataCache/DDC.ddp not found, will not use a pak cache.
[2021.01.20-15.48.46:607][  0]LogDerivedDataCache: Unable to find inner node Pak for hierarchical cache Hierarchy.
[2021.01.20-15.48.46:607][  0]LogDerivedDataCache: FDerivedDataBackendGraph:  CompressedPak pak cache file E:/UNIVERSIDAD-2020/Videojuegos/Unreal/Multijugador/Multijugador-Unreal/DerivedDataCache/Compressed.ddp not found, will not use a pak cache.
[2021.01.20-15.48.46:607][  0]LogDerivedDataCache: Unable to find inner node CompressedPak for hierarchical cache Hierarchy.
[2021.01.20-15.48.46:624][  0]LogDerivedDataCache:Display: Pak cache opened for reading ../../../Engine/DerivedDataCache/Compressed.ddp.
[2021.01.20-15.48.46:637][  0]LogDerivedDataCache: Using Local data cache path C:/Users/aleja/AppData/Local/UnrealEngine/Common/DerivedDataCache: Writable
[2021.01.20-15.48.46:649][  0]LogMaterial: Verifying Global Shaders for PCD3D_SM5
[2021.01.20-15.48.46:649][  0]LogSlate: Using Freetype 2.6.0
[2021.01.20-15.48.46:650][  0]LogSlate: SlateFontCache - WITH_FREETYPE: 1, WITH_HARFBUZZ: 1
[2021.01.20-15.48.46:650][  0]LogSlate: SlateFontCache - WITH_FREETYPE: 1, WITH_HARFBUZZ: 1
[2021.01.20-15.48.47:103][  0]LogInit: Selected Device Profile: [Windows]
[2021.01.20-15.48.47:192][  0]LogContentStreaming: Texture pool size is 0.00 MB
[2021.01.20-15.48.47:403][  0]LogMeshUtilities: Using QuadricMeshReduction for automatic static mesh reduction
[2021.01.20-15.48.47:468][  0]LogSimplygon: Simplygon DLL not present - disabling.
[2021.01.20-15.48.47:545][  0]LogMeshUtilities: Using SimplygonSwarm for distributed automatic mesh merging
[2021.01.20-15.48.47:545][  0]LogMeshUtilities: No automatic skeletal mesh reduction module available
[2021.01.20-15.48.47:545][  0]LogMeshUtilities: No automatic mesh merging module available
[2021.01.20-15.48.48:280][  0]LogNetVersion: Multijugador , NetCL: 3452394, EngineNetVer: 2, GameNetVer: 0 (Checksum: 582825890)
[2021.01.20-15.48.48:357][  0]LogAssetRegistry: FAssetRegistry took 0.0267 seconds to start up
[2021.01.20-15.48.48:409][  0]LogPackageLocalizationCache: Processed 4 localized package path(s) for 1 prioritized culture(s) in 0.022630 seconds
[2021.01.20-15.48.48:415][  0]LogUObjectArray: 34201 objects as part of root set at end of initial load.
[2021.01.20-15.48.48:415][  0]LogUObjectAllocator: 7474152 out of 0 bytes used by permanent object pool.
[2021.01.20-15.48.48:415][  0]LogUObjectArray: CloseDisregardForGC: 0/0 objects in disregard for GC pool
[2021.01.20-15.48.51:688][  0]LogTcpMessaging: Initializing TcpMessaging bridge
[2021.01.20-15.48.51:746][  0]LogUdpMessaging: Initializing bridge on interface 0.0.0.0:0 to multicast group 230.0.0.1:6666.
[2021.01.20-15.48.52:483][  0]LogMaterial: Uniform references updated for custom material expression Custom.
[2021.01.20-15.48.53:043][  0]SourceControl: Info Source control is disabled
[2021.01.20-15.48.53:045][  0]SourceControl: Info Source control is disabled
[2021.01.20-15.48.53:119][  0]SourceControl: Info Source control is disabled
[2021.01.20-15.48.53:200][  0]SourceControl: Info Source control is disabled
[2021.01.20-15.48.54:179][  0]LogAndroidPermission: UAndroidPermissionCallbackProxy::GetInstance
[2021.01.20-15.48.55:065][  0]LogEngine: Initializing Engine...
[2021.01.20-15.48.55:066][  0]LogHMD: Failed to initialize OpenVR with code 110
[2021.01.20-15.48.55:315][  0]LogStats: UGameplayTagsManager::ConstructGameplayTagTree: Construct from data asset -  0.000 s
[2021.01.20-15.48.55:315][  0]LogStats: UGameplayTagsManager::ConstructGameplayTagTree: GameplayTagTreeChangedEvent.Broadcast -  0.000 s
[2021.01.20-15.48.55:492][  0]LogAIModule: Creating AISystem for world Untitled
[2021.01.20-15.48.55:520][  0]LogInit: XAudio2 using 'PHL 273V5 (NVIDIA High Definition Audio)' : 2 channels at 48 kHz using 16 bits per sample (channel mask 0x3)
[2021.01.20-15.48.55:583][  0]LogInit: FAudioDevice initialized.
[2021.01.20-15.48.55:626][  0]LogDerivedDataCache: Saved boot cache 0.04s 90MB C:/Users/aleja/AppData/Local/UnrealEngine/4.16/DerivedDataCache/Boot.ddc.
[2021.01.20-15.48.55:639][  0]LogInit: Texture streaming: Enabled
[2021.01.20-15.48.55:776][  0]LogEngineSessionManager: EngineSessionManager initialized
[2021.01.20-15.48.56:096][  0]LogInit: Transaction tracking system initialized
[2021.01.20-15.48.56:540][  0]BlueprintLog: New page: Editor Load
[2021.01.20-15.48.57:874][  0]LocalizationService: Info Localization service is disabled
[2021.01.20-15.48.58:844][  0]LogConsoleResponse:Display: 
[2021.01.20-15.48.59:025][  0]LogCook:Display: Max memory allowance for cook 16384mb min free memory 0mb
[2021.01.20-15.48.59:025][  0]LogCook:Display: Mobile HDR setting 1
[2021.01.20-15.48.59:922][  0]LogFileCache: Scanning file cache for directory 'E:/UNIVERSIDAD-2020/Videojuegos/Unreal/Multijugador/Multijugador-Unreal/Content/' took 0.01s
[2021.01.20-15.49.00:575][  0]SourceControl: Info Source control is disabled
[2021.01.20-15.49.00:575][  0]Cmd: MAP LOAD FILE="E:/UNIVERSIDAD-2020/Videojuegos/Unreal/Multijugador/Multijugador-Unreal/Content/Campo.umap" TEMPLATE=0 SHOWPROGRESS=1 FEATURELEVEL=3
[2021.01.20-15.49.00:576][  0]LightingResults: New page: Lighting Build
[2021.01.20-15.49.00:635][  0]MapCheck: New page: Map Check
[2021.01.20-15.49.00:635][  0]LightingResults: New page: Lighting Build
[2021.01.20-15.49.00:801][  0]LogLinker:Warning: Can't find file '/Game/StarterContent/Materials/M_Metal_Copper'
[2021.01.20-15.49.00:802][  0]LogLinker:Warning: Can't find file for asset '/Game/StarterContent/Materials/M_Metal_Copper' while loading E:/UNIVERSIDAD-2020/Videojuegos/Unreal/Multijugador/Multijugador-Unreal/Content/Entorno/Pared.uasset.
[2021.01.20-15.49.00:802][  0]LoadErrors:Error: Error /Game/Entorno/Pared : Can't find file for asset. /Game/StarterContent/Materials/M_Metal_Copper
[2021.01.20-15.49.00:802][  0]LogLinker:Warning: Can't find file '/Game/StarterContent/Materials/M_Metal_Copper'
[2021.01.20-15.49.00:802][  0]LogLinker:Warning: Can't find file for asset '/Game/StarterContent/Materials/M_Metal_Copper' while loading E:/UNIVERSIDAD-2020/Videojuegos/Unreal/Multijugador/Multijugador-Unreal/Content/Entorno/Pared.uasset.
[2021.01.20-15.49.00:802][  0]LoadErrors:Error: Error /Game/Entorno/Pared : Can't find file for asset. /Game/StarterContent/Materials/M_Metal_Copper
[2021.01.20-15.49.00:803][  0]LogLinker:Warning: Can't find file '/Game/StarterContent/Materials/M_Metal_Copper'
[2021.01.20-15.49.00:804][  0]LogLinker:Warning: Can't find file for asset '/Game/StarterContent/Materials/M_Metal_Copper' while loading E:/UNIVERSIDAD-2020/Videojuegos/Unreal/Multijugador/Multijugador-Unreal/Content/Campo.umap.
[2021.01.20-15.49.00:804][  0]LoadErrors:Error: Error /Game/Campo : Can't find file for asset. /Game/StarterContent/Materials/M_Metal_Copper
[2021.01.20-15.49.00:804][  0]LogLinker:Warning: Can't find file '/Game/StarterContent/Materials/M_Metal_Copper'
[2021.01.20-15.49.00:804][  0]LogLinker:Warning: Can't find file for asset '/Game/StarterContent/Materials/M_Metal_Copper' while loading E:/UNIVERSIDAD-2020/Videojuegos/Unreal/Multijugador/Multijugador-Unreal/Content/Campo.umap.
[2021.01.20-15.49.00:804][  0]LoadErrors:Error: Error /Game/Campo : Can't find file for asset. /Game/StarterContent/Materials/M_Metal_Copper
[2021.01.20-15.49.00:805][  0]LogLinker:Warning: Can't find file '/Game/StarterContent/Materials/M_Metal_Copper'
[2021.01.20-15.49.00:805][  0]LoadErrors: Info Failed to load /Game/StarterContent/Materials/M_Metal_Copper.M_Metal_Copper Referenced by Cube_GEN_VARIABLE
[2021.01.20-15.49.00:806][  0]LogLinker:Warning: Can't find file for asset '/Game/StarterContent/Materials/M_Metal_Copper' while loading E:/UNIVERSIDAD-2020/Videojuegos/Unreal/Multijugador/Multijugador-Unreal/Content/Campo.umap.
[2021.01.20-15.49.00:806][  0]LoadErrors: Info Failed to load /Game/StarterContent/Materials/M_Metal_Copper.M_Metal_Copper Referenced by Cube_GEN_VARIABLE
[2021.01.20-15.49.00:806][  0]LoadErrors:Error: Error /Game/Campo : Can't find file for asset. /Game/StarterContent/Materials/M_Metal_Copper
[2021.01.20-15.49.00:811][  0]LogLinker:Warning: Can't find file '/Game/StarterContent/Props/Materials/M_StatueGlass'
[2021.01.20-15.49.00:811][  0]LogLinker:Warning: Can't find file for asset '/Game/StarterContent/Props/Materials/M_StatueGlass' while loading E:/UNIVERSIDAD-2020/Videojuegos/Unreal/Multijugador/Multijugador-Unreal/Content/Entorno/Pared_Invisible.uasset.
[2021.01.20-15.49.00:811][  0]LoadErrors:Error: Error /Game/Entorno/Pared_Invisible : Can't find file for asset. /Game/StarterContent/Props/Materials/M_StatueGlass
[2021.01.20-15.49.00:811][  0]LogLinker:Warning: Can't find file '/Game/StarterContent/Props/Materials/M_StatueGlass'
[2021.01.20-15.49.00:811][  0]LogLinker:Warning: Can't find file for asset '/Game/StarterContent/Props/Materials/M_StatueGlass' while loading E:/UNIVERSIDAD-2020/Videojuegos/Unreal/Multijugador/Multijugador-Unreal/Content/Entorno/Pared_Invisible.uasset.
[2021.01.20-15.49.00:812][  0]LoadErrors:Error: Error /Game/Entorno/Pared_Invisible : Can't find file for asset. /Game/StarterContent/Props/Materials/M_StatueGlass
[2021.01.20-15.49.00:812][  0]LogLinker:Warning: Can't find file '/Game/StarterContent/Props/Materials/M_StatueGlass'
[2021.01.20-15.49.00:813][  0]LogLinker:Warning: Can't find file for asset '/Game/StarterContent/Props/Materials/M_StatueGlass' while loading E:/UNIVERSIDAD-2020/Videojuegos/Unreal/Multijugador/Multijugador-Unreal/Content/Campo.umap.
[2021.01.20-15.49.00:813][  0]LoadErrors:Error: Error /Game/Campo : Can't find file for asset. /Game/StarterContent/Props/Materials/M_StatueGlass
[2021.01.20-15.49.00:813][  0]LogLinker:Warning: Can't find file '/Game/StarterContent/Props/Materials/M_StatueGlass'
[2021.01.20-15.49.00:813][  0]LogLinker:Warning: Can't find file for asset '/Game/StarterContent/Props/Materials/M_StatueGlass' while loading E:/UNIVERSIDAD-2020/Videojuegos/Unreal/Multijugador/Multijugador-Unreal/Content/Campo.umap.
[2021.01.20-15.49.00:813][  0]LoadErrors:Error: Error /Game/Campo : Can't find file for asset. /Game/StarterContent/Props/Materials/M_StatueGlass
[2021.01.20-15.49.00:814][  0]LogLinker:Warning: Can't find file '/Game/StarterContent/Props/Materials/M_StatueGlass'
[2021.01.20-15.49.00:814][  0]LoadErrors: Info Failed to load /Game/StarterContent/Props/Materials/M_StatueGlass.M_StatueGlass Referenced by Cube_GEN_VARIABLE
[2021.01.20-15.49.00:814][  0]LogLinker:Warning: Can't find file for asset '/Game/StarterContent/Props/Materials/M_StatueGlass' while loading E:/UNIVERSIDAD-2020/Videojuegos/Unreal/Multijugador/Multijugador-Unreal/Content/Campo.umap.
[2021.01.20-15.49.00:814][  0]LoadErrors: Info Failed to load /Game/StarterContent/Props/Materials/M_StatueGlass.M_StatueGlass Referenced by Cube_GEN_VARIABLE
[2021.01.20-15.49.00:814][  0]LoadErrors:Error: Error /Game/Campo : Can't find file for asset. /Game/StarterContent/Props/Materials/M_StatueGlass
[2021.01.20-15.49.00:985][  0]LogAIModule: Creating AISystem for world Campo
[2021.01.20-15.49.00:989][  0]LogPhysics:Warning: Initialising Body : Scale3D is (nearly) zero: Component: NavMeshBoundsVolume_1.BrushComponent0 
[2021.01.20-15.49.01:027][  0]LogEditorServer: Finished looking for orphan Actors (0.000 secs)
[2021.01.20-15.49.01:061][  0]Cmd: MAP CHECKDEP NOCLEARLOG
[2021.01.20-15.49.01:134][  0]MapCheck: Info Map check complete: 0 Error(s), 0 Warning(s), took 72.891ms to complete.
[2021.01.20-15.49.01:134][  0]LogFileHelpers: Loading map 'Campo' took 0.558
[2021.01.20-15.49.01:339][  0]LogCollectionManager: Loaded 0 collections in 0.002006 seconds
[2021.01.20-15.49.01:442][  0]LogFileCache: Scanning file cache for directory 'E:/UNIVERSIDAD-2020/Videojuegos/Unreal/Multijugador/Multijugador-Unreal/Saved/Collections/' took 0.01s
[2021.01.20-15.49.01:442][  0]LogFileCache: Scanning file cache for directory 'E:/UNIVERSIDAD-2020/Videojuegos/Unreal/Multijugador/Multijugador-Unreal/Content/Developers/aleja/Collections/' took 0.01s
[2021.01.20-15.49.01:442][  0]LogFileCache: Scanning file cache for directory 'E:/UNIVERSIDAD-2020/Videojuegos/Unreal/Multijugador/Multijugador-Unreal/Content/Collections/' took 0.01s
[2021.01.20-15.49.01:442][  0]LogCollectionManager: Rebuilt the GUID cache for 0 collections in 0.000003 seconds
[2021.01.20-15.49.01:452][  0]LogContentBrowser: Native class hierarchy populated in 0.0104 seconds. Added 2331 classes and 494 folders.
[2021.01.20-15.49.01:545][  0]LogContentBrowser: Native class hierarchy updated for 'WidgetCarousel' in 0.0009 seconds. Added 0 classes and 0 folders.
[2021.01.20-15.49.01:620][  0]LogContentBrowser: Native class hierarchy updated for 'AddContentDialog' in 0.0009 seconds. Added 0 classes and 0 folders.
[2021.01.20-15.49.01:682][  0]LogContentBrowser: Native class hierarchy updated for 'SceneOutliner' in 0.0009 seconds. Added 1 classes and 2 folders.
[2021.01.20-15.49.01:786][  0]LogCrashTracker: Crashtracker disabled due to settings.
[2021.01.20-15.49.01:808][  0]LogDirectoryWatcher:Warning: Failed to begin reading directory changes for E:/UNIVERSIDAD-2020/Videojuegos/Unreal/Multijugador/Multijugador-Unreal/Plugins/. Error: El sistema no puede encontrar el archivo especificado. (0x00000002)
[2021.01.20-15.49.01:818][  0]LogSlate: Took 0.000458 seconds to synchronously load lazily loaded font '../../../Engine/Content/Slate/Fonts/Roboto-Regular.ttf' (155K)
[2021.01.20-15.49.01:821][  0]LogSlate: Took 0.000398 seconds to synchronously load lazily loaded font '../../../Engine/Content/Slate/Fonts/Roboto-Bold.ttf' (160K)
[2021.01.20-15.49.01:829][  0]LogSlate: Took 0.000418 seconds to synchronously load lazily loaded font '../../../Engine/Content/Editor/Slate/Fonts/FontAwesome.ttf' (139K)
[2021.01.20-15.49.01:954][  0]LogRenderer: Reallocating scene render targets to support 1204x612 NumSamples 1 (Frame:1).
[2021.01.20-15.49.02:024][  0]LogSlate: Took 0.000247 seconds to synchronously load lazily loaded font '../../../Engine/Content/Slate/Fonts/Roboto-Light.ttf' (159K)
[2021.01.20-15.49.02:147][  0]LogUObjectGlobals:Warning: Failed to find object 'Class None.'
[2021.01.20-15.49.02:236][  0]LogContentBrowser: Native class hierarchy updated for 'HierarchicalLODOutliner' in 0.0010 seconds. Added 1 classes and 2 folders.
[2021.01.20-15.49.02:237][  0]LogLoad: (Engine Initialization) Total time: 24.89 seconds
[2021.01.20-15.49.02:237][  0]LogLoad: (Engine Initialization) Total Blueprint compile time: 0.12 seconds
[2021.01.20-15.49.02:237][  0]LogExternalProfiler: No external profilers were discovered.  External profiling features will not be available.
[2021.01.20-15.49.02:247][  0]LogOcInput: OculusInput pre-init called
[2021.01.20-15.49.02:247][  0]LogHMD: Starting GearVRController plugin
[2021.01.20-15.49.02:274][  0]LogContentStreaming: Texture pool size now 1000 MB
[2021.01.20-15.49.02:374][  1]LogAssetRegistry: Asset discovery search completed in 14.0397 seconds
[2021.01.20-15.49.02:376][  1]LogCollectionManager: Rebuilt the object cache for 0 collections in 0.000001 seconds (found 0 objects)
[2021.01.20-15.49.02:376][  1]LogCollectionManager: Fixed up redirectors for 0 collections in 0.000038 seconds (updated 0 objects)
[2021.01.20-15.49.03:419][ 87]LogSlate: Took 0.000281 seconds to synchronously load lazily loaded font '../../../Engine/Content/Slate/Fonts/Roboto-Light.ttf' (159K)
[2021.01.20-15.49.03:942][ 87]LogContentBrowser: Native class hierarchy updated for 'BlueprintGraph' in 0.0013 seconds. Added 112 classes and 0 folders.
[2021.01.20-15.49.25:076][815]LogDirectoryWatcher: A directory notification for '../../../Engine/Plugins/' was aborted.
[2021.01.20-15.49.25:884][895]LogSlate: Took 0.000360 seconds to synchronously load lazily loaded font '../../../Engine/Content/Editor/Slate/Fonts/Roboto-BoldCondensed.ttf' (158K)
[2021.01.20-15.49.25:985][896]LogSlate: Took 0.000436 seconds to synchronously load lazily loaded font '../../../Engine/Content/Editor/Slate/Fonts/Roboto-Italic.ttf' (157K)
[2021.01.20-15.50.20:975][428]LogActorComponent: UnregisterComponent: (/Engine/Transient.EditorFloorComp) Not registered. Aborting.
[2021.01.20-15.50.21:029][428]LogWindowsTextInputMethodSystem:Display: IME system now deactivated.
[2021.01.20-15.50.21:242][429]Cmd: QUIT_EDITOR
[2021.01.20-15.50.21:275][429]LogExit: Preparing to exit.
[2021.01.20-15.50.21:951][429]LogExit: Editor shut down
[2021.01.20-15.50.21:953][429]LogExit: Transaction tracking system shut down
[2021.01.20-15.50.22:050][429]LogObj: Freed 0b from 0 cluster array pools.
[2021.01.20-15.50.22:050][429]LogExit: Object subsystem successfully closed.
[2021.01.20-15.50.22:066][429]LogD3D11RHI: Shutdown
[2021.01.20-15.50.22:066][429]LogD3D11RHI: CleanupD3DDevice
[2021.01.20-15.50.22:158][429]LogD3D11RHI: ~FD3D11DynamicRHI
[2021.01.20-15.50.22:168][429]LogModuleManager: Shutting down and abandoning module BlueprintGraph (530)
[2021.01.20-15.50.22:168][429]LogModuleManager: Shutting down and abandoning module BlueprintProfiler (528)
[2021.01.20-15.50.22:168][429]LogModuleManager: Shutting down and abandoning module HierarchicalLODOutliner (526)
[2021.01.20-15.50.22:168][429]LogModuleManager: Shutting down and abandoning module CrashTracker (524)
[2021.01.20-15.50.22:168][429]LogModuleManager: Shutting down and abandoning module SceneOutliner (522)
[2021.01.20-15.50.22:168][429]LogModuleManager: Shutting down and abandoning module AddContentDialog (520)
[2021.01.20-15.50.22:168][429]LogDirectoryWatcher: A directory notification for 'F:/Juegos Epic/UE_4.16/FeaturePacks/' was aborted.
[2021.01.20-15.50.22:169][429]LogModuleManager: Shutting down and abandoning module WidgetCarousel (519)
[2021.01.20-15.50.22:169][429]LogModuleManager: Shutting down and abandoning module EditorWidgets (516)
[2021.01.20-15.50.22:169][429]LogModuleManager: Shutting down and abandoning module CollectionManager (514)
[2021.01.20-15.50.22:169][429]LogDirectoryWatcher: A directory notification for 'E:/UNIVERSIDAD-2020/Videojuegos/Unreal/Multijugador/Multijugador-Unreal/Content/Collections/' was aborted.
[2021.01.20-15.50.22:169][429]LogDirectoryWatcher: A directory notification for 'E:/UNIVERSIDAD-2020/Videojuegos/Unreal/Multijugador/Multijugador-Unreal/Content/Developers/aleja/Collections/' was aborted.
[2021.01.20-15.50.22:169][429]LogDirectoryWatcher: A directory notification for 'E:/UNIVERSIDAD-2020/Videojuegos/Unreal/Multijugador/Multijugador-Unreal/Saved/Collections/' was aborted.
[2021.01.20-15.50.22:169][429]LogModuleManager: Shutting down and abandoning module StatsViewer (512)
[2021.01.20-15.50.22:169][429]LogModuleManager: Shutting down and abandoning module FoliageEdit (510)
[2021.01.20-15.50.22:169][429]LogModuleManager: Shutting down and abandoning module LandscapeEditor (508)
[2021.01.20-15.50.22:170][429]LogModuleManager: Shutting down and abandoning module MeshPaintMode (506)
[2021.01.20-15.50.22:170][429]LogModuleManager: Shutting down and abandoning module SceneDepthPickerMode (504)
[2021.01.20-15.50.22:170][429]LogModuleManager: Shutting down and abandoning module ActorPickerMode (502)
[2021.01.20-15.50.22:170][429]LogModuleManager: Shutting down and abandoning module GeometryMode (500)
[2021.01.20-15.50.22:170][429]LogModuleManager: Shutting down and abandoning module TextureAlignMode (498)
[2021.01.20-15.50.22:170][429]LogModuleManager: Shutting down and abandoning module BspMode (496)
[2021.01.20-15.50.22:170][429]LogModuleManager: Shutting down and abandoning module HardwareSurvey (494)
[2021.01.20-15.50.22:170][429]LogModuleManager: Shutting down and abandoning module SequenceRecorderSections (492)
[2021.01.20-15.50.22:170][429]LogModuleManager: Shutting down and abandoning module AutomationWorker (490)
[2021.01.20-15.50.22:170][429]LogModuleManager: Shutting down and abandoning module MatineeToLevelSequence (488)
[2021.01.20-15.50.22:170][429]LogModuleManager: Shutting down and abandoning module LevelSequenceEditor (486)
[2021.01.20-15.50.22:170][429]LogModuleManager: Shutting down and abandoning module PlacementMode (485)
[2021.01.20-15.50.22:170][429]LogModuleManager: Shutting down and abandoning module WmfMediaFactory (482)
[2021.01.20-15.50.22:170][429]LogModuleManager: Shutting down and abandoning module WmfMediaEditor (480)
[2021.01.20-15.50.22:170][429]LogModuleManager: Shutting down and abandoning module AvfMediaFactory (478)
[2021.01.20-15.50.22:170][429]LogModuleManager: Shutting down and abandoning module AvfMediaEditor (476)
[2021.01.20-15.50.22:170][429]LogModuleManager: Shutting down and abandoning module AndroidMediaFactory (474)
[2021.01.20-15.50.22:170][429]LogModuleManager: Shutting down and abandoning module Media (473)
[2021.01.20-15.50.22:170][429]LogModuleManager: Shutting down and abandoning module AndroidMediaEditor (470)
[2021.01.20-15.50.22:170][429]LogModuleManager: Shutting down and abandoning module CharacterAI (468)
[2021.01.20-15.50.22:170][429]LogModuleManager: Shutting down and abandoning module AudioCapture (466)
[2021.01.20-15.50.22:170][429]LogModuleManager: Shutting down and abandoning module SequenceRecorder (465)
[2021.01.20-15.50.22:170][429]LogModuleManager: Shutting down and abandoning module SmartSnapping (462)
[2021.01.20-15.50.22:170][429]LogModuleManager: Shutting down and abandoning module SessionServices (460)
[2021.01.20-15.50.22:170][429]LogModuleManager: Shutting down and abandoning module ViewportSnapping (458)
[2021.01.20-15.50.22:170][429]LogModuleManager: Shutting down and abandoning module ViewportInteraction (456)
[2021.01.20-15.50.22:170][429]LogModuleManager: Shutting down and abandoning module ClothPainter (454)
[2021.01.20-15.50.22:170][429]LogModuleManager: Shutting down and abandoning module LogVisualizer (452)
[2021.01.20-15.50.22:170][429]LogModuleManager: Shutting down and abandoning module IntroTutorials (450)
[2021.01.20-15.50.22:170][429]LogModuleManager: Shutting down and abandoning module GameProjectGeneration (449)
[2021.01.20-15.50.22:170][429]LogModuleManager: Shutting down and abandoning module EditorLiveStreaming (446)
[2021.01.20-15.50.22:170][429]LogModuleManager: Shutting down and abandoning module IOSPlatformEditor (444)
[2021.01.20-15.50.22:170][429]LogModuleManager: Shutting down and abandoning module HTML5PlatformEditor (442)
[2021.01.20-15.50.22:170][429]LogModuleManager: Shutting down and abandoning module AndroidPlatformEditor (440)
[2021.01.20-15.50.22:170][429]LogModuleManager: Shutting down and abandoning module AndroidDeviceDetection (439)
[2021.01.20-15.50.22:409][429]LogModuleManager: Shutting down and abandoning module IOSRuntimeSettings (436)
[2021.01.20-15.50.22:409][429]LogModuleManager: Shutting down and abandoning module AndroidRuntimeSettings (434)
[2021.01.20-15.50.22:409][429]LogModuleManager: Shutting down and abandoning module InputBindingEditor (432)
[2021.01.20-15.50.22:409][429]LogModuleManager: Shutting down and abandoning module MergeActors (430)
[2021.01.20-15.50.22:409][429]LogModuleManager: Shutting down and abandoning module SizeMap (428)
[2021.01.20-15.50.22:409][429]LogModuleManager: Shutting down and abandoning module TreeMap (426)
[2021.01.20-15.50.22:409][429]LogModuleManager: Shutting down and abandoning module ReferenceViewer (424)
[2021.01.20-15.50.22:409][429]LogModuleManager: Shutting down and abandoning module LocalizationDashboard (422)
[2021.01.20-15.50.22:409][429]LogModuleManager: Shutting down and abandoning module LocalizationService (421)
[2021.01.20-15.50.22:409][429]LogModuleManager: Shutting down and abandoning module HardwareTargeting (418)
[2021.01.20-15.50.22:409][429]LogModuleManager: Shutting down and abandoning module DeviceProfileEditor (416)
[2021.01.20-15.50.22:409][429]LogModuleManager: Shutting down and abandoning module UndoHistory (414)
[2021.01.20-15.50.22:409][429]LogModuleManager: Shutting down and abandoning module UserFeedback (412)
[2021.01.20-15.50.22:410][429]LogModuleManager: Shutting down and abandoning module XmlParser (410)
[2021.01.20-15.50.22:410][429]LogModuleManager: Shutting down and abandoning module Blutility (408)
[2021.01.20-15.50.22:410][429]LogModuleManager: Shutting down and abandoning module ProjectSettingsViewer (406)
[2021.01.20-15.50.22:410][429]LogModuleManager: Shutting down and abandoning module ProjectTargetPlatformEditor (405)
[2021.01.20-15.50.22:410][429]LogModuleManager: Shutting down and abandoning module EditorSettingsViewer (402)
[2021.01.20-15.50.22:410][429]LogModuleManager: Shutting down and abandoning module SettingsEditor (400)
[2021.01.20-15.50.22:410][429]LogModuleManager: Shutting down and abandoning module ProjectLauncher (398)
[2021.01.20-15.50.22:410][429]LogModuleManager: Shutting down and abandoning module SessionFrontend (396)
[2021.01.20-15.50.22:410][429]LogModuleManager: Shutting down and abandoning module ProfilerClient (394)
[2021.01.20-15.50.22:410][429]LogModuleManager: Shutting down and abandoning module DeviceManager (392)
[2021.01.20-15.50.22:410][429]LogModuleManager: Shutting down and abandoning module TargetDeviceServices (391)
[2021.01.20-15.50.22:464][429]LogModuleManager: Shutting down and abandoning module AutomationController (388)
[2021.01.20-15.50.22:464][429]LogModuleManager: Shutting down and abandoning module AutomationWindow (386)
[2021.01.20-15.50.22:464][429]LogModuleManager: Shutting down and abandoning module Layers (384)
[2021.01.20-15.50.22:464][429]LogModuleManager: Shutting down and abandoning module ComponentVisualizers (382)
[2021.01.20-15.50.22:464][429]LogModuleManager: Shutting down and abandoning module DetailCustomizations (380)
[2021.01.20-15.50.22:464][429]LogModuleManager: Shutting down and abandoning module PackagesDialog (378)
[2021.01.20-15.50.22:464][429]LogModuleManager: Shutting down and abandoning module Persona (376)
[2021.01.20-15.50.22:464][429]LogModuleManager: Shutting down and abandoning module AdvancedPreviewScene (375)
[2021.01.20-15.50.22:464][429]LogModuleManager: Shutting down and abandoning module AnimGraph (373)
[2021.01.20-15.50.22:464][429]LogModuleManager: Shutting down and abandoning module Kismet (370)
[2021.01.20-15.50.22:470][429]LogModuleManager: Shutting down and abandoning module ClassViewer (368)
[2021.01.20-15.50.22:470][429]LogModuleManager: Shutting down and abandoning module Toolbox (366)
[2021.01.20-15.50.22:470][429]LogModuleManager: Shutting down and abandoning module ModuleUI (364)
[2021.01.20-15.50.22:470][429]LogModuleManager: Shutting down and abandoning module MovieSceneTools (362)
[2021.01.20-15.50.22:470][429]LogModuleManager: Shutting down and abandoning module OutputLog (360)
[2021.01.20-15.50.22:470][429]LogModuleManager: Shutting down and abandoning module GammaUI (358)
[2021.01.20-15.50.22:470][429]LogModuleManager: Shutting down and abandoning module Documentation (356)
[2021.01.20-15.50.22:470][429]LogModuleManager: Shutting down and abandoning module MovieSceneTracks (354)
[2021.01.20-15.50.22:470][429]LogModuleManager: Shutting down and abandoning module MovieScene (352)
[2021.01.20-15.50.22:470][429]LogModuleManager: Shutting down and abandoning module Niagara (350)
[2021.01.20-15.50.22:470][429]LogModuleManager: Shutting down and abandoning module NiagaraEditor (349)
[2021.01.20-15.50.22:470][429]LogModuleManager: Shutting down and abandoning module StreamingPauseRendering (346)
[2021.01.20-15.50.22:470][429]LogModuleManager: Shutting down and abandoning module AnalyticsET (344)
[2021.01.20-15.50.22:470][429]LogModuleManager: Shutting down and abandoning module PortalServices (342)
[2021.01.20-15.50.22:470][429]LogModuleManager: Shutting down and abandoning module PortalRpc (340)
[2021.01.20-15.50.22:470][429]LogModuleManager: Shutting down and abandoning module MessagingRpc (338)
[2021.01.20-15.50.22:470][429]LogModuleManager: Shutting down and abandoning module AIModule (336)
[2021.01.20-15.50.22:470][429]LogModuleManager: Shutting down and abandoning module GameplayDebugger (335)
[2021.01.20-15.50.22:470][429]LogModuleManager: Shutting down and abandoning module AITestSuite (333)
[2021.01.20-15.50.22:470][429]LogModuleManager: Shutting down and abandoning module ProfilerService (330)
[2021.01.20-15.50.22:688][429]LogModuleManager: Shutting down and abandoning module TaskGraph (328)
[2021.01.20-15.50.22:688][429]LogModuleManager: Shutting down and abandoning module SteamVRController (326)
[2021.01.20-15.50.22:688][429]LogModuleManager: Shutting down and abandoning module SteamVR (324)
[2021.01.20-15.50.22:688][429]LogModuleManager: Shutting down and abandoning module ProceduralMeshComponentEditor (322)
[2021.01.20-15.50.22:688][429]LogModuleManager: Shutting down and abandoning module ProceduralMeshComponent (320)
[2021.01.20-15.50.22:688][429]LogModuleManager: Shutting down and abandoning module OculusLibrary (318)
[2021.01.20-15.50.22:688][429]LogModuleManager: Shutting down and abandoning module OculusInput (316)
[2021.01.20-15.50.22:688][429]LogModuleManager: Shutting down and abandoning module MobilePatchingUtils (314)
[2021.01.20-15.50.22:688][429]LogModuleManager: Shutting down and abandoning module CustomMeshComponent (312)
[2021.01.20-15.50.22:688][429]LogModuleManager: Shutting down and abandoning module CableComponent (310)
[2021.01.20-15.50.22:688][429]LogModuleManager: Shutting down and abandoning module ArchVisCharacter (308)
[2021.01.20-15.50.22:688][429]LogModuleManager: Shutting down and abandoning module AndroidPermission (306)
[2021.01.20-15.50.22:688][429]LogModuleManager: Shutting down and abandoning module MediaPlayerEditor (304)
[2021.01.20-15.50.22:689][429]LogModuleManager: Shutting down and abandoning module HTML5Networking (302)
[2021.01.20-15.50.22:689][429]LogModuleManager: Shutting down and abandoning module AlembicImporter (300)
[2021.01.20-15.50.22:689][429]LogModuleManager: Shutting down and abandoning module AlembicLibrary (299)
[2021.01.20-15.50.22:689][429]LogModuleManager: Shutting down and abandoning module GeometryCache (298)
[2021.01.20-15.50.22:689][429]LogModuleManager: Shutting down and abandoning module GeometryCacheEd (297)
[2021.01.20-15.50.22:689][429]LogModuleManager: Shutting down and abandoning module SuperSearchEditor (292)
[2021.01.20-15.50.22:689][429]LogModuleManager: Shutting down and abandoning module SuperSearch (291)
[2021.01.20-15.50.22:689][429]LogModuleManager: Shutting down and abandoning module SpeedTreeImporter (288)
[2021.01.20-15.50.22:689][429]LogModuleManager: Shutting down and abandoning module PluginBrowser (286)
[2021.01.20-15.50.22:689][429]LogModuleManager: Shutting down and abandoning module MobileLauncherProfileWizard (284)
[2021.01.20-15.50.22:689][429]LogModuleManager: Shutting down and abandoning module VisualStudioSourceCodeAccess (282)
[2021.01.20-15.50.22:689][429]LogModuleManager: Shutting down and abandoning module DesktopPlatform (281)
[2021.01.20-15.50.22:689][429]LogModuleManager: Shutting down and abandoning module UObjectPlugin (278)
[2021.01.20-15.50.22:689][429]LogModuleManager: Shutting down and abandoning module SubversionSourceControl (276)
[2021.01.20-15.50.22:689][429]LogModuleManager: Shutting down and abandoning module PerforceSourceControl (274)
[2021.01.20-15.50.22:689][429]LogModuleManager: Shutting down and abandoning module GitSourceControl (272)
[2021.01.20-15.50.22:689][429]LogModuleManager: Shutting down and abandoning module SourceControl (271)
[2021.01.20-15.50.22:689][429]LogModuleManager: Shutting down and abandoning module LightPropagationVolumeEditor (268)
[2021.01.20-15.50.22:689][429]LogModuleManager: Shutting down and abandoning module PaperTiledImporter (266)
[2021.01.20-15.50.22:689][429]LogModuleManager: Shutting down and abandoning module PaperSpriteSheetImporter (264)
[2021.01.20-15.50.22:689][429]LogModuleManager: Shutting down and abandoning module Paper2DEditor (262)
[2021.01.20-15.50.22:689][429]LogModuleManager: Shutting down and abandoning module MeshPaint (261)
[2021.01.20-15.50.22:689][429]LogModuleManager: Shutting down and abandoning module LevelEditor (259)
[2021.01.20-15.50.22:690][429]LogModuleManager: Shutting down and abandoning module PixelInspectorModule (258)
[2021.01.20-15.50.22:690][429]LogModuleManager: Shutting down and abandoning module MainFrame (256)
[2021.01.20-15.50.22:690][429]LogModuleManager: Shutting down and abandoning module HotReload (255)
[2021.01.20-15.50.22:691][429]LogModuleManager: Shutting down and abandoning module PhysXVehiclesEditor (250)
[2021.01.20-15.50.22:691][429]LogModuleManager: Shutting down and abandoning module PhysXVehicles (248)
[2021.01.20-15.50.22:691][429]LogModuleManager: Shutting down and abandoning module LocationServicesBPLibrary (246)
[2021.01.20-15.50.22:691][429]LogModuleManager: Shutting down and abandoning module ImmediatePhysicsEditor (244)
[2021.01.20-15.50.22:691][429]LogModuleManager: Shutting down and abandoning module ImmediatePhysics (242)
[2021.01.20-15.50.22:691][429]LogModuleManager: Shutting down and abandoning module UdpMessaging (240)
[2021.01.20-15.50.22:792][429]LogModuleManager: Shutting down and abandoning module TcpMessaging (238)
[2021.01.20-15.50.22:893][429]LogModuleManager: Shutting down and abandoning module GameplayTagsEditor (236)
[2021.01.20-15.50.22:893][429]LogModuleManager: Shutting down and abandoning module FacialAnimationEditor (234)
[2021.01.20-15.50.22:893][429]LogModuleManager: Shutting down and abandoning module FacialAnimation (232)
[2021.01.20-15.50.22:893][429]LogModuleManager: Shutting down and abandoning module AssetManagerEditor (230)
[2021.01.20-15.50.22:893][429]LogModuleManager: Shutting down and abandoning module GraphEditor (229)
[2021.01.20-15.50.22:893][429]LogModuleManager: Shutting down and abandoning module ContentBrowser (227)
[2021.01.20-15.50.22:894][429]LogModuleManager: Shutting down and abandoning module LightPropagationVolumeRuntime (224)
[2021.01.20-15.50.22:894][429]LogModuleManager: Shutting down and abandoning module Paper2D (222)
[2021.01.20-15.50.22:894][429]LogModuleManager: Shutting down and abandoning module WindowsMoviePlayer (220)
[2021.01.20-15.50.22:894][429]LogModuleManager: Shutting down and abandoning module WmfMedia (218)
[2021.01.20-15.50.22:897][429]LogModuleManager: Shutting down and abandoning module ClothingSystemEditor (216)
[2021.01.20-15.50.22:897][429]LogModuleManager: Shutting down and abandoning module ClothingSystemRuntime (214)
[2021.01.20-15.50.22:897][429]LogModuleManager: Shutting down and abandoning module MediaAssets (212)
[2021.01.20-15.50.22:897][429]LogModuleManager: Shutting down and abandoning module GameLiveStreaming (210)
[2021.01.20-15.50.22:897][429]LogModuleManager: Shutting down and abandoning module VREditor (208)
[2021.01.20-15.50.22:897][429]LogModuleManager: Shutting down and abandoning module StringTableEditor (206)
[2021.01.20-15.50.22:897][429]LogModuleManager: Shutting down and abandoning module GameplayTasksEditor (204)
[2021.01.20-15.50.22:897][429]LogModuleManager: Shutting down and abandoning module BehaviorTreeEditor (202)
[2021.01.20-15.50.22:897][429]LogModuleManager: Shutting down and abandoning module FunctionalTesting (200)
[2021.01.20-15.50.22:897][429]LogModuleManager: Shutting down and abandoning module CollisionAnalyzer (198)
[2021.01.20-15.50.22:897][429]LogModuleManager: Shutting down and abandoning module UMG (196)
[2021.01.20-15.50.22:897][429]LogModuleManager: Shutting down and abandoning module UMGEditor (195)
[2021.01.20-15.50.22:897][429]LogModuleManager: Shutting down and abandoning module Sequencer (194)
[2021.01.20-15.50.22:897][429]LogModuleManager: Shutting down and abandoning module AssetTools (192)
[2021.01.20-15.50.22:897][429]LogModuleManager: Shutting down and abandoning module MessageLog (191)
[2021.01.20-15.50.22:897][429]LogModuleManager: Shutting down and abandoning module WorkspaceMenuStructure (190)
[2021.01.20-15.50.22:897][429]LogModuleManager: Shutting down and abandoning module SlateReflector (184)
[2021.01.20-15.50.22:897][429]LogModuleManager: Shutting down and abandoning module Slate (182)
[2021.01.20-15.50.22:897][429]LogModuleManager: Shutting down and abandoning module EditorStyle (180)
[2021.01.20-15.50.22:899][429]LogModuleManager: Shutting down and abandoning module SourceCodeAccess (178)
[2021.01.20-15.50.22:899][429]LogModuleManager: Shutting down and abandoning module HeadMountedDisplay (176)
[2021.01.20-15.50.22:899][429]LogModuleManager: Shutting down and abandoning module XAudio2 (174)
[2021.01.20-15.50.22:899][429]LogModuleManager: Shutting down and abandoning module Networking (172)
[2021.01.20-15.50.22:899][429]LogModuleManager: Shutting down and abandoning module Core (170)
[2021.01.20-15.50.22:899][429]LogModuleManager: Shutting down and abandoning module AssetRegistry (168)
[2021.01.20-15.50.23:082][429]LogDirectoryWatcher: A directory notification for '../../../Engine/Content/' was aborted.
[2021.01.20-15.50.23:082][429]LogDirectoryWatcher: A directory notification for 'E:/UNIVERSIDAD-2020/Videojuegos/Unreal/Multijugador/Multijugador-Unreal/Content/' was aborted.
[2021.01.20-15.50.23:082][429]LogDirectoryWatcher: A directory notification for '../../../Engine/Plugins/2D/Paper2D/Content/' was aborted.
[2021.01.20-15.50.23:082][429]LogDirectoryWatcher: A directory notification for '../../../Engine/Plugins/Runtime/GearVR/Content/' was aborted.
[2021.01.20-15.50.23:085][429]LogModuleManager: Shutting down and abandoning module DirectoryWatcher (167)
[2021.01.20-15.50.23:085][429]LogModuleManager: Shutting down and abandoning module KismetCompiler (164)
[2021.01.20-15.50.23:085][429]LogModuleManager: Shutting down and abandoning module LevelSequence (162)
[2021.01.20-15.50.23:085][429]LogModuleManager: Shutting down and abandoning module PhysXFormats (160)
[2021.01.20-15.50.23:085][429]LogModuleManager: Shutting down and abandoning module MeshUtilities (158)
[2021.01.20-15.50.23:085][429]LogModuleManager: Shutting down and abandoning module SimplygonSwarm (157)
[2021.01.20-15.50.23:085][429]LogModuleManager: Shutting down and abandoning module SimplygonMeshReduction (155)
[2021.01.20-15.50.23:085][429]LogModuleManager: Shutting down and abandoning module QuadricMeshReduction (153)
[2021.01.20-15.50.23:085][429]LogModuleManager: Shutting down and abandoning module DerivedDataCache (150)
[2021.01.20-15.50.23:256][429]LogDerivedDataCache: Shutdown
[2021.01.20-15.50.23:256][429]LogModuleManager: Shutting down and abandoning module TargetPlatform (148)
[2021.01.20-15.50.23:256][429]LogModuleManager: Shutting down and abandoning module VulkanShaderFormat (147)
[2021.01.20-15.50.23:256][429]LogModuleManager: Shutting down and abandoning module ShaderFormatVectorVM (145)
[2021.01.20-15.50.23:256][429]LogModuleManager: Shutting down and abandoning module ShaderFormatOpenGL (143)
[2021.01.20-15.50.23:256][429]LogModuleManager: Shutting down and abandoning module ShaderFormatD3D (141)
[2021.01.20-15.50.23:256][429]LogModuleManager: Shutting down and abandoning module MetalShaderFormat (139)
[2021.01.20-15.50.23:256][429]LogModuleManager: Shutting down and abandoning module TextureFormatUncompressed (137)
[2021.01.20-15.50.23:256][429]LogModuleManager: Shutting down and abandoning module TextureFormatPVR (135)
[2021.01.20-15.50.23:256][429]LogModuleManager: Shutting down and abandoning module TextureFormatDXT (133)
[2021.01.20-15.50.23:256][429]LogModuleManager: Shutting down and abandoning module TextureFormatIntelISPCTexComp (131)
[2021.01.20-15.50.23:256][429]LogModuleManager: Shutting down and abandoning module TextureFormatASTC (129)
[2021.01.20-15.50.23:256][429]LogModuleManager: Shutting down and abandoning module ImageWrapper (128)
[2021.01.20-15.50.23:256][429]LogModuleManager: Shutting down and abandoning module TextureFormatAndroid (125)
[2021.01.20-15.50.23:256][429]LogModuleManager: Shutting down and abandoning module AudioFormatOpus (123)
[2021.01.20-15.50.23:256][429]LogModuleManager: Shutting down and abandoning module AudioFormatOgg (121)
[2021.01.20-15.50.23:256][429]LogModuleManager: Shutting down and abandoning module AudioFormatADPCM (119)
[2021.01.20-15.50.23:256][429]LogModuleManager: Shutting down and abandoning module LinuxTargetPlatform (117)
[2021.01.20-15.50.23:256][429]LogModuleManager: Shutting down and abandoning module LinuxServerTargetPlatform (115)
[2021.01.20-15.50.23:256][429]LogModuleManager: Shutting down and abandoning module LinuxNoEditorTargetPlatform (113)
[2021.01.20-15.50.23:256][429]LogModuleManager: Shutting down and abandoning module LinuxClientTargetPlatform (111)
[2021.01.20-15.50.23:256][429]LogModuleManager: Shutting down and abandoning module TVOSTargetPlatform (109)
[2021.01.20-15.50.23:256][429]LogModuleManager: Shutting down and abandoning module Messaging (107)
[2021.01.20-15.50.23:256][429]LogModuleManager: Shutting down and abandoning module IOSTargetPlatform (105)
[2021.01.20-15.50.23:256][429]LogModuleManager: Shutting down and abandoning module HTML5TargetPlatform (103)
[2021.01.20-15.50.23:256][429]LogModuleManager: Shutting down and abandoning module Android_PVRTCTargetPlatform (101)
[2021.01.20-15.50.23:256][429]LogModuleManager: Shutting down and abandoning module Android_MultiTargetPlatform (99)
[2021.01.20-15.50.23:256][429]LogModuleManager: Shutting down and abandoning module Android_ETC2TargetPlatform (97)
[2021.01.20-15.50.23:256][429]LogModuleManager: Shutting down and abandoning module Android_ETC1TargetPlatform (95)
[2021.01.20-15.50.23:256][429]LogModuleManager: Shutting down and abandoning module Android_DXTTargetPlatform (93)
[2021.01.20-15.50.23:256][429]LogModuleManager: Shutting down and abandoning module Android_ATCTargetPlatform (91)
[2021.01.20-15.50.23:256][429]LogModuleManager: Shutting down and abandoning module Android_ASTCTargetPlatform (89)
[2021.01.20-15.50.23:256][429]LogModuleManager: Shutting down and abandoning module AndroidTargetPlatform (87)
[2021.01.20-15.50.23:256][429]LogModuleManager: Shutting down and abandoning module WindowsTargetPlatform (85)
[2021.01.20-15.50.23:256][429]LogModuleManager: Shutting down and abandoning module WindowsServerTargetPlatform (83)
[2021.01.20-15.50.23:256][429]LogModuleManager: Shutting down and abandoning module WindowsNoEditorTargetPlatform (81)
[2021.01.20-15.50.23:256][429]LogModuleManager: Shutting down and abandoning module WindowsClientTargetPlatform (79)
[2021.01.20-15.50.23:256][429]LogModuleManager: Shutting down and abandoning module MacTargetPlatform (77)
[2021.01.20-15.50.23:256][429]LogModuleManager: Shutting down and abandoning module MacServerTargetPlatform (75)
[2021.01.20-15.50.23:256][429]LogModuleManager: Shutting down and abandoning module MacNoEditorTargetPlatform (73)
[2021.01.20-15.50.23:256][429]LogModuleManager: Shutting down and abandoning module MacClientTargetPlatform (71)
[2021.01.20-15.50.23:256][429]LogModuleManager: Shutting down and abandoning module AllDesktopTargetPlatform (69)
[2021.01.20-15.50.23:256][429]LogModuleManager: Shutting down and abandoning module InputCore (66)
[2021.01.20-15.50.23:256][429]LogModuleManager: Shutting down and abandoning module Settings (64)
[2021.01.20-15.50.23:256][429]LogModuleManager: Shutting down and abandoning module OculusRift (62)
[2021.01.20-15.50.23:256][429]LogModuleManager: Shutting down and abandoning module GearVRController (60)
[2021.01.20-15.50.23:256][429]LogModuleManager: Shutting down and abandoning module GearVR (58)
[2021.01.20-15.50.23:256][429]LogModuleManager: Shutting down and abandoning module ExampleDeviceProfileSelector (56)
[2021.01.20-15.50.23:256][429]LogModuleManager: Shutting down and abandoning module OnlineBlueprintSupport (54)
[2021.01.20-15.50.23:256][429]LogModuleManager: Shutting down and abandoning module OnlineSubsystem (50)
[2021.01.20-15.50.23:256][429]LogOnline:Display: OSS: FOnlineSubsystemNull::Shutdown()
[2021.01.20-15.50.23:256][429]LogOnline:Display: OSS: FOnlineAsyncTaskManager::Stop() ActiveTask:0000000000000000 Tasks[0/0]
[2021.01.20-15.50.23:669][429]LogOnline:Display: OSS: FOnlineAsyncTaskManager::Exit() started
[2021.01.20-15.50.23:669][429]LogOnline:Display: OSS: FOnlineAsyncTaskManager::Exit() finished
[2021.01.20-15.50.23:669][429]LogOnline:Display: Unloading online subsystem: STEAM
[2021.01.20-15.50.23:676][429]LogOnline:Display: Unloading online subsystem: NULL
[2021.01.20-15.50.23:677][429]LogModuleManager: Shutting down and abandoning module XMPP (43)
[2021.01.20-15.50.23:677][429]LogModuleManager: Shutting down and abandoning module HTTP (41)
[2021.01.20-15.50.23:677][429]LogHttp:Display: Http module shutting down, but needs to wait on 1 outstanding Http requests:
[2021.01.20-15.50.23:677][429]LogHttp:Display: 	verb=[POST] url=[https://datarouter.ol.epicgames.com/datarouter/api/v1/public/data?SessionID=%7B47CDC1C5-4ABD-A1F2-A91F-74907E7208E6%7D&AppID=UEEditor.Rocket.Release&AppVersion=4.16.3-3561208%2B%2B%2BUE4%2BRelease-4.16&UserID=71e3eede40ce40ba4d60989b4a563073%7C66351ebe36bd4018b833881313c6dbc1%7Ca6157c1d-9ba7-4af0-8766-eef2bb7b5bed&AppEnvironment=datacollector-binary&UploadType=eteventstream] status=Processing
[2021.01.20-15.50.23:711][429]LogModuleManager: Shutting down and abandoning module SSL (40)
[2021.01.20-15.50.23:713][429]LogModuleManager: Shutting down and abandoning module HTTPChunkInstaller (36)
[2021.01.20-15.50.23:713][429]LogModuleManager: Shutting down and abandoning module AnimationModifiers (34)
[2021.01.20-15.50.23:713][429]LogModuleManager: Shutting down and abandoning module PropertyEditor (33)
[2021.01.20-15.50.23:713][429]LogModuleManager: Shutting down and abandoning module AudioEditor (30)
[2021.01.20-15.50.23:713][429]LogModuleManager: Shutting down and abandoning module TextureCompressor (28)
[2021.01.20-15.50.23:713][429]LogModuleManager: Shutting down and abandoning module ShaderCore (26)
[2021.01.20-15.50.23:713][429]LogModuleManager: Shutting down and abandoning module Landscape (24)
[2021.01.20-15.50.23:713][429]LogModuleManager: Shutting down and abandoning module SlateRHIRenderer (22)
[2021.01.20-15.50.23:714][429]LogModuleManager: Shutting down and abandoning module OpenGLDrv (20)
[2021.01.20-15.50.23:714][429]LogModuleManager: Shutting down and abandoning module D3D11RHI (18)
[2021.01.20-15.50.23:714][429]LogModuleManager: Shutting down and abandoning module AnimGraphRuntime (16)
[2021.01.20-15.50.23:714][429]LogModuleManager: Shutting down and abandoning module Renderer (14)
[2021.01.20-15.50.23:714][429]LogModuleManager: Shutting down and abandoning module Engine (12)
[2021.01.20-15.50.23:714][429]LogModuleManager: Shutting down and abandoning module CoreUObject (10)
[2021.01.20-15.50.23:714][429]LogModuleManager: Shutting down and abandoning module NetworkFile (8)
[2021.01.20-15.50.23:714][429]LogModuleManager: Shutting down and abandoning module StreamingFile (6)
[2021.01.20-15.50.23:714][429]LogModuleManager: Shutting down and abandoning module SandboxFile (4)
[2021.01.20-15.50.23:714][429]LogModuleManager: Shutting down and abandoning module PakFile (2)
[2021.01.20-15.50.23:716][429]LogExit: Exiting.
[2021.01.20-15.50.23:732][429]Log file closed, 01/20/21 16:50:23
