Log file open, 01/21/21 18:56:42
LogInit:Display: Running engine for game: Multijugador
LogPlatformFile: Not using cached read wrapper
LogInit:Display: RandInit(-1334667335) SRandInit(-1334667334).
LogTaskGraph: Started task graph with 5 named threads and 8 total threads with 1 sets of task threads.
LogStats: Stats thread started at 0.136062
LogInit: Using libcurl 7.47.1
LogInit:  - built for x86_64-pc-win32
LogInit:  - supports SSL with OpenSSL/1.0.2g
LogInit:  - supports HTTP deflate (compression) using libz 1.2.8
LogInit:  - other features:
LogInit:      CURL_VERSION_SSL
LogInit:      CURL_VERSION_LIBZ
LogInit:      CURL_VERSION_IPV6
LogInit:      CURL_VERSION_ASYNCHDNS
LogInit:      CURL_VERSION_LARGEFILE
LogInit:      CURL_VERSION_IDN
LogInit:  CurlRequestOptions (configurable via config and command line):
LogInit:  - bVerifyPeer = false  - Libcurl will NOT verify peer certificate
LogInit:  - bUseHttpProxy = false  - Libcurl will NOT use HTTP proxy
LogInit:  - bDontReuseConnections = false  - Libcurl will reuse connections
LogInit:  - CertBundlePath = nullptr  - Libcurl will use whatever was configured at build time.
LogOnline:Display: STEAM: Loading Steam SDK 1.39
LogInit: WinSock: version 1.1 (2.2), MaxSocks=32767, MaxUdp=65467
LogInit: Build: ++UE4+Release-4.16-CL-3561208
LogInit: Engine Version: 4.16.3-3561208+++UE4+Release-4.16
LogInit: Compatible Engine Version: 4.16.0-3452394+++UE4+Release-4.16
LogInit: Net CL: 3452394
LogDevObjectVersion: Number of dev versions registered: 16
LogDevObjectVersion:   Dev-Blueprints (B0D832E4-1F89-4F0D-ACCF-7EB736FD4AA2): 9
LogDevObjectVersion:   Dev-Build (E1C64328-A22C-4D53-A36C-8E866417BD8C): 0
LogDevObjectVersion:   Dev-Core (375EC13C-06E4-48FB-B500-84F0262A717E): 2
LogDevObjectVersion:   Dev-Editor (E4B068ED-F494-42E9-A231-DA0B2E46BB41): 17
LogDevObjectVersion:   Dev-Framework (CFFC743F-43B0-4480-9391-14DF171D2073): 23
LogDevObjectVersion:   Dev-Mobile (B02B49B5-BB20-44E9-A304-32B752E40360): 0
LogDevObjectVersion:   Dev-Networking (A4E4105C-59A1-49B5-A7C5-40C4547EDFEE): 0
LogDevObjectVersion:   Dev-Online (39C831C9-5AE6-47DC-9A44-9C173E1C8E7C): 0
LogDevObjectVersion:   Dev-Physics (78F01B33-EBEA-4F98-B9B4-84EACCB95AA2): 0
LogDevObjectVersion:   Dev-Platform (6631380F-2D4D-43E0-8009-CF276956A95A): 0
LogDevObjectVersion:   Dev-Rendering (12F88B9F-8875-4AFC-A67C-D90C383ABD29): 15
LogDevObjectVersion:   Dev-Sequencer (7B5AE74C-D270-4C10-A958-57980B212A5A): 4
LogDevObjectVersion:   Dev-VR (D7296918-1DD6-4BDD-9DE2-64A83CC13884): 0
LogDevObjectVersion:   Dev-LoadTimes (C2A15278-BFE7-4AFE-6C17-90FF531DF755): 1
LogDevObjectVersion:   Private-Geometry (6EACA3D4-40EC-4CC1-B786-8BED09428FC5): 1
LogDevObjectVersion:   Dev-AnimPhys (29E575DD-E0A3-4627-9D10-D276232CDCEA): 3
LogInit: Compiled (64-bit): Jul 28 2017 11:49:47
LogInit: Compiled with Visual C++: 19.00.24215.01
LogInit: Build Configuration: Development
LogInit: Branch Name: ++UE4+Release-4.16
LogInit: Command line:  -game
LogInit: Base directory: F:/Juegos Epic/UE_4.16/Engine/Binaries/Win64/
LogInit: Installed Engine Build: 1
LogInit: Presizing for max 8388607 objects, including 0 objects not considered by GC, pre-allocating 0 bytes for permanent pool.
LogInit: Object subsystem initialized
[2021.01.21-17.56.44:082][  0]LogInit: Selected Device Profile: [Windows]
[2021.01.21-17.56.44:082][  0]LogInit: Applying CVar settings loaded from the selected device profile: [Windows]
[2021.01.21-17.56.44:101][  0]LogInit: Computer: ELBARTO
[2021.01.21-17.56.44:101][  0]LogInit: User: aleja
[2021.01.21-17.56.44:101][  0]LogInit: CPU Page size=4096, Cores=4
[2021.01.21-17.56.44:101][  0]LogInit: High frequency timer resolution =10.000000 MHz
[2021.01.21-17.56.44:101][  0]LogMemory: Memory total: Physical=16.0GB (16GB approx)
[2021.01.21-17.56.44:101][  0]LogMemory: Platform Memory Stats for Windows
[2021.01.21-17.56.44:101][  0]LogMemory: Process Physical Memory: 308.70 MB used, 308.71 MB peak
[2021.01.21-17.56.44:101][  0]LogMemory: Process Virtual Memory: 279.39 MB used, 279.39 MB peak
[2021.01.21-17.56.44:101][  0]LogMemory: Physical Memory: 9672.61 MB used,  6678.52 MB free, 16351.14 MB total
[2021.01.21-17.56.44:101][  0]LogMemory: Virtual Memory: 4908.35 MB used,  6678.52 MB free, 134217728.00 MB total
[2021.01.21-17.56.44:244][  0]LogInit: Using OS detected language (es-ES).
[2021.01.21-17.56.44:244][  0]LogInit: Using OS detected locale (es-ES).
[2021.01.21-17.56.44:250][  0]LogTextLocalizationManager: No specific localization for 'es-ES' exists, so the 'es' localization will be used.
[2021.01.21-17.56.45:034][  0]LogD3D11RHI: D3D11 adapters:
[2021.01.21-17.56.45:222][  0]LogD3D11RHI:    0. 'NVIDIA GeForce GTX 1070' (Feature Level 11_0)
[2021.01.21-17.56.45:222][  0]LogD3D11RHI:       8088/0/8175 MB DedicatedVideo/DedicatedSystem/SharedSystem, Outputs:2, VendorId:0x10de
[2021.01.21-17.56.45:227][  0]LogD3D11RHI:    1. 'Microsoft Basic Render Driver' (Feature Level 11_0)
[2021.01.21-17.56.45:227][  0]LogD3D11RHI:       0/0/8175 MB DedicatedVideo/DedicatedSystem/SharedSystem, Outputs:0, VendorId:0x1414
[2021.01.21-17.56.45:227][  0]LogD3D11RHI: Chosen D3D11 Adapter: 0
[2021.01.21-17.56.45:239][  0]LogD3D11RHI: Creating new Direct3DDevice
[2021.01.21-17.56.45:239][  0]LogD3D11RHI:     GPU DeviceId: 0x1b81 (for the marketing name, search the web for "GPU Device Id")
[2021.01.21-17.56.45:239][  0]LogWindows: EnumDisplayDevices:
[2021.01.21-17.56.45:239][  0]LogWindows:    0. 'NVIDIA GeForce GTX 1070' (P:1 D:1)
[2021.01.21-17.56.45:240][  0]LogWindows:    1. 'NVIDIA GeForce GTX 1070' (P:0 D:1)
[2021.01.21-17.56.45:240][  0]LogWindows:    2. 'NVIDIA GeForce GTX 1070' (P:0 D:0)
[2021.01.21-17.56.45:241][  0]LogWindows:    3. 'NVIDIA GeForce GTX 1070' (P:0 D:0)
[2021.01.21-17.56.45:241][  0]LogWindows: DebugString: GetVideoDriverDetailsInvalid PrimaryIsNotTheChoosenAdapter GetVideoDriverDetailsInvalid PrimaryIsNotTheChoosenAdapter GetVideoDriverDetailsInvalid PrimaryIsNotTheChoosenAdapter GetVideoDriverDetailsInvalid PrimaryIsNotTheChoosenAdapter FoundDriverCount:0 
[2021.01.21-17.56.45:241][  0]LogD3D11RHI:     Adapter Name: NVIDIA GeForce GTX 1070
[2021.01.21-17.56.45:241][  0]LogD3D11RHI:   Driver Version: Unknown (internal:Unknown, unified:Unknown)
[2021.01.21-17.56.45:241][  0]LogD3D11RHI:      Driver Date: Unknown
[2021.01.21-17.56.45:241][  0]LogRHI: Texture pool is 1361 MB (70% of 1945 MB)
[2021.01.21-17.56.45:442][  0]LogD3D11RHI: Async texture creation enabled
[2021.01.21-17.56.45:468][  0]LogD3D11RHI: GPU Timing Frequency: 1000.000000 (Debug: 2 1)
[2021.01.21-17.56.45:476][  0]LogShaderCompilers: Guid format shader working directory is -26 characters bigger than the processId version (E:/UNIVERSIDAD-2020/Videojuegos/Unreal/Multijugador/Multijugador-Unreal/Intermediate/Shaders/WorkingDirectory/18400/).
[2021.01.21-17.56.45:476][  0]LogShaderCompilers: Cleaned the shader compiler working directory 'C:/Users/aleja/AppData/Local/Temp/UnrealShaderWorkingDir/30446F7B40D48028FB3C9486CFF59F80/'.
[2021.01.21-17.56.45:476][  0]LogShaderCompilers:Display: Using Local Shader Compiler.
[2021.01.21-17.56.47:063][  0]LogTemp:Display: Loaded TP WindowsClientTargetPlatform
[2021.01.21-17.56.47:145][  0]LogTemp:Display: Loaded TP WindowsNoEditorTargetPlatform
[2021.01.21-17.56.47:229][  0]LogTemp:Display: Loaded TP WindowsServerTargetPlatform
[2021.01.21-17.56.47:306][  0]LogTemp:Display: Loaded TP WindowsTargetPlatform
[2021.01.21-17.56.47:306][  0]LogTargetPlatformManager:Display: Building Assets For Windows
[2021.01.21-17.56.48:245][  0]LogDerivedDataCache:Display: Max Cache Size: 512 MB
[2021.01.21-17.56.48:372][  0]LogDerivedDataCache: Loaded boot cache 0.13s 88MB C:/Users/aleja/AppData/Local/UnrealEngine/4.16/DerivedDataCache/Boot.ddc.
[2021.01.21-17.56.48:372][  0]LogDerivedDataCache:Display: Loaded Boot cache: C:/Users/aleja/AppData/Local/UnrealEngine/4.16/DerivedDataCache/Boot.ddc
[2021.01.21-17.56.48:372][  0]LogDerivedDataCache: FDerivedDataBackendGraph:  Pak pak cache file E:/UNIVERSIDAD-2020/Videojuegos/Unreal/Multijugador/Multijugador-Unreal/DerivedDataCache/DDC.ddp not found, will not use a pak cache.
[2021.01.21-17.56.48:372][  0]LogDerivedDataCache: Unable to find inner node Pak for hierarchical cache Hierarchy.
[2021.01.21-17.56.48:372][  0]LogDerivedDataCache: FDerivedDataBackendGraph:  CompressedPak pak cache file E:/UNIVERSIDAD-2020/Videojuegos/Unreal/Multijugador/Multijugador-Unreal/DerivedDataCache/Compressed.ddp not found, will not use a pak cache.
[2021.01.21-17.56.48:372][  0]LogDerivedDataCache: Unable to find inner node CompressedPak for hierarchical cache Hierarchy.
[2021.01.21-17.56.48:392][  0]LogDerivedDataCache:Display: Pak cache opened for reading ../../../Engine/DerivedDataCache/Compressed.ddp.
[2021.01.21-17.56.48:405][  0]LogDerivedDataCache: Using Local data cache path C:/Users/aleja/AppData/Local/UnrealEngine/Common/DerivedDataCache: Writable
[2021.01.21-17.56.48:421][  0]LogMaterial: Verifying Global Shaders for PCD3D_SM5
[2021.01.21-17.56.48:422][  0]LogSlate: Using Freetype 2.6.0
[2021.01.21-17.56.48:423][  0]LogSlate: SlateFontCache - WITH_FREETYPE: 1, WITH_HARFBUZZ: 1
[2021.01.21-17.56.48:423][  0]LogSlate: SlateFontCache - WITH_FREETYPE: 1, WITH_HARFBUZZ: 1
[2021.01.21-17.56.49:101][  0]LogAssetRegistry: FAssetRegistry took 0.0076 seconds to start up
[2021.01.21-17.56.49:145][  0]LogPackageLocalizationCache: Processed 4 localized package path(s) for 2 prioritized culture(s) in 0.043927 seconds
[2021.01.21-17.56.49:314][  0]LogInit: Selected Device Profile: [Windows]
[2021.01.21-17.56.49:438][  0]LogContentStreaming: Texture pool size is 1000.00 MB
[2021.01.21-17.56.49:702][  0]LogMeshUtilities: Using QuadricMeshReduction for automatic static mesh reduction
[2021.01.21-17.56.49:795][  0]LogSimplygon: Simplygon DLL not present - disabling.
[2021.01.21-17.56.49:911][  0]LogMeshUtilities: Using SimplygonSwarm for distributed automatic mesh merging
[2021.01.21-17.56.49:911][  0]LogMeshUtilities: No automatic skeletal mesh reduction module available
[2021.01.21-17.56.49:911][  0]LogMeshUtilities: No automatic mesh merging module available
[2021.01.21-17.56.50:774][  0]LogNetVersion: Multijugador , NetCL: 3452394, EngineNetVer: 2, GameNetVer: 0 (Checksum: 582825890)
[2021.01.21-17.56.52:795][  0]LogMoviePlayer: Initializing movie player
[2021.01.21-17.56.53:440][  0]LogCollectionManager: Loaded 0 collections in 0.002076 seconds
[2021.01.21-17.56.53:527][  0]LogFileCache: Scanning file cache for directory 'E:/UNIVERSIDAD-2020/Videojuegos/Unreal/Multijugador/Multijugador-Unreal/Saved/Collections/' took 0.01s
[2021.01.21-17.56.53:527][  0]LogFileCache: Scanning file cache for directory 'E:/UNIVERSIDAD-2020/Videojuegos/Unreal/Multijugador/Multijugador-Unreal/Content/Developers/aleja/Collections/' took 0.01s
[2021.01.21-17.56.53:527][  0]LogFileCache: Scanning file cache for directory 'E:/UNIVERSIDAD-2020/Videojuegos/Unreal/Multijugador/Multijugador-Unreal/Content/Collections/' took 0.01s
[2021.01.21-17.56.53:527][  0]LogCollectionManager: Rebuilt the object cache for 0 collections in 0.000004 seconds (found 0 objects)
[2021.01.21-17.56.53:527][  0]LogCollectionManager: Fixed up redirectors for 0 collections in 0.000078 seconds (updated 0 objects)
[2021.01.21-17.56.54:612][  0]SourceControl: Información El control de código fuente está desactivado
[2021.01.21-17.56.54:612][  0]SourceControl: Información El control de código fuente está desactivado
[2021.01.21-17.56.54:719][  0]SourceControl: Información El control de código fuente está desactivado
[2021.01.21-17.56.55:221][  0]LogAndroidPermission: UAndroidPermissionCallbackProxy::GetInstance
[2021.01.21-17.56.56:052][  0]LogUObjectArray: 37227 objects as part of root set at end of initial load.
[2021.01.21-17.56.56:052][  0]LogUObjectAllocator: 8612576 out of 0 bytes used by permanent object pool.
[2021.01.21-17.56.56:052][  0]LogUObjectArray: CloseDisregardForGC: 0/0 objects in disregard for GC pool
[2021.01.21-17.56.56:220][  0]LogEngine: Initializing Engine...
[2021.01.21-17.56.56:222][  0]LogHMD: Failed to initialize OpenVR with code 110
[2021.01.21-17.56.56:488][  0]LogStats: UGameplayTagsManager::ConstructGameplayTagTree: Construct from data asset -  0.000 s
[2021.01.21-17.56.56:488][  0]LogStats: UGameplayTagsManager::ConstructGameplayTagTree: GameplayTagTreeChangedEvent.Broadcast -  0.000 s
[2021.01.21-17.56.56:532][  0]LogInit: XAudio2 using 'PHL 273V5 (NVIDIA High Definition Audio)' : 2 channels at 48 kHz using 16 bits per sample (channel mask 0x3)
[2021.01.21-17.56.56:565][  0]LogInit: FAudioDevice initialized.
[2021.01.21-17.56.56:625][  0]LogDerivedDataCache: Saved boot cache 0.05s 88MB C:/Users/aleja/AppData/Local/UnrealEngine/4.16/DerivedDataCache/Boot.ddc.
[2021.01.21-17.56.56:643][  0]LogInit: Texture streaming: Enabled
[2021.01.21-17.56.56:666][  0]LogMaterial: Uniform references updated for custom material expression Custom.
[2021.01.21-17.56.57:147][  0]LogSlateStyle:Warning: No pudo encontrar el estilo del widget del cuadro 'NormalText'. Utilizando FTextBlockStyle predeterminado en su lugar.
[2021.01.21-17.56.57:147][  0]LogSlateStyle:Warning: No pudo encontrar el estilo del widget del cuadro 'SpinBox'. Utilizando FSpinBoxStyle predeterminado en su lugar.
[2021.01.21-17.56.57:532][  0]LogInit:Display: Game Engine Initialized.
[2021.01.21-17.56.57:861][  0]LogInit:Display: Starting Game.
[2021.01.21-17.56.57:861][  0]LogNet: Browse: /Game/Menu?Name=Player
[2021.01.21-17.56.57:861][  0]LogLoad: LoadMap: /Game/Menu?Name=Player
[2021.01.21-17.56.57:888][  0]LogMemory: Platform Memory Stats for Windows
[2021.01.21-17.56.57:888][  0]LogMemory: Process Physical Memory: 823.74 MB used, 893.88 MB peak
[2021.01.21-17.56.57:888][  0]LogMemory: Process Virtual Memory: 968.00 MB used, 989.61 MB peak
[2021.01.21-17.56.57:888][  0]LogMemory: Physical Memory: 10174.75 MB used,  6176.38 MB free, 16351.14 MB total
[2021.01.21-17.56.57:888][  0]LogMemory: Virtual Memory: 5871.61 MB used,  6176.38 MB free, 134217728.00 MB total
[2021.01.21-17.56.57:888][  0]LogMemory: 
[2021.01.21-17.56.57:888][  0]Allocator Stats for TBB: (not implemented)
[2021.01.21-17.56.58:240][  0]LogAIModule: Creating AISystem for world Menu
[2021.01.21-17.56.58:240][  0]LogLoad: Game class is 'ModoMenu_C'
[2021.01.21-17.56.58:243][  0]LogWorld: Bringing World /Game/Menu.Menu up for play (max tick rate 0) at 2021.01.21-18.56.58
[2021.01.21-17.56.58:244][  0]LogWorld: Bringing up level for play took: 0.000870
[2021.01.21-17.56.58:248][  0]LogLoad: Took 0.386782 seconds to LoadMap(/Game/Menu)
[2021.01.21-17.56.58:608][  0]LogRenderer: Reallocating scene render targets to support 1920x1080 NumSamples 1 (Frame:1).
[2021.01.21-17.56.58:608][  0]LogLoad: (Engine Initialization) Total time: 17.63 seconds
[2021.01.21-17.56.58:608][  0]LogLoad: (Engine Initialization) Total Blueprint compile time: 0.15 seconds
[2021.01.21-17.56.58:608][  0]LogExternalProfiler: No external profilers were discovered.  External profiling features will not be available.
[2021.01.21-17.56.58:626][  0]LogOcInput: OculusInput pre-init called
[2021.01.21-17.56.58:626][  0]LogHMD: Starting GearVRController plugin
[2021.01.21-17.57.12:629][868]LogBlueprintUserMessages: [ModoMenu_C_0] Creando
[2021.01.21-17.57.12:629][868]LogOnline:Warning: STEAM: Can't destroy a null online session (Game)
[2021.01.21-17.57.12:629][868]LogNetVersion: Multijugador 1.0.0.0, NetCL: 3452394, EngineNetVer: 2, GameNetVer: 0 (Checksum: 4068902597)
[2021.01.21-17.57.12:899][885]LogBlueprintUserMessages: [ModoMenu_C_0] Creada con Exito
[2021.01.21-17.57.13:037][885]LogPackageName: SearchForPackageOnDisk took   0.136s to resolve Campo.umap.
[2021.01.21-17.57.13:167][885]LogPackageName: SearchForPackageOnDisk took   0.129s to resolve Campo.umap.
[2021.01.21-17.57.13:167][885]LogNet: Browse: /Game/Campo?listen
[2021.01.21-17.57.13:167][885]LogLoad: LoadMap: /Game/Campo?listen
[2021.01.21-17.57.13:192][885]LogMemory: Platform Memory Stats for Windows
[2021.01.21-17.57.13:192][885]LogMemory: Process Physical Memory: 746.37 MB used, 893.88 MB peak
[2021.01.21-17.57.13:192][885]LogMemory: Process Virtual Memory: 1150.30 MB used, 1300.04 MB peak
[2021.01.21-17.57.13:192][885]LogMemory: Physical Memory: 9956.41 MB used,  6394.73 MB free, 16351.14 MB total
[2021.01.21-17.57.13:192][885]LogMemory: Virtual Memory: 6131.79 MB used,  6394.73 MB free, 134217728.00 MB total
[2021.01.21-17.57.13:192][885]LogMemory: 
[2021.01.21-17.57.13:192][885]Allocator Stats for TBB: (not implemented)
[2021.01.21-17.57.13:613][885]LogLinker:Warning: No puede encontrar el archivo '/Game/StarterContent/Materials/M_Metal_Copper'
[2021.01.21-17.57.13:613][885]LogUObjectGlobals:Warning: Error al cargar '/Game/StarterContent/Materials/M_Metal_Copper': No puede encontrar el archivo '/Game/StarterContent/Materials/M_Metal_Copper'
[2021.01.21-17.57.13:613][885]LogLinker:Warning: No puede encontrar el archivo para el activo '/Game/StarterContent/Materials/M_Metal_Copper' mientras carga NULL.
[2021.01.21-17.57.13:613][885]LogUObjectGlobals:Warning: Error al cargar '/Game/StarterContent/Materials/M_Metal_Copper': No puede encontrar el archivo para el activo '/Game/StarterContent/Materials/M_Metal_Copper' mientras carga NULL.
[2021.01.21-17.57.13:615][885]LogLinker:Warning: No puede encontrar el archivo '/Game/StarterContent/Materials/M_Metal_Copper'
[2021.01.21-17.57.13:615][885]LoadErrors: Información Error al cargar /Game/StarterContent/Materials/M_Metal_Copper.M_Metal_Copper Referenciado por Cube_GEN_VARIABLE
[2021.01.21-17.57.13:615][885]LogUObjectGlobals:Warning: Error al cargar '/Game/StarterContent/Materials/M_Metal_Copper': No puede encontrar el archivo '/Game/StarterContent/Materials/M_Metal_Copper'
[2021.01.21-17.57.13:616][885]LogLinker:Warning: No puede encontrar el archivo para el activo '/Game/StarterContent/Materials/M_Metal_Copper' mientras carga NULL.
[2021.01.21-17.57.13:616][885]LoadErrors: Información Error al cargar /Game/StarterContent/Materials/M_Metal_Copper.M_Metal_Copper Referenciado por Cube_GEN_VARIABLE
[2021.01.21-17.57.13:616][885]LogUObjectGlobals:Warning: Error al cargar '/Game/StarterContent/Materials/M_Metal_Copper': No puede encontrar el archivo para el activo '/Game/StarterContent/Materials/M_Metal_Copper' mientras carga NULL.
[2021.01.21-17.57.13:769][885]LogAIModule: Creating AISystem for world Campo
[2021.01.21-17.57.13:801][885]LogLoad: Game class is 'ModoJuego_C'
[2021.01.21-17.57.13:801][885]LogTemp:Display: ParseSettings for GameNetDriver
[2021.01.21-17.57.13:801][885]LogTemp:Display: ParseSettings for SteamNetDriver_0
[2021.01.21-17.57.13:801][885]LogTemp:Display: ParseSettings for GameNetDriver
[2021.01.21-17.57.13:802][885]LogNet:Display: SteamNetDriver_0 bound to port 7777
[2021.01.21-17.57.13:802][885]PacketHandlerLog: Loaded PacketHandler component: Engine.EngineHandlerComponentFactory (StatelessConnectHandlerComponent)
[2021.01.21-17.57.13:802][885]LogNet: GameNetDriver SteamNetDriver_0 IpNetDriver listening on port 7777
[2021.01.21-17.57.13:820][885]LogWorld: Bringing World /Game/Campo.Campo up for play (max tick rate 0) at 2021.01.21-18.57.13
[2021.01.21-17.57.13:823][885]LogWorld: Bringing up level for play took: 0.019051
[2021.01.21-17.57.13:829][885]LogLoad: Took 0.661441 seconds to LoadMap(/Game/Campo)
[2021.01.21-17.57.13:884][886]LogCharacterMovement:Warning: GetSimulationTimeStep() - Max iterations 8 hit while remaining time 0.067081 > MaxSimulationTimeStep (0.050) for 'Enemigo4_348', movement 'Walking'
[2021.01.21-17.57.16:145][ 22]LogScript:Warning: Accessed None trying to read property Pelotaaa
	Jugador_C /Game/Campo.Campo:PersistentLevel.Jugador_C_0
	Function /Game/Jugador/Jugador.Jugador_C:ExecuteUbergraph_Jugador:08B8
[2021.01.21-17.57.16:145][ 22]LogScript:Warning: Script call stack:
	Function /Game/Jugador/Jugador.Jugador_C:ExecuteUbergraph_Jugador
	Function /Game/Jugador/Jugador.Jugador_C:LanzarPelotaRed
	Function /Game/Jugador/Jugador.Jugador_C:ExecuteUbergraph_Jugador
	Function /Game/Jugador/Jugador.Jugador_C:Lanzar pelota
	Function /Game/Jugador/Jugador.Jugador_C:ExecuteUbergraph_Jugador

[2021.01.21-17.57.16:145][ 22]LogScript:Warning: Accessed None
	Jugador_C /Game/Campo.Campo:PersistentLevel.Jugador_C_0
	Function /Game/Jugador/Jugador.Jugador_C:ExecuteUbergraph_Jugador:08CD
[2021.01.21-17.57.16:145][ 22]LogScript:Warning: Script call stack:
	Function /Game/Jugador/Jugador.Jugador_C:ExecuteUbergraph_Jugador
	Function /Game/Jugador/Jugador.Jugador_C:LanzarPelotaRed
	Function /Game/Jugador/Jugador.Jugador_C:ExecuteUbergraph_Jugador
	Function /Game/Jugador/Jugador.Jugador_C:Lanzar pelota
	Function /Game/Jugador/Jugador.Jugador_C:ExecuteUbergraph_Jugador

[2021.01.21-17.57.16:145][ 22]LogScript:Warning: Accessed None trying to read property Pelotaaa
	Jugador_C /Game/Campo.Campo:PersistentLevel.Jugador_C_0
	Function /Game/Jugador/Jugador.Jugador_C:ExecuteUbergraph_Jugador:08FC
[2021.01.21-17.57.16:145][ 22]LogScript:Warning: Script call stack:
	Function /Game/Jugador/Jugador.Jugador_C:ExecuteUbergraph_Jugador
	Function /Game/Jugador/Jugador.Jugador_C:LanzarPelotaRed
	Function /Game/Jugador/Jugador.Jugador_C:ExecuteUbergraph_Jugador
	Function /Game/Jugador/Jugador.Jugador_C:Lanzar pelota
	Function /Game/Jugador/Jugador.Jugador_C:ExecuteUbergraph_Jugador

[2021.01.21-17.57.16:145][ 22]LogScript:Warning: Accessed None
	Jugador_C /Game/Campo.Campo:PersistentLevel.Jugador_C_0
	Function /Game/Jugador/Jugador.Jugador_C:ExecuteUbergraph_Jugador:0911
[2021.01.21-17.57.16:145][ 22]LogScript:Warning: Script call stack:
	Function /Game/Jugador/Jugador.Jugador_C:ExecuteUbergraph_Jugador
	Function /Game/Jugador/Jugador.Jugador_C:LanzarPelotaRed
	Function /Game/Jugador/Jugador.Jugador_C:ExecuteUbergraph_Jugador
	Function /Game/Jugador/Jugador.Jugador_C:Lanzar pelota
	Function /Game/Jugador/Jugador.Jugador_C:ExecuteUbergraph_Jugador

[2021.01.21-17.57.16:145][ 22]LogScript:Warning: Accessed None trying to read property Pelotaaa
	Jugador_C /Game/Campo.Campo:PersistentLevel.Jugador_C_0
	Function /Game/Jugador/Jugador.Jugador_C:ExecuteUbergraph_Jugador:0936
[2021.01.21-17.57.16:145][ 22]LogScript:Warning: Script call stack:
	Function /Game/Jugador/Jugador.Jugador_C:ExecuteUbergraph_Jugador
	Function /Game/Jugador/Jugador.Jugador_C:LanzarPelotaRed
	Function /Game/Jugador/Jugador.Jugador_C:ExecuteUbergraph_Jugador
	Function /Game/Jugador/Jugador.Jugador_C:Lanzar pelota
	Function /Game/Jugador/Jugador.Jugador_C:ExecuteUbergraph_Jugador

[2021.01.21-17.57.16:145][ 22]LogScript:Warning: Accessed None trying to read property Pelotaaa
	Jugador_C /Game/Campo.Campo:PersistentLevel.Jugador_C_0
	Function /Game/Jugador/Jugador.Jugador_C:ExecuteUbergraph_Jugador:0957
[2021.01.21-17.57.16:145][ 22]LogScript:Warning: Script call stack:
	Function /Game/Jugador/Jugador.Jugador_C:ExecuteUbergraph_Jugador
	Function /Game/Jugador/Jugador.Jugador_C:LanzarPelotaRed
	Function /Game/Jugador/Jugador.Jugador_C:ExecuteUbergraph_Jugador
	Function /Game/Jugador/Jugador.Jugador_C:Lanzar pelota
	Function /Game/Jugador/Jugador.Jugador_C:ExecuteUbergraph_Jugador

[2021.01.21-17.57.19:145][208]LogBlueprintUserMessages: [Jugador_C_0] Lo coges
[2021.01.21-17.57.19:145][208]LogBlueprintUserMessages: [Jugador_C_0] Tocas pelota
[2021.01.21-17.57.19:145][208]LogBlueprintUserMessages: [Jugador_C_0] Lo coges
[2021.01.21-17.57.19:145][208]LogBlueprintUserMessages: [Jugador_C_0] Tocas pelota
[2021.01.21-17.57.19:161][209]LogBlueprintUserMessages: [Jugador_C_0] Lo coges
[2021.01.21-17.57.19:161][209]LogBlueprintUserMessages: [Jugador_C_0] Tocas pelota
[2021.01.21-17.57.19:194][211]LogBlueprintUserMessages: [Jugador_C_0] Lo coges
[2021.01.21-17.57.19:194][211]LogBlueprintUserMessages: [Jugador_C_0] Tocas pelota
[2021.01.21-17.57.19:194][211]LogBlueprintUserMessages: [Jugador_C_0] Lo coges
[2021.01.21-17.57.19:194][211]LogBlueprintUserMessages: [Jugador_C_0] Tocas pelota
[2021.01.21-17.57.25:838][623]LogBlueprintUserMessages: [Jugador_C_0] Lo coges
[2021.01.21-17.57.25:838][623]LogBlueprintUserMessages: [Jugador_C_0] Tocas pelota
[2021.01.21-17.57.25:838][623]LogBlueprintUserMessages: [Jugador_C_0] Lo coges
[2021.01.21-17.57.25:838][623]LogBlueprintUserMessages: [Jugador_C_0] Tocas pelota
[2021.01.21-17.57.25:854][624]LogBlueprintUserMessages: [Jugador_C_0] Lo coges
[2021.01.21-17.57.25:854][624]LogBlueprintUserMessages: [Jugador_C_0] Tocas pelota
[2021.01.21-17.57.32:420][ 31]LogBlueprintUserMessages: [Jugador_C_0] Lo coges
[2021.01.21-17.57.32:420][ 31]LogBlueprintUserMessages: [Jugador_C_0] Tocas pelota
[2021.01.21-17.57.32:421][ 31]LogBlueprintUserMessages: [Jugador_C_0] Lo coges
[2021.01.21-17.57.32:421][ 31]LogBlueprintUserMessages: [Jugador_C_0] Tocas pelota
[2021.01.21-17.57.32:436][ 32]LogBlueprintUserMessages: [Jugador_C_0] Lo coges
[2021.01.21-17.57.32:436][ 32]LogBlueprintUserMessages: [Jugador_C_0] Tocas pelota
[2021.01.21-17.57.32:436][ 32]LogBlueprintUserMessages: [Jugador_C_0] Lo coges
[2021.01.21-17.57.32:436][ 32]LogBlueprintUserMessages: [Jugador_C_0] Tocas pelota
[2021.01.21-17.57.32:468][ 34]LogBlueprintUserMessages: [Jugador_C_0] Lo coges
[2021.01.21-17.57.32:468][ 34]LogBlueprintUserMessages: [Jugador_C_0] Tocas pelota
[2021.01.21-17.57.32:468][ 34]LogBlueprintUserMessages: [Jugador_C_0] Lo coges
[2021.01.21-17.57.32:468][ 34]LogBlueprintUserMessages: [Jugador_C_0] Tocas pelota
[2021.01.21-17.57.32:936][ 63]LogBlueprintUserMessages: [Jugador_C_0] Lo coges
[2021.01.21-17.57.32:936][ 63]LogBlueprintUserMessages: [Jugador_C_0] Tocas pelota
[2021.01.21-17.57.32:936][ 63]LogBlueprintUserMessages: [Jugador_C_0] Lo coges
[2021.01.21-17.57.32:936][ 63]LogBlueprintUserMessages: [Jugador_C_0] Tocas pelota
[2021.01.21-17.57.42:258][641]LogBlueprintUserMessages: [Jugador_C_0] Lo coges
[2021.01.21-17.57.42:258][641]LogBlueprintUserMessages: [Jugador_C_0] Tocas pelota
[2021.01.21-17.57.42:258][641]LogBlueprintUserMessages: [Jugador_C_0] Lo coges
[2021.01.21-17.57.42:258][641]LogBlueprintUserMessages: [Jugador_C_0] Tocas pelota
[2021.01.21-17.57.42:274][642]LogBlueprintUserMessages: [Jugador_C_0] Lo coges
[2021.01.21-17.57.42:274][642]LogBlueprintUserMessages: [Jugador_C_0] Tocas pelota
[2021.01.21-17.57.42:275][642]LogBlueprintUserMessages: [Jugador_C_0] Lo coges
[2021.01.21-17.57.42:275][642]LogBlueprintUserMessages: [Jugador_C_0] Tocas pelota
[2021.01.21-17.57.42:307][644]LogBlueprintUserMessages: [Jugador_C_0] Lo coges
[2021.01.21-17.57.42:307][644]LogBlueprintUserMessages: [Jugador_C_0] Tocas pelota
[2021.01.21-17.57.42:307][644]LogBlueprintUserMessages: [Jugador_C_0] Lo coges
[2021.01.21-17.57.42:307][644]LogBlueprintUserMessages: [Jugador_C_0] Tocas pelota
[2021.01.21-17.57.47:307][954]LogBlueprintUserMessages: [Pelota_Base_C_2] Explosion!!!
[2021.01.21-17.57.47:404][960]LogBlueprintUserMessages: [Jugador_C_0] Tocas pelota
[2021.01.21-17.57.47:404][960]LogBlueprintUserMessages: [Jugador_C_0] Tocas pelota
[2021.01.21-17.57.47:501][966]LogBlueprintUserMessages: [Pelota_Base_C_2] Explosion!!!
[2021.01.21-17.57.48:049][  0]LogNet: NotifyAcceptingConnection accepted from: 76561198173410073:7777
[2021.01.21-17.57.48:049][  0]LogHandshake: SendConnectChallenge. Timestamp: 35.161373, Cookie: 178075127008227157005057198162068205201096095091192069084190
[2021.01.21-17.57.48:049][  0]LogNet: NotifyAcceptingConnection accepted from: 76561198173410073:7777
[2021.01.21-17.57.48:049][  0]LogHandshake: SendConnectChallenge. Timestamp: 35.161373, Cookie: 178075127008227157005057198162068205201096095091192069084190
[2021.01.21-17.57.48:050][  0]LogNet: NotifyAcceptingConnection accepted from: 76561198173410073:7777
[2021.01.21-17.57.48:050][  0]LogHandshake: SendConnectChallenge. Timestamp: 35.161373, Cookie: 178075127008227157005057198162068205201096095091192069084190
[2021.01.21-17.57.48:050][  0]LogNet: NotifyAcceptingConnection accepted from: 76561198173410073:7777
[2021.01.21-17.57.48:050][  0]LogHandshake: SendConnectChallenge. Timestamp: 35.161373, Cookie: 178075127008227157005057198162068205201096095091192069084190
[2021.01.21-17.57.48:050][  0]LogNet: NotifyAcceptingConnection accepted from: 76561198173410073:7777
[2021.01.21-17.57.48:050][  0]LogHandshake: SendConnectChallenge. Timestamp: 35.161373, Cookie: 178075127008227157005057198162068205201096095091192069084190
[2021.01.21-17.57.48:113][  4]LogNet: NotifyAcceptingConnection accepted from: 76561198173410073:7777
[2021.01.21-17.57.48:113][  4]LogNet: Server accepting post-challenge connection from: 76561198173410073:7777
[2021.01.21-17.57.48:113][  4]PacketHandlerLog: Loaded PacketHandler component: Engine.EngineHandlerComponentFactory (StatelessConnectHandlerComponent)
[2021.01.21-17.57.48:113][  4]LogNet: NotifyAcceptedConnection: Name: Campo, TimeStamp: 01/21/21 18:57:48, [UNetConnection] RemoteAddr: 76561198173410073:7777, Name: SteamNetConnection_0, Driver: GameNetDriver SteamNetDriver_0, IsServer: YES, PC: NULL, Owner: NULL
[2021.01.21-17.57.48:113][  4]LogNet: AddClientConnection: Added client connection: [UNetConnection] RemoteAddr: 76561198173410073:7777, Name: SteamNetConnection_0, Driver: GameNetDriver SteamNetDriver_0, IsServer: YES, PC: NULL, Owner: NULL
[2021.01.21-17.57.48:324][ 17]LogNet: NotifyAcceptingChannel Control 0 server World /Game/Campo.Campo: Accepted
[2021.01.21-17.57.48:324][ 17]LogNet: Remote platform little endian=1
[2021.01.21-17.57.48:324][ 17]LogNet: This platform little endian=1
[2021.01.21-17.57.48:436][ 24]LogNet: Login request: /Game/Menu?Name=Barón Tigretón userId: 76561198173410073
[2021.01.21-17.57.48:485][ 27]LogNet: Client netspeed is 10000
[2021.01.21-17.57.50:436][148]LogNet: Join request: /Game/Menu?Name=Barón Tigretón?SplitscreenCount=1
[2021.01.21-17.57.50:441][148]LogNet: Join succeeded: Barón Tigretón
[2021.01.21-17.57.51:727][228]LogRep: FRepLayout::UpdateChangelistHistory: History overflow, forcing history dump Jugador_C
[2021.01.21-17.57.52:487][275]LogSpawn:Warning: SpawnActor failed because of collision at the spawn location [X=-32478.922 Y=-15428.224 Z=126.719] for [Pelota_Base_C]
[2021.01.21-17.57.52:599][282]LogRep: FRepLayout::UpdateChangelistHistory: History overflow, forcing history dump Jugador_C
[2021.01.21-17.57.54:179][380]LogBlueprintUserMessages: [Jugador_C_0] Lo coges
[2021.01.21-17.57.54:179][380]LogBlueprintUserMessages: [Jugador_C_0] Tocas pelota
[2021.01.21-17.57.54:195][381]LogBlueprintUserMessages: [Jugador_C_0] Lo coges
[2021.01.21-17.57.54:195][381]LogBlueprintUserMessages: [Jugador_C_0] Tocas pelota
[2021.01.21-17.57.54:228][383]LogBlueprintUserMessages: [Jugador_C_0] Lo coges
[2021.01.21-17.57.54:228][383]LogBlueprintUserMessages: [Jugador_C_0] Tocas pelota
[2021.01.21-17.57.54:228][383]LogBlueprintUserMessages: [Jugador_C_0] Lo coges
[2021.01.21-17.57.54:228][383]LogBlueprintUserMessages: [Jugador_C_0] Tocas pelota
[2021.01.21-17.57.57:146][564]LogNet: Server connection received: ActorChannelFailure
[2021.01.21-17.57.57:146][564]LogNet: Server connection received: ActorChannelFailure
[2021.01.21-17.57.57:179][566]LogBlueprintUserMessages: [Pelota_Base_C_22] Explosion!!!
[2021.01.21-17.57.57:324][575]LogNet: UChannel::ReceivedSequencedBunch: Bunch.bClose == true. ChIndex == 0. Calling ConditionalCleanUp.
[2021.01.21-17.57.57:324][575]LogNet: UChannel::CleanUp: ChIndex == 0. Closing connection. [UChannel] ChIndex: 0, Closing: 0 [UNetConnection] RemoteAddr: 76561198173410073:7777, Name: SteamNetConnection_0, Driver: GameNetDriver SteamNetDriver_0, IsServer: YES, PC: PlayerController_1, Owner: PlayerController_1
[2021.01.21-17.57.57:324][575]LogNet: UNetConnection::Close: [UNetConnection] RemoteAddr: 76561198173410073:7777, Name: SteamNetConnection_0, Driver: GameNetDriver SteamNetDriver_0, IsServer: YES, PC: PlayerController_1, Owner: PlayerController_1, Channels: 32, Time: 2021.01.21-17.57.57
[2021.01.21-17.57.57:324][575]LogNet: UChannel::Close: Sending CloseBunch. ChIndex == 0. Name: [UChannel] ChIndex: 0, Closing: 0 [UNetConnection] RemoteAddr: 76561198173410073:7777, Name: SteamNetConnection_0, Driver: GameNetDriver SteamNetDriver_0, IsServer: YES, PC: PlayerController_1, Owner: PlayerController_1
[2021.01.21-17.58.02:005][865]LogBlueprintUserMessages: [Jugador_C_0] Lo coges
[2021.01.21-17.58.02:005][865]LogBlueprintUserMessages: [Jugador_C_0] Tocas pelota
[2021.01.21-17.58.02:005][865]LogBlueprintUserMessages: [Jugador_C_0] Lo coges
[2021.01.21-17.58.02:005][865]LogBlueprintUserMessages: [Jugador_C_0] Tocas pelota
[2021.01.21-17.58.02:022][866]LogBlueprintUserMessages: [Jugador_C_0] Lo coges
[2021.01.21-17.58.02:022][866]LogBlueprintUserMessages: [Jugador_C_0] Tocas pelota
[2021.01.21-17.58.02:053][868]LogBlueprintUserMessages: [Jugador_C_0] Lo coges
[2021.01.21-17.58.02:053][868]LogBlueprintUserMessages: [Jugador_C_0] Tocas pelota
[2021.01.21-17.58.02:053][868]LogBlueprintUserMessages: [Jugador_C_0] Lo coges
[2021.01.21-17.58.02:053][868]LogBlueprintUserMessages: [Jugador_C_0] Tocas pelota
[2021.01.21-17.58.02:311][884]LogBlueprintUserMessages: [Jugador_C_0] Lo coges
[2021.01.21-17.58.02:311][884]LogBlueprintUserMessages: [Jugador_C_0] Tocas pelota
[2021.01.21-17.58.02:311][884]LogBlueprintUserMessages: [Jugador_C_0] Lo coges
[2021.01.21-17.58.02:311][884]LogBlueprintUserMessages: [Jugador_C_0] Tocas pelota
[2021.01.21-17.58.02:392][889]LogBlueprintUserMessages: [Jugador_C_0] Lo coges
[2021.01.21-17.58.02:392][889]LogBlueprintUserMessages: [Jugador_C_0] Tocas pelota
[2021.01.21-17.58.02:392][889]LogBlueprintUserMessages: [Jugador_C_0] Lo coges
[2021.01.21-17.58.02:392][889]LogBlueprintUserMessages: [Jugador_C_0] Tocas pelota
[2021.01.21-17.58.02:408][890]LogBlueprintUserMessages: [Jugador_C_0] Lo coges
[2021.01.21-17.58.02:408][890]LogBlueprintUserMessages: [Jugador_C_0] Tocas pelota
[2021.01.21-17.58.02:408][890]LogBlueprintUserMessages: [Jugador_C_0] Lo coges
[2021.01.21-17.58.02:408][890]LogBlueprintUserMessages: [Jugador_C_0] Tocas pelota
[2021.01.21-17.58.02:424][891]LogBlueprintUserMessages: [Jugador_C_0] Lo coges
[2021.01.21-17.58.02:424][891]LogBlueprintUserMessages: [Jugador_C_0] Tocas pelota
[2021.01.21-17.58.02:424][891]LogBlueprintUserMessages: [Jugador_C_0] Lo coges
[2021.01.21-17.58.02:424][891]LogBlueprintUserMessages: [Jugador_C_0] Tocas pelota
[2021.01.21-17.58.02:457][893]LogBlueprintUserMessages: [Jugador_C_0] Lo coges
[2021.01.21-17.58.02:457][893]LogBlueprintUserMessages: [Jugador_C_0] Tocas pelota
[2021.01.21-17.58.02:457][893]LogBlueprintUserMessages: [Jugador_C_0] Lo coges
[2021.01.21-17.58.02:457][893]LogBlueprintUserMessages: [Jugador_C_0] Tocas pelota
[2021.01.21-17.58.11:409][448]LogBlueprintUserMessages: [Jugador_C_0] Lo coges
[2021.01.21-17.58.11:409][448]LogBlueprintUserMessages: [Jugador_C_0] Tocas pelota
[2021.01.21-17.58.11:425][449]LogBlueprintUserMessages: [Jugador_C_0] Lo coges
[2021.01.21-17.58.11:425][449]LogBlueprintUserMessages: [Jugador_C_0] Tocas pelota
[2021.01.21-17.58.11:458][451]LogBlueprintUserMessages: [Jugador_C_0] Lo coges
[2021.01.21-17.58.11:458][451]LogBlueprintUserMessages: [Jugador_C_0] Tocas pelota
[2021.01.21-17.58.11:458][451]LogBlueprintUserMessages: [Jugador_C_0] Lo coges
[2021.01.21-17.58.11:458][451]LogBlueprintUserMessages: [Jugador_C_0] Tocas pelota
[2021.01.21-17.58.11:716][467]LogBlueprintUserMessages: [Jugador_C_0] Lo coges
[2021.01.21-17.58.11:716][467]LogBlueprintUserMessages: [Jugador_C_0] Tocas pelota
[2021.01.21-17.58.11:716][467]LogBlueprintUserMessages: [Jugador_C_0] Lo coges
[2021.01.21-17.58.11:716][467]LogBlueprintUserMessages: [Jugador_C_0] Tocas pelota
[2021.01.21-17.58.11:732][468]LogBlueprintUserMessages: [Jugador_C_0] Lo coges
[2021.01.21-17.58.11:732][468]LogBlueprintUserMessages: [Jugador_C_0] Tocas pelota
[2021.01.21-17.58.11:732][468]LogBlueprintUserMessages: [Jugador_C_0] Lo coges
[2021.01.21-17.58.11:732][468]LogBlueprintUserMessages: [Jugador_C_0] Tocas pelota
[2021.01.21-17.58.11:748][469]LogBlueprintUserMessages: [Jugador_C_0] Lo coges
[2021.01.21-17.58.11:748][469]LogBlueprintUserMessages: [Jugador_C_0] Tocas pelota
[2021.01.21-17.58.11:748][469]LogBlueprintUserMessages: [Jugador_C_0] Lo coges
[2021.01.21-17.58.11:748][469]LogBlueprintUserMessages: [Jugador_C_0] Tocas pelota
[2021.01.21-17.58.11:780][471]LogBlueprintUserMessages: [Jugador_C_0] Lo coges
[2021.01.21-17.58.11:780][471]LogBlueprintUserMessages: [Jugador_C_0] Tocas pelota
[2021.01.21-17.58.11:780][471]LogBlueprintUserMessages: [Jugador_C_0] Lo coges
[2021.01.21-17.58.11:780][471]LogBlueprintUserMessages: [Jugador_C_0] Tocas pelota
[2021.01.21-17.58.11:797][472]LogBlueprintUserMessages: [Jugador_C_0] Lo coges
[2021.01.21-17.58.11:797][472]LogBlueprintUserMessages: [Jugador_C_0] Tocas pelota
[2021.01.21-17.58.11:797][472]LogBlueprintUserMessages: [Jugador_C_0] Lo coges
[2021.01.21-17.58.11:797][472]LogBlueprintUserMessages: [Jugador_C_0] Tocas pelota
[2021.01.21-17.58.11:813][473]LogBlueprintUserMessages: [Jugador_C_0] Lo coges
[2021.01.21-17.58.11:813][473]LogBlueprintUserMessages: [Jugador_C_0] Tocas pelota
[2021.01.21-17.58.11:813][473]LogBlueprintUserMessages: [Jugador_C_0] Lo coges
[2021.01.21-17.58.11:813][473]LogBlueprintUserMessages: [Jugador_C_0] Tocas pelota
[2021.01.21-17.58.11:828][474]LogBlueprintUserMessages: [Jugador_C_0] Lo coges
[2021.01.21-17.58.11:828][474]LogBlueprintUserMessages: [Jugador_C_0] Tocas pelota
[2021.01.21-17.58.11:829][474]LogBlueprintUserMessages: [Jugador_C_0] Lo coges
[2021.01.21-17.58.11:829][474]LogBlueprintUserMessages: [Jugador_C_0] Tocas pelota
[2021.01.21-17.58.11:845][475]LogBlueprintUserMessages: [Jugador_C_0] Lo coges
[2021.01.21-17.58.11:845][475]LogBlueprintUserMessages: [Jugador_C_0] Tocas pelota
[2021.01.21-17.58.11:845][475]LogBlueprintUserMessages: [Jugador_C_0] Lo coges
[2021.01.21-17.58.11:845][475]LogBlueprintUserMessages: [Jugador_C_0] Tocas pelota
[2021.01.21-17.58.11:860][476]LogBlueprintUserMessages: [Jugador_C_0] Lo coges
[2021.01.21-17.58.11:861][476]LogBlueprintUserMessages: [Jugador_C_0] Tocas pelota
[2021.01.21-17.58.11:861][476]LogBlueprintUserMessages: [Jugador_C_0] Lo coges
[2021.01.21-17.58.11:861][476]LogBlueprintUserMessages: [Jugador_C_0] Tocas pelota
[2021.01.21-17.58.11:877][477]LogBlueprintUserMessages: [Jugador_C_0] Lo coges
[2021.01.21-17.58.11:877][477]LogBlueprintUserMessages: [Jugador_C_0] Tocas pelota
[2021.01.21-17.58.11:877][477]LogBlueprintUserMessages: [Jugador_C_0] Lo coges
[2021.01.21-17.58.11:877][477]LogBlueprintUserMessages: [Jugador_C_0] Tocas pelota
[2021.01.21-17.58.11:893][478]LogBlueprintUserMessages: [Jugador_C_0] Lo coges
[2021.01.21-17.58.11:893][478]LogBlueprintUserMessages: [Jugador_C_0] Tocas pelota
[2021.01.21-17.58.11:893][478]LogBlueprintUserMessages: [Jugador_C_0] Lo coges
[2021.01.21-17.58.11:893][478]LogBlueprintUserMessages: [Jugador_C_0] Tocas pelota
[2021.01.21-17.58.16:717][777]LogBlueprintUserMessages: [Jugador_C_0] Lo coges
[2021.01.21-17.58.16:717][777]LogBlueprintUserMessages: [Jugador_C_0] Tocas pelota
[2021.01.21-17.58.16:733][778]LogBlueprintUserMessages: [Jugador_C_0] Lo coges
[2021.01.21-17.58.16:733][778]LogBlueprintUserMessages: [Jugador_C_0] Tocas pelota
[2021.01.21-17.58.16:733][778]LogBlueprintUserMessages: [Jugador_C_0] Lo coges
[2021.01.21-17.58.16:733][778]LogBlueprintUserMessages: [Jugador_C_0] Tocas pelota
[2021.01.21-17.58.16:765][780]LogBlueprintUserMessages: [Jugador_C_0] Lo coges
[2021.01.21-17.58.16:765][780]LogBlueprintUserMessages: [Jugador_C_0] Tocas pelota
[2021.01.21-17.58.16:765][780]LogBlueprintUserMessages: [Jugador_C_0] Lo coges
[2021.01.21-17.58.16:765][780]LogBlueprintUserMessages: [Jugador_C_0] Tocas pelota
[2021.01.21-17.58.19:493][949]LogSpawn:Warning: SpawnActor failed because of collision at the spawn location [X=-34225.223 Y=-15648.543 Z=150.177] for [Pelota_Base_C]
[2021.01.21-17.58.21:652][ 83]LogNet: NotifyAcceptingConnection accepted from: 76561198173410073:7777
[2021.01.21-17.58.21:652][ 83]LogHandshake: SendConnectChallenge. Timestamp: 68.762970, Cookie: 162045229126107252149108137104186054176079167244040174037121
[2021.01.21-17.58.21:653][ 83]LogNet: NotifyAcceptingConnection accepted from: 76561198173410073:7777
[2021.01.21-17.58.21:653][ 83]LogHandshake: SendConnectChallenge. Timestamp: 68.762970, Cookie: 162045229126107252149108137104186054176079167244040174037121
[2021.01.21-17.58.21:653][ 83]LogNet: NotifyAcceptingConnection accepted from: 76561198173410073:7777
[2021.01.21-17.58.21:653][ 83]LogHandshake: SendConnectChallenge. Timestamp: 68.762970, Cookie: 162045229126107252149108137104186054176079167244040174037121
[2021.01.21-17.58.21:653][ 83]LogNet: NotifyAcceptingConnection accepted from: 76561198173410073:7777
[2021.01.21-17.58.21:653][ 83]LogHandshake: SendConnectChallenge. Timestamp: 68.762970, Cookie: 162045229126107252149108137104186054176079167244040174037121
[2021.01.21-17.58.21:653][ 83]LogNet: NotifyAcceptingConnection accepted from: 76561198173410073:7777
[2021.01.21-17.58.21:653][ 83]LogHandshake: SendConnectChallenge. Timestamp: 68.762970, Cookie: 162045229126107252149108137104186054176079167244040174037121
[2021.01.21-17.58.21:717][ 87]LogNet: NotifyAcceptingConnection accepted from: 76561198173410073:7777
[2021.01.21-17.58.21:717][ 87]LogNet: Server accepting post-challenge connection from: 76561198173410073:7777
[2021.01.21-17.58.21:717][ 87]PacketHandlerLog: Loaded PacketHandler component: Engine.EngineHandlerComponentFactory (StatelessConnectHandlerComponent)
[2021.01.21-17.58.21:717][ 87]LogNet: NotifyAcceptedConnection: Name: Campo, TimeStamp: 01/21/21 18:58:21, [UNetConnection] RemoteAddr: 76561198173410073:7777, Name: SteamNetConnection_1, Driver: GameNetDriver SteamNetDriver_0, IsServer: YES, PC: NULL, Owner: NULL
[2021.01.21-17.58.21:717][ 87]LogNet: AddClientConnection: Added client connection: [UNetConnection] RemoteAddr: 76561198173410073:7777, Name: SteamNetConnection_1, Driver: GameNetDriver SteamNetDriver_0, IsServer: YES, PC: NULL, Owner: NULL
[2021.01.21-17.58.21:733][ 88]LogNet: NotifyAcceptingChannel Control 0 server World /Game/Campo.Campo: Accepted
[2021.01.21-17.58.21:733][ 88]LogNet: Remote platform little endian=1
[2021.01.21-17.58.21:733][ 88]LogNet: This platform little endian=1
[2021.01.21-17.58.21:926][100]LogNet: Login request: /Game/Menu?Name=Barón Tigretón userId: 76561198173410073
[2021.01.21-17.58.21:991][104]LogNet: Client netspeed is 10000
[2021.01.21-17.58.22:830][156]LogNet: Join request: /Game/Menu?Name=Barón Tigretón?SplitscreenCount=1
[2021.01.21-17.58.22:834][156]LogNet: Join succeeded: Barón Tigretón
[2021.01.21-17.58.23:007][167]LogNet: Server connection received: ActorChannelFailure
[2021.01.21-17.58.23:104][173]LogNet: UChannel::ReceivedSequencedBunch: Bunch.bClose == true. ChIndex == 0. Calling ConditionalCleanUp.
[2021.01.21-17.58.23:104][173]LogNet: UChannel::CleanUp: ChIndex == 0. Closing connection. [UChannel] ChIndex: 0, Closing: 0 [UNetConnection] RemoteAddr: 76561198173410073:7777, Name: SteamNetConnection_1, Driver: GameNetDriver SteamNetDriver_0, IsServer: YES, PC: PlayerController_2, Owner: PlayerController_2
[2021.01.21-17.58.23:104][173]LogNet: UNetConnection::Close: [UNetConnection] RemoteAddr: 76561198173410073:7777, Name: SteamNetConnection_1, Driver: GameNetDriver SteamNetDriver_0, IsServer: YES, PC: PlayerController_2, Owner: PlayerController_2, Channels: 14, Time: 2021.01.21-17.58.23
[2021.01.21-17.58.23:104][173]LogNet: UChannel::Close: Sending CloseBunch. ChIndex == 0. Name: [UChannel] ChIndex: 0, Closing: 0 [UNetConnection] RemoteAddr: 76561198173410073:7777, Name: SteamNetConnection_1, Driver: GameNetDriver SteamNetDriver_0, IsServer: YES, PC: PlayerController_2, Owner: PlayerController_2
[2021.01.21-17.58.31:496][693]LogSpawn:Warning: SpawnActor failed because of collision at the spawn location [X=-28952.059 Y=-16636.869 Z=193.692] for [Pelota_Base_C]
[2021.01.21-17.58.36:411][996]LogWindowsTextInputMethodSystem:Display: IME system now deactivated.
[2021.01.21-17.58.36:415][996]LogEngine: All Windows Closed
[2021.01.21-17.58.36:415][996]LogWindows: FPlatformMisc::RequestExit(0)
[2021.01.21-17.58.37:277][997]LogNet: World NetDriver shutdown SteamNetDriver_0 [GameNetDriver]
[2021.01.21-17.58.37:277][997]LogNet: DestroyNamedNetDriver SteamNetDriver_0 [GameNetDriver]
[2021.01.21-17.58.37:277][997]LogExit: GameNetDriver SteamNetDriver_0 shut down
[2021.01.21-17.58.37:288][997]LogExit: Preparing to exit.
[2021.01.21-17.58.37:288][997]LogMoviePlayer: Shutting down movie player
[2021.01.21-17.58.37:361][997]LogExit: Game engine shut down
[2021.01.21-17.58.37:428][997]LogObj: Freed 0b from 0 cluster array pools.
[2021.01.21-17.58.37:429][997]LogExit: Object subsystem successfully closed.
[2021.01.21-17.58.37:456][997]LogD3D11RHI: Shutdown
[2021.01.21-17.58.37:456][997]LogD3D11RHI: CleanupD3DDevice
[2021.01.21-17.58.37:520][997]LogD3D11RHI: ~FD3D11DynamicRHI
[2021.01.21-17.58.37:529][997]LogModuleManager: Shutting down and abandoning module SequenceRecorderSections (298)
[2021.01.21-17.58.37:529][997]LogModuleManager: Shutting down and abandoning module SequenceRecorder (296)
[2021.01.21-17.58.37:529][997]LogModuleManager: Shutting down and abandoning module AutomationController (294)
[2021.01.21-17.58.37:529][997]LogModuleManager: Shutting down and abandoning module AutomationWorker (292)
[2021.01.21-17.58.37:529][997]LogModuleManager: Shutting down and abandoning module AIModule (290)
[2021.01.21-17.58.37:529][997]LogModuleManager: Shutting down and abandoning module GameplayDebugger (289)
[2021.01.21-17.58.37:529][997]LogModuleManager: Shutting down and abandoning module AITestSuite (287)
[2021.01.21-17.58.37:529][997]LogModuleManager: Shutting down and abandoning module WmfMediaFactory (284)
[2021.01.21-17.58.37:529][997]LogModuleManager: Shutting down and abandoning module AvfMediaFactory (282)
[2021.01.21-17.58.37:529][997]LogModuleManager: Shutting down and abandoning module AndroidMediaFactory (280)
[2021.01.21-17.58.37:529][997]LogModuleManager: Shutting down and abandoning module Media (279)
[2021.01.21-17.58.37:529][997]LogModuleManager: Shutting down and abandoning module CharacterAI (276)
[2021.01.21-17.58.37:529][997]LogModuleManager: Shutting down and abandoning module SessionServices (274)
[2021.01.21-17.58.37:529][997]LogModuleManager: Shutting down and abandoning module MovieSceneCapture (272)
[2021.01.21-17.58.37:529][997]LogModuleManager: Shutting down and abandoning module MovieSceneTracks (270)
[2021.01.21-17.58.37:529][997]LogModuleManager: Shutting down and abandoning module MovieScene (268)
[2021.01.21-17.58.37:529][997]LogModuleManager: Shutting down and abandoning module GeometryCache (266)
[2021.01.21-17.58.37:529][997]LogModuleManager: Shutting down and abandoning module GeometryCacheEd (265)
[2021.01.21-17.58.37:529][997]LogModuleManager: Shutting down and abandoning module Niagara (262)
[2021.01.21-17.58.37:529][997]LogModuleManager: Shutting down and abandoning module NiagaraEditor (261)
[2021.01.21-17.58.37:529][997]LogModuleManager: Shutting down and abandoning module StreamingPauseRendering (258)
[2021.01.21-17.58.37:529][997]LogModuleManager: Shutting down and abandoning module PortalServices (256)
[2021.01.21-17.58.37:529][997]LogModuleManager: Shutting down and abandoning module PortalRpc (254)
[2021.01.21-17.58.37:529][997]LogModuleManager: Shutting down and abandoning module MessagingRpc (252)
[2021.01.21-17.58.37:529][997]LogModuleManager: Shutting down and abandoning module ProfilerService (250)
[2021.01.21-17.58.37:589][997]LogModuleManager: Shutting down and abandoning module TaskGraph (248)
[2021.01.21-17.58.37:589][997]LogModuleManager: Shutting down and abandoning module SteamVRController (246)
[2021.01.21-17.58.37:589][997]LogModuleManager: Shutting down and abandoning module SteamVR (244)
[2021.01.21-17.58.37:589][997]LogModuleManager: Shutting down and abandoning module ProceduralMeshComponent (242)
[2021.01.21-17.58.37:589][997]LogModuleManager: Shutting down and abandoning module OculusLibrary (240)
[2021.01.21-17.58.37:589][997]LogModuleManager: Shutting down and abandoning module OculusInput (238)
[2021.01.21-17.58.37:589][997]LogModuleManager: Shutting down and abandoning module MobilePatchingUtils (236)
[2021.01.21-17.58.37:589][997]LogModuleManager: Shutting down and abandoning module CustomMeshComponent (234)
[2021.01.21-17.58.37:589][997]LogModuleManager: Shutting down and abandoning module CableComponent (232)
[2021.01.21-17.58.37:589][997]LogModuleManager: Shutting down and abandoning module ArchVisCharacter (230)
[2021.01.21-17.58.37:589][997]LogModuleManager: Shutting down and abandoning module AndroidPermission (228)
[2021.01.21-17.58.37:589][997]LogModuleManager: Shutting down and abandoning module HTML5Networking (224)
[2021.01.21-17.58.37:589][997]LogModuleManager: Shutting down and abandoning module VisualStudioSourceCodeAccess (222)
[2021.01.21-17.58.37:589][997]LogModuleManager: Shutting down and abandoning module DesktopPlatform (221)
[2021.01.21-17.58.37:589][997]LogModuleManager: Shutting down and abandoning module HotReload (219)
[2021.01.21-17.58.37:589][997]LogModuleManager: Shutting down and abandoning module UObjectPlugin (216)
[2021.01.21-17.58.37:589][997]LogModuleManager: Shutting down and abandoning module SubversionSourceControl (214)
[2021.01.21-17.58.37:589][997]LogModuleManager: Shutting down and abandoning module PerforceSourceControl (212)
[2021.01.21-17.58.37:589][997]LogModuleManager: Shutting down and abandoning module SourceControl (211)
[2021.01.21-17.58.37:589][997]LogModuleManager: Shutting down and abandoning module PhysXVehiclesEditor (208)
[2021.01.21-17.58.37:589][997]LogModuleManager: Shutting down and abandoning module PhysXVehicles (206)
[2021.01.21-17.58.37:589][997]LogModuleManager: Shutting down and abandoning module LocationServicesBPLibrary (204)
[2021.01.21-17.58.37:589][997]LogModuleManager: Shutting down and abandoning module ImmediatePhysicsEditor (202)
[2021.01.21-17.58.37:589][997]LogModuleManager: Shutting down and abandoning module ImmediatePhysics (200)
[2021.01.21-17.58.37:589][997]LogModuleManager: Shutting down and abandoning module UdpMessaging (198)
[2021.01.21-17.58.37:589][997]LogModuleManager: Shutting down and abandoning module TcpMessaging (196)
[2021.01.21-17.58.37:589][997]LogModuleManager: Shutting down and abandoning module GameplayTagsEditor (194)
[2021.01.21-17.58.37:589][997]LogModuleManager: Shutting down and abandoning module FacialAnimation (192)
[2021.01.21-17.58.37:589][997]LogModuleManager: Shutting down and abandoning module AssetManagerEditor (190)
[2021.01.21-17.58.37:589][997]LogModuleManager: Shutting down and abandoning module GraphEditor (189)
[2021.01.21-17.58.37:589][997]LogModuleManager: Shutting down and abandoning module ContentBrowser (187)
[2021.01.21-17.58.37:589][997]LogModuleManager: Shutting down and abandoning module CollectionManager (186)
[2021.01.21-17.58.37:589][997]LogDirectoryWatcher: A directory notification for 'E:/UNIVERSIDAD-2020/Videojuegos/Unreal/Multijugador/Multijugador-Unreal/Content/Collections/' was aborted.
[2021.01.21-17.58.37:589][997]LogDirectoryWatcher: A directory notification for 'E:/UNIVERSIDAD-2020/Videojuegos/Unreal/Multijugador/Multijugador-Unreal/Content/Developers/aleja/Collections/' was aborted.
[2021.01.21-17.58.37:589][997]LogDirectoryWatcher: A directory notification for 'E:/UNIVERSIDAD-2020/Videojuegos/Unreal/Multijugador/Multijugador-Unreal/Saved/Collections/' was aborted.
[2021.01.21-17.58.37:590][997]LogModuleManager: Shutting down and abandoning module DirectoryWatcher (185)
[2021.01.21-17.58.37:590][997]LogModuleManager: Shutting down and abandoning module LightPropagationVolumeRuntime (180)
[2021.01.21-17.58.37:590][997]LogModuleManager: Shutting down and abandoning module Paper2D (178)
[2021.01.21-17.58.37:590][997]LogModuleManager: Shutting down and abandoning module WindowsMoviePlayer (176)
[2021.01.21-17.58.37:590][997]LogModuleManager: Shutting down and abandoning module WmfMedia (174)
[2021.01.21-17.58.37:591][997]LogModuleManager: Shutting down and abandoning module ClothingSystemEditor (172)
[2021.01.21-17.58.37:591][997]LogModuleManager: Shutting down and abandoning module ClothingSystemRuntime (170)
[2021.01.21-17.58.37:591][997]LogModuleManager: Shutting down and abandoning module MediaAssets (168)
[2021.01.21-17.58.37:591][997]LogModuleManager: Shutting down and abandoning module GameLiveStreaming (166)
[2021.01.21-17.58.37:591][997]LogModuleManager: Shutting down and abandoning module VREditor (164)
[2021.01.21-17.58.37:591][997]LogModuleManager: Shutting down and abandoning module StringTableEditor (162)
[2021.01.21-17.58.37:591][997]LogModuleManager: Shutting down and abandoning module GameplayTasksEditor (160)
[2021.01.21-17.58.37:591][997]LogModuleManager: Shutting down and abandoning module BehaviorTreeEditor (158)
[2021.01.21-17.58.37:591][997]LogModuleManager: Shutting down and abandoning module FunctionalTesting (156)
[2021.01.21-17.58.37:591][997]LogModuleManager: Shutting down and abandoning module CollisionAnalyzer (154)
[2021.01.21-17.58.37:591][997]LogModuleManager: Shutting down and abandoning module UMG (152)
[2021.01.21-17.58.37:591][997]LogModuleManager: Shutting down and abandoning module UMGEditor (151)
[2021.01.21-17.58.37:591][997]LogModuleManager: Shutting down and abandoning module Sequencer (150)
[2021.01.21-17.58.37:591][997]LogModuleManager: Shutting down and abandoning module AssetTools (148)
[2021.01.21-17.58.37:591][997]LogModuleManager: Shutting down and abandoning module MessageLog (147)
[2021.01.21-17.58.37:591][997]LogModuleManager: Shutting down and abandoning module WorkspaceMenuStructure (146)
[2021.01.21-17.58.37:591][997]LogModuleManager: Shutting down and abandoning module SlateReflector (140)
[2021.01.21-17.58.37:592][997]LogModuleManager: Shutting down and abandoning module Slate (138)
[2021.01.21-17.58.37:592][997]LogModuleManager: Shutting down and abandoning module EditorStyle (136)
[2021.01.21-17.58.37:593][997]LogModuleManager: Shutting down and abandoning module Messaging (134)
[2021.01.21-17.58.37:593][997]LogModuleManager: Shutting down and abandoning module SourceCodeAccess (132)
[2021.01.21-17.58.37:593][997]LogModuleManager: Shutting down and abandoning module HeadMountedDisplay (130)
[2021.01.21-17.58.37:593][997]LogModuleManager: Shutting down and abandoning module XAudio2 (128)
[2021.01.21-17.58.37:593][997]LogModuleManager: Shutting down and abandoning module Networking (126)
[2021.01.21-17.58.37:593][997]LogModuleManager: Shutting down and abandoning module Core (124)
[2021.01.21-17.58.37:593][997]LogModuleManager: Shutting down and abandoning module KismetCompiler (122)
[2021.01.21-17.58.37:593][997]LogModuleManager: Shutting down and abandoning module LevelSequence (120)
[2021.01.21-17.58.37:593][997]LogModuleManager: Shutting down and abandoning module PhysXFormats (118)
[2021.01.21-17.58.37:593][997]LogModuleManager: Shutting down and abandoning module MeshUtilities (116)
[2021.01.21-17.58.37:593][997]LogModuleManager: Shutting down and abandoning module SimplygonSwarm (115)
[2021.01.21-17.58.37:593][997]LogModuleManager: Shutting down and abandoning module SimplygonMeshReduction (113)
[2021.01.21-17.58.37:593][997]LogModuleManager: Shutting down and abandoning module QuadricMeshReduction (111)
[2021.01.21-17.58.37:593][997]LogModuleManager: Shutting down and abandoning module AssetRegistry (108)
[2021.01.21-17.58.37:593][997]LogModuleManager: Shutting down and abandoning module DerivedDataCache (106)
[2021.01.21-17.58.38:053][997]LogDerivedDataCache: Shutdown
[2021.01.21-17.58.38:053][997]LogModuleManager: Shutting down and abandoning module TargetPlatform (104)
[2021.01.21-17.58.38:053][997]LogModuleManager: Shutting down and abandoning module VulkanShaderFormat (103)
[2021.01.21-17.58.38:053][997]LogModuleManager: Shutting down and abandoning module ShaderFormatVectorVM (101)
[2021.01.21-17.58.38:053][997]LogModuleManager: Shutting down and abandoning module ShaderFormatOpenGL (99)
[2021.01.21-17.58.38:053][997]LogModuleManager: Shutting down and abandoning module ShaderFormatD3D (97)
[2021.01.21-17.58.38:053][997]LogModuleManager: Shutting down and abandoning module MetalShaderFormat (95)
[2021.01.21-17.58.38:053][997]LogModuleManager: Shutting down and abandoning module TextureFormatUncompressed (93)
[2021.01.21-17.58.38:053][997]LogModuleManager: Shutting down and abandoning module TextureFormatPVR (91)
[2021.01.21-17.58.38:053][997]LogModuleManager: Shutting down and abandoning module TextureFormatDXT (89)
[2021.01.21-17.58.38:053][997]LogModuleManager: Shutting down and abandoning module TextureFormatIntelISPCTexComp (87)
[2021.01.21-17.58.38:053][997]LogModuleManager: Shutting down and abandoning module TextureFormatASTC (85)
[2021.01.21-17.58.38:053][997]LogModuleManager: Shutting down and abandoning module ImageWrapper (84)
[2021.01.21-17.58.38:053][997]LogModuleManager: Shutting down and abandoning module TextureFormatAndroid (81)
[2021.01.21-17.58.38:053][997]LogModuleManager: Shutting down and abandoning module AudioFormatOpus (79)
[2021.01.21-17.58.38:053][997]LogModuleManager: Shutting down and abandoning module AudioFormatOgg (77)
[2021.01.21-17.58.38:053][997]LogModuleManager: Shutting down and abandoning module AudioFormatADPCM (75)
[2021.01.21-17.58.38:053][997]LogModuleManager: Shutting down and abandoning module WindowsTargetPlatform (73)
[2021.01.21-17.58.38:053][997]LogModuleManager: Shutting down and abandoning module WindowsServerTargetPlatform (71)
[2021.01.21-17.58.38:053][997]LogModuleManager: Shutting down and abandoning module WindowsNoEditorTargetPlatform (69)
[2021.01.21-17.58.38:053][997]LogModuleManager: Shutting down and abandoning module WindowsClientTargetPlatform (67)
[2021.01.21-17.58.38:053][997]LogModuleManager: Shutting down and abandoning module InputCore (64)
[2021.01.21-17.58.38:053][997]LogModuleManager: Shutting down and abandoning module Settings (62)
[2021.01.21-17.58.38:053][997]LogModuleManager: Shutting down and abandoning module OculusRift (60)
[2021.01.21-17.58.38:053][997]LogModuleManager: Shutting down and abandoning module GearVRController (58)
[2021.01.21-17.58.38:053][997]LogModuleManager: Shutting down and abandoning module GearVR (56)
[2021.01.21-17.58.38:053][997]LogModuleManager: Shutting down and abandoning module ExampleDeviceProfileSelector (54)
[2021.01.21-17.58.38:053][997]LogModuleManager: Shutting down and abandoning module OnlineBlueprintSupport (52)
[2021.01.21-17.58.38:053][997]LogModuleManager: Shutting down and abandoning module OnlineSubsystem (48)
[2021.01.21-17.58.38:053][997]LogOnline:Display: STEAM: OnlineSubsystemSteam::Shutdown()
[2021.01.21-17.58.38:053][997]LogOnline:Display: OSS: FOnlineAsyncTaskManager::Stop() ActiveTask:0000000000000000 Tasks[0/0]
[2021.01.21-17.58.38:185][997]LogOnline:Display: OSS: FOnlineAsyncTaskManager::Exit() started
[2021.01.21-17.58.38:185][997]LogOnline:Display: OSS: FOnlineAsyncTaskManager::Exit() finished
[2021.01.21-17.58.38:185][997]LogOnline:Display: Unloading online subsystem: STEAM
[2021.01.21-17.58.38:185][997]LogOnline:Display: STEAM: OnlineSubsystemSteam::Shutdown()
[2021.01.21-17.58.38:185][997]LogOnline:Display: Unloading online subsystem: NULL
[2021.01.21-17.58.38:185][997]LogModuleManager: Shutting down and abandoning module XMPP (43)
[2021.01.21-17.58.38:185][997]LogModuleManager: Shutting down and abandoning module HTTP (41)
[2021.01.21-17.58.38:210][997]LogModuleManager: Shutting down and abandoning module SSL (40)
[2021.01.21-17.58.38:212][997]LogModuleManager: Shutting down and abandoning module HTTPChunkInstaller (36)
[2021.01.21-17.58.38:212][997]LogModuleManager: Shutting down and abandoning module AnimationModifiers (34)
[2021.01.21-17.58.38:212][997]LogModuleManager: Shutting down and abandoning module PropertyEditor (33)
[2021.01.21-17.58.38:212][997]LogModuleManager: Shutting down and abandoning module AudioEditor (30)
[2021.01.21-17.58.38:212][997]LogModuleManager: Shutting down and abandoning module TextureCompressor (28)
[2021.01.21-17.58.38:212][997]LogModuleManager: Shutting down and abandoning module ShaderCore (26)
[2021.01.21-17.58.38:212][997]LogModuleManager: Shutting down and abandoning module Landscape (24)
[2021.01.21-17.58.38:212][997]LogModuleManager: Shutting down and abandoning module SlateRHIRenderer (22)
[2021.01.21-17.58.38:212][997]LogModuleManager: Shutting down and abandoning module OpenGLDrv (20)
[2021.01.21-17.58.38:212][997]LogModuleManager: Shutting down and abandoning module D3D11RHI (18)
[2021.01.21-17.58.38:212][997]LogModuleManager: Shutting down and abandoning module AnimGraphRuntime (16)
[2021.01.21-17.58.38:212][997]LogModuleManager: Shutting down and abandoning module Renderer (14)
[2021.01.21-17.58.38:212][997]LogModuleManager: Shutting down and abandoning module Engine (12)
[2021.01.21-17.58.38:212][997]LogModuleManager: Shutting down and abandoning module CoreUObject (10)
[2021.01.21-17.58.38:212][997]LogModuleManager: Shutting down and abandoning module NetworkFile (8)
[2021.01.21-17.58.38:212][997]LogModuleManager: Shutting down and abandoning module StreamingFile (6)
[2021.01.21-17.58.38:212][997]LogModuleManager: Shutting down and abandoning module SandboxFile (4)
[2021.01.21-17.58.38:212][997]LogModuleManager: Shutting down and abandoning module PakFile (2)
[2021.01.21-17.58.38:214][997]LogExit: Exiting.
[2021.01.21-17.58.38:215][997]Log file closed, 01/21/21 18:58:38
