Log file open, 01/21/21 23:58:42
LogInit:Display: Running engine for game: Multijugador
LogPlatformFile: Not using cached read wrapper
LogInit:Display: RandInit(-522371188) SRandInit(-522371188).
LogTaskGraph: Started task graph with 5 named threads and 8 total threads with 1 sets of task threads.
LogStats: Stats thread started at 0.144981
LogInit: Using libcurl 7.47.1
LogInit:  - built for x86_64-pc-win32
LogInit:  - supports SSL with OpenSSL/1.0.2g
LogInit:  - supports HTTP deflate (compression) using libz 1.2.8
LogInit:  - other features:
LogInit:      CURL_VERSION_SSL
LogInit:      CURL_VERSION_LIBZ
LogInit:      CURL_VERSION_IPV6
LogInit:      CURL_VERSION_ASYNCHDNS
LogInit:      CURL_VERSION_LARGEFILE
LogInit:      CURL_VERSION_IDN
LogInit:  CurlRequestOptions (configurable via config and command line):
LogInit:  - bVerifyPeer = false  - Libcurl will NOT verify peer certificate
LogInit:  - bUseHttpProxy = false  - Libcurl will NOT use HTTP proxy
LogInit:  - bDontReuseConnections = false  - Libcurl will reuse connections
LogInit:  - CertBundlePath = nullptr  - Libcurl will use whatever was configured at build time.
LogOnline:Display: STEAM: Loading Steam SDK 1.39
LogInit: WinSock: version 1.1 (2.2), MaxSocks=32767, MaxUdp=65467
LogInit: Build: ++UE4+Release-4.16-CL-3561208
LogInit: Engine Version: 4.16.3-3561208+++UE4+Release-4.16
LogInit: Compatible Engine Version: 4.16.0-3452394+++UE4+Release-4.16
LogInit: Net CL: 3452394
LogDevObjectVersion: Number of dev versions registered: 16
LogDevObjectVersion:   Dev-Blueprints (B0D832E4-1F89-4F0D-ACCF-7EB736FD4AA2): 9
LogDevObjectVersion:   Dev-Build (E1C64328-A22C-4D53-A36C-8E866417BD8C): 0
LogDevObjectVersion:   Dev-Core (375EC13C-06E4-48FB-B500-84F0262A717E): 2
LogDevObjectVersion:   Dev-Editor (E4B068ED-F494-42E9-A231-DA0B2E46BB41): 17
LogDevObjectVersion:   Dev-Framework (CFFC743F-43B0-4480-9391-14DF171D2073): 23
LogDevObjectVersion:   Dev-Mobile (B02B49B5-BB20-44E9-A304-32B752E40360): 0
LogDevObjectVersion:   Dev-Networking (A4E4105C-59A1-49B5-A7C5-40C4547EDFEE): 0
LogDevObjectVersion:   Dev-Online (39C831C9-5AE6-47DC-9A44-9C173E1C8E7C): 0
LogDevObjectVersion:   Dev-Physics (78F01B33-EBEA-4F98-B9B4-84EACCB95AA2): 0
LogDevObjectVersion:   Dev-Platform (6631380F-2D4D-43E0-8009-CF276956A95A): 0
LogDevObjectVersion:   Dev-Rendering (12F88B9F-8875-4AFC-A67C-D90C383ABD29): 15
LogDevObjectVersion:   Dev-Sequencer (7B5AE74C-D270-4C10-A958-57980B212A5A): 4
LogDevObjectVersion:   Dev-VR (D7296918-1DD6-4BDD-9DE2-64A83CC13884): 0
LogDevObjectVersion:   Dev-LoadTimes (C2A15278-BFE7-4AFE-6C17-90FF531DF755): 1
LogDevObjectVersion:   Private-Geometry (6EACA3D4-40EC-4CC1-B786-8BED09428FC5): 1
LogDevObjectVersion:   Dev-AnimPhys (29E575DD-E0A3-4627-9D10-D276232CDCEA): 3
LogInit: Compiled (64-bit): Jul 28 2017 11:49:47
LogInit: Compiled with Visual C++: 19.00.24215.01
LogInit: Build Configuration: Development
LogInit: Branch Name: ++UE4+Release-4.16
LogInit: Command line:  /Temp/Autosaves/Game/UEDPCMenu -game -PIEVIACONSOLE -ResX=1280 -ResY=720  -Multiprocess -messaging -SessionName="Play in Standalone Game" -windowed 
LogInit: Base directory: F:/Juegos Epic/UE_4.16/Engine/Binaries/Win64/
LogInit: Installed Engine Build: 1
LogInit: Presizing for max 8388607 objects, including 0 objects not considered by GC, pre-allocating 0 bytes for permanent pool.
LogInit: Object subsystem initialized
[2021.01.21-22.58.44:198][  0]LogInit: Selected Device Profile: [Windows]
[2021.01.21-22.58.44:198][  0]LogInit: Applying CVar settings loaded from the selected device profile: [Windows]
[2021.01.21-22.58.44:204][  0]LogInit: Computer: ELBARTO
[2021.01.21-22.58.44:204][  0]LogInit: User: aleja
[2021.01.21-22.58.44:204][  0]LogInit: CPU Page size=4096, Cores=4
[2021.01.21-22.58.44:204][  0]LogInit: High frequency timer resolution =10.000000 MHz
[2021.01.21-22.58.44:204][  0]LogMemory: Memory total: Physical=16.0GB (16GB approx)
[2021.01.21-22.58.44:204][  0]LogMemory: Platform Memory Stats for Windows
[2021.01.21-22.58.44:204][  0]LogMemory: Process Physical Memory: 310.20 MB used, 310.21 MB peak
[2021.01.21-22.58.44:204][  0]LogMemory: Process Virtual Memory: 279.40 MB used, 279.40 MB peak
[2021.01.21-22.58.44:204][  0]LogMemory: Physical Memory: 9026.90 MB used,  7324.23 MB free, 16351.14 MB total
[2021.01.21-22.58.44:204][  0]LogMemory: Virtual Memory: 4908.35 MB used,  7324.23 MB free, 134217728.00 MB total
[2021.01.21-22.58.44:360][  0]LogInit: Using OS detected language (es-ES).
[2021.01.21-22.58.44:360][  0]LogInit: Using OS detected locale (es-ES).
[2021.01.21-22.58.44:367][  0]LogTextLocalizationManager: No specific localization for 'es-ES' exists, so the 'es' localization will be used.
[2021.01.21-22.58.45:145][  0]LogD3D11RHI: D3D11 adapters:
[2021.01.21-22.58.45:324][  0]LogD3D11RHI:    0. 'NVIDIA GeForce GTX 1070' (Feature Level 11_0)
[2021.01.21-22.58.45:324][  0]LogD3D11RHI:       8088/0/8175 MB DedicatedVideo/DedicatedSystem/SharedSystem, Outputs:2, VendorId:0x10de
[2021.01.21-22.58.45:329][  0]LogD3D11RHI:    1. 'Microsoft Basic Render Driver' (Feature Level 11_0)
[2021.01.21-22.58.45:329][  0]LogD3D11RHI:       0/0/8175 MB DedicatedVideo/DedicatedSystem/SharedSystem, Outputs:0, VendorId:0x1414
[2021.01.21-22.58.45:329][  0]LogD3D11RHI: Chosen D3D11 Adapter: 0
[2021.01.21-22.58.45:339][  0]LogD3D11RHI: Creating new Direct3DDevice
[2021.01.21-22.58.45:340][  0]LogD3D11RHI:     GPU DeviceId: 0x1b81 (for the marketing name, search the web for "GPU Device Id")
[2021.01.21-22.58.45:340][  0]LogWindows: EnumDisplayDevices:
[2021.01.21-22.58.45:340][  0]LogWindows:    0. 'NVIDIA GeForce GTX 1070' (P:1 D:1)
[2021.01.21-22.58.45:341][  0]LogWindows:    1. 'NVIDIA GeForce GTX 1070' (P:0 D:1)
[2021.01.21-22.58.45:341][  0]LogWindows:    2. 'NVIDIA GeForce GTX 1070' (P:0 D:0)
[2021.01.21-22.58.45:342][  0]LogWindows:    3. 'NVIDIA GeForce GTX 1070' (P:0 D:0)
[2021.01.21-22.58.45:342][  0]LogWindows: DebugString: GetVideoDriverDetailsInvalid PrimaryIsNotTheChoosenAdapter GetVideoDriverDetailsInvalid PrimaryIsNotTheChoosenAdapter GetVideoDriverDetailsInvalid PrimaryIsNotTheChoosenAdapter GetVideoDriverDetailsInvalid PrimaryIsNotTheChoosenAdapter FoundDriverCount:0 
[2021.01.21-22.58.45:342][  0]LogD3D11RHI:     Adapter Name: NVIDIA GeForce GTX 1070
[2021.01.21-22.58.45:342][  0]LogD3D11RHI:   Driver Version: Unknown (internal:Unknown, unified:Unknown)
[2021.01.21-22.58.45:342][  0]LogD3D11RHI:      Driver Date: Unknown
[2021.01.21-22.58.45:342][  0]LogRHI: Texture pool is 1361 MB (70% of 1945 MB)
[2021.01.21-22.58.45:482][  0]LogD3D11RHI: Async texture creation enabled
[2021.01.21-22.58.45:508][  0]LogD3D11RHI: GPU Timing Frequency: 1000.000000 (Debug: 2 1)
[2021.01.21-22.58.45:514][  0]LogShaderCompilers: Guid format shader working directory is -26 characters bigger than the processId version (E:/UNIVERSIDAD-2020/Videojuegos/Unreal/Multijugador/Multijugador-Unreal/Intermediate/Shaders/WorkingDirectory/13560/).
[2021.01.21-22.58.45:514][  0]LogShaderCompilers: Cleaned the shader compiler working directory 'C:/Users/aleja/AppData/Local/Temp/UnrealShaderWorkingDir/7BAC612E44531CA369504C82B081F2F4/'.
[2021.01.21-22.58.45:514][  0]LogShaderCompilers:Display: Using Local Shader Compiler.
[2021.01.21-22.58.46:915][  0]LogTemp:Display: Loaded TP WindowsClientTargetPlatform
[2021.01.21-22.58.46:994][  0]LogTemp:Display: Loaded TP WindowsNoEditorTargetPlatform
[2021.01.21-22.58.47:071][  0]LogTemp:Display: Loaded TP WindowsServerTargetPlatform
[2021.01.21-22.58.47:142][  0]LogTemp:Display: Loaded TP WindowsTargetPlatform
[2021.01.21-22.58.47:142][  0]LogTargetPlatformManager:Display: Building Assets For Windows
[2021.01.21-22.58.47:932][  0]LogDerivedDataCache:Display: Max Cache Size: 512 MB
[2021.01.21-22.58.48:036][  0]LogDerivedDataCache: Loaded boot cache 0.10s 90MB C:/Users/aleja/AppData/Local/UnrealEngine/4.16/DerivedDataCache/Boot.ddc.
[2021.01.21-22.58.48:036][  0]LogDerivedDataCache:Display: Loaded Boot cache: C:/Users/aleja/AppData/Local/UnrealEngine/4.16/DerivedDataCache/Boot.ddc
[2021.01.21-22.58.48:036][  0]LogDerivedDataCache: FDerivedDataBackendGraph:  Pak pak cache file E:/UNIVERSIDAD-2020/Videojuegos/Unreal/Multijugador/Multijugador-Unreal/DerivedDataCache/DDC.ddp not found, will not use a pak cache.
[2021.01.21-22.58.48:036][  0]LogDerivedDataCache: Unable to find inner node Pak for hierarchical cache Hierarchy.
[2021.01.21-22.58.48:036][  0]LogDerivedDataCache: FDerivedDataBackendGraph:  CompressedPak pak cache file E:/UNIVERSIDAD-2020/Videojuegos/Unreal/Multijugador/Multijugador-Unreal/DerivedDataCache/Compressed.ddp not found, will not use a pak cache.
[2021.01.21-22.58.48:036][  0]LogDerivedDataCache: Unable to find inner node CompressedPak for hierarchical cache Hierarchy.
[2021.01.21-22.58.48:054][  0]LogDerivedDataCache:Display: Pak cache opened for reading ../../../Engine/DerivedDataCache/Compressed.ddp.
[2021.01.21-22.58.48:067][  0]LogDerivedDataCache: Using Local data cache path C:/Users/aleja/AppData/Local/UnrealEngine/Common/DerivedDataCache: Writable
[2021.01.21-22.58.48:079][  0]LogMaterial: Verifying Global Shaders for PCD3D_SM5
[2021.01.21-22.58.48:079][  0]LogSlate: Using Freetype 2.6.0
[2021.01.21-22.58.48:080][  0]LogSlate: SlateFontCache - WITH_FREETYPE: 1, WITH_HARFBUZZ: 1
[2021.01.21-22.58.48:080][  0]LogSlate: SlateFontCache - WITH_FREETYPE: 1, WITH_HARFBUZZ: 1
[2021.01.21-22.58.48:623][  0]LogAssetRegistry: FAssetRegistry took 0.0049 seconds to start up
[2021.01.21-22.58.48:633][  0]LogPackageLocalizationCache: Processed 4 localized package path(s) for 2 prioritized culture(s) in 0.009767 seconds
[2021.01.21-22.58.48:761][  0]LogInit: Selected Device Profile: [Windows]
[2021.01.21-22.58.48:845][  0]LogContentStreaming: Texture pool size is 1000.00 MB
[2021.01.21-22.58.49:082][  0]LogMeshUtilities: Using QuadricMeshReduction for automatic static mesh reduction
[2021.01.21-22.58.49:151][  0]LogSimplygon: Simplygon DLL not present - disabling.
[2021.01.21-22.58.49:230][  0]LogMeshUtilities: Using SimplygonSwarm for distributed automatic mesh merging
[2021.01.21-22.58.49:230][  0]LogMeshUtilities: No automatic skeletal mesh reduction module available
[2021.01.21-22.58.49:230][  0]LogMeshUtilities: No automatic mesh merging module available
[2021.01.21-22.58.49:945][  0]LogNetVersion: Multijugador , NetCL: 3452394, EngineNetVer: 2, GameNetVer: 0 (Checksum: 582825890)
[2021.01.21-22.58.51:656][  0]LogMoviePlayer: Initializing movie player
[2021.01.21-22.58.52:224][  0]LogCollectionManager: Loaded 0 collections in 0.001919 seconds
[2021.01.21-22.58.52:301][  0]LogFileCache: Scanning file cache for directory 'E:/UNIVERSIDAD-2020/Videojuegos/Unreal/Multijugador/Multijugador-Unreal/Saved/Collections/' took 0.01s
[2021.01.21-22.58.52:301][  0]LogFileCache: Scanning file cache for directory 'E:/UNIVERSIDAD-2020/Videojuegos/Unreal/Multijugador/Multijugador-Unreal/Content/Developers/aleja/Collections/' took 0.01s
[2021.01.21-22.58.52:301][  0]LogFileCache: Scanning file cache for directory 'E:/UNIVERSIDAD-2020/Videojuegos/Unreal/Multijugador/Multijugador-Unreal/Content/Collections/' took 0.01s
[2021.01.21-22.58.52:301][  0]LogCollectionManager: Rebuilt the object cache for 0 collections in 0.000003 seconds (found 0 objects)
[2021.01.21-22.58.52:301][  0]LogCollectionManager: Fixed up redirectors for 0 collections in 0.000056 seconds (updated 0 objects)
[2021.01.21-22.58.52:610][  0]LogTcpMessaging: Initializing TcpMessaging bridge
[2021.01.21-22.58.52:670][  0]LogUdpMessaging: Initializing bridge on interface 0.0.0.0:0 to multicast group 230.0.0.1:6666.
[2021.01.21-22.58.53:285][  0]SourceControl: Información El control de código fuente está desactivado
[2021.01.21-22.58.53:285][  0]SourceControl: Información El control de código fuente está desactivado
[2021.01.21-22.58.53:365][  0]SourceControl: Información El control de código fuente está desactivado
[2021.01.21-22.58.53:797][  0]LogAndroidPermission: UAndroidPermissionCallbackProxy::GetInstance
[2021.01.21-22.58.54:514][  0]LogUObjectArray: 37227 objects as part of root set at end of initial load.
[2021.01.21-22.58.54:514][  0]LogUObjectAllocator: 8612568 out of 0 bytes used by permanent object pool.
[2021.01.21-22.58.54:514][  0]LogUObjectArray: CloseDisregardForGC: 0/0 objects in disregard for GC pool
[2021.01.21-22.58.54:664][  0]LogEngine: Initializing Engine...
[2021.01.21-22.58.54:665][  0]LogHMD: Failed to initialize OpenVR with code 110
[2021.01.21-22.58.54:881][  0]LogStats: UGameplayTagsManager::ConstructGameplayTagTree: Construct from data asset -  0.000 s
[2021.01.21-22.58.54:881][  0]LogStats: UGameplayTagsManager::ConstructGameplayTagTree: GameplayTagTreeChangedEvent.Broadcast -  0.000 s
[2021.01.21-22.58.54:923][  0]LogInit: XAudio2 using 'Bluetooth A2DP Stereo Audio (WH-1000XM4( Stereo ))' : 2 channels at 44.1 kHz using 16 bits per sample (channel mask 0x3)
[2021.01.21-22.58.54:938][  0]LogInit: FAudioDevice initialized.
[2021.01.21-22.58.54:962][  0]LogInit: Texture streaming: Enabled
[2021.01.21-22.58.54:981][  0]LogMaterial: Uniform references updated for custom material expression Custom.
[2021.01.21-22.58.55:366][  0]LogSlateStyle:Warning: No pudo encontrar el estilo del widget del cuadro 'NormalText'. Utilizando FTextBlockStyle predeterminado en su lugar.
[2021.01.21-22.58.55:366][  0]LogSlateStyle:Warning: No pudo encontrar el estilo del widget del cuadro 'SpinBox'. Utilizando FSpinBoxStyle predeterminado en su lugar.
[2021.01.21-22.58.55:693][  0]LogInit:Display: Game Engine Initialized.
[2021.01.21-22.58.55:963][  0]LogInit:Display: Starting Game.
[2021.01.21-22.58.55:963][  0]LogNet: Browse: /Temp/Autosaves/Game/UEDPCMenu?Name=Player
[2021.01.21-22.58.55:963][  0]LogLoad: LoadMap: /Temp/Autosaves/Game/UEDPCMenu?Name=Player
[2021.01.21-22.58.55:987][  0]LogMemory: Platform Memory Stats for Windows
[2021.01.21-22.58.55:987][  0]LogMemory: Process Physical Memory: 832.37 MB used, 897.80 MB peak
[2021.01.21-22.58.55:987][  0]LogMemory: Process Virtual Memory: 961.30 MB used, 977.77 MB peak
[2021.01.21-22.58.55:987][  0]LogMemory: Physical Memory: 9551.92 MB used,  6799.21 MB free, 16351.14 MB total
[2021.01.21-22.58.55:987][  0]LogMemory: Virtual Memory: 5859.05 MB used,  6799.21 MB free, 134217728.00 MB total
[2021.01.21-22.58.55:987][  0]LogMemory: 
[2021.01.21-22.58.55:987][  0]Allocator Stats for TBB: (not implemented)
[2021.01.21-22.58.56:289][  0]LogAIModule: Creating AISystem for world Menu
[2021.01.21-22.58.56:290][  0]LogLoad: Game class is 'ModoMenu_C'
[2021.01.21-22.58.56:292][  0]LogWorld: Bringing World /Temp/Autosaves/Game/UEDPCMenu.Menu up for play (max tick rate 0) at 2021.01.21-23.58.56
[2021.01.21-22.58.56:292][  0]LogWorld: Bringing up level for play took: 0.000726
[2021.01.21-22.58.56:296][  0]LogLoad: Took 0.333286 seconds to LoadMap(/Temp/Autosaves/Game/UEDPCMenu)
[2021.01.21-22.58.56:603][  0]LogRenderer: Reallocating scene render targets to support 1280x720 NumSamples 1 (Frame:1).
[2021.01.21-22.58.56:603][  0]LogLoad: (Engine Initialization) Total time: 15.54 seconds
[2021.01.21-22.58.56:603][  0]LogLoad: (Engine Initialization) Total Blueprint compile time: 0.12 seconds
[2021.01.21-22.58.56:603][  0]LogExternalProfiler: No external profilers were discovered.  External profiling features will not be available.
[2021.01.21-22.58.56:620][  0]LogOcInput: OculusInput pre-init called
[2021.01.21-22.58.56:620][  0]LogHMD: Starting GearVRController plugin
[2021.01.21-22.58.58:958][145]LogBlueprintUserMessages: [ModoMenu_C_0] Creando
[2021.01.21-22.58.58:958][145]LogOnline:Warning: STEAM: Can't destroy a null online session (Game)
[2021.01.21-22.58.58:959][145]LogNetVersion: Multijugador 1.0.0.0, NetCL: 3452394, EngineNetVer: 2, GameNetVer: 0 (Checksum: 4068902597)
[2021.01.21-22.58.59:229][162]LogBlueprintUserMessages: [ModoMenu_C_0] Creada con Exito
[2021.01.21-22.58.59:363][162]LogPackageName: SearchForPackageOnDisk took   0.133s to resolve Campo.umap.
[2021.01.21-22.58.59:497][162]LogPackageName: SearchForPackageOnDisk took   0.132s to resolve Campo.umap.
[2021.01.21-22.58.59:498][162]LogNet: Browse: /Game/Campo?listen
[2021.01.21-22.58.59:498][162]LogLoad: LoadMap: /Game/Campo?listen
[2021.01.21-22.58.59:521][162]LogMemory: Platform Memory Stats for Windows
[2021.01.21-22.58.59:521][162]LogMemory: Process Physical Memory: 827.64 MB used, 897.80 MB peak
[2021.01.21-22.58.59:521][162]LogMemory: Process Virtual Memory: 1094.63 MB used, 1164.96 MB peak
[2021.01.21-22.58.59:521][162]LogMemory: Physical Memory: 9540.72 MB used,  6810.41 MB free, 16351.14 MB total
[2021.01.21-22.58.59:521][162]LogMemory: Virtual Memory: 6000.86 MB used,  6810.41 MB free, 134217728.00 MB total
[2021.01.21-22.58.59:521][162]LogMemory: 
[2021.01.21-22.58.59:521][162]Allocator Stats for TBB: (not implemented)
[2021.01.21-22.59.00:269][162]LogAIModule: Creating AISystem for world Campo
[2021.01.21-22.59.00:270][162]LogLoad: Game class is 'ModoJuego_C'
[2021.01.21-22.59.00:270][162]LogTemp:Display: ParseSettings for GameNetDriver
[2021.01.21-22.59.00:270][162]LogTemp:Display: ParseSettings for SteamNetDriver_0
[2021.01.21-22.59.00:270][162]LogTemp:Display: ParseSettings for GameNetDriver
[2021.01.21-22.59.00:270][162]LogNet:Display: SteamNetDriver_0 bound to port 7777
[2021.01.21-22.59.00:270][162]PacketHandlerLog: Loaded PacketHandler component: Engine.EngineHandlerComponentFactory (StatelessConnectHandlerComponent)
[2021.01.21-22.59.00:270][162]LogNet: GameNetDriver SteamNetDriver_0 IpNetDriver listening on port 7777
[2021.01.21-22.59.00:288][162]LogWorld: Bringing World /Game/Campo.Campo up for play (max tick rate 0) at 2021.01.21-23.59.00
[2021.01.21-22.59.00:290][162]LogWorld: Bringing up level for play took: 0.017402
[2021.01.21-22.59.00:296][162]LogLoad: Took 0.798435 seconds to LoadMap(/Game/Campo)
[2021.01.21-22.59.00:349][163]LogCharacterMovement:Warning: GetSimulationTimeStep() - Max iterations 8 hit while remaining time 0.063754 > MaxSimulationTimeStep (0.050) for 'Enemigo4_348', movement 'Walking'
[2021.01.21-22.59.02:634][302]LogScript:Warning: Accessed None trying to read property Pelotaaa
	Jugador_C /Game/Campo.Campo:PersistentLevel.Jugador_C_0
	Function /Game/Jugador/Jugador.Jugador_C:ExecuteUbergraph_Jugador:09D4
[2021.01.21-22.59.02:634][302]LogScript:Warning: Script call stack:
	Function /Game/Jugador/Jugador.Jugador_C:ExecuteUbergraph_Jugador
	Function /Game/Jugador/Jugador.Jugador_C:LanzarPelotaRed
	Function /Game/Jugador/Jugador.Jugador_C:ExecuteUbergraph_Jugador
	Function /Game/Jugador/Jugador.Jugador_C:Lanzar pelota
	Function /Game/Jugador/Jugador.Jugador_C:ExecuteUbergraph_Jugador

[2021.01.21-22.59.02:634][302]LogScript:Warning: Accessed None
	Jugador_C /Game/Campo.Campo:PersistentLevel.Jugador_C_0
	Function /Game/Jugador/Jugador.Jugador_C:ExecuteUbergraph_Jugador:09E9
[2021.01.21-22.59.02:634][302]LogScript:Warning: Script call stack:
	Function /Game/Jugador/Jugador.Jugador_C:ExecuteUbergraph_Jugador
	Function /Game/Jugador/Jugador.Jugador_C:LanzarPelotaRed
	Function /Game/Jugador/Jugador.Jugador_C:ExecuteUbergraph_Jugador
	Function /Game/Jugador/Jugador.Jugador_C:Lanzar pelota
	Function /Game/Jugador/Jugador.Jugador_C:ExecuteUbergraph_Jugador

[2021.01.21-22.59.02:634][302]LogScript:Warning: Accessed None trying to read property Pelotaaa
	Jugador_C /Game/Campo.Campo:PersistentLevel.Jugador_C_0
	Function /Game/Jugador/Jugador.Jugador_C:ExecuteUbergraph_Jugador:0A18
[2021.01.21-22.59.02:634][302]LogScript:Warning: Script call stack:
	Function /Game/Jugador/Jugador.Jugador_C:ExecuteUbergraph_Jugador
	Function /Game/Jugador/Jugador.Jugador_C:LanzarPelotaRed
	Function /Game/Jugador/Jugador.Jugador_C:ExecuteUbergraph_Jugador
	Function /Game/Jugador/Jugador.Jugador_C:Lanzar pelota
	Function /Game/Jugador/Jugador.Jugador_C:ExecuteUbergraph_Jugador

[2021.01.21-22.59.02:634][302]LogScript:Warning: Accessed None
	Jugador_C /Game/Campo.Campo:PersistentLevel.Jugador_C_0
	Function /Game/Jugador/Jugador.Jugador_C:ExecuteUbergraph_Jugador:0A2D
[2021.01.21-22.59.02:634][302]LogScript:Warning: Script call stack:
	Function /Game/Jugador/Jugador.Jugador_C:ExecuteUbergraph_Jugador
	Function /Game/Jugador/Jugador.Jugador_C:LanzarPelotaRed
	Function /Game/Jugador/Jugador.Jugador_C:ExecuteUbergraph_Jugador
	Function /Game/Jugador/Jugador.Jugador_C:Lanzar pelota
	Function /Game/Jugador/Jugador.Jugador_C:ExecuteUbergraph_Jugador

[2021.01.21-22.59.02:634][302]LogScript:Warning: Accessed None trying to read property Pelotaaa
	Jugador_C /Game/Campo.Campo:PersistentLevel.Jugador_C_0
	Function /Game/Jugador/Jugador.Jugador_C:ExecuteUbergraph_Jugador:0A52
[2021.01.21-22.59.02:634][302]LogScript:Warning: Script call stack:
	Function /Game/Jugador/Jugador.Jugador_C:ExecuteUbergraph_Jugador
	Function /Game/Jugador/Jugador.Jugador_C:LanzarPelotaRed
	Function /Game/Jugador/Jugador.Jugador_C:ExecuteUbergraph_Jugador
	Function /Game/Jugador/Jugador.Jugador_C:Lanzar pelota
	Function /Game/Jugador/Jugador.Jugador_C:ExecuteUbergraph_Jugador

[2021.01.21-22.59.02:634][302]LogScript:Warning: Accessed None trying to read property Pelotaaa
	Jugador_C /Game/Campo.Campo:PersistentLevel.Jugador_C_0
	Function /Game/Jugador/Jugador.Jugador_C:ExecuteUbergraph_Jugador:0A73
[2021.01.21-22.59.02:634][302]LogScript:Warning: Script call stack:
	Function /Game/Jugador/Jugador.Jugador_C:ExecuteUbergraph_Jugador
	Function /Game/Jugador/Jugador.Jugador_C:LanzarPelotaRed
	Function /Game/Jugador/Jugador.Jugador_C:ExecuteUbergraph_Jugador
	Function /Game/Jugador/Jugador.Jugador_C:Lanzar pelota
	Function /Game/Jugador/Jugador.Jugador_C:ExecuteUbergraph_Jugador

[2021.01.21-22.59.02:959][322]LogSpawn:Warning: SpawnActor failed because of collision at the spawn location [X=-32062.346 Y=-16823.188 Z=128.848] for [Pelota_Base_C]
[2021.01.21-22.59.08:117][642]LogBlueprintUserMessages: [Jugador_C_0] Lo coges
[2021.01.21-22.59.08:117][642]LogBlueprintUserMessages: [Jugador_C_0] Tocas pelota
[2021.01.21-22.59.08:117][642]LogBlueprintUserMessages: [Jugador_C_0] Lo coges
[2021.01.21-22.59.08:117][642]LogBlueprintUserMessages: [Jugador_C_0] Tocas pelota
[2021.01.21-22.59.08:133][643]LogBlueprintUserMessages: [Jugador_C_0] Lo coges
[2021.01.21-22.59.08:133][643]LogBlueprintUserMessages: [Jugador_C_0] Tocas pelota
[2021.01.21-22.59.18:811][303]LogWindowsTextInputMethodSystem:Display: IME system now deactivated.
[2021.01.21-22.59.18:817][303]LogEngine: All Windows Closed
[2021.01.21-22.59.18:817][303]LogWindows: FPlatformMisc::RequestExit(0)
[2021.01.21-22.59.19:682][304]LogNet: World NetDriver shutdown SteamNetDriver_0 [GameNetDriver]
[2021.01.21-22.59.19:682][304]LogNet: DestroyNamedNetDriver SteamNetDriver_0 [GameNetDriver]
[2021.01.21-22.59.19:682][304]LogExit: GameNetDriver SteamNetDriver_0 shut down
[2021.01.21-22.59.19:687][304]LogExit: Preparing to exit.
[2021.01.21-22.59.19:687][304]LogMoviePlayer: Shutting down movie player
[2021.01.21-22.59.20:832][304]LogExit: Game engine shut down
[2021.01.21-22.59.20:899][304]LogObj: Freed 0b from 0 cluster array pools.
[2021.01.21-22.59.20:899][304]LogExit: Object subsystem successfully closed.
[2021.01.21-22.59.20:924][304]LogD3D11RHI: Shutdown
[2021.01.21-22.59.20:924][304]LogD3D11RHI: CleanupD3DDevice
[2021.01.21-22.59.20:994][304]LogD3D11RHI: ~FD3D11DynamicRHI
[2021.01.21-22.59.21:000][304]LogModuleManager: Shutting down and abandoning module SequenceRecorderSections (298)
[2021.01.21-22.59.21:000][304]LogModuleManager: Shutting down and abandoning module SequenceRecorder (296)
[2021.01.21-22.59.21:000][304]LogModuleManager: Shutting down and abandoning module AutomationController (294)
[2021.01.21-22.59.21:000][304]LogModuleManager: Shutting down and abandoning module AutomationWorker (292)
[2021.01.21-22.59.21:000][304]LogModuleManager: Shutting down and abandoning module AIModule (290)
[2021.01.21-22.59.21:000][304]LogModuleManager: Shutting down and abandoning module GameplayDebugger (289)
[2021.01.21-22.59.21:000][304]LogModuleManager: Shutting down and abandoning module AITestSuite (287)
[2021.01.21-22.59.21:000][304]LogModuleManager: Shutting down and abandoning module WmfMediaFactory (284)
[2021.01.21-22.59.21:001][304]LogModuleManager: Shutting down and abandoning module AvfMediaFactory (282)
[2021.01.21-22.59.21:001][304]LogModuleManager: Shutting down and abandoning module AndroidMediaFactory (280)
[2021.01.21-22.59.21:001][304]LogModuleManager: Shutting down and abandoning module Media (279)
[2021.01.21-22.59.21:001][304]LogModuleManager: Shutting down and abandoning module CharacterAI (276)
[2021.01.21-22.59.21:001][304]LogModuleManager: Shutting down and abandoning module SessionServices (274)
[2021.01.21-22.59.21:001][304]LogModuleManager: Shutting down and abandoning module MovieSceneCapture (272)
[2021.01.21-22.59.21:001][304]LogModuleManager: Shutting down and abandoning module MovieSceneTracks (270)
[2021.01.21-22.59.21:001][304]LogModuleManager: Shutting down and abandoning module MovieScene (268)
[2021.01.21-22.59.21:001][304]LogModuleManager: Shutting down and abandoning module GeometryCache (266)
[2021.01.21-22.59.21:001][304]LogModuleManager: Shutting down and abandoning module GeometryCacheEd (265)
[2021.01.21-22.59.21:001][304]LogModuleManager: Shutting down and abandoning module Niagara (262)
[2021.01.21-22.59.21:001][304]LogModuleManager: Shutting down and abandoning module NiagaraEditor (261)
[2021.01.21-22.59.21:001][304]LogModuleManager: Shutting down and abandoning module StreamingPauseRendering (258)
[2021.01.21-22.59.21:001][304]LogModuleManager: Shutting down and abandoning module PortalServices (256)
[2021.01.21-22.59.21:001][304]LogModuleManager: Shutting down and abandoning module PortalRpc (254)
[2021.01.21-22.59.21:001][304]LogModuleManager: Shutting down and abandoning module MessagingRpc (252)
[2021.01.21-22.59.21:001][304]LogModuleManager: Shutting down and abandoning module ProfilerService (250)
[2021.01.21-22.59.21:165][304]LogModuleManager: Shutting down and abandoning module TaskGraph (248)
[2021.01.21-22.59.21:165][304]LogModuleManager: Shutting down and abandoning module SteamVRController (246)
[2021.01.21-22.59.21:165][304]LogModuleManager: Shutting down and abandoning module SteamVR (244)
[2021.01.21-22.59.21:165][304]LogModuleManager: Shutting down and abandoning module ProceduralMeshComponent (242)
[2021.01.21-22.59.21:165][304]LogModuleManager: Shutting down and abandoning module OculusLibrary (240)
[2021.01.21-22.59.21:165][304]LogModuleManager: Shutting down and abandoning module OculusInput (238)
[2021.01.21-22.59.21:165][304]LogModuleManager: Shutting down and abandoning module MobilePatchingUtils (236)
[2021.01.21-22.59.21:165][304]LogModuleManager: Shutting down and abandoning module CustomMeshComponent (234)
[2021.01.21-22.59.21:165][304]LogModuleManager: Shutting down and abandoning module CableComponent (232)
[2021.01.21-22.59.21:165][304]LogModuleManager: Shutting down and abandoning module ArchVisCharacter (230)
[2021.01.21-22.59.21:165][304]LogModuleManager: Shutting down and abandoning module AndroidPermission (228)
[2021.01.21-22.59.21:165][304]LogModuleManager: Shutting down and abandoning module HTML5Networking (224)
[2021.01.21-22.59.21:165][304]LogModuleManager: Shutting down and abandoning module VisualStudioSourceCodeAccess (222)
[2021.01.21-22.59.21:165][304]LogModuleManager: Shutting down and abandoning module DesktopPlatform (221)
[2021.01.21-22.59.21:165][304]LogModuleManager: Shutting down and abandoning module HotReload (219)
[2021.01.21-22.59.21:165][304]LogModuleManager: Shutting down and abandoning module UObjectPlugin (216)
[2021.01.21-22.59.21:165][304]LogModuleManager: Shutting down and abandoning module SubversionSourceControl (214)
[2021.01.21-22.59.21:166][304]LogModuleManager: Shutting down and abandoning module PerforceSourceControl (212)
[2021.01.21-22.59.21:166][304]LogModuleManager: Shutting down and abandoning module SourceControl (211)
[2021.01.21-22.59.21:166][304]LogModuleManager: Shutting down and abandoning module PhysXVehiclesEditor (208)
[2021.01.21-22.59.21:166][304]LogModuleManager: Shutting down and abandoning module PhysXVehicles (206)
[2021.01.21-22.59.21:166][304]LogModuleManager: Shutting down and abandoning module LocationServicesBPLibrary (204)
[2021.01.21-22.59.21:166][304]LogModuleManager: Shutting down and abandoning module ImmediatePhysicsEditor (202)
[2021.01.21-22.59.21:166][304]LogModuleManager: Shutting down and abandoning module ImmediatePhysics (200)
[2021.01.21-22.59.21:166][304]LogModuleManager: Shutting down and abandoning module UdpMessaging (198)
[2021.01.21-22.59.21:267][304]LogModuleManager: Shutting down and abandoning module TcpMessaging (196)
[2021.01.21-22.59.21:629][304]LogModuleManager: Shutting down and abandoning module GameplayTagsEditor (194)
[2021.01.21-22.59.21:629][304]LogModuleManager: Shutting down and abandoning module FacialAnimation (192)
[2021.01.21-22.59.21:629][304]LogModuleManager: Shutting down and abandoning module AssetManagerEditor (190)
[2021.01.21-22.59.21:629][304]LogModuleManager: Shutting down and abandoning module GraphEditor (189)
[2021.01.21-22.59.21:629][304]LogModuleManager: Shutting down and abandoning module ContentBrowser (187)
[2021.01.21-22.59.21:629][304]LogModuleManager: Shutting down and abandoning module CollectionManager (186)
[2021.01.21-22.59.21:630][304]LogDirectoryWatcher: A directory notification for 'E:/UNIVERSIDAD-2020/Videojuegos/Unreal/Multijugador/Multijugador-Unreal/Content/Collections/' was aborted.
[2021.01.21-22.59.21:630][304]LogDirectoryWatcher: A directory notification for 'E:/UNIVERSIDAD-2020/Videojuegos/Unreal/Multijugador/Multijugador-Unreal/Content/Developers/aleja/Collections/' was aborted.
[2021.01.21-22.59.21:630][304]LogDirectoryWatcher: A directory notification for 'E:/UNIVERSIDAD-2020/Videojuegos/Unreal/Multijugador/Multijugador-Unreal/Saved/Collections/' was aborted.
[2021.01.21-22.59.21:630][304]LogModuleManager: Shutting down and abandoning module DirectoryWatcher (185)
[2021.01.21-22.59.21:630][304]LogModuleManager: Shutting down and abandoning module LightPropagationVolumeRuntime (180)
[2021.01.21-22.59.21:630][304]LogModuleManager: Shutting down and abandoning module Paper2D (178)
[2021.01.21-22.59.21:630][304]LogModuleManager: Shutting down and abandoning module WindowsMoviePlayer (176)
[2021.01.21-22.59.21:630][304]LogModuleManager: Shutting down and abandoning module WmfMedia (174)
[2021.01.21-22.59.21:632][304]LogModuleManager: Shutting down and abandoning module ClothingSystemEditor (172)
[2021.01.21-22.59.21:632][304]LogModuleManager: Shutting down and abandoning module ClothingSystemRuntime (170)
[2021.01.21-22.59.21:632][304]LogModuleManager: Shutting down and abandoning module MediaAssets (168)
[2021.01.21-22.59.21:632][304]LogModuleManager: Shutting down and abandoning module GameLiveStreaming (166)
[2021.01.21-22.59.21:632][304]LogModuleManager: Shutting down and abandoning module VREditor (164)
[2021.01.21-22.59.21:632][304]LogModuleManager: Shutting down and abandoning module StringTableEditor (162)
[2021.01.21-22.59.21:632][304]LogModuleManager: Shutting down and abandoning module GameplayTasksEditor (160)
[2021.01.21-22.59.21:632][304]LogModuleManager: Shutting down and abandoning module BehaviorTreeEditor (158)
[2021.01.21-22.59.21:632][304]LogModuleManager: Shutting down and abandoning module FunctionalTesting (156)
[2021.01.21-22.59.21:632][304]LogModuleManager: Shutting down and abandoning module CollisionAnalyzer (154)
[2021.01.21-22.59.21:632][304]LogModuleManager: Shutting down and abandoning module UMG (152)
[2021.01.21-22.59.21:632][304]LogModuleManager: Shutting down and abandoning module UMGEditor (151)
[2021.01.21-22.59.21:632][304]LogModuleManager: Shutting down and abandoning module Sequencer (150)
[2021.01.21-22.59.21:633][304]LogModuleManager: Shutting down and abandoning module AssetTools (148)
[2021.01.21-22.59.21:633][304]LogModuleManager: Shutting down and abandoning module MessageLog (147)
[2021.01.21-22.59.21:633][304]LogModuleManager: Shutting down and abandoning module WorkspaceMenuStructure (146)
[2021.01.21-22.59.21:633][304]LogModuleManager: Shutting down and abandoning module SlateReflector (140)
[2021.01.21-22.59.21:633][304]LogModuleManager: Shutting down and abandoning module Slate (138)
[2021.01.21-22.59.21:633][304]LogModuleManager: Shutting down and abandoning module EditorStyle (136)
[2021.01.21-22.59.21:635][304]LogModuleManager: Shutting down and abandoning module Messaging (134)
[2021.01.21-22.59.21:635][304]LogModuleManager: Shutting down and abandoning module SourceCodeAccess (132)
[2021.01.21-22.59.21:635][304]LogModuleManager: Shutting down and abandoning module HeadMountedDisplay (130)
[2021.01.21-22.59.21:635][304]LogModuleManager: Shutting down and abandoning module XAudio2 (128)
[2021.01.21-22.59.21:635][304]LogModuleManager: Shutting down and abandoning module Networking (126)
[2021.01.21-22.59.21:635][304]LogModuleManager: Shutting down and abandoning module Core (124)
[2021.01.21-22.59.21:635][304]LogModuleManager: Shutting down and abandoning module KismetCompiler (122)
[2021.01.21-22.59.21:635][304]LogModuleManager: Shutting down and abandoning module LevelSequence (120)
[2021.01.21-22.59.21:635][304]LogModuleManager: Shutting down and abandoning module PhysXFormats (118)
[2021.01.21-22.59.21:635][304]LogModuleManager: Shutting down and abandoning module MeshUtilities (116)
[2021.01.21-22.59.21:635][304]LogModuleManager: Shutting down and abandoning module SimplygonSwarm (115)
[2021.01.21-22.59.21:635][304]LogModuleManager: Shutting down and abandoning module SimplygonMeshReduction (113)
[2021.01.21-22.59.21:635][304]LogModuleManager: Shutting down and abandoning module QuadricMeshReduction (111)
[2021.01.21-22.59.21:635][304]LogModuleManager: Shutting down and abandoning module AssetRegistry (108)
[2021.01.21-22.59.21:635][304]LogModuleManager: Shutting down and abandoning module DerivedDataCache (106)
[2021.01.21-22.59.22:103][304]LogDerivedDataCache: Shutdown
[2021.01.21-22.59.22:103][304]LogModuleManager: Shutting down and abandoning module TargetPlatform (104)
[2021.01.21-22.59.22:103][304]LogModuleManager: Shutting down and abandoning module VulkanShaderFormat (103)
[2021.01.21-22.59.22:103][304]LogModuleManager: Shutting down and abandoning module ShaderFormatVectorVM (101)
[2021.01.21-22.59.22:103][304]LogModuleManager: Shutting down and abandoning module ShaderFormatOpenGL (99)
[2021.01.21-22.59.22:103][304]LogModuleManager: Shutting down and abandoning module ShaderFormatD3D (97)
[2021.01.21-22.59.22:103][304]LogModuleManager: Shutting down and abandoning module MetalShaderFormat (95)
[2021.01.21-22.59.22:103][304]LogModuleManager: Shutting down and abandoning module TextureFormatUncompressed (93)
[2021.01.21-22.59.22:103][304]LogModuleManager: Shutting down and abandoning module TextureFormatPVR (91)
[2021.01.21-22.59.22:103][304]LogModuleManager: Shutting down and abandoning module TextureFormatDXT (89)
[2021.01.21-22.59.22:103][304]LogModuleManager: Shutting down and abandoning module TextureFormatIntelISPCTexComp (87)
[2021.01.21-22.59.22:103][304]LogModuleManager: Shutting down and abandoning module TextureFormatASTC (85)
[2021.01.21-22.59.22:103][304]LogModuleManager: Shutting down and abandoning module ImageWrapper (84)
[2021.01.21-22.59.22:103][304]LogModuleManager: Shutting down and abandoning module TextureFormatAndroid (81)
[2021.01.21-22.59.22:103][304]LogModuleManager: Shutting down and abandoning module AudioFormatOpus (79)
[2021.01.21-22.59.22:103][304]LogModuleManager: Shutting down and abandoning module AudioFormatOgg (77)
[2021.01.21-22.59.22:103][304]LogModuleManager: Shutting down and abandoning module AudioFormatADPCM (75)
[2021.01.21-22.59.22:103][304]LogModuleManager: Shutting down and abandoning module WindowsTargetPlatform (73)
[2021.01.21-22.59.22:103][304]LogModuleManager: Shutting down and abandoning module WindowsServerTargetPlatform (71)
[2021.01.21-22.59.22:103][304]LogModuleManager: Shutting down and abandoning module WindowsNoEditorTargetPlatform (69)
[2021.01.21-22.59.22:103][304]LogModuleManager: Shutting down and abandoning module WindowsClientTargetPlatform (67)
[2021.01.21-22.59.22:103][304]LogModuleManager: Shutting down and abandoning module InputCore (64)
[2021.01.21-22.59.22:103][304]LogModuleManager: Shutting down and abandoning module Settings (62)
[2021.01.21-22.59.22:103][304]LogModuleManager: Shutting down and abandoning module OculusRift (60)
[2021.01.21-22.59.22:103][304]LogModuleManager: Shutting down and abandoning module GearVRController (58)
[2021.01.21-22.59.22:103][304]LogModuleManager: Shutting down and abandoning module GearVR (56)
[2021.01.21-22.59.22:103][304]LogModuleManager: Shutting down and abandoning module ExampleDeviceProfileSelector (54)
[2021.01.21-22.59.22:103][304]LogModuleManager: Shutting down and abandoning module OnlineBlueprintSupport (52)
[2021.01.21-22.59.22:103][304]LogModuleManager: Shutting down and abandoning module OnlineSubsystem (48)
[2021.01.21-22.59.22:103][304]LogOnline:Display: STEAM: OnlineSubsystemSteam::Shutdown()
[2021.01.21-22.59.22:103][304]LogOnline:Display: OSS: FOnlineAsyncTaskManager::Stop() ActiveTask:0000000000000000 Tasks[0/0]
[2021.01.21-22.59.22:225][304]LogOnline:Display: OSS: FOnlineAsyncTaskManager::Exit() started
[2021.01.21-22.59.22:225][304]LogOnline:Display: OSS: FOnlineAsyncTaskManager::Exit() finished
[2021.01.21-22.59.22:225][304]LogOnline:Display: Unloading online subsystem: STEAM
[2021.01.21-22.59.22:225][304]LogOnline:Display: STEAM: OnlineSubsystemSteam::Shutdown()
[2021.01.21-22.59.22:225][304]LogOnline:Display: Unloading online subsystem: NULL
[2021.01.21-22.59.22:225][304]LogModuleManager: Shutting down and abandoning module XMPP (43)
[2021.01.21-22.59.22:225][304]LogModuleManager: Shutting down and abandoning module HTTP (41)
[2021.01.21-22.59.22:227][304]LogModuleManager: Shutting down and abandoning module SSL (40)
[2021.01.21-22.59.22:229][304]LogModuleManager: Shutting down and abandoning module HTTPChunkInstaller (36)
[2021.01.21-22.59.22:229][304]LogModuleManager: Shutting down and abandoning module AnimationModifiers (34)
[2021.01.21-22.59.22:229][304]LogModuleManager: Shutting down and abandoning module PropertyEditor (33)
[2021.01.21-22.59.22:229][304]LogModuleManager: Shutting down and abandoning module AudioEditor (30)
[2021.01.21-22.59.22:229][304]LogModuleManager: Shutting down and abandoning module TextureCompressor (28)
[2021.01.21-22.59.22:230][304]LogModuleManager: Shutting down and abandoning module ShaderCore (26)
[2021.01.21-22.59.22:230][304]LogModuleManager: Shutting down and abandoning module Landscape (24)
[2021.01.21-22.59.22:230][304]LogModuleManager: Shutting down and abandoning module SlateRHIRenderer (22)
[2021.01.21-22.59.22:230][304]LogModuleManager: Shutting down and abandoning module OpenGLDrv (20)
[2021.01.21-22.59.22:230][304]LogModuleManager: Shutting down and abandoning module D3D11RHI (18)
[2021.01.21-22.59.22:230][304]LogModuleManager: Shutting down and abandoning module AnimGraphRuntime (16)
[2021.01.21-22.59.22:230][304]LogModuleManager: Shutting down and abandoning module Renderer (14)
[2021.01.21-22.59.22:230][304]LogModuleManager: Shutting down and abandoning module Engine (12)
[2021.01.21-22.59.22:230][304]LogModuleManager: Shutting down and abandoning module CoreUObject (10)
[2021.01.21-22.59.22:230][304]LogModuleManager: Shutting down and abandoning module NetworkFile (8)
[2021.01.21-22.59.22:230][304]LogModuleManager: Shutting down and abandoning module StreamingFile (6)
[2021.01.21-22.59.22:230][304]LogModuleManager: Shutting down and abandoning module SandboxFile (4)
[2021.01.21-22.59.22:230][304]LogModuleManager: Shutting down and abandoning module PakFile (2)
[2021.01.21-22.59.22:231][304]LogExit: Exiting.
[2021.01.21-22.59.22:233][304]Log file closed, 01/21/21 23:59:22
