Log file open, 01/20/21 02:06:16
LogInit:Display: Running engine for game: Multijugador
LogPlatformFile: Not using cached read wrapper
LogInit:Display: RandInit(1499337458) SRandInit(1499337458).
LogTaskGraph: Started task graph with 5 named threads and 8 total threads with 1 sets of task threads.
LogStats: Stats thread started at 0.138807
LogInit: Using libcurl 7.47.1
LogInit:  - built for x86_64-pc-win32
LogInit:  - supports SSL with OpenSSL/1.0.2g
LogInit:  - supports HTTP deflate (compression) using libz 1.2.8
LogInit:  - other features:
LogInit:      CURL_VERSION_SSL
LogInit:      CURL_VERSION_LIBZ
LogInit:      CURL_VERSION_IPV6
LogInit:      CURL_VERSION_ASYNCHDNS
LogInit:      CURL_VERSION_LARGEFILE
LogInit:      CURL_VERSION_IDN
LogInit:  CurlRequestOptions (configurable via config and command line):
LogInit:  - bVerifyPeer = false  - Libcurl will NOT verify peer certificate
LogInit:  - bUseHttpProxy = false  - Libcurl will NOT use HTTP proxy
LogInit:  - bDontReuseConnections = false  - Libcurl will reuse connections
LogInit:  - CertBundlePath = nullptr  - Libcurl will use whatever was configured at build time.
LogInit: Build: ++UE4+Release-4.16-CL-3561208
LogInit: Engine Version: 4.16.3-3561208+++UE4+Release-4.16
LogInit: Compatible Engine Version: 4.16.0-3452394+++UE4+Release-4.16
LogInit: Net CL: 3452394
LogDevObjectVersion: Number of dev versions registered: 16
LogDevObjectVersion:   Dev-Blueprints (B0D832E4-1F89-4F0D-ACCF-7EB736FD4AA2): 9
LogDevObjectVersion:   Dev-Build (E1C64328-A22C-4D53-A36C-8E866417BD8C): 0
LogDevObjectVersion:   Dev-Core (375EC13C-06E4-48FB-B500-84F0262A717E): 2
LogDevObjectVersion:   Dev-Editor (E4B068ED-F494-42E9-A231-DA0B2E46BB41): 17
LogDevObjectVersion:   Dev-Framework (CFFC743F-43B0-4480-9391-14DF171D2073): 23
LogDevObjectVersion:   Dev-Mobile (B02B49B5-BB20-44E9-A304-32B752E40360): 0
LogDevObjectVersion:   Dev-Networking (A4E4105C-59A1-49B5-A7C5-40C4547EDFEE): 0
LogDevObjectVersion:   Dev-Online (39C831C9-5AE6-47DC-9A44-9C173E1C8E7C): 0
LogDevObjectVersion:   Dev-Physics (78F01B33-EBEA-4F98-B9B4-84EACCB95AA2): 0
LogDevObjectVersion:   Dev-Platform (6631380F-2D4D-43E0-8009-CF276956A95A): 0
LogDevObjectVersion:   Dev-Rendering (12F88B9F-8875-4AFC-A67C-D90C383ABD29): 15
LogDevObjectVersion:   Dev-Sequencer (7B5AE74C-D270-4C10-A958-57980B212A5A): 4
LogDevObjectVersion:   Dev-VR (D7296918-1DD6-4BDD-9DE2-64A83CC13884): 0
LogDevObjectVersion:   Dev-LoadTimes (C2A15278-BFE7-4AFE-6C17-90FF531DF755): 1
LogDevObjectVersion:   Private-Geometry (6EACA3D4-40EC-4CC1-B786-8BED09428FC5): 1
LogDevObjectVersion:   Dev-AnimPhys (29E575DD-E0A3-4627-9D10-D276232CDCEA): 3
LogInit: Compiled (64-bit): Jul 28 2017 11:49:47
LogInit: Compiled with Visual C++: 19.00.24215.01
LogInit: Build Configuration: Development
LogInit: Branch Name: ++UE4+Release-4.16
LogInit: Command line:  
LogInit: Base directory: F:/Juegos Epic/UE_4.16/Engine/Binaries/Win64/
LogInit: Installed Engine Build: 1
LogInit: Presizing for max 8388607 objects, including 0 objects not considered by GC, pre-allocating 0 bytes for permanent pool.
LogInit: Object subsystem initialized
[2021.01.20-01.06.17:360][  0]LogInit: Selected Device Profile: [Windows]
[2021.01.20-01.06.17:360][  0]LogInit: Applying CVar settings loaded from the selected device profile: [Windows]
[2021.01.20-01.06.17:379][  0]LogInit: Computer: ELBARTO
[2021.01.20-01.06.17:379][  0]LogInit: User: aleja
[2021.01.20-01.06.17:379][  0]LogInit: CPU Page size=4096, Cores=4
[2021.01.20-01.06.17:379][  0]LogInit: High frequency timer resolution =10.000000 MHz
[2021.01.20-01.06.17:379][  0]LogMemory: Memory total: Physical=16.0GB (16GB approx)
[2021.01.20-01.06.17:379][  0]LogMemory: Platform Memory Stats for Windows
[2021.01.20-01.06.17:379][  0]LogMemory: Process Physical Memory: 274.78 MB used, 274.78 MB peak
[2021.01.20-01.06.17:379][  0]LogMemory: Process Virtual Memory: 260.90 MB used, 260.90 MB peak
[2021.01.20-01.06.17:379][  0]LogMemory: Physical Memory: 6149.52 MB used,  10201.62 MB free, 16351.14 MB total
[2021.01.20-01.06.17:379][  0]LogMemory: Virtual Memory: 4758.08 MB used,  10201.62 MB free, 134217728.00 MB total
[2021.01.20-01.06.17:495][  0]LogInit: Overriding language with editor language configuration option (en).
[2021.01.20-01.06.17:495][  0]LogInit: Overriding locale with editor locale configuration option (en).
[2021.01.20-01.06.18:710][  0]LogD3D11RHI: D3D11 adapters:
[2021.01.20-01.06.18:845][  0]LogD3D11RHI:    0. 'NVIDIA GeForce GTX 1070' (Feature Level 11_0)
[2021.01.20-01.06.18:845][  0]LogD3D11RHI:       8088/0/8175 MB DedicatedVideo/DedicatedSystem/SharedSystem, Outputs:2, VendorId:0x10de
[2021.01.20-01.06.18:849][  0]LogD3D11RHI:    1. 'Microsoft Basic Render Driver' (Feature Level 11_0)
[2021.01.20-01.06.18:849][  0]LogD3D11RHI:       0/0/8175 MB DedicatedVideo/DedicatedSystem/SharedSystem, Outputs:0, VendorId:0x1414
[2021.01.20-01.06.18:849][  0]LogD3D11RHI: Chosen D3D11 Adapter: 0
[2021.01.20-01.06.18:856][  0]LogD3D11RHI: Creating new Direct3DDevice
[2021.01.20-01.06.18:856][  0]LogD3D11RHI:     GPU DeviceId: 0x1b81 (for the marketing name, search the web for "GPU Device Id")
[2021.01.20-01.06.18:856][  0]LogWindows: EnumDisplayDevices:
[2021.01.20-01.06.18:857][  0]LogWindows:    0. 'NVIDIA GeForce GTX 1070' (P:1 D:1)
[2021.01.20-01.06.18:857][  0]LogWindows:    1. 'NVIDIA GeForce GTX 1070' (P:0 D:1)
[2021.01.20-01.06.18:857][  0]LogWindows:    2. 'NVIDIA GeForce GTX 1070' (P:0 D:0)
[2021.01.20-01.06.18:858][  0]LogWindows:    3. 'NVIDIA GeForce GTX 1070' (P:0 D:0)
[2021.01.20-01.06.18:858][  0]LogWindows: DebugString: GetVideoDriverDetailsInvalid PrimaryIsNotTheChoosenAdapter GetVideoDriverDetailsInvalid PrimaryIsNotTheChoosenAdapter GetVideoDriverDetailsInvalid PrimaryIsNotTheChoosenAdapter GetVideoDriverDetailsInvalid PrimaryIsNotTheChoosenAdapter FoundDriverCount:0 
[2021.01.20-01.06.18:858][  0]LogD3D11RHI:     Adapter Name: NVIDIA GeForce GTX 1070
[2021.01.20-01.06.18:858][  0]LogD3D11RHI:   Driver Version: Unknown (internal:Unknown, unified:Unknown)
[2021.01.20-01.06.18:858][  0]LogD3D11RHI:      Driver Date: Unknown
[2021.01.20-01.06.18:858][  0]LogRHI: Texture pool is 1361 MB (70% of 1945 MB)
[2021.01.20-01.06.18:969][  0]LogD3D11RHI: Async texture creation enabled
[2021.01.20-01.06.19:007][  0]LogD3D11RHI: GPU Timing Frequency: 1000.000000 (Debug: 2 1)
[2021.01.20-01.06.19:013][  0]LogShaderCompilers: Guid format shader working directory is -26 characters bigger than the processId version (E:/UNIVERSIDAD-2020/Videojuegos/Unreal/Multijugador/Multijugador-Unreal/Intermediate/Shaders/WorkingDirectory/15304/).
[2021.01.20-01.06.19:013][  0]LogShaderCompilers: Cleaned the shader compiler working directory 'C:/Users/aleja/AppData/Local/Temp/UnrealShaderWorkingDir/3811AC4D4288F7EAAF67F791F518F2FA/'.
[2021.01.20-01.06.19:013][  0]LogShaderCompilers:Display: Using Local Shader Compiler.
[2021.01.20-01.06.20:281][  0]LogTemp:Display: Loaded TP AllDesktopTargetPlatform
[2021.01.20-01.06.20:353][  0]LogTemp:Display: Loaded TP MacClientTargetPlatform
[2021.01.20-01.06.20:427][  0]LogTemp:Display: Loaded TP MacNoEditorTargetPlatform
[2021.01.20-01.06.20:499][  0]LogTemp:Display: Loaded TP MacServerTargetPlatform
[2021.01.20-01.06.20:571][  0]LogTemp:Display: Loaded TP MacTargetPlatform
[2021.01.20-01.06.20:644][  0]LogTemp:Display: Loaded TP WindowsClientTargetPlatform
[2021.01.20-01.06.20:716][  0]LogTemp:Display: Loaded TP WindowsNoEditorTargetPlatform
[2021.01.20-01.06.20:789][  0]LogTemp:Display: Loaded TP WindowsServerTargetPlatform
[2021.01.20-01.06.20:853][  0]LogTemp:Display: Loaded TP WindowsTargetPlatform
[2021.01.20-01.06.20:925][  0]LogTemp:Display: Loaded TP AndroidTargetPlatform
[2021.01.20-01.06.20:998][  0]LogTemp:Display: Loaded TP Android_ASTCTargetPlatform
[2021.01.20-01.06.21:069][  0]LogTemp:Display: Loaded TP Android_ATCTargetPlatform
[2021.01.20-01.06.21:144][  0]LogTemp:Display: Loaded TP Android_DXTTargetPlatform
[2021.01.20-01.06.21:215][  0]LogTemp:Display: Loaded TP Android_ETC1TargetPlatform
[2021.01.20-01.06.21:286][  0]LogTemp:Display: Loaded TP Android_ETC2TargetPlatform
[2021.01.20-01.06.21:430][  0]LogTemp:Display: Loaded TP Android_MultiTargetPlatform
[2021.01.20-01.06.21:430][  0]LogTemp:Display: Loaded TP Android_PVRTCTargetPlatform
[2021.01.20-01.06.21:490][  0]LogTemp:Display: Loaded TP HTML5TargetPlatform
[2021.01.20-01.06.21:618][  0]LogTemp:Display: Loaded TP IOSTargetPlatform
[2021.01.20-01.06.21:659][  0]LogTemp:Display: Loaded TP TVOSTargetPlatform
[2021.01.20-01.06.21:730][  0]LogTemp:Display: Loaded TP LinuxClientTargetPlatform
[2021.01.20-01.06.21:801][  0]LogTemp:Display: Loaded TP LinuxNoEditorTargetPlatform
[2021.01.20-01.06.21:871][  0]LogTemp:Display: Loaded TP LinuxServerTargetPlatform
[2021.01.20-01.06.21:942][  0]LogTemp:Display: Loaded TP LinuxTargetPlatform
[2021.01.20-01.06.21:942][  0]LogTargetPlatformManager:Display: Building Assets For Windows
[2021.01.20-01.06.22:689][  0]LogDerivedDataCache:Display: Max Cache Size: 512 MB
[2021.01.20-01.06.22:788][  0]LogDerivedDataCache: Loaded boot cache 0.10s 90MB C:/Users/aleja/AppData/Local/UnrealEngine/4.16/DerivedDataCache/Boot.ddc.
[2021.01.20-01.06.22:788][  0]LogDerivedDataCache:Display: Loaded Boot cache: C:/Users/aleja/AppData/Local/UnrealEngine/4.16/DerivedDataCache/Boot.ddc
[2021.01.20-01.06.22:788][  0]LogDerivedDataCache: FDerivedDataBackendGraph:  Pak pak cache file E:/UNIVERSIDAD-2020/Videojuegos/Unreal/Multijugador/Multijugador-Unreal/DerivedDataCache/DDC.ddp not found, will not use a pak cache.
[2021.01.20-01.06.22:788][  0]LogDerivedDataCache: Unable to find inner node Pak for hierarchical cache Hierarchy.
[2021.01.20-01.06.22:788][  0]LogDerivedDataCache: FDerivedDataBackendGraph:  CompressedPak pak cache file E:/UNIVERSIDAD-2020/Videojuegos/Unreal/Multijugador/Multijugador-Unreal/DerivedDataCache/Compressed.ddp not found, will not use a pak cache.
[2021.01.20-01.06.22:788][  0]LogDerivedDataCache: Unable to find inner node CompressedPak for hierarchical cache Hierarchy.
[2021.01.20-01.06.22:806][  0]LogDerivedDataCache:Display: Pak cache opened for reading ../../../Engine/DerivedDataCache/Compressed.ddp.
[2021.01.20-01.06.22:819][  0]LogDerivedDataCache: Using Local data cache path C:/Users/aleja/AppData/Local/UnrealEngine/Common/DerivedDataCache: Writable
[2021.01.20-01.06.22:831][  0]LogMaterial: Verifying Global Shaders for PCD3D_SM5
[2021.01.20-01.06.22:831][  0]LogSlate: Using Freetype 2.6.0
[2021.01.20-01.06.22:832][  0]LogSlate: SlateFontCache - WITH_FREETYPE: 1, WITH_HARFBUZZ: 1
[2021.01.20-01.06.22:832][  0]LogSlate: SlateFontCache - WITH_FREETYPE: 1, WITH_HARFBUZZ: 1
[2021.01.20-01.06.23:298][  0]LogInit: Selected Device Profile: [Windows]
[2021.01.20-01.06.23:386][  0]LogContentStreaming: Texture pool size is 0.00 MB
[2021.01.20-01.06.23:595][  0]LogMeshUtilities: Using QuadricMeshReduction for automatic static mesh reduction
[2021.01.20-01.06.23:661][  0]LogSimplygon: Simplygon DLL not present - disabling.
[2021.01.20-01.06.23:737][  0]LogMeshUtilities: Using SimplygonSwarm for distributed automatic mesh merging
[2021.01.20-01.06.23:737][  0]LogMeshUtilities: No automatic skeletal mesh reduction module available
[2021.01.20-01.06.23:737][  0]LogMeshUtilities: No automatic mesh merging module available
[2021.01.20-01.06.24:507][  0]LogNetVersion: Multijugador , NetCL: 3452394, EngineNetVer: 2, GameNetVer: 0 (Checksum: 582825890)
[2021.01.20-01.06.24:584][  0]LogAssetRegistry: FAssetRegistry took 0.0275 seconds to start up
[2021.01.20-01.06.24:644][  0]LogPackageLocalizationCache: Processed 4 localized package path(s) for 1 prioritized culture(s) in 0.026854 seconds
[2021.01.20-01.06.24:650][  0]LogUObjectArray: 34194 objects as part of root set at end of initial load.
[2021.01.20-01.06.24:650][  0]LogUObjectAllocator: 7260416 out of 0 bytes used by permanent object pool.
[2021.01.20-01.06.24:650][  0]LogUObjectArray: CloseDisregardForGC: 0/0 objects in disregard for GC pool
[2021.01.20-01.06.24:742][  0]LogInit: WinSock: version 1.1 (2.2), MaxSocks=32767, MaxUdp=65467
[2021.01.20-01.06.28:069][  0]LogTcpMessaging: Initializing TcpMessaging bridge
[2021.01.20-01.06.28:128][  0]LogUdpMessaging: Initializing bridge on interface 0.0.0.0:0 to multicast group 230.0.0.1:6666.
[2021.01.20-01.06.28:891][  0]LogMaterial: Uniform references updated for custom material expression Custom.
[2021.01.20-01.06.29:480][  0]SourceControl: Info Source control is disabled
[2021.01.20-01.06.29:483][  0]SourceControl: Info Source control is disabled
[2021.01.20-01.06.29:558][  0]SourceControl: Info Source control is disabled
[2021.01.20-01.06.29:633][  0]SourceControl: Info Source control is disabled
[2021.01.20-01.06.30:706][  0]LogAndroidPermission: UAndroidPermissionCallbackProxy::GetInstance
[2021.01.20-01.06.31:619][  0]LogEngine: Initializing Engine...
[2021.01.20-01.06.31:620][  0]LogHMD: Failed to initialize OpenVR with code 110
[2021.01.20-01.06.31:871][  0]LogStats: UGameplayTagsManager::ConstructGameplayTagTree: Construct from data asset -  0.000 s
[2021.01.20-01.06.31:871][  0]LogStats: UGameplayTagsManager::ConstructGameplayTagTree: GameplayTagTreeChangedEvent.Broadcast -  0.000 s
[2021.01.20-01.06.32:055][  0]LogAIModule: Creating AISystem for world Untitled
[2021.01.20-01.06.32:094][  0]LogInit: XAudio2 using 'Bluetooth A2DP Stereo Audio (WH-1000XM4( Stereo ))' : 2 channels at 44.1 kHz using 16 bits per sample (channel mask 0x3)
[2021.01.20-01.06.32:116][  0]LogInit: FAudioDevice initialized.
[2021.01.20-01.06.32:163][  0]LogDerivedDataCache: Saved boot cache 0.05s 90MB C:/Users/aleja/AppData/Local/UnrealEngine/4.16/DerivedDataCache/Boot.ddc.
[2021.01.20-01.06.32:186][  0]LogInit: Texture streaming: Enabled
[2021.01.20-01.06.32:330][  0]LogEngineSessionManager: EngineSessionManager initialized
[2021.01.20-01.06.32:666][  0]LogInit: Transaction tracking system initialized
[2021.01.20-01.06.33:125][  0]BlueprintLog: New page: Editor Load
[2021.01.20-01.06.34:522][  0]LocalizationService: Info Localization service is disabled
[2021.01.20-01.06.35:547][  0]LogConsoleResponse:Display: 
[2021.01.20-01.06.35:734][  0]LogCook:Display: Max memory allowance for cook 16384mb min free memory 0mb
[2021.01.20-01.06.35:734][  0]LogCook:Display: Mobile HDR setting 1
[2021.01.20-01.06.36:595][  0]LogFileCache: Scanning file cache for directory 'E:/UNIVERSIDAD-2020/Videojuegos/Unreal/Multijugador/Multijugador-Unreal/Content/' took 0.01s
[2021.01.20-01.06.37:348][  0]SourceControl: Info Source control is disabled
[2021.01.20-01.06.37:349][  0]Cmd: MAP LOAD FILE="E:/UNIVERSIDAD-2020/Videojuegos/Unreal/Multijugador/Multijugador-Unreal/Content/StarterContent/Maps/Minimal_Default.umap" TEMPLATE=0 SHOWPROGRESS=1 FEATURELEVEL=3
[2021.01.20-01.06.37:349][  0]LogEditorServer:Warning: Can't find file 'E:/UNIVERSIDAD-2020/Videojuegos/Unreal/Multijugador/Multijugador-Unreal/Content/StarterContent/Maps/Minimal_Default.umap'
[2021.01.20-01.06.37:349][  0]Cmd: MAP CHECKDEP NOCLEARLOG
[2021.01.20-01.06.37:421][  0]MapCheck: Info Map check complete: 0 Error(s), 0 Warning(s), took 72.113ms to complete.
[2021.01.20-01.06.37:421][  0]LogFileHelpers: Loading map 'Minimal_Default' took 0.073
[2021.01.20-01.06.37:629][  0]LogCollectionManager: Loaded 0 collections in 0.001861 seconds
[2021.01.20-01.06.37:736][  0]LogFileCache: Scanning file cache for directory 'E:/UNIVERSIDAD-2020/Videojuegos/Unreal/Multijugador/Multijugador-Unreal/Saved/Collections/' took 0.01s
[2021.01.20-01.06.37:736][  0]LogFileCache: Scanning file cache for directory 'E:/UNIVERSIDAD-2020/Videojuegos/Unreal/Multijugador/Multijugador-Unreal/Content/Developers/aleja/Collections/' took 0.01s
[2021.01.20-01.06.37:736][  0]LogFileCache: Scanning file cache for directory 'E:/UNIVERSIDAD-2020/Videojuegos/Unreal/Multijugador/Multijugador-Unreal/Content/Collections/' took 0.01s
[2021.01.20-01.06.37:736][  0]LogCollectionManager: Rebuilt the GUID cache for 0 collections in 0.000003 seconds
[2021.01.20-01.06.37:747][  0]LogContentBrowser: Native class hierarchy populated in 0.0108 seconds. Added 2329 classes and 491 folders.
[2021.01.20-01.06.37:841][  0]LogContentBrowser: Native class hierarchy updated for 'WidgetCarousel' in 0.0009 seconds. Added 0 classes and 0 folders.
[2021.01.20-01.06.37:914][  0]LogContentBrowser: Native class hierarchy updated for 'AddContentDialog' in 0.0009 seconds. Added 0 classes and 0 folders.
[2021.01.20-01.06.37:976][  0]LogContentBrowser: Native class hierarchy updated for 'SceneOutliner' in 0.0009 seconds. Added 1 classes and 2 folders.
[2021.01.20-01.06.38:071][  0]LogCrashTracker: Crashtracker disabled due to settings.
[2021.01.20-01.06.38:082][  0]LogSlate: Took 0.000434 seconds to synchronously load lazily loaded font '../../../Engine/Content/Slate/Fonts/Roboto-Regular.ttf' (155K)
[2021.01.20-01.06.38:085][  0]LogSlate: Took 0.000354 seconds to synchronously load lazily loaded font '../../../Engine/Content/Slate/Fonts/Roboto-Bold.ttf' (160K)
[2021.01.20-01.06.38:093][  0]LogSlate: Took 0.000458 seconds to synchronously load lazily loaded font '../../../Engine/Content/Editor/Slate/Fonts/FontAwesome.ttf' (139K)
[2021.01.20-01.06.38:215][  0]LogRenderer: Reallocating scene render targets to support 1204x640 NumSamples 1 (Frame:1).
[2021.01.20-01.06.38:324][  0]LogUObjectGlobals:Warning: Failed to find object 'Class None.'
[2021.01.20-01.06.38:417][  0]LogContentBrowser: Native class hierarchy updated for 'HierarchicalLODOutliner' in 0.0010 seconds. Added 1 classes and 2 folders.
[2021.01.20-01.06.38:417][  0]LogLoad: (Engine Initialization) Total time: 23.57 seconds
[2021.01.20-01.06.38:417][  0]LogLoad: (Engine Initialization) Total Blueprint compile time: 0.06 seconds
[2021.01.20-01.06.38:417][  0]LogExternalProfiler: No external profilers were discovered.  External profiling features will not be available.
[2021.01.20-01.06.38:446][  0]LogOcInput: OculusInput pre-init called
[2021.01.20-01.06.38:446][  0]LogHMD: Starting GearVRController plugin
[2021.01.20-01.06.38:464][  0]LogContentStreaming: Texture pool size now 1000 MB
[2021.01.20-01.06.38:497][  0]LogSlate: Took 0.000376 seconds to synchronously load lazily loaded font '../../../Engine/Content/Slate/Fonts/Roboto-Light.ttf' (159K)
[2021.01.20-01.06.38:534][  1]LogAssetRegistry: Asset discovery search completed in 13.9735 seconds
[2021.01.20-01.06.38:536][  1]LogCollectionManager: Rebuilt the object cache for 0 collections in 0.000001 seconds (found 0 objects)
[2021.01.20-01.06.38:536][  1]LogCollectionManager: Fixed up redirectors for 0 collections in 0.000031 seconds (updated 0 objects)
[2021.01.20-01.06.39:459][104]LogSlate: Took 0.000398 seconds to synchronously load lazily loaded font '../../../Engine/Content/Slate/Fonts/Roboto-Light.ttf' (159K)
[2021.01.20-01.06.47:362][841]LogSlate: Took 0.000327 seconds to synchronously load lazily loaded font '../../../Engine/Content/Slate/Fonts/Roboto-Light.ttf' (159K)
[2021.01.20-01.06.47:909][841]LogContentBrowser: Native class hierarchy updated for 'BlueprintGraph' in 0.0013 seconds. Added 112 classes and 0 folders.
[2021.01.20-01.06.48:720][841]LogSlate: Took 0.000304 seconds to synchronously load lazily loaded font '../../../Engine/Content/Slate/Fonts/Roboto-Regular.ttf' (155K)
[2021.01.20-01.06.48:806][841]LogSlate: Took 0.000706 seconds to synchronously load lazily loaded font '../../../Engine/Content/Editor/Slate/Fonts/Roboto-BoldCondensed.ttf' (158K)
[2021.01.20-01.06.48:926][842]LogSlate: Took 0.000386 seconds to synchronously load lazily loaded font '../../../Engine/Content/Editor/Slate/Fonts/Roboto-Italic.ttf' (157K)
[2021.01.20-01.11.26:602][821]BlueprintLog: New page: Compile Jugador
[2021.01.20-01.11.28:047][954]LogTemp: Repeting last play command: Selected Viewport
[2021.01.20-01.11.28:110][954]LogPlayLevel: PlayLevel: No blueprints needed recompiling
[2021.01.20-01.11.28:110][954]PIE: New page: PIE session: Untitled_0 (Jan 20, 2021, 3:11:28 AM)
[2021.01.20-01.11.28:111][954]LogPlayLevel: Creating play world package: /Temp/UEDPIE_0_Untitled_0
[2021.01.20-01.11.28:111][954]LogPlayLevel: PIE: StaticDuplicateObject took: (0.000736s)
[2021.01.20-01.11.28:112][954]LogAIModule: Creating AISystem for world Untitled
[2021.01.20-01.11.28:112][954]LogPlayLevel: PIE: World Init took: (0.000892s)
[2021.01.20-01.11.28:112][954]LogPlayLevel: PIE: Created PIE world by copying editor world from /Temp/Untitled_0.Untitled to /Temp/UEDPIE_0_Untitled_0.Untitled (0.001828s)
[2021.01.20-01.11.28:148][954]LogInit: XAudio2 using 'Bluetooth A2DP Stereo Audio (WH-1000XM4( Stereo ))' : 2 channels at 44.1 kHz using 16 bits per sample (channel mask 0x3)
[2021.01.20-01.11.28:157][954]LogInit: FAudioDevice initialized.
[2021.01.20-01.11.28:257][954]LogLoad: Game class is 'ModoJuego_C'
[2021.01.20-01.11.28:261][954]LogWorld: Bringing World /Temp/UEDPIE_0_Untitled_0.Untitled up for play (max tick rate 0) at 2021.01.20-02.11.28
[2021.01.20-01.11.28:261][954]LogWorld: Bringing up level for play took: 0.000730
[2021.01.20-01.11.28:262][954]LogGameMode: FindPlayerStart: PATHS NOT DEFINED or NO PLAYERSTART with positive rating
[2021.01.20-01.11.28:325][954]LogContentBrowser: Native class hierarchy updated for 'MovieSceneCapture' in 0.0010 seconds. Added 11 classes and 0 folders.
[2021.01.20-01.11.28:329][954]PIE: Info Play in editor start time for /Temp/UEDPIE_0_Untitled_0 -0.082
[2021.01.20-01.11.28:349][954]LogRenderer: Reallocating scene render targets to support 1292x756 NumSamples 1 (Frame:1).
[2021.01.20-01.11.39:432][248]Cmd: OBJ SAVEPACKAGE PACKAGE="/Game/Jugador/Jugador" FILE="E:/UNIVERSIDAD-2020/Videojuegos/Unreal/Multijugador/Multijugador-Unreal/Content/Jugador/Jugador.uasset" SILENT=true
[2021.01.20-01.11.39:524][248]LogSavePackage: Save=71.66ms
[2021.01.20-01.11.39:524][248]LogSavePackage: Moving 'E:/UNIVERSIDAD-2020/Videojuegos/Unreal/Multijugador/Multijugador-Unreal/Saved/Jugador91FEA0CA437572A97AE8E2BEEE307710.tmp' to 'E:/UNIVERSIDAD-2020/Videojuegos/Unreal/Multijugador/Multijugador-Unreal/Content/Jugador/Jugador.uasset'
[2021.01.20-01.11.39:529][248]LogSavePackage:Display: Finished SavePackage E:/UNIVERSIDAD-2020/Videojuegos/Unreal/Multijugador/Multijugador-Unreal/Content/Jugador/Jugador.uasset
[2021.01.20-01.11.46:310][574]LogLinker:Warning: Can't find file '/Game/StarterContent/Materials/M_Metal_Copper'
[2021.01.20-01.11.46:310][574]LogLinker:Warning: Can't find file for asset '/Game/StarterContent/Materials/M_Metal_Copper' while loading E:/UNIVERSIDAD-2020/Videojuegos/Unreal/Multijugador/Multijugador-Unreal/Content/Entorno/Pared.uasset.
[2021.01.20-01.11.46:310][574]LoadErrors:Error: Error /Game/Entorno/Pared : Can't find file for asset. /Game/StarterContent/Materials/M_Metal_Copper
[2021.01.20-01.11.46:310][574]LogLinker:Warning: Can't find file '/Game/StarterContent/Materials/M_Metal_Copper'
[2021.01.20-01.11.46:311][574]LogLinker:Warning: Can't find file for asset '/Game/StarterContent/Materials/M_Metal_Copper' while loading E:/UNIVERSIDAD-2020/Videojuegos/Unreal/Multijugador/Multijugador-Unreal/Content/Entorno/Pared.uasset.
[2021.01.20-01.11.46:312][574]LogLinker:Warning: Can't find file '/Game/StarterContent/Materials/M_Metal_Copper'
[2021.01.20-01.11.46:312][574]LogLinker:Warning: Can't find file for asset '/Game/StarterContent/Materials/M_Metal_Copper' while loading E:/UNIVERSIDAD-2020/Videojuegos/Unreal/Multijugador/Multijugador-Unreal/Content/Campo.umap.
[2021.01.20-01.11.46:312][574]LoadErrors:Error: Error /Game/Campo : Can't find file for asset. /Game/StarterContent/Materials/M_Metal_Copper
[2021.01.20-01.11.46:312][574]LogLinker:Warning: Can't find file '/Game/StarterContent/Materials/M_Metal_Copper'
[2021.01.20-01.11.46:312][574]LogLinker:Warning: Can't find file for asset '/Game/StarterContent/Materials/M_Metal_Copper' while loading E:/UNIVERSIDAD-2020/Videojuegos/Unreal/Multijugador/Multijugador-Unreal/Content/Campo.umap.
[2021.01.20-01.11.46:314][574]LogLinker:Warning: Can't find file '/Game/StarterContent/Materials/M_Metal_Copper'
[2021.01.20-01.11.46:314][574]LoadErrors: Info Failed to load /Game/StarterContent/Materials/M_Metal_Copper.M_Metal_Copper Referenced by Cube_GEN_VARIABLE
[2021.01.20-01.11.46:314][574]LogLinker:Warning: Can't find file for asset '/Game/StarterContent/Materials/M_Metal_Copper' while loading E:/UNIVERSIDAD-2020/Videojuegos/Unreal/Multijugador/Multijugador-Unreal/Content/Campo.umap.
[2021.01.20-01.11.46:319][574]LogLinker:Warning: Can't find file '/Game/StarterContent/Props/Materials/M_StatueGlass'
[2021.01.20-01.11.46:319][574]LogLinker:Warning: Can't find file for asset '/Game/StarterContent/Props/Materials/M_StatueGlass' while loading E:/UNIVERSIDAD-2020/Videojuegos/Unreal/Multijugador/Multijugador-Unreal/Content/Entorno/Pared_Invisible.uasset.
[2021.01.20-01.11.46:320][574]LoadErrors:Error: Error /Game/Entorno/Pared_Invisible : Can't find file for asset. /Game/StarterContent/Props/Materials/M_StatueGlass
[2021.01.20-01.11.46:320][574]LogLinker:Warning: Can't find file '/Game/StarterContent/Props/Materials/M_StatueGlass'
[2021.01.20-01.11.46:320][574]LogLinker:Warning: Can't find file for asset '/Game/StarterContent/Props/Materials/M_StatueGlass' while loading E:/UNIVERSIDAD-2020/Videojuegos/Unreal/Multijugador/Multijugador-Unreal/Content/Entorno/Pared_Invisible.uasset.
[2021.01.20-01.11.46:321][574]LogLinker:Warning: Can't find file '/Game/StarterContent/Props/Materials/M_StatueGlass'
[2021.01.20-01.11.46:321][574]LogLinker:Warning: Can't find file for asset '/Game/StarterContent/Props/Materials/M_StatueGlass' while loading E:/UNIVERSIDAD-2020/Videojuegos/Unreal/Multijugador/Multijugador-Unreal/Content/Campo.umap.
[2021.01.20-01.11.46:321][574]LoadErrors:Error: Error /Game/Campo : Can't find file for asset. /Game/StarterContent/Props/Materials/M_StatueGlass
[2021.01.20-01.11.46:321][574]LogLinker:Warning: Can't find file '/Game/StarterContent/Props/Materials/M_StatueGlass'
[2021.01.20-01.11.46:321][574]LogLinker:Warning: Can't find file for asset '/Game/StarterContent/Props/Materials/M_StatueGlass' while loading E:/UNIVERSIDAD-2020/Videojuegos/Unreal/Multijugador/Multijugador-Unreal/Content/Campo.umap.
[2021.01.20-01.11.46:323][574]LogLinker:Warning: Can't find file '/Game/StarterContent/Props/Materials/M_StatueGlass'
[2021.01.20-01.11.46:323][574]LoadErrors: Info Failed to load /Game/StarterContent/Props/Materials/M_StatueGlass.M_StatueGlass Referenced by Cube_GEN_VARIABLE
[2021.01.20-01.11.46:323][574]LogLinker:Warning: Can't find file for asset '/Game/StarterContent/Props/Materials/M_StatueGlass' while loading E:/UNIVERSIDAD-2020/Videojuegos/Unreal/Multijugador/Multijugador-Unreal/Content/Campo.umap.
[2021.01.20-01.11.46:548][574]LogAIModule: Creating AISystem for world Campo
[2021.01.20-01.11.46:590][574]Cmd: MAP LOAD FILE="E:/UNIVERSIDAD-2020/Videojuegos/Unreal/Multijugador/Multijugador-Unreal/Content/Campo.umap" TEMPLATE=0 SHOWPROGRESS=1 FEATURELEVEL=3
[2021.01.20-01.11.46:590][574]LightingResults: New page: Lighting Build
[2021.01.20-01.11.46:666][574]LogContentBrowser: Native class hierarchy updated for 'StatsViewer' in 0.0011 seconds. Added 5 classes and 0 folders.
[2021.01.20-01.11.46:667][574]LoadErrors: New page: Loading map: Campo.umap
[2021.01.20-01.11.46:667][574]MapCheck: New page: Map Check
[2021.01.20-01.11.46:667][574]LightingResults: New page: Lighting Build
[2021.01.20-01.11.46:692][574]LogPhysics:Warning: Initialising Body : Scale3D is (nearly) zero: Component: NavMeshBoundsVolume_1.BrushComponent0 
[2021.01.20-01.11.46:853][574]LogEditorServer: Finished looking for orphan Actors (0.000 secs)
[2021.01.20-01.11.46:942][574]Cmd: MAP CHECKDEP NOCLEARLOG
[2021.01.20-01.11.47:036][574]MapCheck: Info Map check complete: 0 Error(s), 0 Warning(s), took 93.822ms to complete.
[2021.01.20-01.11.47:036][574]LogFileHelpers: Loading map 'Campo' took 0.447
[2021.01.20-01.11.48:062][681]LogTemp: Repeting last play command: Selected Viewport
[2021.01.20-01.11.48:084][681]LogPlayLevel: PlayLevel: No blueprints needed recompiling
[2021.01.20-01.11.48:084][681]PIE: New page: PIE session: Campo (Jan 20, 2021, 3:11:48 AM)
[2021.01.20-01.11.48:084][681]LogPlayLevel: Creating play world package: /Game/UEDPIE_0_Campo
[2021.01.20-01.11.48:100][681]LogPlayLevel: PIE: StaticDuplicateObject took: (0.016123s)
[2021.01.20-01.11.48:101][681]LogAIModule: Creating AISystem for world Campo
[2021.01.20-01.11.48:101][681]LogPlayLevel: PIE: World Init took: (0.001069s)
[2021.01.20-01.11.48:102][681]LogPlayLevel: PIE: Created PIE world by copying editor world from /Game/Campo.Campo to /Game/UEDPIE_0_Campo.Campo (0.017506s)
[2021.01.20-01.11.48:139][681]LogInit: XAudio2 using 'Bluetooth A2DP Stereo Audio (WH-1000XM4( Stereo ))' : 2 channels at 44.1 kHz using 16 bits per sample (channel mask 0x3)
[2021.01.20-01.11.48:147][681]LogInit: FAudioDevice initialized.
[2021.01.20-01.11.48:181][681]LogLoad: Game class is 'ModoJuego_C'
[2021.01.20-01.11.48:187][681]LogWorld: Bringing World /Game/UEDPIE_0_Campo.Campo up for play (max tick rate 0) at 2021.01.20-02.11.48
[2021.01.20-01.11.48:187][681]LogWorld: Bringing up level for play took: 0.004185
[2021.01.20-01.11.48:190][681]PIE: Info Play in editor start time for /Game/UEDPIE_0_Campo -0.22
[2021.01.20-01.12.26:766][514]LogTemp: Repeting last play command: Selected Viewport
[2021.01.20-01.12.26:789][514]LogPlayLevel: PlayLevel: No blueprints needed recompiling
[2021.01.20-01.12.26:789][514]PIE: New page: PIE session: Campo (Jan 20, 2021, 3:12:26 AM)
[2021.01.20-01.12.26:789][514]LogPlayLevel: Creating play world package: /Game/UEDPIE_0_Campo
[2021.01.20-01.12.26:805][514]LogPlayLevel: PIE: StaticDuplicateObject took: (0.015826s)
[2021.01.20-01.12.26:806][514]LogAIModule: Creating AISystem for world Campo
[2021.01.20-01.12.26:806][514]LogPlayLevel: PIE: World Init took: (0.001124s)
[2021.01.20-01.12.26:807][514]LogPlayLevel: PIE: Created PIE world by copying editor world from /Game/Campo.Campo to /Game/UEDPIE_0_Campo.Campo (0.017228s)
[2021.01.20-01.12.26:844][514]LogInit: XAudio2 using 'Bluetooth A2DP Stereo Audio (WH-1000XM4( Stereo ))' : 2 channels at 44.1 kHz using 16 bits per sample (channel mask 0x3)
[2021.01.20-01.12.26:852][514]LogInit: FAudioDevice initialized.
[2021.01.20-01.12.26:922][514]LogLoad: Game class is 'ModoJuego_C'
[2021.01.20-01.12.26:928][514]LogWorld: Bringing World /Game/UEDPIE_0_Campo.Campo up for play (max tick rate 0) at 2021.01.20-02.12.26
[2021.01.20-01.12.26:928][514]LogWorld: Bringing up level for play took: 0.004104
[2021.01.20-01.12.26:933][514]PIE: Info Play in editor start time for /Game/UEDPIE_0_Campo 0.523
[2021.01.20-01.12.47:250][918]Cmd: OBJ SAVEPACKAGE PACKAGE="/Game/Jugador/Jugador" FILE="E:/UNIVERSIDAD-2020/Videojuegos/Unreal/Multijugador/Multijugador-Unreal/Content/Jugador/Jugador.uasset" SILENT=true
[2021.01.20-01.12.47:319][918]LogSavePackage: Save=56.81ms
[2021.01.20-01.12.47:319][918]LogSavePackage: Moving 'E:/UNIVERSIDAD-2020/Videojuegos/Unreal/Multijugador/Multijugador-Unreal/Saved/Jugador19612D6D410E1AF48707EBB605582CB9.tmp' to 'E:/UNIVERSIDAD-2020/Videojuegos/Unreal/Multijugador/Multijugador-Unreal/Content/Jugador/Jugador.uasset'
[2021.01.20-01.12.47:320][918]LogSavePackage:Display: Finished SavePackage E:/UNIVERSIDAD-2020/Videojuegos/Unreal/Multijugador/Multijugador-Unreal/Content/Jugador/Jugador.uasset
[2021.01.20-01.12.49:349][139]LogWindowsTextInputMethodSystem:Display: IME system now deactivated.
[2021.01.20-01.12.49:576][140]Cmd: QUIT_EDITOR
[2021.01.20-01.12.50:142][140]LogExit: Preparing to exit.
[2021.01.20-01.12.50:489][140]LogExit: Editor shut down
[2021.01.20-01.12.50:493][140]LogExit: Transaction tracking system shut down
[2021.01.20-01.12.50:607][140]LogObj: Freed 0b from 0 cluster array pools.
[2021.01.20-01.12.50:607][140]LogExit: Object subsystem successfully closed.
[2021.01.20-01.12.50:635][140]LogD3D11RHI: Shutdown
[2021.01.20-01.12.50:635][140]LogD3D11RHI: CleanupD3DDevice
[2021.01.20-01.12.50:736][140]LogD3D11RHI: ~FD3D11DynamicRHI
[2021.01.20-01.12.50:747][140]LogModuleManager: Shutting down and abandoning module StatsViewer (530)
[2021.01.20-01.12.50:747][140]LogModuleManager: Shutting down and abandoning module MovieSceneCapture (528)
[2021.01.20-01.12.50:747][140]LogModuleManager: Shutting down and abandoning module BlueprintGraph (526)
[2021.01.20-01.12.50:747][140]LogModuleManager: Shutting down and abandoning module BlueprintProfiler (524)
[2021.01.20-01.12.50:747][140]LogModuleManager: Shutting down and abandoning module HierarchicalLODOutliner (522)
[2021.01.20-01.12.50:747][140]LogModuleManager: Shutting down and abandoning module CrashTracker (520)
[2021.01.20-01.12.50:747][140]LogModuleManager: Shutting down and abandoning module SceneOutliner (518)
[2021.01.20-01.12.50:747][140]LogModuleManager: Shutting down and abandoning module AddContentDialog (516)
[2021.01.20-01.12.50:747][140]LogDirectoryWatcher: A directory notification for 'F:/Juegos Epic/UE_4.16/FeaturePacks/' was aborted.
[2021.01.20-01.12.50:749][140]LogModuleManager: Shutting down and abandoning module WidgetCarousel (515)
[2021.01.20-01.12.50:749][140]LogModuleManager: Shutting down and abandoning module EditorWidgets (512)
[2021.01.20-01.12.50:749][140]LogModuleManager: Shutting down and abandoning module CollectionManager (510)
[2021.01.20-01.12.50:749][140]LogDirectoryWatcher: A directory notification for 'E:/UNIVERSIDAD-2020/Videojuegos/Unreal/Multijugador/Multijugador-Unreal/Content/Collections/' was aborted.
[2021.01.20-01.12.50:750][140]LogDirectoryWatcher: A directory notification for 'E:/UNIVERSIDAD-2020/Videojuegos/Unreal/Multijugador/Multijugador-Unreal/Content/Developers/aleja/Collections/' was aborted.
[2021.01.20-01.12.50:750][140]LogDirectoryWatcher: A directory notification for 'E:/UNIVERSIDAD-2020/Videojuegos/Unreal/Multijugador/Multijugador-Unreal/Saved/Collections/' was aborted.
[2021.01.20-01.12.50:750][140]LogModuleManager: Shutting down and abandoning module FoliageEdit (508)
[2021.01.20-01.12.50:750][140]LogModuleManager: Shutting down and abandoning module LandscapeEditor (506)
[2021.01.20-01.12.50:750][140]LogModuleManager: Shutting down and abandoning module MeshPaintMode (504)
[2021.01.20-01.12.50:750][140]LogModuleManager: Shutting down and abandoning module SceneDepthPickerMode (502)
[2021.01.20-01.12.50:750][140]LogModuleManager: Shutting down and abandoning module ActorPickerMode (500)
[2021.01.20-01.12.50:750][140]LogModuleManager: Shutting down and abandoning module GeometryMode (498)
[2021.01.20-01.12.50:750][140]LogModuleManager: Shutting down and abandoning module TextureAlignMode (496)
[2021.01.20-01.12.50:750][140]LogModuleManager: Shutting down and abandoning module BspMode (494)
[2021.01.20-01.12.50:750][140]LogModuleManager: Shutting down and abandoning module HardwareSurvey (492)
[2021.01.20-01.12.50:750][140]LogModuleManager: Shutting down and abandoning module SequenceRecorderSections (490)
[2021.01.20-01.12.50:750][140]LogModuleManager: Shutting down and abandoning module AutomationWorker (488)
[2021.01.20-01.12.50:750][140]LogModuleManager: Shutting down and abandoning module MatineeToLevelSequence (486)
[2021.01.20-01.12.50:750][140]LogModuleManager: Shutting down and abandoning module LevelSequenceEditor (484)
[2021.01.20-01.12.50:750][140]LogModuleManager: Shutting down and abandoning module PlacementMode (483)
[2021.01.20-01.12.50:750][140]LogModuleManager: Shutting down and abandoning module WmfMediaFactory (480)
[2021.01.20-01.12.50:750][140]LogModuleManager: Shutting down and abandoning module WmfMediaEditor (478)
[2021.01.20-01.12.50:750][140]LogModuleManager: Shutting down and abandoning module AvfMediaFactory (476)
[2021.01.20-01.12.50:750][140]LogModuleManager: Shutting down and abandoning module AvfMediaEditor (474)
[2021.01.20-01.12.50:750][140]LogModuleManager: Shutting down and abandoning module AndroidMediaFactory (472)
[2021.01.20-01.12.50:750][140]LogModuleManager: Shutting down and abandoning module Media (471)
[2021.01.20-01.12.50:750][140]LogModuleManager: Shutting down and abandoning module AndroidMediaEditor (468)
[2021.01.20-01.12.50:750][140]LogModuleManager: Shutting down and abandoning module CharacterAI (466)
[2021.01.20-01.12.50:750][140]LogModuleManager: Shutting down and abandoning module AudioCapture (464)
[2021.01.20-01.12.50:751][140]LogModuleManager: Shutting down and abandoning module SequenceRecorder (463)
[2021.01.20-01.12.50:751][140]LogModuleManager: Shutting down and abandoning module SmartSnapping (460)
[2021.01.20-01.12.50:751][140]LogModuleManager: Shutting down and abandoning module SessionServices (458)
[2021.01.20-01.12.50:751][140]LogModuleManager: Shutting down and abandoning module ViewportSnapping (456)
[2021.01.20-01.12.50:751][140]LogModuleManager: Shutting down and abandoning module ViewportInteraction (454)
[2021.01.20-01.12.50:751][140]LogModuleManager: Shutting down and abandoning module ClothPainter (452)
[2021.01.20-01.12.50:751][140]LogModuleManager: Shutting down and abandoning module LogVisualizer (450)
[2021.01.20-01.12.50:751][140]LogModuleManager: Shutting down and abandoning module IntroTutorials (448)
[2021.01.20-01.12.50:751][140]LogModuleManager: Shutting down and abandoning module GameProjectGeneration (447)
[2021.01.20-01.12.50:751][140]LogModuleManager: Shutting down and abandoning module EditorLiveStreaming (444)
[2021.01.20-01.12.50:751][140]LogModuleManager: Shutting down and abandoning module IOSPlatformEditor (442)
[2021.01.20-01.12.50:751][140]LogModuleManager: Shutting down and abandoning module HTML5PlatformEditor (440)
[2021.01.20-01.12.50:751][140]LogModuleManager: Shutting down and abandoning module AndroidPlatformEditor (438)
[2021.01.20-01.12.50:751][140]LogModuleManager: Shutting down and abandoning module AndroidDeviceDetection (437)
[2021.01.20-01.12.51:284][140]LogModuleManager: Shutting down and abandoning module IOSRuntimeSettings (434)
[2021.01.20-01.12.51:284][140]LogModuleManager: Shutting down and abandoning module AndroidRuntimeSettings (432)
[2021.01.20-01.12.51:284][140]LogModuleManager: Shutting down and abandoning module InputBindingEditor (430)
[2021.01.20-01.12.51:284][140]LogModuleManager: Shutting down and abandoning module MergeActors (428)
[2021.01.20-01.12.51:284][140]LogModuleManager: Shutting down and abandoning module SizeMap (426)
[2021.01.20-01.12.51:284][140]LogModuleManager: Shutting down and abandoning module TreeMap (424)
[2021.01.20-01.12.51:284][140]LogModuleManager: Shutting down and abandoning module ReferenceViewer (422)
[2021.01.20-01.12.51:284][140]LogModuleManager: Shutting down and abandoning module LocalizationDashboard (420)
[2021.01.20-01.12.51:284][140]LogModuleManager: Shutting down and abandoning module LocalizationService (419)
[2021.01.20-01.12.51:284][140]LogModuleManager: Shutting down and abandoning module HardwareTargeting (416)
[2021.01.20-01.12.51:284][140]LogModuleManager: Shutting down and abandoning module DeviceProfileEditor (414)
[2021.01.20-01.12.51:284][140]LogModuleManager: Shutting down and abandoning module UndoHistory (412)
[2021.01.20-01.12.51:284][140]LogModuleManager: Shutting down and abandoning module UserFeedback (410)
[2021.01.20-01.12.51:284][140]LogModuleManager: Shutting down and abandoning module XmlParser (408)
[2021.01.20-01.12.51:284][140]LogModuleManager: Shutting down and abandoning module Blutility (406)
[2021.01.20-01.12.51:284][140]LogModuleManager: Shutting down and abandoning module ProjectSettingsViewer (404)
[2021.01.20-01.12.51:284][140]LogModuleManager: Shutting down and abandoning module ProjectTargetPlatformEditor (403)
[2021.01.20-01.12.51:285][140]LogModuleManager: Shutting down and abandoning module EditorSettingsViewer (400)
[2021.01.20-01.12.51:285][140]LogModuleManager: Shutting down and abandoning module SettingsEditor (398)
[2021.01.20-01.12.51:285][140]LogModuleManager: Shutting down and abandoning module ProjectLauncher (396)
[2021.01.20-01.12.51:285][140]LogModuleManager: Shutting down and abandoning module SessionFrontend (394)
[2021.01.20-01.12.51:285][140]LogModuleManager: Shutting down and abandoning module ProfilerClient (392)
[2021.01.20-01.12.51:285][140]LogModuleManager: Shutting down and abandoning module DeviceManager (390)
[2021.01.20-01.12.51:285][140]LogModuleManager: Shutting down and abandoning module TargetDeviceServices (389)
[2021.01.20-01.12.51:339][140]LogModuleManager: Shutting down and abandoning module AutomationController (386)
[2021.01.20-01.12.51:339][140]LogModuleManager: Shutting down and abandoning module AutomationWindow (384)
[2021.01.20-01.12.51:339][140]LogModuleManager: Shutting down and abandoning module Layers (382)
[2021.01.20-01.12.51:339][140]LogModuleManager: Shutting down and abandoning module ComponentVisualizers (380)
[2021.01.20-01.12.51:339][140]LogModuleManager: Shutting down and abandoning module DetailCustomizations (378)
[2021.01.20-01.12.51:339][140]LogModuleManager: Shutting down and abandoning module PackagesDialog (376)
[2021.01.20-01.12.51:339][140]LogModuleManager: Shutting down and abandoning module Persona (374)
[2021.01.20-01.12.51:339][140]LogModuleManager: Shutting down and abandoning module AdvancedPreviewScene (373)
[2021.01.20-01.12.51:339][140]LogModuleManager: Shutting down and abandoning module AnimGraph (371)
[2021.01.20-01.12.51:339][140]LogModuleManager: Shutting down and abandoning module Kismet (368)
[2021.01.20-01.12.51:346][140]LogModuleManager: Shutting down and abandoning module ClassViewer (366)
[2021.01.20-01.12.51:346][140]LogModuleManager: Shutting down and abandoning module Toolbox (364)
[2021.01.20-01.12.51:346][140]LogModuleManager: Shutting down and abandoning module ModuleUI (362)
[2021.01.20-01.12.51:346][140]LogModuleManager: Shutting down and abandoning module MovieSceneTools (360)
[2021.01.20-01.12.51:346][140]LogModuleManager: Shutting down and abandoning module OutputLog (358)
[2021.01.20-01.12.51:346][140]LogModuleManager: Shutting down and abandoning module GammaUI (356)
[2021.01.20-01.12.51:346][140]LogModuleManager: Shutting down and abandoning module Documentation (354)
[2021.01.20-01.12.51:346][140]LogModuleManager: Shutting down and abandoning module MovieSceneTracks (352)
[2021.01.20-01.12.51:346][140]LogModuleManager: Shutting down and abandoning module MovieScene (350)
[2021.01.20-01.12.51:346][140]LogModuleManager: Shutting down and abandoning module Niagara (348)
[2021.01.20-01.12.51:346][140]LogModuleManager: Shutting down and abandoning module NiagaraEditor (347)
[2021.01.20-01.12.51:347][140]LogModuleManager: Shutting down and abandoning module StreamingPauseRendering (344)
[2021.01.20-01.12.51:347][140]LogModuleManager: Shutting down and abandoning module AnalyticsET (342)
[2021.01.20-01.12.51:347][140]LogModuleManager: Shutting down and abandoning module PortalServices (340)
[2021.01.20-01.12.51:347][140]LogModuleManager: Shutting down and abandoning module PortalRpc (338)
[2021.01.20-01.12.51:347][140]LogModuleManager: Shutting down and abandoning module MessagingRpc (336)
[2021.01.20-01.12.51:347][140]LogModuleManager: Shutting down and abandoning module AIModule (334)
[2021.01.20-01.12.51:347][140]LogModuleManager: Shutting down and abandoning module GameplayDebugger (333)
[2021.01.20-01.12.51:347][140]LogModuleManager: Shutting down and abandoning module AITestSuite (331)
[2021.01.20-01.12.51:347][140]LogModuleManager: Shutting down and abandoning module ProfilerService (328)
[2021.01.20-01.12.51:581][140]LogModuleManager: Shutting down and abandoning module TaskGraph (326)
[2021.01.20-01.12.51:581][140]LogModuleManager: Shutting down and abandoning module SteamVRController (324)
[2021.01.20-01.12.51:581][140]LogModuleManager: Shutting down and abandoning module SteamVR (322)
[2021.01.20-01.12.51:581][140]LogModuleManager: Shutting down and abandoning module ProceduralMeshComponentEditor (320)
[2021.01.20-01.12.51:581][140]LogModuleManager: Shutting down and abandoning module ProceduralMeshComponent (318)
[2021.01.20-01.12.51:581][140]LogModuleManager: Shutting down and abandoning module OculusLibrary (316)
[2021.01.20-01.12.51:581][140]LogModuleManager: Shutting down and abandoning module OculusInput (314)
[2021.01.20-01.12.51:581][140]LogModuleManager: Shutting down and abandoning module MobilePatchingUtils (312)
[2021.01.20-01.12.51:581][140]LogModuleManager: Shutting down and abandoning module CustomMeshComponent (310)
[2021.01.20-01.12.51:581][140]LogModuleManager: Shutting down and abandoning module CableComponent (308)
[2021.01.20-01.12.51:581][140]LogModuleManager: Shutting down and abandoning module ArchVisCharacter (306)
[2021.01.20-01.12.51:581][140]LogModuleManager: Shutting down and abandoning module AndroidPermission (304)
[2021.01.20-01.12.51:581][140]LogModuleManager: Shutting down and abandoning module MediaPlayerEditor (300)
[2021.01.20-01.12.51:581][140]LogModuleManager: Shutting down and abandoning module HTML5Networking (298)
[2021.01.20-01.12.51:581][140]LogModuleManager: Shutting down and abandoning module AlembicImporter (296)
[2021.01.20-01.12.51:581][140]LogModuleManager: Shutting down and abandoning module AlembicLibrary (295)
[2021.01.20-01.12.51:581][140]LogModuleManager: Shutting down and abandoning module GeometryCache (294)
[2021.01.20-01.12.51:581][140]LogModuleManager: Shutting down and abandoning module GeometryCacheEd (293)
[2021.01.20-01.12.51:581][140]LogModuleManager: Shutting down and abandoning module SuperSearchEditor (288)
[2021.01.20-01.12.51:581][140]LogModuleManager: Shutting down and abandoning module SuperSearch (287)
[2021.01.20-01.12.51:581][140]LogModuleManager: Shutting down and abandoning module SpeedTreeImporter (284)
[2021.01.20-01.12.51:581][140]LogModuleManager: Shutting down and abandoning module PluginBrowser (282)
[2021.01.20-01.12.51:581][140]LogModuleManager: Shutting down and abandoning module MobileLauncherProfileWizard (280)
[2021.01.20-01.12.51:581][140]LogModuleManager: Shutting down and abandoning module VisualStudioSourceCodeAccess (278)
[2021.01.20-01.12.51:581][140]LogModuleManager: Shutting down and abandoning module DesktopPlatform (277)
[2021.01.20-01.12.51:581][140]LogModuleManager: Shutting down and abandoning module UObjectPlugin (274)
[2021.01.20-01.12.51:581][140]LogModuleManager: Shutting down and abandoning module SubversionSourceControl (272)
[2021.01.20-01.12.51:581][140]LogModuleManager: Shutting down and abandoning module PerforceSourceControl (270)
[2021.01.20-01.12.51:581][140]LogModuleManager: Shutting down and abandoning module GitSourceControl (268)
[2021.01.20-01.12.51:581][140]LogModuleManager: Shutting down and abandoning module SourceControl (267)
[2021.01.20-01.12.51:581][140]LogModuleManager: Shutting down and abandoning module LightPropagationVolumeEditor (264)
[2021.01.20-01.12.51:581][140]LogModuleManager: Shutting down and abandoning module PaperTiledImporter (262)
[2021.01.20-01.12.51:581][140]LogModuleManager: Shutting down and abandoning module PaperSpriteSheetImporter (260)
[2021.01.20-01.12.51:581][140]LogModuleManager: Shutting down and abandoning module Paper2DEditor (258)
[2021.01.20-01.12.51:581][140]LogModuleManager: Shutting down and abandoning module MeshPaint (257)
[2021.01.20-01.12.51:581][140]LogModuleManager: Shutting down and abandoning module LevelEditor (255)
[2021.01.20-01.12.51:582][140]LogModuleManager: Shutting down and abandoning module PixelInspectorModule (254)
[2021.01.20-01.12.51:582][140]LogModuleManager: Shutting down and abandoning module MainFrame (252)
[2021.01.20-01.12.51:583][140]LogModuleManager: Shutting down and abandoning module HotReload (251)
[2021.01.20-01.12.51:583][140]LogModuleManager: Shutting down and abandoning module PhysXVehiclesEditor (246)
[2021.01.20-01.12.51:583][140]LogModuleManager: Shutting down and abandoning module PhysXVehicles (244)
[2021.01.20-01.12.51:583][140]LogModuleManager: Shutting down and abandoning module LocationServicesBPLibrary (242)
[2021.01.20-01.12.51:583][140]LogModuleManager: Shutting down and abandoning module ImmediatePhysicsEditor (240)
[2021.01.20-01.12.51:583][140]LogModuleManager: Shutting down and abandoning module ImmediatePhysics (238)
[2021.01.20-01.12.51:583][140]LogModuleManager: Shutting down and abandoning module UdpMessaging (236)
[2021.01.20-01.12.51:684][140]LogModuleManager: Shutting down and abandoning module TcpMessaging (234)
[2021.01.20-01.12.51:785][140]LogModuleManager: Shutting down and abandoning module GameplayTagsEditor (232)
[2021.01.20-01.12.51:785][140]LogModuleManager: Shutting down and abandoning module FacialAnimationEditor (230)
[2021.01.20-01.12.51:785][140]LogModuleManager: Shutting down and abandoning module FacialAnimation (228)
[2021.01.20-01.12.51:785][140]LogModuleManager: Shutting down and abandoning module AssetManagerEditor (226)
[2021.01.20-01.12.51:785][140]LogModuleManager: Shutting down and abandoning module GraphEditor (225)
[2021.01.20-01.12.51:785][140]LogModuleManager: Shutting down and abandoning module ContentBrowser (223)
[2021.01.20-01.12.51:786][140]LogModuleManager: Shutting down and abandoning module LightPropagationVolumeRuntime (220)
[2021.01.20-01.12.51:786][140]LogModuleManager: Shutting down and abandoning module Paper2D (218)
[2021.01.20-01.12.51:786][140]LogModuleManager: Shutting down and abandoning module WindowsMoviePlayer (216)
[2021.01.20-01.12.51:786][140]LogModuleManager: Shutting down and abandoning module WmfMedia (214)
[2021.01.20-01.12.51:789][140]LogModuleManager: Shutting down and abandoning module ClothingSystemEditor (212)
[2021.01.20-01.12.51:789][140]LogModuleManager: Shutting down and abandoning module ClothingSystemRuntime (210)
[2021.01.20-01.12.51:789][140]LogModuleManager: Shutting down and abandoning module MediaAssets (208)
[2021.01.20-01.12.51:789][140]LogModuleManager: Shutting down and abandoning module GameLiveStreaming (206)
[2021.01.20-01.12.51:789][140]LogModuleManager: Shutting down and abandoning module VREditor (204)
[2021.01.20-01.12.51:789][140]LogModuleManager: Shutting down and abandoning module StringTableEditor (202)
[2021.01.20-01.12.51:789][140]LogModuleManager: Shutting down and abandoning module GameplayTasksEditor (200)
[2021.01.20-01.12.51:789][140]LogModuleManager: Shutting down and abandoning module BehaviorTreeEditor (198)
[2021.01.20-01.12.51:789][140]LogModuleManager: Shutting down and abandoning module FunctionalTesting (196)
[2021.01.20-01.12.51:789][140]LogModuleManager: Shutting down and abandoning module CollisionAnalyzer (194)
[2021.01.20-01.12.51:789][140]LogModuleManager: Shutting down and abandoning module UMG (192)
[2021.01.20-01.12.51:789][140]LogModuleManager: Shutting down and abandoning module UMGEditor (191)
[2021.01.20-01.12.51:790][140]LogModuleManager: Shutting down and abandoning module Sequencer (190)
[2021.01.20-01.12.51:790][140]LogModuleManager: Shutting down and abandoning module AssetTools (188)
[2021.01.20-01.12.51:790][140]LogModuleManager: Shutting down and abandoning module MessageLog (187)
[2021.01.20-01.12.51:790][140]LogModuleManager: Shutting down and abandoning module WorkspaceMenuStructure (186)
[2021.01.20-01.12.51:790][140]LogModuleManager: Shutting down and abandoning module SlateReflector (180)
[2021.01.20-01.12.51:790][140]LogModuleManager: Shutting down and abandoning module Slate (178)
[2021.01.20-01.12.51:790][140]LogModuleManager: Shutting down and abandoning module EditorStyle (176)
[2021.01.20-01.12.51:792][140]LogModuleManager: Shutting down and abandoning module SourceCodeAccess (174)
[2021.01.20-01.12.51:792][140]LogModuleManager: Shutting down and abandoning module HeadMountedDisplay (172)
[2021.01.20-01.12.51:792][140]LogModuleManager: Shutting down and abandoning module XAudio2 (170)
[2021.01.20-01.12.51:792][140]LogModuleManager: Shutting down and abandoning module Networking (168)
[2021.01.20-01.12.51:792][140]LogModuleManager: Shutting down and abandoning module Core (164)
[2021.01.20-01.12.51:792][140]LogModuleManager: Shutting down and abandoning module AssetRegistry (162)
[2021.01.20-01.12.51:935][140]LogDirectoryWatcher: A directory notification for '../../../Engine/Content/' was aborted.
[2021.01.20-01.12.51:935][140]LogDirectoryWatcher: A directory notification for 'E:/UNIVERSIDAD-2020/Videojuegos/Unreal/Multijugador/Multijugador-Unreal/Content/' was aborted.
[2021.01.20-01.12.51:935][140]LogDirectoryWatcher: A directory notification for '../../../Engine/Plugins/2D/Paper2D/Content/' was aborted.
[2021.01.20-01.12.51:935][140]LogDirectoryWatcher: A directory notification for '../../../Engine/Plugins/Runtime/GearVR/Content/' was aborted.
[2021.01.20-01.12.51:937][140]LogModuleManager: Shutting down and abandoning module DirectoryWatcher (161)
[2021.01.20-01.12.51:938][140]LogModuleManager: Shutting down and abandoning module KismetCompiler (158)
[2021.01.20-01.12.51:938][140]LogModuleManager: Shutting down and abandoning module LevelSequence (156)
[2021.01.20-01.12.51:938][140]LogModuleManager: Shutting down and abandoning module PhysXFormats (154)
[2021.01.20-01.12.51:938][140]LogModuleManager: Shutting down and abandoning module MeshUtilities (152)
[2021.01.20-01.12.51:938][140]LogModuleManager: Shutting down and abandoning module SimplygonSwarm (151)
[2021.01.20-01.12.51:938][140]LogModuleManager: Shutting down and abandoning module SimplygonMeshReduction (149)
[2021.01.20-01.12.51:938][140]LogModuleManager: Shutting down and abandoning module QuadricMeshReduction (147)
[2021.01.20-01.12.51:938][140]LogModuleManager: Shutting down and abandoning module DerivedDataCache (144)
[2021.01.20-01.12.51:950][140]LogDerivedDataCache: Shutdown
[2021.01.20-01.12.51:950][140]LogModuleManager: Shutting down and abandoning module TargetPlatform (142)
[2021.01.20-01.12.51:950][140]LogModuleManager: Shutting down and abandoning module VulkanShaderFormat (141)
[2021.01.20-01.12.51:950][140]LogModuleManager: Shutting down and abandoning module ShaderFormatVectorVM (139)
[2021.01.20-01.12.51:950][140]LogModuleManager: Shutting down and abandoning module ShaderFormatOpenGL (137)
[2021.01.20-01.12.51:950][140]LogModuleManager: Shutting down and abandoning module ShaderFormatD3D (135)
[2021.01.20-01.12.51:950][140]LogModuleManager: Shutting down and abandoning module MetalShaderFormat (133)
[2021.01.20-01.12.51:950][140]LogModuleManager: Shutting down and abandoning module TextureFormatUncompressed (131)
[2021.01.20-01.12.51:950][140]LogModuleManager: Shutting down and abandoning module TextureFormatPVR (129)
[2021.01.20-01.12.51:950][140]LogModuleManager: Shutting down and abandoning module TextureFormatDXT (127)
[2021.01.20-01.12.51:950][140]LogModuleManager: Shutting down and abandoning module TextureFormatIntelISPCTexComp (125)
[2021.01.20-01.12.51:951][140]LogModuleManager: Shutting down and abandoning module TextureFormatASTC (123)
[2021.01.20-01.12.51:951][140]LogModuleManager: Shutting down and abandoning module ImageWrapper (122)
[2021.01.20-01.12.51:951][140]LogModuleManager: Shutting down and abandoning module TextureFormatAndroid (119)
[2021.01.20-01.12.51:951][140]LogModuleManager: Shutting down and abandoning module AudioFormatOpus (117)
[2021.01.20-01.12.51:951][140]LogModuleManager: Shutting down and abandoning module AudioFormatOgg (115)
[2021.01.20-01.12.51:951][140]LogModuleManager: Shutting down and abandoning module AudioFormatADPCM (113)
[2021.01.20-01.12.51:951][140]LogModuleManager: Shutting down and abandoning module LinuxTargetPlatform (111)
[2021.01.20-01.12.51:951][140]LogModuleManager: Shutting down and abandoning module LinuxServerTargetPlatform (109)
[2021.01.20-01.12.51:951][140]LogModuleManager: Shutting down and abandoning module LinuxNoEditorTargetPlatform (107)
[2021.01.20-01.12.51:951][140]LogModuleManager: Shutting down and abandoning module LinuxClientTargetPlatform (105)
[2021.01.20-01.12.51:951][140]LogModuleManager: Shutting down and abandoning module TVOSTargetPlatform (103)
[2021.01.20-01.12.51:951][140]LogModuleManager: Shutting down and abandoning module Messaging (101)
[2021.01.20-01.12.51:951][140]LogModuleManager: Shutting down and abandoning module IOSTargetPlatform (99)
[2021.01.20-01.12.51:951][140]LogModuleManager: Shutting down and abandoning module HTML5TargetPlatform (97)
[2021.01.20-01.12.51:951][140]LogModuleManager: Shutting down and abandoning module Android_PVRTCTargetPlatform (95)
[2021.01.20-01.12.51:951][140]LogModuleManager: Shutting down and abandoning module Android_MultiTargetPlatform (93)
[2021.01.20-01.12.51:951][140]LogModuleManager: Shutting down and abandoning module Android_ETC2TargetPlatform (91)
[2021.01.20-01.12.51:951][140]LogModuleManager: Shutting down and abandoning module Android_ETC1TargetPlatform (89)
[2021.01.20-01.12.51:951][140]LogModuleManager: Shutting down and abandoning module Android_DXTTargetPlatform (87)
[2021.01.20-01.12.51:951][140]LogModuleManager: Shutting down and abandoning module Android_ATCTargetPlatform (85)
[2021.01.20-01.12.51:951][140]LogModuleManager: Shutting down and abandoning module Android_ASTCTargetPlatform (83)
[2021.01.20-01.12.51:951][140]LogModuleManager: Shutting down and abandoning module AndroidTargetPlatform (81)
[2021.01.20-01.12.51:951][140]LogModuleManager: Shutting down and abandoning module WindowsTargetPlatform (79)
[2021.01.20-01.12.51:951][140]LogModuleManager: Shutting down and abandoning module WindowsServerTargetPlatform (77)
[2021.01.20-01.12.51:951][140]LogModuleManager: Shutting down and abandoning module WindowsNoEditorTargetPlatform (75)
[2021.01.20-01.12.51:951][140]LogModuleManager: Shutting down and abandoning module WindowsClientTargetPlatform (73)
[2021.01.20-01.12.51:951][140]LogModuleManager: Shutting down and abandoning module MacTargetPlatform (71)
[2021.01.20-01.12.51:951][140]LogModuleManager: Shutting down and abandoning module MacServerTargetPlatform (69)
[2021.01.20-01.12.51:951][140]LogModuleManager: Shutting down and abandoning module MacNoEditorTargetPlatform (67)
[2021.01.20-01.12.51:951][140]LogModuleManager: Shutting down and abandoning module MacClientTargetPlatform (65)
[2021.01.20-01.12.51:951][140]LogModuleManager: Shutting down and abandoning module AllDesktopTargetPlatform (63)
[2021.01.20-01.12.51:951][140]LogModuleManager: Shutting down and abandoning module InputCore (60)
[2021.01.20-01.12.51:951][140]LogModuleManager: Shutting down and abandoning module Settings (58)
[2021.01.20-01.12.51:951][140]LogModuleManager: Shutting down and abandoning module OculusRift (56)
[2021.01.20-01.12.51:951][140]LogModuleManager: Shutting down and abandoning module GearVRController (54)
[2021.01.20-01.12.51:951][140]LogModuleManager: Shutting down and abandoning module GearVR (52)
[2021.01.20-01.12.51:951][140]LogModuleManager: Shutting down and abandoning module ExampleDeviceProfileSelector (50)
[2021.01.20-01.12.51:951][140]LogModuleManager: Shutting down and abandoning module OnlineBlueprintSupport (48)
[2021.01.20-01.12.51:951][140]LogModuleManager: Shutting down and abandoning module OnlineSubsystem (44)
[2021.01.20-01.12.51:951][140]LogOnline:Display: Unloading online subsystem: NULL
[2021.01.20-01.12.51:951][140]LogModuleManager: Shutting down and abandoning module XMPP (43)
[2021.01.20-01.12.51:951][140]LogModuleManager: Shutting down and abandoning module HTTP (41)
[2021.01.20-01.12.51:951][140]LogHttp:Display: Http module shutting down, but needs to wait on 1 outstanding Http requests:
[2021.01.20-01.12.51:951][140]LogHttp:Display: 	verb=[POST] url=[https://datarouter.ol.epicgames.com/datarouter/api/v1/public/data?SessionID=%7B44F98647-4B98-C04D-1F3A-B4A10993F7EC%7D&AppID=UEEditor.Rocket.Release&AppVersion=4.16.3-3561208%2B%2B%2BUE4%2BRelease-4.16&UserID=71e3eede40ce40ba4d60989b4a563073%7C66351ebe36bd4018b833881313c6dbc1%7Ca6157c1d-9ba7-4af0-8766-eef2bb7b5bed&AppEnvironment=datacollector-binary&UploadType=eteventstream] status=Processing
[2021.01.20-01.12.51:960][140]LogModuleManager: Shutting down and abandoning module SSL (40)
[2021.01.20-01.12.51:962][140]LogModuleManager: Shutting down and abandoning module HTTPChunkInstaller (36)
[2021.01.20-01.12.51:962][140]LogModuleManager: Shutting down and abandoning module AnimationModifiers (34)
[2021.01.20-01.12.51:962][140]LogModuleManager: Shutting down and abandoning module PropertyEditor (33)
[2021.01.20-01.12.51:962][140]LogModuleManager: Shutting down and abandoning module AudioEditor (30)
[2021.01.20-01.12.51:962][140]LogModuleManager: Shutting down and abandoning module TextureCompressor (28)
[2021.01.20-01.12.51:962][140]LogModuleManager: Shutting down and abandoning module ShaderCore (26)
[2021.01.20-01.12.51:962][140]LogModuleManager: Shutting down and abandoning module Landscape (24)
[2021.01.20-01.12.51:962][140]LogModuleManager: Shutting down and abandoning module SlateRHIRenderer (22)
[2021.01.20-01.12.51:963][140]LogModuleManager: Shutting down and abandoning module OpenGLDrv (20)
[2021.01.20-01.12.51:963][140]LogModuleManager: Shutting down and abandoning module D3D11RHI (18)
[2021.01.20-01.12.51:963][140]LogModuleManager: Shutting down and abandoning module AnimGraphRuntime (16)
[2021.01.20-01.12.51:963][140]LogModuleManager: Shutting down and abandoning module Renderer (14)
[2021.01.20-01.12.51:963][140]LogModuleManager: Shutting down and abandoning module Engine (12)
[2021.01.20-01.12.51:963][140]LogModuleManager: Shutting down and abandoning module CoreUObject (10)
[2021.01.20-01.12.51:963][140]LogModuleManager: Shutting down and abandoning module NetworkFile (8)
[2021.01.20-01.12.51:963][140]LogModuleManager: Shutting down and abandoning module StreamingFile (6)
[2021.01.20-01.12.51:963][140]LogModuleManager: Shutting down and abandoning module SandboxFile (4)
[2021.01.20-01.12.51:963][140]LogModuleManager: Shutting down and abandoning module PakFile (2)
[2021.01.20-01.12.51:965][140]LogExit: Exiting.
[2021.01.20-01.12.51:984][140]Log file closed, 01/20/21 02:12:51
